[1.674s] Invoking command in '/home/seema/ros2_ws/build/pymoveit2': CMAKE_PREFIX_PATH=/opt/ros/humble /usr/bin/cmake --build /home/seema/ros2_ws/build/pymoveit2 -- -j16 -l16
[1.924s] [  9%] Built target pymoveit2__rosidl_generator_c
[1.926s] [ 12%] Built target pymoveit2__cpp
[1.926s] [ 12%] Built target ament_cmake_python_copy_pymoveit2
[1.926s] [ 22%] Built target pymoveit2__rosidl_typesupport_fastrtps_c
[1.926s] [ 35%] Built target pymoveit2__rosidl_typesupport_c
[1.926s] [ 51%] Built target pymoveit2__rosidl_typesupport_cpp
[1.926s] [ 51%] Built target pymoveit2__rosidl_typesupport_fastrtps_cpp
[1.926s] [ 70%] Built target pymoveit2__rosidl_typesupport_introspection_cpp
[1.927s] [ 70%] Built target pymoveit2__rosidl_typesupport_introspection_c
[1.927s] [ 70%] Built target pymoveit2
[1.927s] [ 74%] Built target pymoveit2__py
[1.927s] [ 80%] Built target pymoveit2__rosidl_generator_py
[1.927s] [ 87%] Built target pymoveit2__rosidl_typesupport_c__pyext
[1.927s] [ 93%] Built target pymoveit2__rosidl_typesupport_fastrtps_c__pyext
[1.927s] [100%] Built target pymoveit2__rosidl_typesupport_introspection_c__pyext
[1.974s] running egg_info
[1.975s] writing pymoveit2.egg-info/PKG-INFO
[1.975s] writing dependency_links to pymoveit2.egg-info/dependency_links.txt
[1.975s] writing top-level names to pymoveit2.egg-info/top_level.txt
[1.976s] reading manifest file 'pymoveit2.egg-info/SOURCES.txt'
[1.977s] writing manifest file 'pymoveit2.egg-info/SOURCES.txt'
[1.997s] [100%] Built target ament_cmake_python_build_pymoveit2_egg
[2.177s] Invoked command in '/home/seema/ros2_ws/build/pymoveit2' returned '0': CMAKE_PREFIX_PATH=/opt/ros/humble /usr/bin/cmake --build /home/seema/ros2_ws/build/pymoveit2 -- -j16 -l16
[2.191s] Invoking command in '/home/seema/ros2_ws/build/pymoveit2': CMAKE_PREFIX_PATH=/opt/ros/humble /usr/bin/cmake --install /home/seema/ros2_ws/build/pymoveit2
[2.191s] -- Install configuration: ""
[2.191s] -- Up-to-date: /home/seema/ros2_ws/install/pymoveit2/share/ament_index/resource_index/rosidl_interfaces/pymoveit2
[2.191s] -- Up-to-date: /home/seema/ros2_ws/install/pymoveit2/include/pymoveit2/pymoveit2
[2.191s] -- Up-to-date: /home/seema/ros2_ws/install/pymoveit2/include/pymoveit2/pymoveit2/msg
[2.191s] -- Up-to-date: /home/seema/ros2_ws/install/pymoveit2/include/pymoveit2/pymoveit2/msg/rosidl_generator_c__visibility_control.h
[2.191s] -- Up-to-date: /home/seema/ros2_ws/install/pymoveit2/include/pymoveit2/pymoveit2/srv
[2.191s] -- Up-to-date: /home/seema/ros2_ws/install/pymoveit2/include/pymoveit2/pymoveit2/srv/detail
[2.191s] -- Up-to-date: /home/seema/ros2_ws/install/pymoveit2/include/pymoveit2/pymoveit2/srv/detail/move_to_pose__functions.h
[2.191s] -- Up-to-date: /home/seema/ros2_ws/install/pymoveit2/include/pymoveit2/pymoveit2/srv/detail/move_to_pose__type_support.h
[2.191s] -- Up-to-date: /home/seema/ros2_ws/install/pymoveit2/include/pymoveit2/pymoveit2/srv/detail/move_to_pose__functions.c
[2.191s] -- Up-to-date: /home/seema/ros2_ws/install/pymoveit2/include/pymoveit2/pymoveit2/srv/detail/move_to_pose__struct.h
[2.192s] -- Up-to-date: /home/seema/ros2_ws/install/pymoveit2/include/pymoveit2/pymoveit2/srv/move_to_pose.h
[2.192s] -- Up-to-date: /home/seema/ros2_ws/install/pymoveit2/share/pymoveit2/environment/library_path.sh
[2.192s] -- Up-to-date: /home/seema/ros2_ws/install/pymoveit2/share/pymoveit2/environment/library_path.dsv
[2.192s] -- Up-to-date: /home/seema/ros2_ws/install/pymoveit2/lib/libpymoveit2__rosidl_generator_c.so
[2.196s] -- Up-to-date: /home/seema/ros2_ws/install/pymoveit2/include/pymoveit2/pymoveit2
[2.197s] -- Up-to-date: /home/seema/ros2_ws/install/pymoveit2/include/pymoveit2/pymoveit2/msg
[2.198s] -- Up-to-date: /home/seema/ros2_ws/install/pymoveit2/include/pymoveit2/pymoveit2/msg/rosidl_typesupport_fastrtps_c__visibility_control.h
[2.198s] -- Up-to-date: /home/seema/ros2_ws/install/pymoveit2/include/pymoveit2/pymoveit2/srv
[2.199s] -- Up-to-date: /home/seema/ros2_ws/install/pymoveit2/include/pymoveit2/pymoveit2/srv/detail
[2.201s] -- Up-to-date: /home/seema/ros2_ws/install/pymoveit2/include/pymoveit2/pymoveit2/srv/detail/move_to_pose__rosidl_typesupport_fastrtps_c.h
[2.201s] -- Up-to-date: /home/seema/ros2_ws/install/pymoveit2/lib/libpymoveit2__rosidl_typesupport_fastrtps_c.so
[2.202s] -- Up-to-date: /home/seema/ros2_ws/install/pymoveit2/include/pymoveit2/pymoveit2
[2.203s] -- Up-to-date: /home/seema/ros2_ws/install/pymoveit2/include/pymoveit2/pymoveit2/msg
[2.203s] -- Up-to-date: /home/seema/ros2_ws/install/pymoveit2/include/pymoveit2/pymoveit2/msg/rosidl_generator_cpp__visibility_control.hpp
[2.203s] -- Up-to-date: /home/seema/ros2_ws/install/pymoveit2/include/pymoveit2/pymoveit2/srv
[2.203s] -- Up-to-date: /home/seema/ros2_ws/install/pymoveit2/include/pymoveit2/pymoveit2/srv/detail
[2.203s] -- Up-to-date: /home/seema/ros2_ws/install/pymoveit2/include/pymoveit2/pymoveit2/srv/detail/move_to_pose__type_support.hpp
[2.203s] -- Up-to-date: /home/seema/ros2_ws/install/pymoveit2/include/pymoveit2/pymoveit2/srv/detail/move_to_pose__struct.hpp
[2.203s] -- Up-to-date: /home/seema/ros2_ws/install/pymoveit2/include/pymoveit2/pymoveit2/srv/detail/move_to_pose__builder.hpp
[2.203s] -- Up-to-date: /home/seema/ros2_ws/install/pymoveit2/include/pymoveit2/pymoveit2/srv/detail/move_to_pose__traits.hpp
[2.203s] -- Up-to-date: /home/seema/ros2_ws/install/pymoveit2/include/pymoveit2/pymoveit2/srv/move_to_pose.hpp
[2.203s] -- Up-to-date: /home/seema/ros2_ws/install/pymoveit2/include/pymoveit2/pymoveit2
[2.204s] -- Up-to-date: /home/seema/ros2_ws/install/pymoveit2/include/pymoveit2/pymoveit2/msg
[2.204s] -- Up-to-date: /home/seema/ros2_ws/install/pymoveit2/include/pymoveit2/pymoveit2/msg/rosidl_typesupport_fastrtps_cpp__visibility_control.h
[2.204s] -- Up-to-date: /home/seema/ros2_ws/install/pymoveit2/include/pymoveit2/pymoveit2/srv
[2.204s] -- Up-to-date: /home/seema/ros2_ws/install/pymoveit2/include/pymoveit2/pymoveit2/srv/detail
[2.204s] -- Up-to-date: /home/seema/ros2_ws/install/pymoveit2/include/pymoveit2/pymoveit2/srv/detail/move_to_pose__rosidl_typesupport_fastrtps_cpp.hpp
[2.204s] -- Up-to-date: /home/seema/ros2_ws/install/pymoveit2/include/pymoveit2/pymoveit2/srv/detail/dds_fastrtps
[2.204s] -- Up-to-date: /home/seema/ros2_ws/install/pymoveit2/lib/libpymoveit2__rosidl_typesupport_fastrtps_cpp.so
[2.204s] -- Up-to-date: /home/seema/ros2_ws/install/pymoveit2/include/pymoveit2/pymoveit2
[2.204s] -- Up-to-date: /home/seema/ros2_ws/install/pymoveit2/include/pymoveit2/pymoveit2/msg
[2.205s] -- Up-to-date: /home/seema/ros2_ws/install/pymoveit2/include/pymoveit2/pymoveit2/msg/rosidl_typesupport_introspection_c__visibility_control.h
[2.206s] -- Up-to-date: /home/seema/ros2_ws/install/pymoveit2/include/pymoveit2/pymoveit2/srv
[2.206s] -- Up-to-date: /home/seema/ros2_ws/install/pymoveit2/include/pymoveit2/pymoveit2/srv/detail
[2.207s] -- Up-to-date: /home/seema/ros2_ws/install/pymoveit2/include/pymoveit2/pymoveit2/srv/detail/move_to_pose__rosidl_typesupport_introspection_c.h
[2.209s] -- Up-to-date: /home/seema/ros2_ws/install/pymoveit2/include/pymoveit2/pymoveit2/srv/detail/move_to_pose__type_support.c
[2.209s] -- Up-to-date: /home/seema/ros2_ws/install/pymoveit2/lib/libpymoveit2__rosidl_typesupport_introspection_c.so
[2.210s] -- Up-to-date: /home/seema/ros2_ws/install/pymoveit2/lib/libpymoveit2__rosidl_typesupport_c.so
[2.210s] -- Up-to-date: /home/seema/ros2_ws/install/pymoveit2/include/pymoveit2/pymoveit2
[2.211s] -- Up-to-date: /home/seema/ros2_ws/install/pymoveit2/include/pymoveit2/pymoveit2/srv
[2.211s] -- Up-to-date: /home/seema/ros2_ws/install/pymoveit2/include/pymoveit2/pymoveit2/srv/detail
[2.219s] -- Up-to-date: /home/seema/ros2_ws/install/pymoveit2/include/pymoveit2/pymoveit2/srv/detail/move_to_pose__rosidl_typesupport_introspection_cpp.hpp
[2.220s] -- Up-to-date: /home/seema/ros2_ws/install/pymoveit2/include/pymoveit2/pymoveit2/srv/detail/move_to_pose__type_support.cpp
[2.221s] -- Up-to-date: /home/seema/ros2_ws/install/pymoveit2/lib/libpymoveit2__rosidl_typesupport_introspection_cpp.so
[2.221s] -- Up-to-date: /home/seema/ros2_ws/install/pymoveit2/lib/libpymoveit2__rosidl_typesupport_cpp.so
[2.221s] -- Up-to-date: /home/seema/ros2_ws/install/pymoveit2/share/pymoveit2/environment/pythonpath.sh
[2.221s] -- Up-to-date: /home/seema/ros2_ws/install/pymoveit2/share/pymoveit2/environment/pythonpath.dsv
[2.221s] -- Up-to-date: /home/seema/ros2_ws/install/pymoveit2/local/lib/python3.10/dist-packages/pymoveit2-2.1.0-py3.10.egg-info
[2.221s] -- Installing: /home/seema/ros2_ws/install/pymoveit2/local/lib/python3.10/dist-packages/pymoveit2-2.1.0-py3.10.egg-info/top_level.txt
[2.221s] -- Installing: /home/seema/ros2_ws/install/pymoveit2/local/lib/python3.10/dist-packages/pymoveit2-2.1.0-py3.10.egg-info/PKG-INFO
[2.221s] -- Installing: /home/seema/ros2_ws/install/pymoveit2/local/lib/python3.10/dist-packages/pymoveit2-2.1.0-py3.10.egg-info/dependency_links.txt
[2.221s] -- Installing: /home/seema/ros2_ws/install/pymoveit2/local/lib/python3.10/dist-packages/pymoveit2-2.1.0-py3.10.egg-info/SOURCES.txt
[2.221s] -- Up-to-date: /home/seema/ros2_ws/install/pymoveit2/local/lib/python3.10/dist-packages/pymoveit2
[2.221s] -- Up-to-date: /home/seema/ros2_ws/install/pymoveit2/local/lib/python3.10/dist-packages/pymoveit2/_pymoveit2_s.ep.rosidl_typesupport_introspection_c.c
[2.221s] -- Up-to-date: /home/seema/ros2_ws/install/pymoveit2/local/lib/python3.10/dist-packages/pymoveit2/libpymoveit2__rosidl_generator_py.so
[2.222s] -- Up-to-date: /home/seema/ros2_ws/install/pymoveit2/local/lib/python3.10/dist-packages/pymoveit2/pymoveit2_s__rosidl_typesupport_c.cpython-310-x86_64-linux-gnu.so
[2.222s] -- Up-to-date: /home/seema/ros2_ws/install/pymoveit2/local/lib/python3.10/dist-packages/pymoveit2/srv
[2.222s] -- Up-to-date: /home/seema/ros2_ws/install/pymoveit2/local/lib/python3.10/dist-packages/pymoveit2/srv/_move_to_pose_s.c
[2.222s] -- Up-to-date: /home/seema/ros2_ws/install/pymoveit2/local/lib/python3.10/dist-packages/pymoveit2/srv/_move_to_pose.py
[2.222s] -- Up-to-date: /home/seema/ros2_ws/install/pymoveit2/local/lib/python3.10/dist-packages/pymoveit2/srv/__init__.py
[2.222s] -- Up-to-date: /home/seema/ros2_ws/install/pymoveit2/local/lib/python3.10/dist-packages/pymoveit2/pymoveit2_s__rosidl_typesupport_introspection_c.cpython-310-x86_64-linux-gnu.so
[2.222s] -- Up-to-date: /home/seema/ros2_ws/install/pymoveit2/local/lib/python3.10/dist-packages/pymoveit2/pymoveit2_s__rosidl_typesupport_fastrtps_c.cpython-310-x86_64-linux-gnu.so
[2.222s] -- Up-to-date: /home/seema/ros2_ws/install/pymoveit2/local/lib/python3.10/dist-packages/pymoveit2/_pymoveit2_s.ep.rosidl_typesupport_c.c
[2.222s] -- Up-to-date: /home/seema/ros2_ws/install/pymoveit2/local/lib/python3.10/dist-packages/pymoveit2/_pymoveit2_s.ep.rosidl_typesupport_fastrtps_c.c
[2.222s] -- Up-to-date: /home/seema/ros2_ws/install/pymoveit2/local/lib/python3.10/dist-packages/pymoveit2/__init__.py
[2.261s] Listing '/home/seema/ros2_ws/install/pymoveit2/local/lib/python3.10/dist-packages/pymoveit2'...
[2.261s] Listing '/home/seema/ros2_ws/install/pymoveit2/local/lib/python3.10/dist-packages/pymoveit2/srv'...
[2.265s] -- Up-to-date: /home/seema/ros2_ws/install/pymoveit2/local/lib/python3.10/dist-packages/pymoveit2/pymoveit2_s__rosidl_typesupport_fastrtps_c.cpython-310-x86_64-linux-gnu.so
[2.274s] -- Up-to-date: /home/seema/ros2_ws/install/pymoveit2/local/lib/python3.10/dist-packages/pymoveit2/pymoveit2_s__rosidl_typesupport_introspection_c.cpython-310-x86_64-linux-gnu.so
[2.274s] -- Up-to-date: /home/seema/ros2_ws/install/pymoveit2/local/lib/python3.10/dist-packages/pymoveit2/pymoveit2_s__rosidl_typesupport_c.cpython-310-x86_64-linux-gnu.so
[2.274s] -- Up-to-date: /home/seema/ros2_ws/install/pymoveit2/lib/libpymoveit2__rosidl_generator_py.so
[2.274s] -- Up-to-date: /home/seema/ros2_ws/install/pymoveit2/share/pymoveit2/srv/MoveToPose.idl
[2.274s] -- Up-to-date: /home/seema/ros2_ws/install/pymoveit2/share/pymoveit2/srv/MoveToPose.srv
[2.274s] -- Up-to-date: /home/seema/ros2_ws/install/pymoveit2/share/pymoveit2/srv/MoveToPose_Request.msg
[2.274s] -- Up-to-date: /home/seema/ros2_ws/install/pymoveit2/share/pymoveit2/srv/MoveToPose_Response.msg
[2.274s] -- Up-to-date: /home/seema/ros2_ws/install/pymoveit2/lib/pymoveit2/twist_servo_cal.py
[2.274s] -- Up-to-date: /home/seema/ros2_ws/install/pymoveit2/lib/pymoveit2/kdl_parser_py.py
[2.274s] -- Up-to-date: /home/seema/ros2_ws/install/pymoveit2/share/pymoveit2/ur5_arm.urdf
[2.275s] -- Up-to-date: /home/seema/ros2_ws/install/pymoveit2/share/pymoveit2/srv
[2.275s] -- Up-to-date: /home/seema/ros2_ws/install/pymoveit2/share/pymoveit2/srv/MoveToPose.srv
[2.278s] -- Up-to-date: /home/seema/ros2_ws/install/pymoveit2/share/ament_index/resource_index/package_run_dependencies/pymoveit2
[2.278s] -- Up-to-date: /home/seema/ros2_ws/install/pymoveit2/share/ament_index/resource_index/parent_prefix_path/pymoveit2
[2.278s] -- Up-to-date: /home/seema/ros2_ws/install/pymoveit2/share/pymoveit2/environment/ament_prefix_path.sh
[2.278s] -- Up-to-date: /home/seema/ros2_ws/install/pymoveit2/share/pymoveit2/environment/ament_prefix_path.dsv
[2.278s] -- Up-to-date: /home/seema/ros2_ws/install/pymoveit2/share/pymoveit2/environment/path.sh
[2.278s] -- Up-to-date: /home/seema/ros2_ws/install/pymoveit2/share/pymoveit2/environment/path.dsv
[2.278s] -- Up-to-date: /home/seema/ros2_ws/install/pymoveit2/share/pymoveit2/local_setup.bash
[2.278s] -- Up-to-date: /home/seema/ros2_ws/install/pymoveit2/share/pymoveit2/local_setup.sh
[2.278s] -- Up-to-date: /home/seema/ros2_ws/install/pymoveit2/share/pymoveit2/local_setup.zsh
[2.278s] -- Up-to-date: /home/seema/ros2_ws/install/pymoveit2/share/pymoveit2/local_setup.dsv
[2.278s] -- Installing: /home/seema/ros2_ws/install/pymoveit2/share/pymoveit2/package.dsv
[2.279s] -- Up-to-date: /home/seema/ros2_ws/install/pymoveit2/share/ament_index/resource_index/packages/pymoveit2
[2.280s] -- Up-to-date: /home/seema/ros2_ws/install/pymoveit2/share/pymoveit2/cmake/export_pymoveit2__rosidl_generator_cExport.cmake
[2.280s] -- Up-to-date: /home/seema/ros2_ws/install/pymoveit2/share/pymoveit2/cmake/export_pymoveit2__rosidl_generator_cExport-noconfig.cmake
[2.281s] -- Up-to-date: /home/seema/ros2_ws/install/pymoveit2/share/pymoveit2/cmake/export_pymoveit2__rosidl_typesupport_fastrtps_cExport.cmake
[2.281s] -- Up-to-date: /home/seema/ros2_ws/install/pymoveit2/share/pymoveit2/cmake/export_pymoveit2__rosidl_typesupport_fastrtps_cExport-noconfig.cmake
[2.281s] -- Up-to-date: /home/seema/ros2_ws/install/pymoveit2/share/pymoveit2/cmake/export_pymoveit2__rosidl_generator_cppExport.cmake
[2.281s] -- Up-to-date: /home/seema/ros2_ws/install/pymoveit2/share/pymoveit2/cmake/export_pymoveit2__rosidl_typesupport_fastrtps_cppExport.cmake
[2.281s] -- Up-to-date: /home/seema/ros2_ws/install/pymoveit2/share/pymoveit2/cmake/export_pymoveit2__rosidl_typesupport_fastrtps_cppExport-noconfig.cmake
[2.281s] -- Up-to-date: /home/seema/ros2_ws/install/pymoveit2/share/pymoveit2/cmake/pymoveit2__rosidl_typesupport_introspection_cExport.cmake
[2.281s] -- Up-to-date: /home/seema/ros2_ws/install/pymoveit2/share/pymoveit2/cmake/pymoveit2__rosidl_typesupport_introspection_cExport-noconfig.cmake
[2.281s] -- Up-to-date: /home/seema/ros2_ws/install/pymoveit2/share/pymoveit2/cmake/pymoveit2__rosidl_typesupport_cExport.cmake
[2.281s] -- Up-to-date: /home/seema/ros2_ws/install/pymoveit2/share/pymoveit2/cmake/pymoveit2__rosidl_typesupport_cExport-noconfig.cmake
[2.281s] -- Up-to-date: /home/seema/ros2_ws/install/pymoveit2/share/pymoveit2/cmake/pymoveit2__rosidl_typesupport_introspection_cppExport.cmake
[2.281s] -- Up-to-date: /home/seema/ros2_ws/install/pymoveit2/share/pymoveit2/cmake/pymoveit2__rosidl_typesupport_introspection_cppExport-noconfig.cmake
[2.281s] -- Up-to-date: /home/seema/ros2_ws/install/pymoveit2/share/pymoveit2/cmake/pymoveit2__rosidl_typesupport_cppExport.cmake
[2.282s] -- Up-to-date: /home/seema/ros2_ws/install/pymoveit2/share/pymoveit2/cmake/pymoveit2__rosidl_typesupport_cppExport-noconfig.cmake
[2.282s] -- Up-to-date: /home/seema/ros2_ws/install/pymoveit2/share/pymoveit2/cmake/export_pymoveit2__rosidl_generator_pyExport.cmake
[2.282s] -- Up-to-date: /home/seema/ros2_ws/install/pymoveit2/share/pymoveit2/cmake/export_pymoveit2__rosidl_generator_pyExport-noconfig.cmake
[2.282s] -- Up-to-date: /home/seema/ros2_ws/install/pymoveit2/share/pymoveit2/cmake/rosidl_cmake-extras.cmake
[2.282s] -- Up-to-date: /home/seema/ros2_ws/install/pymoveit2/share/pymoveit2/cmake/ament_cmake_export_include_directories-extras.cmake
[2.282s] -- Up-to-date: /home/seema/ros2_ws/install/pymoveit2/share/pymoveit2/cmake/ament_cmake_export_libraries-extras.cmake
[2.282s] -- Up-to-date: /home/seema/ros2_ws/install/pymoveit2/share/pymoveit2/cmake/ament_cmake_export_targets-extras.cmake
[2.282s] -- Up-to-date: /home/seema/ros2_ws/install/pymoveit2/share/pymoveit2/cmake/rosidl_cmake_export_typesupport_targets-extras.cmake
[2.282s] -- Up-to-date: /home/seema/ros2_ws/install/pymoveit2/share/pymoveit2/cmake/ament_cmake_export_dependencies-extras.cmake
[2.282s] -- Up-to-date: /home/seema/ros2_ws/install/pymoveit2/share/pymoveit2/cmake/rosidl_cmake_export_typesupport_libraries-extras.cmake
[2.282s] -- Up-to-date: /home/seema/ros2_ws/install/pymoveit2/share/pymoveit2/cmake/pymoveit2Config.cmake
[2.282s] -- Up-to-date: /home/seema/ros2_ws/install/pymoveit2/share/pymoveit2/cmake/pymoveit2Config-version.cmake
[2.282s] -- Up-to-date: /home/seema/ros2_ws/install/pymoveit2/share/pymoveit2/package.xml
[2.288s] Invoked command in '/home/seema/ros2_ws/build/pymoveit2' returned '0': CMAKE_PREFIX_PATH=/opt/ros/humble /usr/bin/cmake --install /home/seema/ros2_ws/build/pymoveit2
