[0.006s] Invoking command in '/home/seema/ros2_ws/build/examples_rclcpp_minimal_publisher': CMAKE_PREFIX_PATH=/opt/ros/humble /usr/bin/cmake /home/seema/ros2_ws/src/examples/rclcpp/topics/minimal_publisher -DCMAKE_INSTALL_PREFIX=/home/seema/ros2_ws/install/examples_rclcpp_minimal_publisher
[0.019s] -- Found ament_cmake: 1.3.12 (/opt/ros/humble/share/ament_cmake/cmake)
[0.096s] -- Override CMake install command with custom implementation using symlinks instead of copying resources
[0.100s] -- Found rclcpp: 16.0.14 (/opt/ros/humble/share/rclcpp/cmake)
[0.118s] -- Found rosidl_generator_c: 3.1.7 (/opt/ros/humble/share/rosidl_generator_c/cmake)
[0.119s] -- Found rosidl_adapter: 3.1.7 (/opt/ros/humble/share/rosidl_adapter/cmake)
[0.123s] -- Found rosidl_generator_cpp: 3.1.7 (/opt/ros/humble/share/rosidl_generator_cpp/cmake)
[0.129s] -- Using all available rosidl_typesupport_c: rosidl_typesupport_fastrtps_c;rosidl_typesupport_introspection_c
[0.135s] -- Using all available rosidl_typesupport_cpp: rosidl_typesupport_fastrtps_cpp;rosidl_typesupport_introspection_cpp
[0.154s] -- Found rmw_implementation_cmake: 6.1.2 (/opt/ros/humble/share/rmw_implementation_cmake/cmake)
[0.154s] -- Found rmw_fastrtps_cpp: 6.2.8 (/opt/ros/humble/share/rmw_fastrtps_cpp/cmake)
[0.225s] -- Using RMW implementation 'rmw_fastrtps_cpp' as default
[0.254s] -- Found ament_lint_auto: 0.12.14 (/opt/ros/humble/share/ament_lint_auto/cmake)
[0.298s] -- Added test 'copyright' to check source files copyright and LICENSE
[0.298s] -- Added test 'cppcheck' to perform static code analysis on C / C++ code
[0.298s] -- Configured cppcheck include dirs: 
[0.298s] -- Configured cppcheck exclude dirs and/or files: 
[0.298s] -- Added test 'cpplint' to check C / C++ code against the Google style
[0.298s] -- Configured cpplint exclude dirs and/or files: 
[0.299s] -- Added test 'lint_cmake' to check CMake code style
[0.299s] -- Added test 'uncrustify' to check C / C++ code style
[0.299s] -- Configured uncrustify additional arguments: 
[0.299s] -- Added test 'xmllint' to check XML markup files
[0.300s] -- Configuring done
[0.314s] -- Generating done
[0.319s] -- Build files have been written to: /home/seema/ros2_ws/build/examples_rclcpp_minimal_publisher
[0.324s] Invoked command in '/home/seema/ros2_ws/build/examples_rclcpp_minimal_publisher' returned '0': CMAKE_PREFIX_PATH=/opt/ros/humble /usr/bin/cmake /home/seema/ros2_ws/src/examples/rclcpp/topics/minimal_publisher -DCMAKE_INSTALL_PREFIX=/home/seema/ros2_ws/install/examples_rclcpp_minimal_publisher
[0.324s] Invoking command in '/home/seema/ros2_ws/build/examples_rclcpp_minimal_publisher': CMAKE_PREFIX_PATH=/opt/ros/humble /usr/bin/cmake --build /home/seema/ros2_ws/build/examples_rclcpp_minimal_publisher -- -j16 -l16
[0.362s] [  8%] [32mBuilding CXX object CMakeFiles/publisher_not_composable.dir/not_composable.cpp.o[0m
[0.363s] [ 16%] [32mBuilding CXX object CMakeFiles/publisher_lambda.dir/lambda.cpp.o[0m
[0.364s] [ 25%] [32mBuilding CXX object CMakeFiles/publisher_wait_for_all_acked.dir/member_function_with_wait_for_all_acked.cpp.o[0m
[0.367s] [ 33%] [32mBuilding CXX object CMakeFiles/publisher_member_function_with_type_adapter.dir/member_function_with_type_adapter.cpp.o[0m
[0.367s] [ 41%] [32mBuilding CXX object CMakeFiles/publisher_member_function_with_unique_network_flow_endpoints.dir/member_function_with_unique_network_flow_endpoints.cpp.o[0m
[0.370s] [ 50%] [32mBuilding CXX object CMakeFiles/publisher_member_function.dir/member_function.cpp.o[0m
[3.750s] [ 58%] [32m[1mLinking CXX executable publisher_member_function_with_unique_network_flow_endpoints[0m
[3.770s] [ 66%] [32m[1mLinking CXX executable publisher_member_function_with_type_adapter[0m
[3.921s] [ 66%] Built target publisher_member_function_with_unique_network_flow_endpoints
[3.940s] [ 75%] [32m[1mLinking CXX executable publisher_wait_for_all_acked[0m
[3.977s] [ 75%] Built target publisher_member_function_with_type_adapter
[4.038s] [ 83%] [32m[1mLinking CXX executable publisher_member_function[0m
[4.098s] [ 83%] Built target publisher_wait_for_all_acked
[4.176s] [ 83%] Built target publisher_member_function
[4.443s] [ 91%] [32m[1mLinking CXX executable publisher_not_composable[0m
[4.551s] [ 91%] Built target publisher_not_composable
[4.722s] [100%] [32m[1mLinking CXX executable publisher_lambda[0m
[4.828s] [100%] Built target publisher_lambda
[4.836s] Invoked command in '/home/seema/ros2_ws/build/examples_rclcpp_minimal_publisher' returned '0': CMAKE_PREFIX_PATH=/opt/ros/humble /usr/bin/cmake --build /home/seema/ros2_ws/build/examples_rclcpp_minimal_publisher -- -j16 -l16
[4.838s] Invoking command in '/home/seema/ros2_ws/build/examples_rclcpp_minimal_publisher': CMAKE_PREFIX_PATH=/opt/ros/humble /usr/bin/cmake --install /home/seema/ros2_ws/build/examples_rclcpp_minimal_publisher
[4.842s] -- Install configuration: ""
[4.843s] -- Execute custom install script
[4.843s] -- Symlinking: /home/seema/ros2_ws/install/examples_rclcpp_minimal_publisher/lib/examples_rclcpp_minimal_publisher/publisher_lambda
[4.850s] -- Symlinking: /home/seema/ros2_ws/install/examples_rclcpp_minimal_publisher/lib/examples_rclcpp_minimal_publisher/publisher_member_function
[4.858s] -- Symlinking: /home/seema/ros2_ws/install/examples_rclcpp_minimal_publisher/lib/examples_rclcpp_minimal_publisher/publisher_member_function_with_type_adapter
[4.866s] -- Symlinking: /home/seema/ros2_ws/install/examples_rclcpp_minimal_publisher/lib/examples_rclcpp_minimal_publisher/publisher_member_function_with_unique_network_flow_endpoints
[4.872s] -- Symlinking: /home/seema/ros2_ws/install/examples_rclcpp_minimal_publisher/lib/examples_rclcpp_minimal_publisher/publisher_wait_for_all_acked
[4.878s] -- Symlinking: /home/seema/ros2_ws/install/examples_rclcpp_minimal_publisher/lib/examples_rclcpp_minimal_publisher/publisher_not_composable
[4.885s] -- Symlinking: /home/seema/ros2_ws/install/examples_rclcpp_minimal_publisher/share/ament_index/resource_index/package_run_dependencies/examples_rclcpp_minimal_publisher
[4.892s] -- Symlinking: /home/seema/ros2_ws/install/examples_rclcpp_minimal_publisher/share/ament_index/resource_index/parent_prefix_path/examples_rclcpp_minimal_publisher
[4.897s] -- Symlinking: /home/seema/ros2_ws/install/examples_rclcpp_minimal_publisher/share/examples_rclcpp_minimal_publisher/environment/ament_prefix_path.sh
[4.902s] -- Symlinking: /home/seema/ros2_ws/install/examples_rclcpp_minimal_publisher/share/examples_rclcpp_minimal_publisher/environment/ament_prefix_path.dsv
[4.907s] -- Symlinking: /home/seema/ros2_ws/install/examples_rclcpp_minimal_publisher/share/examples_rclcpp_minimal_publisher/environment/path.sh
[4.913s] -- Symlinking: /home/seema/ros2_ws/install/examples_rclcpp_minimal_publisher/share/examples_rclcpp_minimal_publisher/environment/path.dsv
[4.920s] -- Symlinking: /home/seema/ros2_ws/install/examples_rclcpp_minimal_publisher/share/examples_rclcpp_minimal_publisher/local_setup.bash
[4.924s] -- Symlinking: /home/seema/ros2_ws/install/examples_rclcpp_minimal_publisher/share/examples_rclcpp_minimal_publisher/local_setup.sh
[4.930s] -- Symlinking: /home/seema/ros2_ws/install/examples_rclcpp_minimal_publisher/share/examples_rclcpp_minimal_publisher/local_setup.zsh
[4.937s] -- Symlinking: /home/seema/ros2_ws/install/examples_rclcpp_minimal_publisher/share/examples_rclcpp_minimal_publisher/local_setup.dsv
[4.941s] -- Symlinking: /home/seema/ros2_ws/install/examples_rclcpp_minimal_publisher/share/examples_rclcpp_minimal_publisher/package.dsv
[4.950s] -- Symlinking: /home/seema/ros2_ws/install/examples_rclcpp_minimal_publisher/share/ament_index/resource_index/packages/examples_rclcpp_minimal_publisher
[4.959s] -- Symlinking: /home/seema/ros2_ws/install/examples_rclcpp_minimal_publisher/share/examples_rclcpp_minimal_publisher/cmake/examples_rclcpp_minimal_publisherConfig.cmake
[4.968s] -- Symlinking: /home/seema/ros2_ws/install/examples_rclcpp_minimal_publisher/share/examples_rclcpp_minimal_publisher/cmake/examples_rclcpp_minimal_publisherConfig-version.cmake
[4.975s] -- Symlinking: /home/seema/ros2_ws/install/examples_rclcpp_minimal_publisher/share/examples_rclcpp_minimal_publisher/package.xml
[4.984s] Invoked command in '/home/seema/ros2_ws/build/examples_rclcpp_minimal_publisher' returned '0': CMAKE_PREFIX_PATH=/opt/ros/humble /usr/bin/cmake --install /home/seema/ros2_ws/build/examples_rclcpp_minimal_publisher
