[0.039s] Invoking command in '/home/seema/ros2_ws/build/examples_rclcpp_minimal_service': CMAKE_PREFIX_PATH=/opt/ros/humble /usr/bin/cmake /home/seema/ros2_ws/src/examples/rclcpp/services/minimal_service -DCMAKE_INSTALL_PREFIX=/home/seema/ros2_ws/install/examples_rclcpp_minimal_service
[1.625s] -- The C compiler identification is GNU 11.4.0
[1.625s] -- The CXX compiler identification is GNU 11.4.0
[1.625s] -- Detecting C compiler ABI info
[1.625s] -- Detecting C compiler ABI info - done
[1.625s] -- Check for working C compiler: /usr/bin/cc - skipped
[1.625s] -- Detecting C compile features
[1.625s] -- Detecting C compile features - done
[1.625s] -- Detecting CXX compiler ABI info
[1.625s] -- Detecting CXX compiler ABI info - done
[1.625s] -- Check for working CXX compiler: /usr/bin/c++ - skipped
[1.625s] -- Detecting CXX compile features
[1.625s] -- Detecting CXX compile features - done
[1.625s] -- Found ament_cmake: 1.3.12 (/opt/ros/humble/share/ament_cmake/cmake)
[1.625s] -- Found Python3: /usr/bin/python3 (found version "3.10.12") found components: Interpreter 
[1.625s] -- Found example_interfaces: 0.9.3 (/opt/ros/humble/share/example_interfaces/cmake)
[1.625s] -- Found rosidl_generator_c: 3.1.7 (/opt/ros/humble/share/rosidl_generator_c/cmake)
[1.625s] -- Found rosidl_adapter: 3.1.7 (/opt/ros/humble/share/rosidl_adapter/cmake)
[1.625s] -- Found rosidl_generator_cpp: 3.1.7 (/opt/ros/humble/share/rosidl_generator_cpp/cmake)
[1.625s] -- Using all available rosidl_typesupport_c: rosidl_typesupport_fastrtps_c;rosidl_typesupport_introspection_c
[1.625s] -- Using all available rosidl_typesupport_cpp: rosidl_typesupport_fastrtps_cpp;rosidl_typesupport_introspection_cpp
[1.625s] -- Found rclcpp: 16.0.14 (/opt/ros/humble/share/rclcpp/cmake)
[1.625s] -- Found rmw_implementation_cmake: 6.1.2 (/opt/ros/humble/share/rmw_implementation_cmake/cmake)
[1.625s] -- Found rmw_fastrtps_cpp: 6.2.8 (/opt/ros/humble/share/rmw_fastrtps_cpp/cmake)
[1.625s] -- Found OpenSSL: /usr/lib/x86_64-linux-gnu/libcrypto.so (found version "3.0.2")  
[1.626s] -- Found FastRTPS: /opt/ros/humble/include  
[1.626s] -- Using RMW implementation 'rmw_fastrtps_cpp' as default
[1.626s] -- Looking for pthread.h
[1.652s] -- Looking for pthread.h - found
[1.652s] -- Performing Test CMAKE_HAVE_LIBC_PTHREAD
[1.748s] -- Performing Test CMAKE_HAVE_LIBC_PTHREAD - Success
[1.749s] -- Found Threads: TRUE  
[1.837s] -- Found ament_lint_auto: 0.12.14 (/opt/ros/humble/share/ament_lint_auto/cmake)
[1.952s] -- Added test 'copyright' to check source files copyright and LICENSE
[1.953s] -- Added test 'cppcheck' to perform static code analysis on C / C++ code
[1.954s] -- Configured cppcheck include dirs: 
[1.954s] -- Configured cppcheck exclude dirs and/or files: 
[1.959s] -- Added test 'cpplint' to check C / C++ code against the Google style
[1.959s] -- Configured cpplint exclude dirs and/or files: 
[1.959s] -- Added test 'lint_cmake' to check CMake code style
[1.960s] -- Added test 'uncrustify' to check C / C++ code style
[1.960s] -- Configured uncrustify additional arguments: 
[1.960s] -- Added test 'xmllint' to check XML markup files
[1.961s] -- Configuring done
[1.993s] -- Generating done
[2.005s] -- Build files have been written to: /home/seema/ros2_ws/build/examples_rclcpp_minimal_service
[2.035s] Invoked command in '/home/seema/ros2_ws/build/examples_rclcpp_minimal_service' returned '0': CMAKE_PREFIX_PATH=/opt/ros/humble /usr/bin/cmake /home/seema/ros2_ws/src/examples/rclcpp/services/minimal_service -DCMAKE_INSTALL_PREFIX=/home/seema/ros2_ws/install/examples_rclcpp_minimal_service
[2.038s] Invoking command in '/home/seema/ros2_ws/build/examples_rclcpp_minimal_service': CMAKE_PREFIX_PATH=/opt/ros/humble /usr/bin/cmake --build /home/seema/ros2_ws/build/examples_rclcpp_minimal_service -- -j16 -l16
[2.253s] [ 50%] [32mBuilding CXX object CMakeFiles/service_main.dir/main.cpp.o[0m
