[0.048s] Invoking command in '/home/seema/ros2_ws/src/build/examples_rclcpp_minimal_timer': CMAKE_PREFIX_PATH=/opt/ros/humble /usr/bin/cmake /home/seema/ros2_ws/src/examples/rclcpp/timers/minimal_timer -DAMENT_CMAKE_SYMLINK_INSTALL=1 -DCMAKE_INSTALL_PREFIX=/home/seema/ros2_ws/src/install/examples_rclcpp_minimal_timer
[1.718s] -- The C compiler identification is GNU 11.4.0
[1.718s] -- The CXX compiler identification is GNU 11.4.0
[1.718s] -- Detecting C compiler ABI info
[1.719s] -- Detecting C compiler ABI info - done
[1.719s] -- Check for working C compiler: /usr/bin/cc - skipped
[1.719s] -- Detecting C compile features
[1.719s] -- Detecting C compile features - done
[1.719s] -- Detecting CXX compiler ABI info
[1.719s] -- Detecting CXX compiler ABI info - done
[1.719s] -- Check for working CXX compiler: /usr/bin/c++ - skipped
[1.719s] -- Detecting CXX compile features
[1.719s] -- Detecting CXX compile features - done
[1.719s] -- Found ament_cmake: 1.3.12 (/opt/ros/humble/share/ament_cmake/cmake)
[1.719s] -- Found Python3: /usr/bin/python3 (found version "3.10.12") found components: Interpreter 
[1.719s] -- Override CMake install command with custom implementation using symlinks instead of copying resources
[1.720s] -- Found rclcpp: 16.0.14 (/opt/ros/humble/share/rclcpp/cmake)
[1.720s] -- Found rosidl_generator_c: 3.1.7 (/opt/ros/humble/share/rosidl_generator_c/cmake)
[1.720s] -- Found rosidl_adapter: 3.1.7 (/opt/ros/humble/share/rosidl_adapter/cmake)
[1.720s] -- Found rosidl_generator_cpp: 3.1.7 (/opt/ros/humble/share/rosidl_generator_cpp/cmake)
[1.720s] -- Using all available rosidl_typesupport_c: rosidl_typesupport_fastrtps_c;rosidl_typesupport_introspection_c
[1.720s] -- Using all available rosidl_typesupport_cpp: rosidl_typesupport_fastrtps_cpp;rosidl_typesupport_introspection_cpp
[1.720s] -- Found rmw_implementation_cmake: 6.1.2 (/opt/ros/humble/share/rmw_implementation_cmake/cmake)
[1.720s] -- Found rmw_fastrtps_cpp: 6.2.8 (/opt/ros/humble/share/rmw_fastrtps_cpp/cmake)
[1.720s] -- Found OpenSSL: /usr/lib/x86_64-linux-gnu/libcrypto.so (found version "3.0.2")  
[1.720s] -- Found FastRTPS: /opt/ros/humble/include  
[1.720s] -- Using RMW implementation 'rmw_fastrtps_cpp' as default
[1.720s] -- Looking for pthread.h
[1.720s] -- Looking for pthread.h - found
[1.720s] -- Performing Test CMAKE_HAVE_LIBC_PTHREAD
[1.720s] -- Performing Test CMAKE_HAVE_LIBC_PTHREAD - Success
[1.720s] -- Found Threads: TRUE  
[1.720s] -- Found ament_lint_auto: 0.12.14 (/opt/ros/humble/share/ament_lint_auto/cmake)
[1.789s] -- Added test 'copyright' to check source files copyright and LICENSE
[1.792s] -- Added test 'cppcheck' to perform static code analysis on C / C++ code
[1.792s] -- Configured cppcheck include dirs: 
[1.793s] -- Configured cppcheck exclude dirs and/or files: 
[1.793s] -- Added test 'cpplint' to check C / C++ code against the Google style
[1.797s] -- Configured cpplint exclude dirs and/or files: 
[1.797s] -- Added test 'lint_cmake' to check CMake code style
[1.798s] -- Added test 'uncrustify' to check C / C++ code style
[1.798s] -- Configured uncrustify additional arguments: 
[1.799s] -- Added test 'xmllint' to check XML markup files
[1.799s] -- Configuring done
[1.834s] -- Generating done
[1.834s] -- Build files have been written to: /home/seema/ros2_ws/src/build/examples_rclcpp_minimal_timer
[1.838s] Invoked command in '/home/seema/ros2_ws/src/build/examples_rclcpp_minimal_timer' returned '0': CMAKE_PREFIX_PATH=/opt/ros/humble /usr/bin/cmake /home/seema/ros2_ws/src/examples/rclcpp/timers/minimal_timer -DAMENT_CMAKE_SYMLINK_INSTALL=1 -DCMAKE_INSTALL_PREFIX=/home/seema/ros2_ws/src/install/examples_rclcpp_minimal_timer
[1.840s] Invoking command in '/home/seema/ros2_ws/src/build/examples_rclcpp_minimal_timer': CMAKE_PREFIX_PATH=/opt/ros/humble /usr/bin/cmake --build /home/seema/ros2_ws/src/build/examples_rclcpp_minimal_timer -- -j16 -l16
[1.910s] [ 25%] [32mBuilding CXX object CMakeFiles/timer_lambda.dir/lambda.cpp.o[0m
[1.915s] [ 50%] [32mBuilding CXX object CMakeFiles/timer_member_function.dir/member_function.cpp.o[0m
[13.836s] [ 75%] [32m[1mLinking CXX executable timer_member_function[0m
