[0.190s] Invoking command in '/home/seema/ros2_ws/src/build/ebot_description': CMAKE_PREFIX_PATH=/opt/ros/humble /usr/bin/cmake /home/seema/ros2_ws/src/eyrc-25-26-krishi-cobot/ebot_description -DAMENT_CMAKE_SYMLINK_INSTALL=1 -DCMAKE_INSTALL_PREFIX=/home/seema/ros2_ws/src/install/ebot_description
[1.833s] -- The C compiler identification is GNU 11.4.0
[1.834s] -- The CXX compiler identification is GNU 11.4.0
[1.834s] -- Detecting C compiler ABI info
[1.834s] -- Detecting C compiler ABI info - done
[1.834s] -- Check for working C compiler: /usr/bin/cc - skipped
[1.834s] -- Detecting C compile features
[1.834s] -- Detecting C compile features - done
[1.834s] -- Detecting CXX compiler ABI info
[1.834s] -- Detecting CXX compiler ABI info - done
[1.834s] -- Check for working CXX compiler: /usr/bin/c++ - skipped
[1.834s] -- Detecting CXX compile features
[1.835s] -- Detecting CXX compile features - done
[1.835s] -- Found ament_cmake: 1.3.12 (/opt/ros/humble/share/ament_cmake/cmake)
[2.498s] -- Found Python3: /usr/bin/python3 (found version "3.10.12") found components: Interpreter 
[2.662s] -- Override CMake install command with custom implementation using symlinks instead of copying resources
[2.836s] -- Found rclcpp: 16.0.14 (/opt/ros/humble/share/rclcpp/cmake)
[2.975s] -- Found rosidl_generator_c: 3.1.7 (/opt/ros/humble/share/rosidl_generator_c/cmake)
[2.997s] -- Found rosidl_adapter: 3.1.7 (/opt/ros/humble/share/rosidl_adapter/cmake)
[3.047s] -- Found rosidl_generator_cpp: 3.1.7 (/opt/ros/humble/share/rosidl_generator_cpp/cmake)
[3.096s] -- Using all available rosidl_typesupport_c: rosidl_typesupport_fastrtps_c;rosidl_typesupport_introspection_c
[3.186s] -- Using all available rosidl_typesupport_cpp: rosidl_typesupport_fastrtps_cpp;rosidl_typesupport_introspection_cpp
[3.406s] -- Found rmw_implementation_cmake: 6.1.2 (/opt/ros/humble/share/rmw_implementation_cmake/cmake)
[3.428s] -- Found rmw_fastrtps_cpp: 6.2.8 (/opt/ros/humble/share/rmw_fastrtps_cpp/cmake)
[3.851s] -- Found OpenSSL: /usr/lib/x86_64-linux-gnu/libcrypto.so (found version "3.0.2")  
[4.030s] -- Found FastRTPS: /opt/ros/humble/include  
[4.235s] -- Using RMW implementation 'rmw_fastrtps_cpp' as default
[4.285s] -- Looking for pthread.h
[4.728s] -- Looking for pthread.h - found
[4.728s] -- Performing Test CMAKE_HAVE_LIBC_PTHREAD
[5.331s] -- Performing Test CMAKE_HAVE_LIBC_PTHREAD - Success
[5.332s] -- Found Threads: TRUE  
[5.565s] -- Found rclpy: 3.3.17 (/opt/ros/humble/share/rclpy/cmake)
[5.573s] -- Found urdf: 2.6.1 (/opt/ros/humble/share/urdf/cmake)
[5.718s] -- Found xacro: 2.1.1 (/opt/ros/humble/share/xacro/cmake)
[5.724s] -- Found ament_lint_auto: 0.12.14 (/opt/ros/humble/share/ament_lint_auto/cmake)
[5.994s] -- Added test 'flake8' to check Python code syntax and style conventions
[5.995s] -- Added test 'lint_cmake' to check CMake code style
[5.998s] -- Added test 'pep257' to check Python code against some of the docstring style conventions in PEP 257
[6.011s] -- Added test 'xmllint' to check XML markup files
[6.020s] -- Configuring done
[6.042s] -- Generating done
[6.051s] -- Build files have been written to: /home/seema/ros2_ws/src/build/ebot_description
[6.109s] Invoked command in '/home/seema/ros2_ws/src/build/ebot_description' returned '0': CMAKE_PREFIX_PATH=/opt/ros/humble /usr/bin/cmake /home/seema/ros2_ws/src/eyrc-25-26-krishi-cobot/ebot_description -DAMENT_CMAKE_SYMLINK_INSTALL=1 -DCMAKE_INSTALL_PREFIX=/home/seema/ros2_ws/src/install/ebot_description
[6.110s] Invoking command in '/home/seema/ros2_ws/src/build/ebot_description': CMAKE_PREFIX_PATH=/opt/ros/humble /usr/bin/cmake --build /home/seema/ros2_ws/src/build/ebot_description -- -j16 -l16
