[0.197s] Invoking command in '/home/seema/ros2_ws/build/examples_rclcpp_wait_set': CMAKE_PREFIX_PATH=${CMAKE_PREFIX_PATH}:/home/seema/ros2_ws/install/turtlesim_launch:/home/seema/ros2_ws/install/my_py_pkg:/home/seema/ros2_ws/install/launch_testing_examples:/home/seema/ros2_ws/install/examples_rclpy_pointcloud_publisher:/home/seema/ros2_ws/install/examples_rclpy_minimal_subscriber:/home/seema/ros2_ws/install/examples_rclpy_minimal_service:/home/seema/ros2_ws/install/examples_rclpy_minimal_publisher:/home/seema/ros2_ws/install/examples_rclpy_minimal_client:/home/seema/ros2_ws/install/examples_rclpy_minimal_action_server:/home/seema/ros2_ws/install/examples_rclpy_minimal_action_client:/home/seema/ros2_ws/install/examples_rclpy_guard_conditions:/home/seema/ros2_ws/install/examples_rclpy_executors:/opt/ros/humble /usr/bin/cmake --build /home/seema/ros2_ws/build/examples_rclcpp_wait_set -- -j16 -l16
[0.454s] [  8%] Built target wait_set_talker
[0.454s] [ 16%] Built target wait_set_listener
[0.454s] [ 25%] Built target wait_set
[0.454s] [ 37%] Built target talker
[0.454s] [ 41%] Built target listener
[0.454s] [ 50%] Built target executor_random_order
[0.454s] [ 58%] Built target thread_safe_wait_set
[0.454s] [ 66%] Built target wait_set_random_order
[0.455s] [ 75%] Built target static_wait_set
[0.455s] [ 83%] Built target wait_set_topics_and_timer
[0.455s] [ 91%] Built target wait_set_topics_with_different_rates
[0.455s] [100%] Built target wait_set_composed
[0.490s] Invoked command in '/home/seema/ros2_ws/build/examples_rclcpp_wait_set' returned '0': CMAKE_PREFIX_PATH=${CMAKE_PREFIX_PATH}:/home/seema/ros2_ws/install/turtlesim_launch:/home/seema/ros2_ws/install/my_py_pkg:/home/seema/ros2_ws/install/launch_testing_examples:/home/seema/ros2_ws/install/examples_rclpy_pointcloud_publisher:/home/seema/ros2_ws/install/examples_rclpy_minimal_subscriber:/home/seema/ros2_ws/install/examples_rclpy_minimal_service:/home/seema/ros2_ws/install/examples_rclpy_minimal_publisher:/home/seema/ros2_ws/install/examples_rclpy_minimal_client:/home/seema/ros2_ws/install/examples_rclpy_minimal_action_server:/home/seema/ros2_ws/install/examples_rclpy_minimal_action_client:/home/seema/ros2_ws/install/examples_rclpy_guard_conditions:/home/seema/ros2_ws/install/examples_rclpy_executors:/opt/ros/humble /usr/bin/cmake --build /home/seema/ros2_ws/build/examples_rclcpp_wait_set -- -j16 -l16
[0.494s] Invoking command in '/home/seema/ros2_ws/build/examples_rclcpp_wait_set': CMAKE_PREFIX_PATH=${CMAKE_PREFIX_PATH}:/home/seema/ros2_ws/install/turtlesim_launch:/home/seema/ros2_ws/install/my_py_pkg:/home/seema/ros2_ws/install/launch_testing_examples:/home/seema/ros2_ws/install/examples_rclpy_pointcloud_publisher:/home/seema/ros2_ws/install/examples_rclpy_minimal_subscriber:/home/seema/ros2_ws/install/examples_rclpy_minimal_service:/home/seema/ros2_ws/install/examples_rclpy_minimal_publisher:/home/seema/ros2_ws/install/examples_rclpy_minimal_client:/home/seema/ros2_ws/install/examples_rclpy_minimal_action_server:/home/seema/ros2_ws/install/examples_rclpy_minimal_action_client:/home/seema/ros2_ws/install/examples_rclpy_guard_conditions:/home/seema/ros2_ws/install/examples_rclpy_executors:/opt/ros/humble /usr/bin/cmake --install /home/seema/ros2_ws/build/examples_rclcpp_wait_set
[0.544s] -- Install configuration: ""
[0.544s] -- Execute custom install script
[0.544s] -- Up-to-date symlink: /home/seema/ros2_ws/install/examples_rclcpp_wait_set/lib/examples_rclcpp_wait_set/wait_set_talker
[0.544s] -- Up-to-date symlink: /home/seema/ros2_ws/install/examples_rclcpp_wait_set/lib/examples_rclcpp_wait_set/wait_set_listener
[0.544s] -- Up-to-date symlink: /home/seema/ros2_ws/install/examples_rclcpp_wait_set/lib/libtalker.so
[0.544s] -- Up-to-date symlink: /home/seema/ros2_ws/install/examples_rclcpp_wait_set/lib/liblistener.so
[0.544s] -- Up-to-date symlink: /home/seema/ros2_ws/install/examples_rclcpp_wait_set/lib/examples_rclcpp_wait_set/wait_set
[0.544s] -- Up-to-date symlink: /home/seema/ros2_ws/install/examples_rclcpp_wait_set/lib/examples_rclcpp_wait_set/static_wait_set
[0.544s] -- Up-to-date symlink: /home/seema/ros2_ws/install/examples_rclcpp_wait_set/lib/examples_rclcpp_wait_set/thread_safe_wait_set
[0.544s] -- Up-to-date symlink: /home/seema/ros2_ws/install/examples_rclcpp_wait_set/lib/examples_rclcpp_wait_set/wait_set_topics_and_timer
[0.544s] -- Up-to-date symlink: /home/seema/ros2_ws/install/examples_rclcpp_wait_set/lib/examples_rclcpp_wait_set/wait_set_random_order
[0.544s] -- Up-to-date symlink: /home/seema/ros2_ws/install/examples_rclcpp_wait_set/lib/examples_rclcpp_wait_set/executor_random_order
[0.544s] -- Up-to-date symlink: /home/seema/ros2_ws/install/examples_rclcpp_wait_set/lib/examples_rclcpp_wait_set/wait_set_topics_with_different_rates
[0.544s] -- Up-to-date symlink: /home/seema/ros2_ws/install/examples_rclcpp_wait_set/lib/examples_rclcpp_wait_set/wait_set_composed
[0.544s] -- Up-to-date symlink: /home/seema/ros2_ws/install/examples_rclcpp_wait_set/share/ament_index/resource_index/package_run_dependencies/examples_rclcpp_wait_set
[0.544s] -- Up-to-date symlink: /home/seema/ros2_ws/install/examples_rclcpp_wait_set/share/ament_index/resource_index/parent_prefix_path/examples_rclcpp_wait_set
[0.545s] -- Up-to-date symlink: /home/seema/ros2_ws/install/examples_rclcpp_wait_set/share/examples_rclcpp_wait_set/environment/ament_prefix_path.sh
[0.545s] -- Up-to-date symlink: /home/seema/ros2_ws/install/examples_rclcpp_wait_set/share/examples_rclcpp_wait_set/environment/ament_prefix_path.dsv
[0.545s] -- Up-to-date symlink: /home/seema/ros2_ws/install/examples_rclcpp_wait_set/share/examples_rclcpp_wait_set/environment/path.sh
[0.545s] -- Up-to-date symlink: /home/seema/ros2_ws/install/examples_rclcpp_wait_set/share/examples_rclcpp_wait_set/environment/path.dsv
[0.545s] -- Up-to-date symlink: /home/seema/ros2_ws/install/examples_rclcpp_wait_set/share/examples_rclcpp_wait_set/local_setup.bash
[0.545s] -- Up-to-date symlink: /home/seema/ros2_ws/install/examples_rclcpp_wait_set/share/examples_rclcpp_wait_set/local_setup.sh
[0.545s] -- Up-to-date symlink: /home/seema/ros2_ws/install/examples_rclcpp_wait_set/share/examples_rclcpp_wait_set/local_setup.zsh
[0.545s] -- Up-to-date symlink: /home/seema/ros2_ws/install/examples_rclcpp_wait_set/share/examples_rclcpp_wait_set/local_setup.dsv
[0.545s] -- Symlinking: /home/seema/ros2_ws/install/examples_rclcpp_wait_set/share/examples_rclcpp_wait_set/package.dsv
[0.546s] -- Up-to-date symlink: /home/seema/ros2_ws/install/examples_rclcpp_wait_set/share/ament_index/resource_index/packages/examples_rclcpp_wait_set
[0.546s] -- Up-to-date symlink: /home/seema/ros2_ws/install/examples_rclcpp_wait_set/share/ament_index/resource_index/rclcpp_components/examples_rclcpp_wait_set
[0.546s] -- Up-to-date symlink: /home/seema/ros2_ws/install/examples_rclcpp_wait_set/share/examples_rclcpp_wait_set/cmake/examples_rclcpp_wait_setConfig.cmake
[0.546s] -- Up-to-date symlink: /home/seema/ros2_ws/install/examples_rclcpp_wait_set/share/examples_rclcpp_wait_set/cmake/examples_rclcpp_wait_setConfig-version.cmake
[0.547s] -- Up-to-date symlink: /home/seema/ros2_ws/install/examples_rclcpp_wait_set/share/examples_rclcpp_wait_set/package.xml
[0.734s] Invoked command in '/home/seema/ros2_ws/build/examples_rclcpp_wait_set' returned '0': CMAKE_PREFIX_PATH=${CMAKE_PREFIX_PATH}:/home/seema/ros2_ws/install/turtlesim_launch:/home/seema/ros2_ws/install/my_py_pkg:/home/seema/ros2_ws/install/launch_testing_examples:/home/seema/ros2_ws/install/examples_rclpy_pointcloud_publisher:/home/seema/ros2_ws/install/examples_rclpy_minimal_subscriber:/home/seema/ros2_ws/install/examples_rclpy_minimal_service:/home/seema/ros2_ws/install/examples_rclpy_minimal_publisher:/home/seema/ros2_ws/install/examples_rclpy_minimal_client:/home/seema/ros2_ws/install/examples_rclpy_minimal_action_server:/home/seema/ros2_ws/install/examples_rclpy_minimal_action_client:/home/seema/ros2_ws/install/examples_rclpy_guard_conditions:/home/seema/ros2_ws/install/examples_rclpy_executors:/opt/ros/humble /usr/bin/cmake --install /home/seema/ros2_ws/build/examples_rclcpp_wait_set
