[1.535s] Invoking command in '/home/seema/ros2_ws/build/pymoveit2': CMAKE_PREFIX_PATH=${CMAKE_PREFIX_PATH}:/home/seema/ros2_ws/install/turtlesim_launch:/home/seema/ros2_ws/install/my_py_pkg:/home/seema/ros2_ws/install/launch_testing_examples:/home/seema/ros2_ws/install/examples_rclpy_pointcloud_publisher:/home/seema/ros2_ws/install/examples_rclpy_minimal_subscriber:/home/seema/ros2_ws/install/examples_rclpy_minimal_service:/home/seema/ros2_ws/install/examples_rclpy_minimal_publisher:/home/seema/ros2_ws/install/examples_rclpy_minimal_client:/home/seema/ros2_ws/install/examples_rclpy_minimal_action_server:/home/seema/ros2_ws/install/examples_rclpy_minimal_action_client:/home/seema/ros2_ws/install/examples_rclpy_guard_conditions:/home/seema/ros2_ws/install/examples_rclpy_executors:/opt/ros/humble /usr/bin/cmake --build /home/seema/ros2_ws/build/pymoveit2 -- -j16 -l16
[1.567s] [35m[1mConsolidate compiler generated dependencies of target pymoveit2__rosidl_generator_c[0m
[1.575s] [  3%] Built target pymoveit2__cpp
[1.579s] [ 12%] Built target pymoveit2__rosidl_generator_c
[1.586s] [ 12%] Built target ament_cmake_python_copy_pymoveit2
[1.586s] [35m[1mConsolidate compiler generated dependencies of target pymoveit2__rosidl_typesupport_fastrtps_cpp[0m
[1.587s] [35m[1mConsolidate compiler generated dependencies of target pymoveit2__rosidl_typesupport_cpp[0m
[1.587s] [35m[1mConsolidate compiler generated dependencies of target pymoveit2__rosidl_typesupport_introspection_c[0m
[1.587s] [35m[1mConsolidate compiler generated dependencies of target pymoveit2__rosidl_typesupport_introspection_cpp[0m
[1.587s] [35m[1mConsolidate compiler generated dependencies of target pymoveit2__rosidl_typesupport_c[0m
[1.587s] [35m[1mConsolidate compiler generated dependencies of target pymoveit2__rosidl_typesupport_fastrtps_c[0m
[1.596s] [ 22%] Built target pymoveit2__rosidl_typesupport_c
[1.596s] [ 32%] Built target pymoveit2__rosidl_typesupport_cpp
[1.596s] [ 41%] Built target pymoveit2__rosidl_typesupport_fastrtps_cpp
[1.598s] [ 51%] Built target pymoveit2__rosidl_typesupport_introspection_c
[1.599s] [ 61%] Built target pymoveit2__rosidl_typesupport_introspection_cpp
[1.601s] [ 70%] Built target pymoveit2__rosidl_typesupport_fastrtps_c
[1.618s] [ 70%] Built target pymoveit2
[1.636s] [ 74%] Built target pymoveit2__py
[1.645s] [35m[1mConsolidate compiler generated dependencies of target pymoveit2__rosidl_generator_py[0m
[1.656s] [ 80%] Built target pymoveit2__rosidl_generator_py
[1.666s] [35m[1mConsolidate compiler generated dependencies of target pymoveit2__rosidl_typesupport_introspection_c__pyext[0m
[1.667s] [35m[1mConsolidate compiler generated dependencies of target pymoveit2__rosidl_typesupport_c__pyext[0m
[1.667s] [35m[1mConsolidate compiler generated dependencies of target pymoveit2__rosidl_typesupport_fastrtps_c__pyext[0m
[1.677s] [ 93%] Built target pymoveit2__rosidl_typesupport_c__pyext
[1.677s] [ 93%] Built target pymoveit2__rosidl_typesupport_introspection_c__pyext
[1.680s] [100%] Built target pymoveit2__rosidl_typesupport_fastrtps_c__pyext
[1.765s] running egg_info
[1.770s] writing pymoveit2.egg-info/PKG-INFO
[1.771s] writing dependency_links to pymoveit2.egg-info/dependency_links.txt
[1.771s] writing top-level names to pymoveit2.egg-info/top_level.txt
[1.775s] reading manifest file 'pymoveit2.egg-info/SOURCES.txt'
[1.776s] writing manifest file 'pymoveit2.egg-info/SOURCES.txt'
[1.859s] [100%] Built target ament_cmake_python_build_pymoveit2_egg
[1.935s] Invoked command in '/home/seema/ros2_ws/build/pymoveit2' returned '0': CMAKE_PREFIX_PATH=${CMAKE_PREFIX_PATH}:/home/seema/ros2_ws/install/turtlesim_launch:/home/seema/ros2_ws/install/my_py_pkg:/home/seema/ros2_ws/install/launch_testing_examples:/home/seema/ros2_ws/install/examples_rclpy_pointcloud_publisher:/home/seema/ros2_ws/install/examples_rclpy_minimal_subscriber:/home/seema/ros2_ws/install/examples_rclpy_minimal_service:/home/seema/ros2_ws/install/examples_rclpy_minimal_publisher:/home/seema/ros2_ws/install/examples_rclpy_minimal_client:/home/seema/ros2_ws/install/examples_rclpy_minimal_action_server:/home/seema/ros2_ws/install/examples_rclpy_minimal_action_client:/home/seema/ros2_ws/install/examples_rclpy_guard_conditions:/home/seema/ros2_ws/install/examples_rclpy_executors:/opt/ros/humble /usr/bin/cmake --build /home/seema/ros2_ws/build/pymoveit2 -- -j16 -l16
[1.941s] Invoking command in '/home/seema/ros2_ws/build/pymoveit2': CMAKE_PREFIX_PATH=${CMAKE_PREFIX_PATH}:/home/seema/ros2_ws/install/turtlesim_launch:/home/seema/ros2_ws/install/my_py_pkg:/home/seema/ros2_ws/install/launch_testing_examples:/home/seema/ros2_ws/install/examples_rclpy_pointcloud_publisher:/home/seema/ros2_ws/install/examples_rclpy_minimal_subscriber:/home/seema/ros2_ws/install/examples_rclpy_minimal_service:/home/seema/ros2_ws/install/examples_rclpy_minimal_publisher:/home/seema/ros2_ws/install/examples_rclpy_minimal_client:/home/seema/ros2_ws/install/examples_rclpy_minimal_action_server:/home/seema/ros2_ws/install/examples_rclpy_minimal_action_client:/home/seema/ros2_ws/install/examples_rclpy_guard_conditions:/home/seema/ros2_ws/install/examples_rclpy_executors:/opt/ros/humble /usr/bin/cmake --install /home/seema/ros2_ws/build/pymoveit2
[1.973s] -- Install configuration: ""
[1.974s] -- Up-to-date: /home/seema/ros2_ws/install/pymoveit2/share/ament_index/resource_index/rosidl_interfaces/pymoveit2
[1.974s] -- Up-to-date: /home/seema/ros2_ws/install/pymoveit2/include/pymoveit2/pymoveit2
[1.974s] -- Up-to-date: /home/seema/ros2_ws/install/pymoveit2/include/pymoveit2/pymoveit2/msg
[1.974s] -- Up-to-date: /home/seema/ros2_ws/install/pymoveit2/include/pymoveit2/pymoveit2/msg/rosidl_generator_c__visibility_control.h
[1.974s] -- Up-to-date: /home/seema/ros2_ws/install/pymoveit2/include/pymoveit2/pymoveit2/srv
[1.974s] -- Up-to-date: /home/seema/ros2_ws/install/pymoveit2/include/pymoveit2/pymoveit2/srv/detail
[1.974s] -- Up-to-date: /home/seema/ros2_ws/install/pymoveit2/include/pymoveit2/pymoveit2/srv/detail/move_to_pose__functions.h
[1.974s] -- Up-to-date: /home/seema/ros2_ws/install/pymoveit2/include/pymoveit2/pymoveit2/srv/detail/move_to_pose__type_support.h
[1.975s] -- Up-to-date: /home/seema/ros2_ws/install/pymoveit2/include/pymoveit2/pymoveit2/srv/detail/move_to_pose__functions.c
[1.975s] -- Up-to-date: /home/seema/ros2_ws/install/pymoveit2/include/pymoveit2/pymoveit2/srv/detail/move_to_pose__struct.h
[1.978s] -- Up-to-date: /home/seema/ros2_ws/install/pymoveit2/include/pymoveit2/pymoveit2/srv/move_to_pose.h
[1.979s] -- Up-to-date: /home/seema/ros2_ws/install/pymoveit2/share/pymoveit2/environment/library_path.sh
[1.979s] -- Up-to-date: /home/seema/ros2_ws/install/pymoveit2/share/pymoveit2/environment/library_path.dsv
[1.979s] -- Up-to-date: /home/seema/ros2_ws/install/pymoveit2/lib/libpymoveit2__rosidl_generator_c.so
[1.979s] -- Up-to-date: /home/seema/ros2_ws/install/pymoveit2/include/pymoveit2/pymoveit2
[1.979s] -- Up-to-date: /home/seema/ros2_ws/install/pymoveit2/include/pymoveit2/pymoveit2/msg
[1.979s] -- Up-to-date: /home/seema/ros2_ws/install/pymoveit2/include/pymoveit2/pymoveit2/msg/rosidl_typesupport_fastrtps_c__visibility_control.h
[1.979s] -- Up-to-date: /home/seema/ros2_ws/install/pymoveit2/include/pymoveit2/pymoveit2/srv
[1.979s] -- Up-to-date: /home/seema/ros2_ws/install/pymoveit2/include/pymoveit2/pymoveit2/srv/detail
[1.979s] -- Up-to-date: /home/seema/ros2_ws/install/pymoveit2/include/pymoveit2/pymoveit2/srv/detail/move_to_pose__rosidl_typesupport_fastrtps_c.h
[1.980s] -- Up-to-date: /home/seema/ros2_ws/install/pymoveit2/lib/libpymoveit2__rosidl_typesupport_fastrtps_c.so
[1.980s] -- Up-to-date: /home/seema/ros2_ws/install/pymoveit2/include/pymoveit2/pymoveit2
[1.980s] -- Up-to-date: /home/seema/ros2_ws/install/pymoveit2/include/pymoveit2/pymoveit2/msg
[1.980s] -- Up-to-date: /home/seema/ros2_ws/install/pymoveit2/include/pymoveit2/pymoveit2/msg/rosidl_generator_cpp__visibility_control.hpp
[1.980s] -- Up-to-date: /home/seema/ros2_ws/install/pymoveit2/include/pymoveit2/pymoveit2/srv
[1.980s] -- Up-to-date: /home/seema/ros2_ws/install/pymoveit2/include/pymoveit2/pymoveit2/srv/detail
[1.980s] -- Up-to-date: /home/seema/ros2_ws/install/pymoveit2/include/pymoveit2/pymoveit2/srv/detail/move_to_pose__type_support.hpp
[1.980s] -- Up-to-date: /home/seema/ros2_ws/install/pymoveit2/include/pymoveit2/pymoveit2/srv/detail/move_to_pose__struct.hpp
[1.980s] -- Up-to-date: /home/seema/ros2_ws/install/pymoveit2/include/pymoveit2/pymoveit2/srv/detail/move_to_pose__builder.hpp
[1.980s] -- Up-to-date: /home/seema/ros2_ws/install/pymoveit2/include/pymoveit2/pymoveit2/srv/detail/move_to_pose__traits.hpp
[1.981s] -- Up-to-date: /home/seema/ros2_ws/install/pymoveit2/include/pymoveit2/pymoveit2/srv/move_to_pose.hpp
[1.981s] -- Up-to-date: /home/seema/ros2_ws/install/pymoveit2/include/pymoveit2/pymoveit2
[1.981s] -- Up-to-date: /home/seema/ros2_ws/install/pymoveit2/include/pymoveit2/pymoveit2/msg
[1.981s] -- Up-to-date: /home/seema/ros2_ws/install/pymoveit2/include/pymoveit2/pymoveit2/msg/rosidl_typesupport_fastrtps_cpp__visibility_control.h
[1.981s] -- Up-to-date: /home/seema/ros2_ws/install/pymoveit2/include/pymoveit2/pymoveit2/srv
[1.981s] -- Up-to-date: /home/seema/ros2_ws/install/pymoveit2/include/pymoveit2/pymoveit2/srv/detail
[1.981s] -- Up-to-date: /home/seema/ros2_ws/install/pymoveit2/include/pymoveit2/pymoveit2/srv/detail/move_to_pose__rosidl_typesupport_fastrtps_cpp.hpp
[1.982s] -- Up-to-date: /home/seema/ros2_ws/install/pymoveit2/include/pymoveit2/pymoveit2/srv/detail/dds_fastrtps
[1.982s] -- Up-to-date: /home/seema/ros2_ws/install/pymoveit2/lib/libpymoveit2__rosidl_typesupport_fastrtps_cpp.so
[1.983s] -- Up-to-date: /home/seema/ros2_ws/install/pymoveit2/include/pymoveit2/pymoveit2
[1.984s] -- Up-to-date: /home/seema/ros2_ws/install/pymoveit2/include/pymoveit2/pymoveit2/msg
[1.984s] -- Up-to-date: /home/seema/ros2_ws/install/pymoveit2/include/pymoveit2/pymoveit2/msg/rosidl_typesupport_introspection_c__visibility_control.h
[1.985s] -- Up-to-date: /home/seema/ros2_ws/install/pymoveit2/include/pymoveit2/pymoveit2/srv
[1.986s] -- Up-to-date: /home/seema/ros2_ws/install/pymoveit2/include/pymoveit2/pymoveit2/srv/detail
[1.986s] -- Up-to-date: /home/seema/ros2_ws/install/pymoveit2/include/pymoveit2/pymoveit2/srv/detail/move_to_pose__rosidl_typesupport_introspection_c.h
[1.987s] -- Up-to-date: /home/seema/ros2_ws/install/pymoveit2/include/pymoveit2/pymoveit2/srv/detail/move_to_pose__type_support.c
[1.987s] -- Up-to-date: /home/seema/ros2_ws/install/pymoveit2/lib/libpymoveit2__rosidl_typesupport_introspection_c.so
[1.988s] -- Up-to-date: /home/seema/ros2_ws/install/pymoveit2/lib/libpymoveit2__rosidl_typesupport_c.so
[1.988s] -- Up-to-date: /home/seema/ros2_ws/install/pymoveit2/include/pymoveit2/pymoveit2
[1.989s] -- Up-to-date: /home/seema/ros2_ws/install/pymoveit2/include/pymoveit2/pymoveit2/srv
[1.989s] -- Up-to-date: /home/seema/ros2_ws/install/pymoveit2/include/pymoveit2/pymoveit2/srv/detail
[1.990s] -- Up-to-date: /home/seema/ros2_ws/install/pymoveit2/include/pymoveit2/pymoveit2/srv/detail/move_to_pose__rosidl_typesupport_introspection_cpp.hpp
[1.991s] -- Up-to-date: /home/seema/ros2_ws/install/pymoveit2/include/pymoveit2/pymoveit2/srv/detail/move_to_pose__type_support.cpp
[1.991s] -- Up-to-date: /home/seema/ros2_ws/install/pymoveit2/lib/libpymoveit2__rosidl_typesupport_introspection_cpp.so
[1.992s] -- Up-to-date: /home/seema/ros2_ws/install/pymoveit2/lib/libpymoveit2__rosidl_typesupport_cpp.so
[1.992s] -- Up-to-date: /home/seema/ros2_ws/install/pymoveit2/share/pymoveit2/environment/pythonpath.sh
[1.992s] -- Up-to-date: /home/seema/ros2_ws/install/pymoveit2/share/pymoveit2/environment/pythonpath.dsv
[1.992s] -- Up-to-date: /home/seema/ros2_ws/install/pymoveit2/local/lib/python3.10/dist-packages/pymoveit2-2.1.0-py3.10.egg-info
[1.992s] -- Installing: /home/seema/ros2_ws/install/pymoveit2/local/lib/python3.10/dist-packages/pymoveit2-2.1.0-py3.10.egg-info/top_level.txt
[1.992s] -- Installing: /home/seema/ros2_ws/install/pymoveit2/local/lib/python3.10/dist-packages/pymoveit2-2.1.0-py3.10.egg-info/PKG-INFO
[1.992s] -- Installing: /home/seema/ros2_ws/install/pymoveit2/local/lib/python3.10/dist-packages/pymoveit2-2.1.0-py3.10.egg-info/dependency_links.txt
[1.992s] -- Installing: /home/seema/ros2_ws/install/pymoveit2/local/lib/python3.10/dist-packages/pymoveit2-2.1.0-py3.10.egg-info/SOURCES.txt
[1.993s] -- Up-to-date: /home/seema/ros2_ws/install/pymoveit2/local/lib/python3.10/dist-packages/pymoveit2
[1.993s] -- Up-to-date: /home/seema/ros2_ws/install/pymoveit2/local/lib/python3.10/dist-packages/pymoveit2/_pymoveit2_s.ep.rosidl_typesupport_introspection_c.c
[1.993s] -- Up-to-date: /home/seema/ros2_ws/install/pymoveit2/local/lib/python3.10/dist-packages/pymoveit2/libpymoveit2__rosidl_generator_py.so
[1.993s] -- Up-to-date: /home/seema/ros2_ws/install/pymoveit2/local/lib/python3.10/dist-packages/pymoveit2/pymoveit2_s__rosidl_typesupport_c.cpython-310-x86_64-linux-gnu.so
[1.993s] -- Up-to-date: /home/seema/ros2_ws/install/pymoveit2/local/lib/python3.10/dist-packages/pymoveit2/srv
[1.993s] -- Up-to-date: /home/seema/ros2_ws/install/pymoveit2/local/lib/python3.10/dist-packages/pymoveit2/srv/_move_to_pose_s.c
[1.993s] -- Up-to-date: /home/seema/ros2_ws/install/pymoveit2/local/lib/python3.10/dist-packages/pymoveit2/srv/_move_to_pose.py
[1.993s] -- Up-to-date: /home/seema/ros2_ws/install/pymoveit2/local/lib/python3.10/dist-packages/pymoveit2/srv/__init__.py
[1.993s] -- Up-to-date: /home/seema/ros2_ws/install/pymoveit2/local/lib/python3.10/dist-packages/pymoveit2/pymoveit2_s__rosidl_typesupport_introspection_c.cpython-310-x86_64-linux-gnu.so
[1.993s] -- Up-to-date: /home/seema/ros2_ws/install/pymoveit2/local/lib/python3.10/dist-packages/pymoveit2/pymoveit2_s__rosidl_typesupport_fastrtps_c.cpython-310-x86_64-linux-gnu.so
[1.994s] -- Up-to-date: /home/seema/ros2_ws/install/pymoveit2/local/lib/python3.10/dist-packages/pymoveit2/_pymoveit2_s.ep.rosidl_typesupport_c.c
[1.994s] -- Up-to-date: /home/seema/ros2_ws/install/pymoveit2/local/lib/python3.10/dist-packages/pymoveit2/_pymoveit2_s.ep.rosidl_typesupport_fastrtps_c.c
[1.994s] -- Up-to-date: /home/seema/ros2_ws/install/pymoveit2/local/lib/python3.10/dist-packages/pymoveit2/__init__.py
[2.094s] Listing '/home/seema/ros2_ws/install/pymoveit2/local/lib/python3.10/dist-packages/pymoveit2'...
[2.094s] Listing '/home/seema/ros2_ws/install/pymoveit2/local/lib/python3.10/dist-packages/pymoveit2/srv'...
[2.107s] -- Up-to-date: /home/seema/ros2_ws/install/pymoveit2/local/lib/python3.10/dist-packages/pymoveit2/pymoveit2_s__rosidl_typesupport_fastrtps_c.cpython-310-x86_64-linux-gnu.so
[2.109s] -- Up-to-date: /home/seema/ros2_ws/install/pymoveit2/local/lib/python3.10/dist-packages/pymoveit2/pymoveit2_s__rosidl_typesupport_introspection_c.cpython-310-x86_64-linux-gnu.so
[2.111s] -- Up-to-date: /home/seema/ros2_ws/install/pymoveit2/local/lib/python3.10/dist-packages/pymoveit2/pymoveit2_s__rosidl_typesupport_c.cpython-310-x86_64-linux-gnu.so
[2.111s] -- Up-to-date: /home/seema/ros2_ws/install/pymoveit2/lib/libpymoveit2__rosidl_generator_py.so
[2.111s] -- Up-to-date: /home/seema/ros2_ws/install/pymoveit2/share/pymoveit2/srv/MoveToPose.idl
[2.112s] -- Up-to-date: /home/seema/ros2_ws/install/pymoveit2/share/pymoveit2/srv/MoveToPose.srv
[2.112s] -- Up-to-date: /home/seema/ros2_ws/install/pymoveit2/share/pymoveit2/srv/MoveToPose_Request.msg
[2.112s] -- Up-to-date: /home/seema/ros2_ws/install/pymoveit2/share/pymoveit2/srv/MoveToPose_Response.msg
[2.112s] -- Up-to-date: /home/seema/ros2_ws/install/pymoveit2/lib/pymoveit2/twist_servo_cal.py
[2.112s] -- Up-to-date: /home/seema/ros2_ws/install/pymoveit2/lib/pymoveit2/kdl_parser_py.py
[2.112s] -- Up-to-date: /home/seema/ros2_ws/install/pymoveit2/share/pymoveit2/ur5_arm.urdf
[2.112s] -- Up-to-date: /home/seema/ros2_ws/install/pymoveit2/share/pymoveit2/srv
[2.112s] -- Up-to-date: /home/seema/ros2_ws/install/pymoveit2/share/pymoveit2/srv/MoveToPose.srv
[2.112s] -- Up-to-date: /home/seema/ros2_ws/install/pymoveit2/share/ament_index/resource_index/package_run_dependencies/pymoveit2
[2.112s] -- Up-to-date: /home/seema/ros2_ws/install/pymoveit2/share/ament_index/resource_index/parent_prefix_path/pymoveit2
[2.112s] -- Up-to-date: /home/seema/ros2_ws/install/pymoveit2/share/pymoveit2/environment/ament_prefix_path.sh
[2.112s] -- Up-to-date: /home/seema/ros2_ws/install/pymoveit2/share/pymoveit2/environment/ament_prefix_path.dsv
[2.113s] -- Up-to-date: /home/seema/ros2_ws/install/pymoveit2/share/pymoveit2/environment/path.sh
[2.113s] -- Up-to-date: /home/seema/ros2_ws/install/pymoveit2/share/pymoveit2/environment/path.dsv
[2.113s] -- Up-to-date: /home/seema/ros2_ws/install/pymoveit2/share/pymoveit2/local_setup.bash
[2.113s] -- Up-to-date: /home/seema/ros2_ws/install/pymoveit2/share/pymoveit2/local_setup.sh
[2.113s] -- Up-to-date: /home/seema/ros2_ws/install/pymoveit2/share/pymoveit2/local_setup.zsh
[2.113s] -- Up-to-date: /home/seema/ros2_ws/install/pymoveit2/share/pymoveit2/local_setup.dsv
[2.113s] -- Installing: /home/seema/ros2_ws/install/pymoveit2/share/pymoveit2/package.dsv
[2.113s] -- Up-to-date: /home/seema/ros2_ws/install/pymoveit2/share/ament_index/resource_index/packages/pymoveit2
[2.113s] -- Up-to-date: /home/seema/ros2_ws/install/pymoveit2/share/pymoveit2/cmake/export_pymoveit2__rosidl_generator_cExport.cmake
[2.113s] -- Up-to-date: /home/seema/ros2_ws/install/pymoveit2/share/pymoveit2/cmake/export_pymoveit2__rosidl_generator_cExport-noconfig.cmake
[2.113s] -- Up-to-date: /home/seema/ros2_ws/install/pymoveit2/share/pymoveit2/cmake/export_pymoveit2__rosidl_typesupport_fastrtps_cExport.cmake
[2.113s] -- Up-to-date: /home/seema/ros2_ws/install/pymoveit2/share/pymoveit2/cmake/export_pymoveit2__rosidl_typesupport_fastrtps_cExport-noconfig.cmake
[2.114s] -- Up-to-date: /home/seema/ros2_ws/install/pymoveit2/share/pymoveit2/cmake/export_pymoveit2__rosidl_generator_cppExport.cmake
[2.114s] -- Up-to-date: /home/seema/ros2_ws/install/pymoveit2/share/pymoveit2/cmake/export_pymoveit2__rosidl_typesupport_fastrtps_cppExport.cmake
[2.114s] -- Up-to-date: /home/seema/ros2_ws/install/pymoveit2/share/pymoveit2/cmake/export_pymoveit2__rosidl_typesupport_fastrtps_cppExport-noconfig.cmake
[2.114s] -- Up-to-date: /home/seema/ros2_ws/install/pymoveit2/share/pymoveit2/cmake/pymoveit2__rosidl_typesupport_introspection_cExport.cmake
[2.114s] -- Up-to-date: /home/seema/ros2_ws/install/pymoveit2/share/pymoveit2/cmake/pymoveit2__rosidl_typesupport_introspection_cExport-noconfig.cmake
[2.114s] -- Up-to-date: /home/seema/ros2_ws/install/pymoveit2/share/pymoveit2/cmake/pymoveit2__rosidl_typesupport_cExport.cmake
[2.114s] -- Up-to-date: /home/seema/ros2_ws/install/pymoveit2/share/pymoveit2/cmake/pymoveit2__rosidl_typesupport_cExport-noconfig.cmake
[2.114s] -- Up-to-date: /home/seema/ros2_ws/install/pymoveit2/share/pymoveit2/cmake/pymoveit2__rosidl_typesupport_introspection_cppExport.cmake
[2.115s] -- Up-to-date: /home/seema/ros2_ws/install/pymoveit2/share/pymoveit2/cmake/pymoveit2__rosidl_typesupport_introspection_cppExport-noconfig.cmake
[2.115s] -- Up-to-date: /home/seema/ros2_ws/install/pymoveit2/share/pymoveit2/cmake/pymoveit2__rosidl_typesupport_cppExport.cmake
[2.115s] -- Up-to-date: /home/seema/ros2_ws/install/pymoveit2/share/pymoveit2/cmake/pymoveit2__rosidl_typesupport_cppExport-noconfig.cmake
[2.115s] -- Up-to-date: /home/seema/ros2_ws/install/pymoveit2/share/pymoveit2/cmake/export_pymoveit2__rosidl_generator_pyExport.cmake
[2.115s] -- Up-to-date: /home/seema/ros2_ws/install/pymoveit2/share/pymoveit2/cmake/export_pymoveit2__rosidl_generator_pyExport-noconfig.cmake
[2.115s] -- Up-to-date: /home/seema/ros2_ws/install/pymoveit2/share/pymoveit2/cmake/rosidl_cmake-extras.cmake
[2.115s] -- Up-to-date: /home/seema/ros2_ws/install/pymoveit2/share/pymoveit2/cmake/ament_cmake_export_include_directories-extras.cmake
[2.115s] -- Up-to-date: /home/seema/ros2_ws/install/pymoveit2/share/pymoveit2/cmake/ament_cmake_export_libraries-extras.cmake
[2.115s] -- Up-to-date: /home/seema/ros2_ws/install/pymoveit2/share/pymoveit2/cmake/ament_cmake_export_targets-extras.cmake
[2.115s] -- Up-to-date: /home/seema/ros2_ws/install/pymoveit2/share/pymoveit2/cmake/rosidl_cmake_export_typesupport_targets-extras.cmake
[2.116s] -- Up-to-date: /home/seema/ros2_ws/install/pymoveit2/share/pymoveit2/cmake/ament_cmake_export_dependencies-extras.cmake
[2.116s] -- Up-to-date: /home/seema/ros2_ws/install/pymoveit2/share/pymoveit2/cmake/rosidl_cmake_export_typesupport_libraries-extras.cmake
[2.116s] -- Up-to-date: /home/seema/ros2_ws/install/pymoveit2/share/pymoveit2/cmake/pymoveit2Config.cmake
[2.116s] -- Up-to-date: /home/seema/ros2_ws/install/pymoveit2/share/pymoveit2/cmake/pymoveit2Config-version.cmake
[2.116s] -- Up-to-date: /home/seema/ros2_ws/install/pymoveit2/share/pymoveit2/package.xml
[2.118s] Invoked command in '/home/seema/ros2_ws/build/pymoveit2' returned '0': CMAKE_PREFIX_PATH=${CMAKE_PREFIX_PATH}:/home/seema/ros2_ws/install/turtlesim_launch:/home/seema/ros2_ws/install/my_py_pkg:/home/seema/ros2_ws/install/launch_testing_examples:/home/seema/ros2_ws/install/examples_rclpy_pointcloud_publisher:/home/seema/ros2_ws/install/examples_rclpy_minimal_subscriber:/home/seema/ros2_ws/install/examples_rclpy_minimal_service:/home/seema/ros2_ws/install/examples_rclpy_minimal_publisher:/home/seema/ros2_ws/install/examples_rclpy_minimal_client:/home/seema/ros2_ws/install/examples_rclpy_minimal_action_server:/home/seema/ros2_ws/install/examples_rclpy_minimal_action_client:/home/seema/ros2_ws/install/examples_rclpy_guard_conditions:/home/seema/ros2_ws/install/examples_rclpy_executors:/opt/ros/humble /usr/bin/cmake --install /home/seema/ros2_ws/build/pymoveit2
