[0.193s] Invoking command in '/home/seema/ros2_ws/build/examples_rclcpp_minimal_service': CMAKE_PREFIX_PATH=${CMAKE_PREFIX_PATH}:/home/seema/ros2_ws/install/ebot_controller:/home/seema/ros2_ws/install/turtlesim_launch:/home/seema/ros2_ws/install/my_py_pkg:/home/seema/ros2_ws/install/launch_testing_examples:/home/seema/ros2_ws/install/examples_rclpy_pointcloud_publisher:/home/seema/ros2_ws/install/examples_rclpy_minimal_subscriber:/home/seema/ros2_ws/install/examples_rclpy_minimal_service:/home/seema/ros2_ws/install/examples_rclpy_minimal_publisher:/home/seema/ros2_ws/install/examples_rclpy_minimal_client:/home/seema/ros2_ws/install/examples_rclpy_minimal_action_server:/home/seema/ros2_ws/install/examples_rclpy_minimal_action_client:/home/seema/ros2_ws/install/examples_rclpy_guard_conditions:/home/seema/ros2_ws/install/examples_rclpy_executors:/opt/ros/humble /usr/bin/cmake --build /home/seema/ros2_ws/build/examples_rclcpp_minimal_service -- -j16 -l16
[0.515s] [100%] Built target service_main
[0.545s] Invoked command in '/home/seema/ros2_ws/build/examples_rclcpp_minimal_service' returned '0': CMAKE_PREFIX_PATH=${CMAKE_PREFIX_PATH}:/home/seema/ros2_ws/install/ebot_controller:/home/seema/ros2_ws/install/turtlesim_launch:/home/seema/ros2_ws/install/my_py_pkg:/home/seema/ros2_ws/install/launch_testing_examples:/home/seema/ros2_ws/install/examples_rclpy_pointcloud_publisher:/home/seema/ros2_ws/install/examples_rclpy_minimal_subscriber:/home/seema/ros2_ws/install/examples_rclpy_minimal_service:/home/seema/ros2_ws/install/examples_rclpy_minimal_publisher:/home/seema/ros2_ws/install/examples_rclpy_minimal_client:/home/seema/ros2_ws/install/examples_rclpy_minimal_action_server:/home/seema/ros2_ws/install/examples_rclpy_minimal_action_client:/home/seema/ros2_ws/install/examples_rclpy_guard_conditions:/home/seema/ros2_ws/install/examples_rclpy_executors:/opt/ros/humble /usr/bin/cmake --build /home/seema/ros2_ws/build/examples_rclcpp_minimal_service -- -j16 -l16
[0.548s] Invoking command in '/home/seema/ros2_ws/build/examples_rclcpp_minimal_service': CMAKE_PREFIX_PATH=${CMAKE_PREFIX_PATH}:/home/seema/ros2_ws/install/ebot_controller:/home/seema/ros2_ws/install/turtlesim_launch:/home/seema/ros2_ws/install/my_py_pkg:/home/seema/ros2_ws/install/launch_testing_examples:/home/seema/ros2_ws/install/examples_rclpy_pointcloud_publisher:/home/seema/ros2_ws/install/examples_rclpy_minimal_subscriber:/home/seema/ros2_ws/install/examples_rclpy_minimal_service:/home/seema/ros2_ws/install/examples_rclpy_minimal_publisher:/home/seema/ros2_ws/install/examples_rclpy_minimal_client:/home/seema/ros2_ws/install/examples_rclpy_minimal_action_server:/home/seema/ros2_ws/install/examples_rclpy_minimal_action_client:/home/seema/ros2_ws/install/examples_rclpy_guard_conditions:/home/seema/ros2_ws/install/examples_rclpy_executors:/opt/ros/humble /usr/bin/cmake --install /home/seema/ros2_ws/build/examples_rclcpp_minimal_service
[0.609s] -- Install configuration: ""
[0.609s] -- Execute custom install script
[0.609s] -- Up-to-date symlink: /home/seema/ros2_ws/install/examples_rclcpp_minimal_service/lib/examples_rclcpp_minimal_service/service_main
[0.610s] -- Up-to-date symlink: /home/seema/ros2_ws/install/examples_rclcpp_minimal_service/share/ament_index/resource_index/package_run_dependencies/examples_rclcpp_minimal_service
[0.610s] -- Up-to-date symlink: /home/seema/ros2_ws/install/examples_rclcpp_minimal_service/share/ament_index/resource_index/parent_prefix_path/examples_rclcpp_minimal_service
[0.610s] -- Up-to-date symlink: /home/seema/ros2_ws/install/examples_rclcpp_minimal_service/share/examples_rclcpp_minimal_service/environment/ament_prefix_path.sh
[0.610s] -- Up-to-date symlink: /home/seema/ros2_ws/install/examples_rclcpp_minimal_service/share/examples_rclcpp_minimal_service/environment/ament_prefix_path.dsv
[0.610s] -- Up-to-date symlink: /home/seema/ros2_ws/install/examples_rclcpp_minimal_service/share/examples_rclcpp_minimal_service/environment/path.sh
[0.610s] -- Up-to-date symlink: /home/seema/ros2_ws/install/examples_rclcpp_minimal_service/share/examples_rclcpp_minimal_service/environment/path.dsv
[0.610s] -- Up-to-date symlink: /home/seema/ros2_ws/install/examples_rclcpp_minimal_service/share/examples_rclcpp_minimal_service/local_setup.bash
[0.610s] -- Up-to-date symlink: /home/seema/ros2_ws/install/examples_rclcpp_minimal_service/share/examples_rclcpp_minimal_service/local_setup.sh
[0.611s] -- Up-to-date symlink: /home/seema/ros2_ws/install/examples_rclcpp_minimal_service/share/examples_rclcpp_minimal_service/local_setup.zsh
[0.611s] -- Up-to-date symlink: /home/seema/ros2_ws/install/examples_rclcpp_minimal_service/share/examples_rclcpp_minimal_service/local_setup.dsv
[0.611s] -- Symlinking: /home/seema/ros2_ws/install/examples_rclcpp_minimal_service/share/examples_rclcpp_minimal_service/package.dsv
[0.611s] -- Up-to-date symlink: /home/seema/ros2_ws/install/examples_rclcpp_minimal_service/share/ament_index/resource_index/packages/examples_rclcpp_minimal_service
[0.611s] -- Up-to-date symlink: /home/seema/ros2_ws/install/examples_rclcpp_minimal_service/share/examples_rclcpp_minimal_service/cmake/examples_rclcpp_minimal_serviceConfig.cmake
[0.611s] -- Up-to-date symlink: /home/seema/ros2_ws/install/examples_rclcpp_minimal_service/share/examples_rclcpp_minimal_service/cmake/examples_rclcpp_minimal_serviceConfig-version.cmake
[0.611s] -- Up-to-date symlink: /home/seema/ros2_ws/install/examples_rclcpp_minimal_service/share/examples_rclcpp_minimal_service/package.xml
[0.798s] Invoked command in '/home/seema/ros2_ws/build/examples_rclcpp_minimal_service' returned '0': CMAKE_PREFIX_PATH=${CMAKE_PREFIX_PATH}:/home/seema/ros2_ws/install/ebot_controller:/home/seema/ros2_ws/install/turtlesim_launch:/home/seema/ros2_ws/install/my_py_pkg:/home/seema/ros2_ws/install/launch_testing_examples:/home/seema/ros2_ws/install/examples_rclpy_pointcloud_publisher:/home/seema/ros2_ws/install/examples_rclpy_minimal_subscriber:/home/seema/ros2_ws/install/examples_rclpy_minimal_service:/home/seema/ros2_ws/install/examples_rclpy_minimal_publisher:/home/seema/ros2_ws/install/examples_rclpy_minimal_client:/home/seema/ros2_ws/install/examples_rclpy_minimal_action_server:/home/seema/ros2_ws/install/examples_rclpy_minimal_action_client:/home/seema/ros2_ws/install/examples_rclpy_guard_conditions:/home/seema/ros2_ws/install/examples_rclpy_executors:/opt/ros/humble /usr/bin/cmake --install /home/seema/ros2_ws/build/examples_rclcpp_minimal_service
