-- Found ament_cmake: 1.3.12 (/opt/ros/humble/share/ament_cmake/cmake)
-- Override CMake install command with custom implementation using symlinks instead of copying resources
-- Found rclpy: 3.3.17 (/opt/ros/humble/share/rclpy/cmake)
-- Found ament_lint_auto: 0.12.14 (/opt/ros/humble/share/ament_lint_auto/cmake)
-- Added test 'flake8' to check Python code syntax and style conventions
-- Added test 'lint_cmake' to check CMake code style
-- Added test 'pep257' to check Python code against some of the docstring style conventions in PEP 257
-- Added test 'xmllint' to check XML markup files
-- Configuring done
-- Generating done
-- Build files have been written to: /home/seema/ros2_ws/build/ur5_control
-- Install configuration: ""
-- Execute custom install script
-- Symlinking: /home/seema/ros2_ws/install/ur5_control/lib/ur5_control/task1b_boiler_plate.py
-- Symlinking: /home/seema/ros2_ws/install/ur5_control/lib/ur5_control/bonus_task2_boiler_plate.py
-- Symlinking: /home/seema/ros2_ws/install/ur5_control/share/ament_index/resource_index/package_run_dependencies/ur5_control
-- Symlinking: /home/seema/ros2_ws/install/ur5_control/share/ament_index/resource_index/parent_prefix_path/ur5_control
-- Symlinking: /home/seema/ros2_ws/install/ur5_control/share/ur5_control/environment/ament_prefix_path.sh
-- Symlinking: /home/seema/ros2_ws/install/ur5_control/share/ur5_control/environment/ament_prefix_path.dsv
-- Symlinking: /home/seema/ros2_ws/install/ur5_control/share/ur5_control/environment/path.sh
-- Symlinking: /home/seema/ros2_ws/install/ur5_control/share/ur5_control/environment/path.dsv
-- Symlinking: /home/seema/ros2_ws/install/ur5_control/share/ur5_control/local_setup.bash
-- Symlinking: /home/seema/ros2_ws/install/ur5_control/share/ur5_control/local_setup.sh
-- Symlinking: /home/seema/ros2_ws/install/ur5_control/share/ur5_control/local_setup.zsh
-- Symlinking: /home/seema/ros2_ws/install/ur5_control/share/ur5_control/local_setup.dsv
-- Symlinking: /home/seema/ros2_ws/install/ur5_control/share/ur5_control/package.dsv
-- Symlinking: /home/seema/ros2_ws/install/ur5_control/share/ament_index/resource_index/packages/ur5_control
-- Symlinking: /home/seema/ros2_ws/install/ur5_control/share/ur5_control/cmake/ur5_controlConfig.cmake
-- Symlinking: /home/seema/ros2_ws/install/ur5_control/share/ur5_control/cmake/ur5_controlConfig-version.cmake
-- Symlinking: /home/seema/ros2_ws/install/ur5_control/share/ur5_control/package.xml
