[0.648s] Invoking command in '/home/seema/ros2_ws/build/ur5_control': CMAKE_PREFIX_PATH=/opt/ros/humble /usr/bin/cmake /home/seema/ros2_ws/src/eyrc-25-26-krishi-cobot/ur5_control -DAMENT_CMAKE_SYMLINK_INSTALL=1 -DCMAKE_INSTALL_PREFIX=/home/seema/ros2_ws/install/ur5_control
[0.686s] -- Found ament_cmake: 1.3.12 (/opt/ros/humble/share/ament_cmake/cmake)
[0.845s] -- Override CMake install command with custom implementation using symlinks instead of copying resources
[0.850s] -- Found rclpy: 3.3.17 (/opt/ros/humble/share/rclpy/cmake)
[0.850s] -- Found ament_lint_auto: 0.12.14 (/opt/ros/humble/share/ament_lint_auto/cmake)
[1.022s] -- Added test 'flake8' to check Python code syntax and style conventions
[1.022s] -- Added test 'lint_cmake' to check CMake code style
[1.022s] -- Added test 'pep257' to check Python code against some of the docstring style conventions in PEP 257
[1.022s] -- Added test 'xmllint' to check XML markup files
[1.024s] -- Configuring done
[1.030s] -- Generating done
[1.031s] -- Build files have been written to: /home/seema/ros2_ws/build/ur5_control
[1.038s] Invoked command in '/home/seema/ros2_ws/build/ur5_control' returned '0': CMAKE_PREFIX_PATH=/opt/ros/humble /usr/bin/cmake /home/seema/ros2_ws/src/eyrc-25-26-krishi-cobot/ur5_control -DAMENT_CMAKE_SYMLINK_INSTALL=1 -DCMAKE_INSTALL_PREFIX=/home/seema/ros2_ws/install/ur5_control
[1.043s] Invoking command in '/home/seema/ros2_ws/build/ur5_control': CMAKE_PREFIX_PATH=/opt/ros/humble /usr/bin/cmake --build /home/seema/ros2_ws/build/ur5_control -- -j16 -l16
[1.134s] Invoked command in '/home/seema/ros2_ws/build/ur5_control' returned '0': CMAKE_PREFIX_PATH=/opt/ros/humble /usr/bin/cmake --build /home/seema/ros2_ws/build/ur5_control -- -j16 -l16
[1.143s] Invoking command in '/home/seema/ros2_ws/build/ur5_control': CMAKE_PREFIX_PATH=/opt/ros/humble /usr/bin/cmake --install /home/seema/ros2_ws/build/ur5_control
[1.150s] -- Install configuration: ""
[1.150s] -- Execute custom install script
[1.151s] -- Symlinking: /home/seema/ros2_ws/install/ur5_control/lib/ur5_control/task1b_boiler_plate.py
[1.164s] -- Symlinking: /home/seema/ros2_ws/install/ur5_control/lib/ur5_control/bonus_task2_boiler_plate.py
[1.187s] -- Symlinking: /home/seema/ros2_ws/install/ur5_control/share/ament_index/resource_index/package_run_dependencies/ur5_control
[1.199s] -- Symlinking: /home/seema/ros2_ws/install/ur5_control/share/ament_index/resource_index/parent_prefix_path/ur5_control
[1.210s] -- Symlinking: /home/seema/ros2_ws/install/ur5_control/share/ur5_control/environment/ament_prefix_path.sh
[1.219s] -- Symlinking: /home/seema/ros2_ws/install/ur5_control/share/ur5_control/environment/ament_prefix_path.dsv
[1.229s] -- Symlinking: /home/seema/ros2_ws/install/ur5_control/share/ur5_control/environment/path.sh
[1.240s] -- Symlinking: /home/seema/ros2_ws/install/ur5_control/share/ur5_control/environment/path.dsv
[1.266s] -- Symlinking: /home/seema/ros2_ws/install/ur5_control/share/ur5_control/local_setup.bash
[1.287s] -- Symlinking: /home/seema/ros2_ws/install/ur5_control/share/ur5_control/local_setup.sh
[1.296s] -- Symlinking: /home/seema/ros2_ws/install/ur5_control/share/ur5_control/local_setup.zsh
[1.305s] -- Symlinking: /home/seema/ros2_ws/install/ur5_control/share/ur5_control/local_setup.dsv
[1.325s] -- Symlinking: /home/seema/ros2_ws/install/ur5_control/share/ur5_control/package.dsv
[1.338s] -- Symlinking: /home/seema/ros2_ws/install/ur5_control/share/ament_index/resource_index/packages/ur5_control
[1.355s] -- Symlinking: /home/seema/ros2_ws/install/ur5_control/share/ur5_control/cmake/ur5_controlConfig.cmake
[1.367s] -- Symlinking: /home/seema/ros2_ws/install/ur5_control/share/ur5_control/cmake/ur5_controlConfig-version.cmake
[1.377s] -- Symlinking: /home/seema/ros2_ws/install/ur5_control/share/ur5_control/package.xml
[1.390s] Invoked command in '/home/seema/ros2_ws/build/ur5_control' returned '0': CMAKE_PREFIX_PATH=/opt/ros/humble /usr/bin/cmake --install /home/seema/ros2_ws/build/ur5_control
