[2.781s] Invoking command in '/home/seema/ros2_ws/src/build/examples_rclpy_minimal_action_server': PYTHONPATH=/home/seema/ros2_ws/src/build/examples_rclpy_minimal_action_server/prefix_override:/usr/lib/python3/dist-packages/colcon_core/task/python/colcon_distutils_commands:/home/seema/ros2_ws/src/install/examples_rclpy_minimal_action_server/lib/python3.10/site-packages:${PYTHONPATH} /usr/bin/python3 -W ignore:setup.py install is deprecated -W ignore:easy_install command is deprecated setup.py develop --editable --build-directory /home/seema/ros2_ws/src/build/examples_rclpy_minimal_action_server/build --no-deps symlink_data
[4.012s] running develop
[4.653s] running egg_info
[4.654s] creating examples_rclpy_minimal_action_server.egg-info
[4.654s] writing examples_rclpy_minimal_action_server.egg-info/PKG-INFO
[4.654s] writing dependency_links to examples_rclpy_minimal_action_server.egg-info/dependency_links.txt
[4.655s] writing entry points to examples_rclpy_minimal_action_server.egg-info/entry_points.txt
[4.655s] writing requirements to examples_rclpy_minimal_action_server.egg-info/requires.txt
[4.655s] writing top-level names to examples_rclpy_minimal_action_server.egg-info/top_level.txt
[4.660s] writing manifest file 'examples_rclpy_minimal_action_server.egg-info/SOURCES.txt'
[4.675s] reading manifest file 'examples_rclpy_minimal_action_server.egg-info/SOURCES.txt'
[4.681s] writing manifest file 'examples_rclpy_minimal_action_server.egg-info/SOURCES.txt'
[4.697s] running build_ext
[4.701s] Creating /home/seema/ros2_ws/src/install/examples_rclpy_minimal_action_server/lib/python3.10/site-packages/examples-rclpy-minimal-action-server.egg-link (link to .)
[4.702s] Installing server script to /home/seema/ros2_ws/src/install/examples_rclpy_minimal_action_server/lib/examples_rclpy_minimal_action_server
[4.703s] Installing server_defer script to /home/seema/ros2_ws/src/install/examples_rclpy_minimal_action_server/lib/examples_rclpy_minimal_action_server
[4.705s] Installing server_not_composable script to /home/seema/ros2_ws/src/install/examples_rclpy_minimal_action_server/lib/examples_rclpy_minimal_action_server
[4.705s] Installing server_queue_goals script to /home/seema/ros2_ws/src/install/examples_rclpy_minimal_action_server/lib/examples_rclpy_minimal_action_server
[4.706s] Installing server_single_goal script to /home/seema/ros2_ws/src/install/examples_rclpy_minimal_action_server/lib/examples_rclpy_minimal_action_server
[4.709s] 
[4.709s] Installed /home/seema/ros2_ws/src/build/examples_rclpy_minimal_action_server
[4.711s] running symlink_data
[4.713s] creating /home/seema/ros2_ws/src/install/examples_rclpy_minimal_action_server/share/ament_index
[4.717s] creating /home/seema/ros2_ws/src/install/examples_rclpy_minimal_action_server/share/ament_index/resource_index
[4.719s] creating /home/seema/ros2_ws/src/install/examples_rclpy_minimal_action_server/share/ament_index/resource_index/packages
[4.719s] symbolically linking /home/seema/ros2_ws/src/build/examples_rclpy_minimal_action_server/resource/examples_rclpy_minimal_action_server -> /home/seema/ros2_ws/src/install/examples_rclpy_minimal_action_server/share/ament_index/resource_index/packages
[4.719s] symbolically linking /home/seema/ros2_ws/src/build/examples_rclpy_minimal_action_server/package.xml -> /home/seema/ros2_ws/src/install/examples_rclpy_minimal_action_server/share/examples_rclpy_minimal_action_server
[5.535s] Invoked command in '/home/seema/ros2_ws/src/build/examples_rclpy_minimal_action_server' returned '0': PYTHONPATH=/home/seema/ros2_ws/src/build/examples_rclpy_minimal_action_server/prefix_override:/usr/lib/python3/dist-packages/colcon_core/task/python/colcon_distutils_commands:/home/seema/ros2_ws/src/install/examples_rclpy_minimal_action_server/lib/python3.10/site-packages:${PYTHONPATH} /usr/bin/python3 -W ignore:setup.py install is deprecated -W ignore:easy_install command is deprecated setup.py develop --editable --build-directory /home/seema/ros2_ws/src/build/examples_rclpy_minimal_action_server/build --no-deps symlink_data
