[0.046s] Invoking command in '/home/seema/ros2_ws/src/build/examples_rclcpp_minimal_action_client': CMAKE_PREFIX_PATH=/opt/ros/humble /usr/bin/cmake /home/seema/ros2_ws/src/examples/rclcpp/actions/minimal_action_client -DAMENT_CMAKE_SYMLINK_INSTALL=1 -DCMAKE_INSTALL_PREFIX=/home/seema/ros2_ws/src/install/examples_rclcpp_minimal_action_client
[1.715s] -- The C compiler identification is GNU 11.4.0
[1.715s] -- The CXX compiler identification is GNU 11.4.0
[1.715s] -- Detecting C compiler ABI info
[1.715s] -- Detecting C compiler ABI info - done
[1.715s] -- Check for working C compiler: /usr/bin/cc - skipped
[1.715s] -- Detecting C compile features
[1.715s] -- Detecting C compile features - done
[1.715s] -- Detecting CXX compiler ABI info
[1.715s] -- Detecting CXX compiler ABI info - done
[1.715s] -- Check for working CXX compiler: /usr/bin/c++ - skipped
[1.716s] -- Detecting CXX compile features
[1.716s] -- Detecting CXX compile features - done
[1.716s] -- Found ament_cmake: 1.3.12 (/opt/ros/humble/share/ament_cmake/cmake)
[1.716s] -- Found Python3: /usr/bin/python3 (found version "3.10.12") found components: Interpreter 
[1.716s] -- Override CMake install command with custom implementation using symlinks instead of copying resources
[1.716s] -- Found example_interfaces: 0.9.3 (/opt/ros/humble/share/example_interfaces/cmake)
[1.716s] -- Found rosidl_generator_c: 3.1.7 (/opt/ros/humble/share/rosidl_generator_c/cmake)
[1.716s] -- Found rosidl_adapter: 3.1.7 (/opt/ros/humble/share/rosidl_adapter/cmake)
[1.716s] -- Found rosidl_generator_cpp: 3.1.7 (/opt/ros/humble/share/rosidl_generator_cpp/cmake)
[1.716s] -- Using all available rosidl_typesupport_c: rosidl_typesupport_fastrtps_c;rosidl_typesupport_introspection_c
[1.716s] -- Using all available rosidl_typesupport_cpp: rosidl_typesupport_fastrtps_cpp;rosidl_typesupport_introspection_cpp
[1.717s] -- Found rclcpp: 16.0.14 (/opt/ros/humble/share/rclcpp/cmake)
[1.717s] -- Found rmw_implementation_cmake: 6.1.2 (/opt/ros/humble/share/rmw_implementation_cmake/cmake)
[1.717s] -- Found rmw_fastrtps_cpp: 6.2.8 (/opt/ros/humble/share/rmw_fastrtps_cpp/cmake)
[1.717s] -- Found OpenSSL: /usr/lib/x86_64-linux-gnu/libcrypto.so (found version "3.0.2")  
[1.717s] -- Found FastRTPS: /opt/ros/humble/include  
[1.717s] -- Using RMW implementation 'rmw_fastrtps_cpp' as default
[1.717s] -- Looking for pthread.h
[1.717s] -- Looking for pthread.h - found
[1.718s] -- Performing Test CMAKE_HAVE_LIBC_PTHREAD
[1.718s] -- Performing Test CMAKE_HAVE_LIBC_PTHREAD - Success
[1.718s] -- Found Threads: TRUE  
[1.718s] -- Found rclcpp_action: 16.0.14 (/opt/ros/humble/share/rclcpp_action/cmake)
[1.718s] -- Found ament_lint_auto: 0.12.14 (/opt/ros/humble/share/ament_lint_auto/cmake)
[1.761s] -- Added test 'copyright' to check source files copyright and LICENSE
[1.761s] -- Added test 'cppcheck' to perform static code analysis on C / C++ code
[1.762s] -- Configured cppcheck include dirs: 
[1.762s] -- Configured cppcheck exclude dirs and/or files: 
[1.763s] -- Added test 'cpplint' to check C / C++ code against the Google style
[1.763s] -- Configured cpplint exclude dirs and/or files: 
[1.765s] -- Added test 'lint_cmake' to check CMake code style
[1.766s] -- Added test 'uncrustify' to check C / C++ code style
[1.766s] -- Configured uncrustify additional arguments: 
[1.767s] -- Added test 'xmllint' to check XML markup files
[1.768s] -- Configuring done
[1.795s] -- Generating done
[1.811s] -- Build files have been written to: /home/seema/ros2_ws/src/build/examples_rclcpp_minimal_action_client
[1.851s] Invoked command in '/home/seema/ros2_ws/src/build/examples_rclcpp_minimal_action_client' returned '0': CMAKE_PREFIX_PATH=/opt/ros/humble /usr/bin/cmake /home/seema/ros2_ws/src/examples/rclcpp/actions/minimal_action_client -DAMENT_CMAKE_SYMLINK_INSTALL=1 -DCMAKE_INSTALL_PREFIX=/home/seema/ros2_ws/src/install/examples_rclcpp_minimal_action_client
[1.852s] Invoking command in '/home/seema/ros2_ws/src/build/examples_rclcpp_minimal_action_client': CMAKE_PREFIX_PATH=/opt/ros/humble /usr/bin/cmake --build /home/seema/ros2_ws/src/build/examples_rclcpp_minimal_action_client -- -j16 -l16
[1.898s] [ 12%] [32mBuilding CXX object CMakeFiles/action_client_not_composable.dir/not_composable.cpp.o[0m
[1.905s] [ 25%] [32mBuilding CXX object CMakeFiles/action_client_not_composable_with_feedback.dir/not_composable_with_feedback.cpp.o[0m
[1.910s] [ 37%] [32mBuilding CXX object CMakeFiles/action_client_member_functions.dir/member_functions.cpp.o[0m
[1.918s] [ 50%] [32mBuilding CXX object CMakeFiles/action_client_not_composable_with_cancel.dir/not_composable_with_cancel.cpp.o[0m
