-- Found ament_cmake: 1.3.12 (/opt/ros/humble/share/ament_cmake/cmake)
-- Override CMake install command with custom implementation using symlinks instead of copying resources
-- Found ament_cmake_pytest: 1.3.12 (/opt/ros/humble/share/ament_cmake_pytest/cmake)
-- Configuring done
-- Generating done
-- Build files have been written to: /home/seema/ros2_ws/build/ur_simulation_gz
-- Install configuration: ""
-- Execute custom install script
-- Symlinking: /home/seema/ros2_ws/install/ur_simulation_gz/share/ur_simulation_gz/config/ur_controllers.yaml
-- Symlinking: /home/seema/ros2_ws/install/ur_simulation_gz/share/ur_simulation_gz/launch/spawn_arm.launch.py
-- Symlinking: /home/seema/ros2_ws/install/ur_simulation_gz/share/ament_index/resource_index/package_run_dependencies/ur_simulation_gz
-- Symlinking: /home/seema/ros2_ws/install/ur_simulation_gz/share/ament_index/resource_index/parent_prefix_path/ur_simulation_gz
-- Symlinking: /home/seema/ros2_ws/install/ur_simulation_gz/share/ur_simulation_gz/environment/ament_prefix_path.sh
-- Symlinking: /home/seema/ros2_ws/install/ur_simulation_gz/share/ur_simulation_gz/environment/ament_prefix_path.dsv
-- Symlinking: /home/seema/ros2_ws/install/ur_simulation_gz/share/ur_simulation_gz/environment/path.sh
-- Symlinking: /home/seema/ros2_ws/install/ur_simulation_gz/share/ur_simulation_gz/environment/path.dsv
-- Symlinking: /home/seema/ros2_ws/install/ur_simulation_gz/share/ur_simulation_gz/local_setup.bash
-- Symlinking: /home/seema/ros2_ws/install/ur_simulation_gz/share/ur_simulation_gz/local_setup.sh
-- Symlinking: /home/seema/ros2_ws/install/ur_simulation_gz/share/ur_simulation_gz/local_setup.zsh
-- Symlinking: /home/seema/ros2_ws/install/ur_simulation_gz/share/ur_simulation_gz/local_setup.dsv
-- Symlinking: /home/seema/ros2_ws/install/ur_simulation_gz/share/ur_simulation_gz/package.dsv
-- Symlinking: /home/seema/ros2_ws/install/ur_simulation_gz/share/ament_index/resource_index/packages/ur_simulation_gz
-- Symlinking: /home/seema/ros2_ws/install/ur_simulation_gz/share/ur_simulation_gz/cmake/ur_simulation_gzConfig.cmake
-- Symlinking: /home/seema/ros2_ws/install/ur_simulation_gz/share/ur_simulation_gz/cmake/ur_simulation_gzConfig-version.cmake
-- Symlinking: /home/seema/ros2_ws/install/ur_simulation_gz/share/ur_simulation_gz/package.xml
