[0.655s] Invoking command in '/home/seema/ros2_ws/build/ur_simulation_gz': AMENT_PREFIX_PATH=/home/seema/ros2_ws/install/ur_description:${AMENT_PREFIX_PATH} CMAKE_PREFIX_PATH=/home/seema/ros2_ws/install/ur_description:/opt/ros/humble /usr/bin/cmake /home/seema/ros2_ws/src/eyrc-25-26-krishi-cobot/ur_simulation_gz -DAMENT_CMAKE_SYMLINK_INSTALL=1 -DCMAKE_INSTALL_PREFIX=/home/seema/ros2_ws/install/ur_simulation_gz
[0.671s] -- Found ament_cmake: 1.3.12 (/opt/ros/humble/share/ament_cmake/cmake)
[0.863s] -- Override CMake install command with custom implementation using symlinks instead of copying resources
[0.873s] -- Found ament_cmake_pytest: 1.3.12 (/opt/ros/humble/share/ament_cmake_pytest/cmake)
[0.951s] -- Configuring done
[0.957s] -- Generating done
[0.959s] -- Build files have been written to: /home/seema/ros2_ws/build/ur_simulation_gz
[0.962s] Invoked command in '/home/seema/ros2_ws/build/ur_simulation_gz' returned '0': AMENT_PREFIX_PATH=/home/seema/ros2_ws/install/ur_description:${AMENT_PREFIX_PATH} CMAKE_PREFIX_PATH=/home/seema/ros2_ws/install/ur_description:/opt/ros/humble /usr/bin/cmake /home/seema/ros2_ws/src/eyrc-25-26-krishi-cobot/ur_simulation_gz -DAMENT_CMAKE_SYMLINK_INSTALL=1 -DCMAKE_INSTALL_PREFIX=/home/seema/ros2_ws/install/ur_simulation_gz
[0.964s] Invoking command in '/home/seema/ros2_ws/build/ur_simulation_gz': AMENT_PREFIX_PATH=/home/seema/ros2_ws/install/ur_description:${AMENT_PREFIX_PATH} CMAKE_PREFIX_PATH=/home/seema/ros2_ws/install/ur_description:/opt/ros/humble /usr/bin/cmake --build /home/seema/ros2_ws/build/ur_simulation_gz -- -j16 -l16
[1.019s] Invoked command in '/home/seema/ros2_ws/build/ur_simulation_gz' returned '0': AMENT_PREFIX_PATH=/home/seema/ros2_ws/install/ur_description:${AMENT_PREFIX_PATH} CMAKE_PREFIX_PATH=/home/seema/ros2_ws/install/ur_description:/opt/ros/humble /usr/bin/cmake --build /home/seema/ros2_ws/build/ur_simulation_gz -- -j16 -l16
[1.025s] Invoking command in '/home/seema/ros2_ws/build/ur_simulation_gz': AMENT_PREFIX_PATH=/home/seema/ros2_ws/install/ur_description:${AMENT_PREFIX_PATH} CMAKE_PREFIX_PATH=/home/seema/ros2_ws/install/ur_description:/opt/ros/humble /usr/bin/cmake --install /home/seema/ros2_ws/build/ur_simulation_gz
[1.030s] -- Install configuration: ""
[1.031s] -- Execute custom install script
[1.032s] -- Symlinking: /home/seema/ros2_ws/install/ur_simulation_gz/share/ur_simulation_gz/config/ur_controllers.yaml
[1.044s] -- Symlinking: /home/seema/ros2_ws/install/ur_simulation_gz/share/ur_simulation_gz/launch/spawn_arm.launch.py
[1.056s] -- Symlinking: /home/seema/ros2_ws/install/ur_simulation_gz/share/ament_index/resource_index/package_run_dependencies/ur_simulation_gz
[1.071s] -- Symlinking: /home/seema/ros2_ws/install/ur_simulation_gz/share/ament_index/resource_index/parent_prefix_path/ur_simulation_gz
[1.096s] -- Symlinking: /home/seema/ros2_ws/install/ur_simulation_gz/share/ur_simulation_gz/environment/ament_prefix_path.sh
[1.109s] -- Symlinking: /home/seema/ros2_ws/install/ur_simulation_gz/share/ur_simulation_gz/environment/ament_prefix_path.dsv
[1.120s] -- Symlinking: /home/seema/ros2_ws/install/ur_simulation_gz/share/ur_simulation_gz/environment/path.sh
[1.135s] -- Symlinking: /home/seema/ros2_ws/install/ur_simulation_gz/share/ur_simulation_gz/environment/path.dsv
[1.152s] -- Symlinking: /home/seema/ros2_ws/install/ur_simulation_gz/share/ur_simulation_gz/local_setup.bash
[1.160s] -- Symlinking: /home/seema/ros2_ws/install/ur_simulation_gz/share/ur_simulation_gz/local_setup.sh
[1.171s] -- Symlinking: /home/seema/ros2_ws/install/ur_simulation_gz/share/ur_simulation_gz/local_setup.zsh
[1.191s] -- Symlinking: /home/seema/ros2_ws/install/ur_simulation_gz/share/ur_simulation_gz/local_setup.dsv
[1.203s] -- Symlinking: /home/seema/ros2_ws/install/ur_simulation_gz/share/ur_simulation_gz/package.dsv
[1.212s] -- Symlinking: /home/seema/ros2_ws/install/ur_simulation_gz/share/ament_index/resource_index/packages/ur_simulation_gz
[1.222s] -- Symlinking: /home/seema/ros2_ws/install/ur_simulation_gz/share/ur_simulation_gz/cmake/ur_simulation_gzConfig.cmake
[1.232s] -- Symlinking: /home/seema/ros2_ws/install/ur_simulation_gz/share/ur_simulation_gz/cmake/ur_simulation_gzConfig-version.cmake
[1.243s] -- Symlinking: /home/seema/ros2_ws/install/ur_simulation_gz/share/ur_simulation_gz/package.xml
[1.257s] Invoked command in '/home/seema/ros2_ws/build/ur_simulation_gz' returned '0': AMENT_PREFIX_PATH=/home/seema/ros2_ws/install/ur_description:${AMENT_PREFIX_PATH} CMAKE_PREFIX_PATH=/home/seema/ros2_ws/install/ur_description:/opt/ros/humble /usr/bin/cmake --install /home/seema/ros2_ws/build/ur_simulation_gz
