[0.006s] Invoking command in '/home/seema/ros2_ws/build/examples_rclcpp_minimal_composition': CMAKE_PREFIX_PATH=/opt/ros/humble /usr/bin/cmake /home/seema/ros2_ws/src/examples/rclcpp/composition/minimal_composition -DCMAKE_INSTALL_PREFIX=/home/seema/ros2_ws/install/examples_rclcpp_minimal_composition
[0.015s] -- Found ament_cmake: 1.3.12 (/opt/ros/humble/share/ament_cmake/cmake)
[0.089s] -- Override CMake install command with custom implementation using symlinks instead of copying resources
[0.093s] -- Found rclcpp: 16.0.14 (/opt/ros/humble/share/rclcpp/cmake)
[0.109s] -- Found rosidl_generator_c: 3.1.7 (/opt/ros/humble/share/rosidl_generator_c/cmake)
[0.110s] -- Found rosidl_adapter: 3.1.7 (/opt/ros/humble/share/rosidl_adapter/cmake)
[0.113s] -- Found rosidl_generator_cpp: 3.1.7 (/opt/ros/humble/share/rosidl_generator_cpp/cmake)
[0.119s] -- Using all available rosidl_typesupport_c: rosidl_typesupport_fastrtps_c;rosidl_typesupport_introspection_c
[0.126s] -- Using all available rosidl_typesupport_cpp: rosidl_typesupport_fastrtps_cpp;rosidl_typesupport_introspection_cpp
[0.143s] -- Found rmw_implementation_cmake: 6.1.2 (/opt/ros/humble/share/rmw_implementation_cmake/cmake)
[0.144s] -- Found rmw_fastrtps_cpp: 6.2.8 (/opt/ros/humble/share/rmw_fastrtps_cpp/cmake)
[0.207s] -- Using RMW implementation 'rmw_fastrtps_cpp' as default
[0.238s] -- Found rclcpp_components: 16.0.14 (/opt/ros/humble/share/rclcpp_components/cmake)
[0.253s] -- Found ament_lint_auto: 0.12.14 (/opt/ros/humble/share/ament_lint_auto/cmake)
[0.295s] -- Added test 'copyright' to check source files copyright and LICENSE
[0.296s] -- Added test 'cppcheck' to perform static code analysis on C / C++ code
[0.296s] -- Configured cppcheck include dirs: /home/seema/ros2_ws/src/examples/rclcpp/composition/minimal_composition/include
[0.296s] -- Configured cppcheck exclude dirs and/or files: 
[0.297s] -- Added test 'cpplint' to check C / C++ code against the Google style
[0.297s] -- Configured cpplint exclude dirs and/or files: 
[0.297s] -- Added test 'lint_cmake' to check CMake code style
[0.298s] -- Added test 'uncrustify' to check C / C++ code style
[0.298s] -- Configured uncrustify additional arguments: 
[0.298s] -- Added test 'xmllint' to check XML markup files
[0.299s] -- Configuring done
[0.310s] -- Generating done
[0.314s] -- Build files have been written to: /home/seema/ros2_ws/build/examples_rclcpp_minimal_composition
[0.319s] Invoked command in '/home/seema/ros2_ws/build/examples_rclcpp_minimal_composition' returned '0': CMAKE_PREFIX_PATH=/opt/ros/humble /usr/bin/cmake /home/seema/ros2_ws/src/examples/rclcpp/composition/minimal_composition -DCMAKE_INSTALL_PREFIX=/home/seema/ros2_ws/install/examples_rclcpp_minimal_composition
[0.320s] Invoking command in '/home/seema/ros2_ws/build/examples_rclcpp_minimal_composition': CMAKE_PREFIX_PATH=/opt/ros/humble /usr/bin/cmake --build /home/seema/ros2_ws/build/examples_rclcpp_minimal_composition -- -j16 -l16
[0.361s] [ 11%] [32mBuilding CXX object CMakeFiles/composition_nodes.dir/src/publisher_node.cpp.o[0m
[0.361s] [ 22%] [32mBuilding CXX object CMakeFiles/composition_nodes.dir/src/subscriber_node.cpp.o[0m
[4.899s] [ 33%] [32m[1mLinking CXX shared library libcomposition_nodes.so[0m
[5.156s] [ 33%] Built target composition_nodes
[5.172s] [ 44%] [32mBuilding CXX object CMakeFiles/composition_publisher.dir/src/standalone_publisher.cpp.o[0m
[5.174s] [ 55%] [32mBuilding CXX object CMakeFiles/composition_subscriber.dir/src/standalone_subscriber.cpp.o[0m
[5.174s] [ 66%] [32mBuilding CXX object CMakeFiles/composition_composed.dir/src/composed.cpp.o[0m
[6.941s] [ 77%] [32m[1mLinking CXX executable composition_publisher[0m
[6.959s] [ 88%] [32m[1mLinking CXX executable composition_subscriber[0m
[6.986s] [100%] [32m[1mLinking CXX executable composition_composed[0m
[7.090s] [100%] Built target composition_publisher
[7.108s] [100%] Built target composition_subscriber
[7.130s] [100%] Built target composition_composed
[7.141s] Invoked command in '/home/seema/ros2_ws/build/examples_rclcpp_minimal_composition' returned '0': CMAKE_PREFIX_PATH=/opt/ros/humble /usr/bin/cmake --build /home/seema/ros2_ws/build/examples_rclcpp_minimal_composition -- -j16 -l16
[7.141s] Invoking command in '/home/seema/ros2_ws/build/examples_rclcpp_minimal_composition': CMAKE_PREFIX_PATH=/opt/ros/humble /usr/bin/cmake --install /home/seema/ros2_ws/build/examples_rclcpp_minimal_composition
[7.145s] -- Install configuration: ""
[7.145s] -- Execute custom install script
[7.145s] -- Symlinking: /home/seema/ros2_ws/install/examples_rclcpp_minimal_composition/share/examples_rclcpp_minimal_composition/environment/library_path.sh
[7.151s] -- Symlinking: /home/seema/ros2_ws/install/examples_rclcpp_minimal_composition/share/examples_rclcpp_minimal_composition/environment/library_path.dsv
[7.160s] -- Symlinking: /home/seema/ros2_ws/install/examples_rclcpp_minimal_composition/lib/libcomposition_nodes.so
[7.165s] -- Symlinking: /home/seema/ros2_ws/install/examples_rclcpp_minimal_composition/lib/examples_rclcpp_minimal_composition/composition_publisher
[7.171s] -- Symlinking: /home/seema/ros2_ws/install/examples_rclcpp_minimal_composition/lib/examples_rclcpp_minimal_composition/composition_subscriber
[7.177s] -- Symlinking: /home/seema/ros2_ws/install/examples_rclcpp_minimal_composition/lib/examples_rclcpp_minimal_composition/composition_composed
[7.183s] -- Symlinking: /home/seema/ros2_ws/install/examples_rclcpp_minimal_composition/share/ament_index/resource_index/package_run_dependencies/examples_rclcpp_minimal_composition
[7.188s] -- Symlinking: /home/seema/ros2_ws/install/examples_rclcpp_minimal_composition/share/ament_index/resource_index/parent_prefix_path/examples_rclcpp_minimal_composition
[7.194s] -- Symlinking: /home/seema/ros2_ws/install/examples_rclcpp_minimal_composition/share/examples_rclcpp_minimal_composition/environment/ament_prefix_path.sh
[7.201s] -- Symlinking: /home/seema/ros2_ws/install/examples_rclcpp_minimal_composition/share/examples_rclcpp_minimal_composition/environment/ament_prefix_path.dsv
[7.209s] -- Symlinking: /home/seema/ros2_ws/install/examples_rclcpp_minimal_composition/share/examples_rclcpp_minimal_composition/environment/path.sh
[7.216s] -- Symlinking: /home/seema/ros2_ws/install/examples_rclcpp_minimal_composition/share/examples_rclcpp_minimal_composition/environment/path.dsv
[7.222s] -- Symlinking: /home/seema/ros2_ws/install/examples_rclcpp_minimal_composition/share/examples_rclcpp_minimal_composition/local_setup.bash
[7.230s] -- Symlinking: /home/seema/ros2_ws/install/examples_rclcpp_minimal_composition/share/examples_rclcpp_minimal_composition/local_setup.sh
[7.235s] -- Symlinking: /home/seema/ros2_ws/install/examples_rclcpp_minimal_composition/share/examples_rclcpp_minimal_composition/local_setup.zsh
[7.240s] -- Symlinking: /home/seema/ros2_ws/install/examples_rclcpp_minimal_composition/share/examples_rclcpp_minimal_composition/local_setup.dsv
[7.245s] -- Symlinking: /home/seema/ros2_ws/install/examples_rclcpp_minimal_composition/share/examples_rclcpp_minimal_composition/package.dsv
[7.252s] -- Symlinking: /home/seema/ros2_ws/install/examples_rclcpp_minimal_composition/share/ament_index/resource_index/packages/examples_rclcpp_minimal_composition
[7.257s] -- Symlinking: /home/seema/ros2_ws/install/examples_rclcpp_minimal_composition/share/examples_rclcpp_minimal_composition/cmake/examples_rclcpp_minimal_compositionConfig.cmake
[7.263s] -- Symlinking: /home/seema/ros2_ws/install/examples_rclcpp_minimal_composition/share/examples_rclcpp_minimal_composition/cmake/examples_rclcpp_minimal_compositionConfig-version.cmake
[7.269s] -- Symlinking: /home/seema/ros2_ws/install/examples_rclcpp_minimal_composition/share/examples_rclcpp_minimal_composition/package.xml
[7.278s] Invoked command in '/home/seema/ros2_ws/build/examples_rclcpp_minimal_composition' returned '0': CMAKE_PREFIX_PATH=/opt/ros/humble /usr/bin/cmake --install /home/seema/ros2_ws/build/examples_rclcpp_minimal_composition
