[1.257s] Invoking command in '/home/seema/ros2_ws/build/eyantra_warehouse': CMAKE_PREFIX_PATH=${CMAKE_PREFIX_PATH}:/home/seema/ros2_ws/install/turtlesim_launch:/home/seema/ros2_ws/install/my_py_pkg:/home/seema/ros2_ws/install/launch_testing_examples:/home/seema/ros2_ws/install/examples_rclpy_pointcloud_publisher:/home/seema/ros2_ws/install/examples_rclpy_minimal_subscriber:/home/seema/ros2_ws/install/examples_rclpy_minimal_service:/home/seema/ros2_ws/install/examples_rclpy_minimal_publisher:/home/seema/ros2_ws/install/examples_rclpy_minimal_client:/home/seema/ros2_ws/install/examples_rclpy_minimal_action_server:/home/seema/ros2_ws/install/examples_rclpy_minimal_action_client:/home/seema/ros2_ws/install/examples_rclpy_guard_conditions:/home/seema/ros2_ws/install/examples_rclpy_executors:/opt/ros/humble /usr/bin/cmake --build /home/seema/ros2_ws/build/eyantra_warehouse -- -j16 -l16
[1.741s] Invoked command in '/home/seema/ros2_ws/build/eyantra_warehouse' returned '0': CMAKE_PREFIX_PATH=${CMAKE_PREFIX_PATH}:/home/seema/ros2_ws/install/turtlesim_launch:/home/seema/ros2_ws/install/my_py_pkg:/home/seema/ros2_ws/install/launch_testing_examples:/home/seema/ros2_ws/install/examples_rclpy_pointcloud_publisher:/home/seema/ros2_ws/install/examples_rclpy_minimal_subscriber:/home/seema/ros2_ws/install/examples_rclpy_minimal_service:/home/seema/ros2_ws/install/examples_rclpy_minimal_publisher:/home/seema/ros2_ws/install/examples_rclpy_minimal_client:/home/seema/ros2_ws/install/examples_rclpy_minimal_action_server:/home/seema/ros2_ws/install/examples_rclpy_minimal_action_client:/home/seema/ros2_ws/install/examples_rclpy_guard_conditions:/home/seema/ros2_ws/install/examples_rclpy_executors:/opt/ros/humble /usr/bin/cmake --build /home/seema/ros2_ws/build/eyantra_warehouse -- -j16 -l16
[1.742s] Invoking command in '/home/seema/ros2_ws/build/eyantra_warehouse': CMAKE_PREFIX_PATH=${CMAKE_PREFIX_PATH}:/home/seema/ros2_ws/install/turtlesim_launch:/home/seema/ros2_ws/install/my_py_pkg:/home/seema/ros2_ws/install/launch_testing_examples:/home/seema/ros2_ws/install/examples_rclpy_pointcloud_publisher:/home/seema/ros2_ws/install/examples_rclpy_minimal_subscriber:/home/seema/ros2_ws/install/examples_rclpy_minimal_service:/home/seema/ros2_ws/install/examples_rclpy_minimal_publisher:/home/seema/ros2_ws/install/examples_rclpy_minimal_client:/home/seema/ros2_ws/install/examples_rclpy_minimal_action_server:/home/seema/ros2_ws/install/examples_rclpy_minimal_action_client:/home/seema/ros2_ws/install/examples_rclpy_guard_conditions:/home/seema/ros2_ws/install/examples_rclpy_executors:/opt/ros/humble /usr/bin/cmake --install /home/seema/ros2_ws/build/eyantra_warehouse
[1.745s] -- Install configuration: ""
[1.745s] -- Up-to-date: /home/seema/ros2_ws/install/eyantra_warehouse/share/eyantra_warehouse//launch
[1.745s] -- Up-to-date: /home/seema/ros2_ws/install/eyantra_warehouse/share/eyantra_warehouse//launch/task1.launch.py
[1.745s] -- Up-to-date: /home/seema/ros2_ws/install/eyantra_warehouse/share/eyantra_warehouse//launch/task1_bonus.launch.py
[1.745s] -- Up-to-date: /home/seema/ros2_ws/install/eyantra_warehouse/share/eyantra_warehouse//launch/task0.launch.py
[1.745s] -- Up-to-date: /home/seema/ros2_ws/install/eyantra_warehouse/share/eyantra_warehouse//worlds
[1.746s] -- Up-to-date: /home/seema/ros2_ws/install/eyantra_warehouse/share/eyantra_warehouse//worlds/eyantra_warehouse_task0.world
[1.746s] -- Up-to-date: /home/seema/ros2_ws/install/eyantra_warehouse/share/eyantra_warehouse//worlds/eyantra_warehouse_task1.world
[1.746s] -- Up-to-date: /home/seema/ros2_ws/install/eyantra_warehouse/share/eyantra_warehouse//worlds/eyantra_warehouse_task1_bonus.world
[1.746s] -- Up-to-date: /home/seema/ros2_ws/install/eyantra_warehouse/share/eyantra_warehouse//models
[1.746s] -- Up-to-date: /home/seema/ros2_ws/install/eyantra_warehouse/share/eyantra_warehouse//models/trough
[1.746s] -- Up-to-date: /home/seema/ros2_ws/install/eyantra_warehouse/share/eyantra_warehouse//models/trough/model.sdf
[1.746s] -- Up-to-date: /home/seema/ros2_ws/install/eyantra_warehouse/share/eyantra_warehouse//models/trough/model.config
[1.746s] -- Up-to-date: /home/seema/ros2_ws/install/eyantra_warehouse/share/eyantra_warehouse//models/trough/meshes
[1.746s] -- Up-to-date: /home/seema/ros2_ws/install/eyantra_warehouse/share/eyantra_warehouse//models/trough/meshes/soil-texture-png-3.png
[1.746s] -- Up-to-date: /home/seema/ros2_ws/install/eyantra_warehouse/share/eyantra_warehouse//models/trough/meshes/truf.mtl
[1.746s] -- Up-to-date: /home/seema/ros2_ws/install/eyantra_warehouse/share/eyantra_warehouse//models/trough/meshes/brick.obj
[1.746s] -- Up-to-date: /home/seema/ros2_ws/install/eyantra_warehouse/share/eyantra_warehouse//models/trough/meshes/truf_brick_cone.obj
[1.746s] -- Up-to-date: /home/seema/ros2_ws/install/eyantra_warehouse/share/eyantra_warehouse//models/trough/meshes/leaf.jpg
[1.746s] -- Up-to-date: /home/seema/ros2_ws/install/eyantra_warehouse/share/eyantra_warehouse//models/trough/meshes/truf_brick_cone.dae.bck
[1.746s] -- Up-to-date: /home/seema/ros2_ws/install/eyantra_warehouse/share/eyantra_warehouse//models/trough/meshes/truf_brick_cone.dae
[1.746s] -- Up-to-date: /home/seema/ros2_ws/install/eyantra_warehouse/share/eyantra_warehouse//models/trough/meshes/leaf.jpg.002.jpg.001.jpg
[1.746s] -- Up-to-date: /home/seema/ros2_ws/install/eyantra_warehouse/share/eyantra_warehouse//models/trough/meshes/truf_brick.obj
[1.746s] -- Up-to-date: /home/seema/ros2_ws/install/eyantra_warehouse/share/eyantra_warehouse//models/trough/meshes/truf.obj
[1.747s] -- Up-to-date: /home/seema/ros2_ws/install/eyantra_warehouse/share/eyantra_warehouse//models/trough/meshes/leaf.jpg.002.jpg
[1.747s] -- Up-to-date: /home/seema/ros2_ws/install/eyantra_warehouse/share/eyantra_warehouse//models/trough/meshes/leaf.jpg.004.jpg
[1.747s] -- Up-to-date: /home/seema/ros2_ws/install/eyantra_warehouse/share/eyantra_warehouse//models/trough/meshes/truf_brick_cone.mtl
[1.747s] -- Up-to-date: /home/seema/ros2_ws/install/eyantra_warehouse/share/eyantra_warehouse//models/trough/meshes/brick.mtl
[1.747s] -- Up-to-date: /home/seema/ros2_ws/install/eyantra_warehouse/share/eyantra_warehouse//models/trough/meshes/trough.dae
[1.747s] -- Up-to-date: /home/seema/ros2_ws/install/eyantra_warehouse/share/eyantra_warehouse//models/trough/meshes/truf_brick.mtl
[1.747s] -- Up-to-date: /home/seema/ros2_ws/install/eyantra_warehouse/share/eyantra_warehouse//models/fertiliser_can
[1.747s] -- Up-to-date: /home/seema/ros2_ws/install/eyantra_warehouse/share/eyantra_warehouse//models/fertiliser_can/model.sdf
[1.747s] -- Up-to-date: /home/seema/ros2_ws/install/eyantra_warehouse/share/eyantra_warehouse//models/fertiliser_can/model.config
[1.747s] -- Up-to-date: /home/seema/ros2_ws/install/eyantra_warehouse/share/eyantra_warehouse//models/fertiliser_can/meshes
[1.747s] -- Up-to-date: /home/seema/ros2_ws/install/eyantra_warehouse/share/eyantra_warehouse//models/fertiliser_can/meshes/Fertiliser.dae
[1.747s] -- Up-to-date: /home/seema/ros2_ws/install/eyantra_warehouse/share/eyantra_warehouse//models/fertiliser_can/meshes/aruco_tag.jpg
[1.747s] -- Up-to-date: /home/seema/ros2_ws/install/eyantra_warehouse/share/eyantra_warehouse//models/arm_base
[1.747s] -- Up-to-date: /home/seema/ros2_ws/install/eyantra_warehouse/share/eyantra_warehouse//models/arm_base/model.sdf
[1.747s] -- Up-to-date: /home/seema/ros2_ws/install/eyantra_warehouse/share/eyantra_warehouse//models/arm_base/model.config
[1.747s] -- Up-to-date: /home/seema/ros2_ws/install/eyantra_warehouse/share/eyantra_warehouse//models/arm_base/meshes
[1.748s] -- Up-to-date: /home/seema/ros2_ws/install/eyantra_warehouse/share/eyantra_warehouse//models/arm_base/meshes/arm_base_default.dae
[1.748s] -- Up-to-date: /home/seema/ros2_ws/install/eyantra_warehouse/share/eyantra_warehouse//models/fruit_tray
[1.748s] -- Up-to-date: /home/seema/ros2_ws/install/eyantra_warehouse/share/eyantra_warehouse//models/fruit_tray/model.sdf
[1.748s] -- Up-to-date: /home/seema/ros2_ws/install/eyantra_warehouse/share/eyantra_warehouse//models/fruit_tray/model.config
[1.748s] -- Up-to-date: /home/seema/ros2_ws/install/eyantra_warehouse/share/eyantra_warehouse//models/fruit_tray/meshes
[1.748s] -- Up-to-date: /home/seema/ros2_ws/install/eyantra_warehouse/share/eyantra_warehouse//models/fruit_tray/meshes/Fruit_Tray.dae
[1.748s] -- Up-to-date: /home/seema/ros2_ws/install/eyantra_warehouse/share/eyantra_warehouse//models/fruit_tray/meshes/greenhouse_wooden_floor.png.001.png
[1.748s] -- Up-to-date: /home/seema/ros2_ws/install/eyantra_warehouse/share/eyantra_warehouse//models/water_tank
[1.748s] -- Up-to-date: /home/seema/ros2_ws/install/eyantra_warehouse/share/eyantra_warehouse//models/water_tank/water_tank.mtl
[1.748s] -- Up-to-date: /home/seema/ros2_ws/install/eyantra_warehouse/share/eyantra_warehouse//models/water_tank/water_tank.obj
[1.748s] -- Up-to-date: /home/seema/ros2_ws/install/eyantra_warehouse/share/eyantra_warehouse//models/rack
[1.748s] -- Up-to-date: /home/seema/ros2_ws/install/eyantra_warehouse/share/eyantra_warehouse//models/rack/model.sdf
[1.748s] -- Up-to-date: /home/seema/ros2_ws/install/eyantra_warehouse/share/eyantra_warehouse//models/rack/model.config
[1.748s] -- Up-to-date: /home/seema/ros2_ws/install/eyantra_warehouse/share/eyantra_warehouse//models/rack/meshes
[1.748s] -- Up-to-date: /home/seema/ros2_ws/install/eyantra_warehouse/share/eyantra_warehouse//models/rack/meshes/brushedsteel_bg.jpg
[1.748s] -- Up-to-date: /home/seema/ros2_ws/install/eyantra_warehouse/share/eyantra_warehouse//models/rack/meshes/brushedsteel4.jpg
[1.748s] -- Up-to-date: /home/seema/ros2_ws/install/eyantra_warehouse/share/eyantra_warehouse//models/rack/meshes/rack.stl
[1.748s] -- Up-to-date: /home/seema/ros2_ws/install/eyantra_warehouse/share/eyantra_warehouse//models/rack/meshes/rack.dae
[1.748s] -- Up-to-date: /home/seema/ros2_ws/install/eyantra_warehouse/share/eyantra_warehouse//models/window
[1.748s] -- Up-to-date: /home/seema/ros2_ws/install/eyantra_warehouse/share/eyantra_warehouse//models/window/model.sdf
[1.748s] -- Up-to-date: /home/seema/ros2_ws/install/eyantra_warehouse/share/eyantra_warehouse//models/window/model.config
[1.749s] -- Up-to-date: /home/seema/ros2_ws/install/eyantra_warehouse/share/eyantra_warehouse//models/good_fruit
[1.749s] -- Up-to-date: /home/seema/ros2_ws/install/eyantra_warehouse/share/eyantra_warehouse//models/good_fruit/model.sdf
[1.749s] -- Up-to-date: /home/seema/ros2_ws/install/eyantra_warehouse/share/eyantra_warehouse//models/good_fruit/model.config
[1.749s] -- Up-to-date: /home/seema/ros2_ws/install/eyantra_warehouse/share/eyantra_warehouse//models/good_fruit/meshes
[1.749s] -- Up-to-date: /home/seema/ros2_ws/install/eyantra_warehouse/share/eyantra_warehouse//models/good_fruit/meshes/good_fruit.obj
[1.749s] -- Up-to-date: /home/seema/ros2_ws/install/eyantra_warehouse/share/eyantra_warehouse//models/good_fruit/meshes/good_fruit.mtl
[1.749s] -- Up-to-date: /home/seema/ros2_ws/install/eyantra_warehouse/share/eyantra_warehouse//models/square_shape
[1.749s] -- Up-to-date: /home/seema/ros2_ws/install/eyantra_warehouse/share/eyantra_warehouse//models/square_shape/model.sdf
[1.749s] -- Up-to-date: /home/seema/ros2_ws/install/eyantra_warehouse/share/eyantra_warehouse//models/square_shape/model.config
[1.749s] -- Up-to-date: /home/seema/ros2_ws/install/eyantra_warehouse/share/eyantra_warehouse//models/square_shape/meshes
[1.749s] -- Up-to-date: /home/seema/ros2_ws/install/eyantra_warehouse/share/eyantra_warehouse//models/square_shape/meshes/square_shape.obj
[1.749s] -- Up-to-date: /home/seema/ros2_ws/install/eyantra_warehouse/share/eyantra_warehouse//models/square_shape/meshes/square_shape.mtl
[1.749s] -- Up-to-date: /home/seema/ros2_ws/install/eyantra_warehouse/share/eyantra_warehouse//models/dock_shape
[1.749s] -- Up-to-date: /home/seema/ros2_ws/install/eyantra_warehouse/share/eyantra_warehouse//models/dock_shape/model.sdf
[1.749s] -- Up-to-date: /home/seema/ros2_ws/install/eyantra_warehouse/share/eyantra_warehouse//models/dock_shape/model.config
[1.749s] -- Up-to-date: /home/seema/ros2_ws/install/eyantra_warehouse/share/eyantra_warehouse//models/dock_shape/meshes
[1.749s] -- Up-to-date: /home/seema/ros2_ws/install/eyantra_warehouse/share/eyantra_warehouse//models/dock_shape/meshes/dock_shape.mtl
[1.750s] -- Up-to-date: /home/seema/ros2_ws/install/eyantra_warehouse/share/eyantra_warehouse//models/dock_shape/meshes/dock_shape.dae
[1.750s] -- Up-to-date: /home/seema/ros2_ws/install/eyantra_warehouse/share/eyantra_warehouse//models/dock_shape/meshes/dock_shape.obj
[1.750s] -- Up-to-date: /home/seema/ros2_ws/install/eyantra_warehouse/share/eyantra_warehouse//models/conveyor_belt
[1.750s] -- Up-to-date: /home/seema/ros2_ws/install/eyantra_warehouse/share/eyantra_warehouse//models/conveyor_belt/model.sdf
[1.750s] -- Up-to-date: /home/seema/ros2_ws/install/eyantra_warehouse/share/eyantra_warehouse//models/conveyor_belt/model.config
[1.750s] -- Up-to-date: /home/seema/ros2_ws/install/eyantra_warehouse/share/eyantra_warehouse//models/conveyor_belt/meshes
[1.750s] -- Up-to-date: /home/seema/ros2_ws/install/eyantra_warehouse/share/eyantra_warehouse//models/conveyor_belt/meshes/conveyor_belt.dae
[1.750s] -- Up-to-date: /home/seema/ros2_ws/install/eyantra_warehouse/share/eyantra_warehouse//models/conveyor_belt/meshes/conveyor_belt.stl
[1.750s] -- Up-to-date: /home/seema/ros2_ws/install/eyantra_warehouse/share/eyantra_warehouse//models/TrashBin
[1.750s] -- Up-to-date: /home/seema/ros2_ws/install/eyantra_warehouse/share/eyantra_warehouse//models/TrashBin/model.sdf
[1.750s] -- Up-to-date: /home/seema/ros2_ws/install/eyantra_warehouse/share/eyantra_warehouse//models/TrashBin/model.config
[1.750s] -- Up-to-date: /home/seema/ros2_ws/install/eyantra_warehouse/share/eyantra_warehouse//models/TrashBin/meshes
[1.750s] -- Up-to-date: /home/seema/ros2_ws/install/eyantra_warehouse/share/eyantra_warehouse//models/TrashBin/meshes/TrashBin_Diffuse.png
[1.750s] -- Up-to-date: /home/seema/ros2_ws/install/eyantra_warehouse/share/eyantra_warehouse//models/TrashBin/meshes/TrashBin.obj
[1.750s] -- Up-to-date: /home/seema/ros2_ws/install/eyantra_warehouse/share/eyantra_warehouse//models/TrashBin/meshes/TrashBin.mtl
[1.750s] -- Up-to-date: /home/seema/ros2_ws/install/eyantra_warehouse/share/eyantra_warehouse//models/TrashBin/thumbnails
[1.750s] -- Up-to-date: /home/seema/ros2_ws/install/eyantra_warehouse/share/eyantra_warehouse//models/TrashBin/thumbnails/5.png
[1.750s] -- Up-to-date: /home/seema/ros2_ws/install/eyantra_warehouse/share/eyantra_warehouse//models/TrashBin/thumbnails/3.png
[1.750s] -- Up-to-date: /home/seema/ros2_ws/install/eyantra_warehouse/share/eyantra_warehouse//models/TrashBin/thumbnails/1.png
[1.750s] -- Up-to-date: /home/seema/ros2_ws/install/eyantra_warehouse/share/eyantra_warehouse//models/TrashBin/thumbnails/4.png
[1.750s] -- Up-to-date: /home/seema/ros2_ws/install/eyantra_warehouse/share/eyantra_warehouse//models/TrashBin/thumbnails/2.png
[1.751s] -- Up-to-date: /home/seema/ros2_ws/install/eyantra_warehouse/share/eyantra_warehouse//models/ground_plane
[1.751s] -- Up-to-date: /home/seema/ros2_ws/install/eyantra_warehouse/share/eyantra_warehouse//models/ground_plane/model.sdf
[1.751s] -- Up-to-date: /home/seema/ros2_ws/install/eyantra_warehouse/share/eyantra_warehouse//models/ground_plane/model.config
[1.751s] -- Up-to-date: /home/seema/ros2_ws/install/eyantra_warehouse/share/eyantra_warehouse//models/triangle_shape
[1.751s] -- Up-to-date: /home/seema/ros2_ws/install/eyantra_warehouse/share/eyantra_warehouse//models/triangle_shape/model.sdf
[1.751s] -- Up-to-date: /home/seema/ros2_ws/install/eyantra_warehouse/share/eyantra_warehouse//models/triangle_shape/model.config
[1.751s] -- Up-to-date: /home/seema/ros2_ws/install/eyantra_warehouse/share/eyantra_warehouse//models/triangle_shape/meshes
[1.751s] -- Up-to-date: /home/seema/ros2_ws/install/eyantra_warehouse/share/eyantra_warehouse//models/triangle_shape/meshes/triangle_shape.mtl
[1.751s] -- Up-to-date: /home/seema/ros2_ws/install/eyantra_warehouse/share/eyantra_warehouse//models/triangle_shape/meshes/triangle_shape.obj
[1.751s] -- Up-to-date: /home/seema/ros2_ws/install/eyantra_warehouse/share/eyantra_warehouse//models/bad_fruit
[1.751s] -- Up-to-date: /home/seema/ros2_ws/install/eyantra_warehouse/share/eyantra_warehouse//models/bad_fruit/model.sdf
[1.751s] -- Up-to-date: /home/seema/ros2_ws/install/eyantra_warehouse/share/eyantra_warehouse//models/bad_fruit/model.config
[1.751s] -- Up-to-date: /home/seema/ros2_ws/install/eyantra_warehouse/share/eyantra_warehouse//models/bad_fruit/meshes
[1.751s] -- Up-to-date: /home/seema/ros2_ws/install/eyantra_warehouse/share/eyantra_warehouse//models/bad_fruit/meshes/bad_fruit.obj
[1.751s] -- Up-to-date: /home/seema/ros2_ws/install/eyantra_warehouse/share/eyantra_warehouse//models/bad_fruit/meshes/bad_fruit.mtl
[1.752s] -- Up-to-date: /home/seema/ros2_ws/install/eyantra_warehouse/share/eyantra_warehouse//models/warehouse_divider
[1.752s] -- Up-to-date: /home/seema/ros2_ws/install/eyantra_warehouse/share/eyantra_warehouse//models/warehouse_divider/model.sdf
[1.752s] -- Up-to-date: /home/seema/ros2_ws/install/eyantra_warehouse/share/eyantra_warehouse//models/warehouse_divider/model.config
[1.752s] -- Up-to-date: /home/seema/ros2_ws/install/eyantra_warehouse/share/eyantra_warehouse//models/warehouse_divider/meshes
[1.752s] -- Up-to-date: /home/seema/ros2_ws/install/eyantra_warehouse/share/eyantra_warehouse//models/warehouse_divider/meshes/LAWN.jpg
[1.752s] -- Up-to-date: /home/seema/ros2_ws/install/eyantra_warehouse/share/eyantra_warehouse//models/warehouse_divider/meshes/warehouse_divider.dae
[1.752s] -- Up-to-date: /home/seema/ros2_ws/install/eyantra_warehouse/share/eyantra_warehouse//models/longer_conveyor_belt
[1.752s] -- Up-to-date: /home/seema/ros2_ws/install/eyantra_warehouse/share/eyantra_warehouse//models/longer_conveyor_belt/model.sdf
[1.752s] -- Up-to-date: /home/seema/ros2_ws/install/eyantra_warehouse/share/eyantra_warehouse//models/longer_conveyor_belt/model.config
[1.752s] -- Up-to-date: /home/seema/ros2_ws/install/eyantra_warehouse/share/eyantra_warehouse//models/longer_conveyor_belt/meshes
[1.752s] -- Up-to-date: /home/seema/ros2_ws/install/eyantra_warehouse/share/eyantra_warehouse//models/longer_conveyor_belt/meshes/longer_conveyor_belt.dae
[1.752s] -- Up-to-date: /home/seema/ros2_ws/install/eyantra_warehouse/share/eyantra_warehouse//models/plant_red_yellow_bell_peppers_trough
[1.752s] -- Up-to-date: /home/seema/ros2_ws/install/eyantra_warehouse/share/eyantra_warehouse//models/plant_red_yellow_bell_peppers_trough/model.sdf
[1.752s] -- Up-to-date: /home/seema/ros2_ws/install/eyantra_warehouse/share/eyantra_warehouse//models/plant_red_yellow_bell_peppers_trough/model.config
[1.752s] -- Up-to-date: /home/seema/ros2_ws/install/eyantra_warehouse/share/eyantra_warehouse//models/plant_red_yellow_bell_peppers_trough/meshes
[1.752s] -- Up-to-date: /home/seema/ros2_ws/install/eyantra_warehouse/share/eyantra_warehouse//models/plant_red_yellow_bell_peppers_trough/meshes/soil-texture-png-3.png
[1.753s] -- Up-to-date: /home/seema/ros2_ws/install/eyantra_warehouse/share/eyantra_warehouse//models/plant_red_yellow_bell_peppers_trough/meshes/leaf.jpg
[1.753s] -- Up-to-date: /home/seema/ros2_ws/install/eyantra_warehouse/share/eyantra_warehouse//models/plant_red_yellow_bell_peppers_trough/meshes/KB_plant_red_yellow_bell_pepper.dae
[1.753s] -- Up-to-date: /home/seema/ros2_ws/install/eyantra_warehouse/share/eyantra_warehouse//models/warehouse_boundary
[1.753s] -- Up-to-date: /home/seema/ros2_ws/install/eyantra_warehouse/share/eyantra_warehouse//models/warehouse_boundary/backup
[1.753s] -- Up-to-date: /home/seema/ros2_ws/install/eyantra_warehouse/share/eyantra_warehouse//models/warehouse_boundary/backup/miha-rekar-LIel8q1XQsE-unsplash.jpg
[1.753s] -- Up-to-date: /home/seema/ros2_ws/install/eyantra_warehouse/share/eyantra_warehouse//models/warehouse_boundary/backup/SolarPanelsPolycrystallineTypeBFramedClean001_COL_3K.jpg.022.jpg
[1.753s] -- Up-to-date: /home/seema/ros2_ws/install/eyantra_warehouse/share/eyantra_warehouse//models/warehouse_boundary/backup/bernd-dittrich-mapUehHSHYU-unsplash.jpg
[1.753s] -- Up-to-date: /home/seema/ros2_ws/install/eyantra_warehouse/share/eyantra_warehouse//models/warehouse_boundary/backup/SolarPanelsPolycrystallineTypeBFramedClean001_COL_3K.jpg.021.jpg
[1.753s] -- Up-to-date: /home/seema/ros2_ws/install/eyantra_warehouse/share/eyantra_warehouse//models/warehouse_boundary/backup/SolarPanelsPolycrystallineTypeBFramedClean001_COL_3K.jpg.027.jpg
[1.753s] -- Up-to-date: /home/seema/ros2_ws/install/eyantra_warehouse/share/eyantra_warehouse//models/warehouse_boundary/backup/SolarPanelsPolycrystallineTypeBFramedClean001_COL_3K.jpg.013.jpg
[1.753s] -- Up-to-date: /home/seema/ros2_ws/install/eyantra_warehouse/share/eyantra_warehouse//models/warehouse_boundary/backup/LAWN.jpg
[1.753s] -- Up-to-date: /home/seema/ros2_ws/install/eyantra_warehouse/share/eyantra_warehouse//models/warehouse_boundary/backup/SolarPanelsPolycrystallineTypeBFramedClean001_COL_3K.jpg.012.jpg
[1.753s] -- Up-to-date: /home/seema/ros2_ws/install/eyantra_warehouse/share/eyantra_warehouse//models/warehouse_boundary/backup/SolarPanelsPolycrystallineTypeBFramedClean001_COL_3K.jpg.005.jpg
[1.754s] -- Up-to-date: /home/seema/ros2_ws/install/eyantra_warehouse/share/eyantra_warehouse//models/warehouse_boundary/backup/SolarPanelsPolycrystallineTypeBFramedClean001_COL_3K.jpg.030.jpg
[1.754s] -- Up-to-date: /home/seema/ros2_ws/install/eyantra_warehouse/share/eyantra_warehouse//models/warehouse_boundary/backup/SolarPanelsPolycrystallineTypeBFramedClean001_COL_3K.jpg.020.jpg
[1.754s] -- Up-to-date: /home/seema/ros2_ws/install/eyantra_warehouse/share/eyantra_warehouse//models/warehouse_boundary/backup/SolarPanelsPolycrystallineTypeBFramedClean001_COL_3K.jpg.001.jpg
[1.754s] -- Up-to-date: /home/seema/ros2_ws/install/eyantra_warehouse/share/eyantra_warehouse//models/warehouse_boundary/backup/SolarPanelsPolycrystallineTypeBFramedClean001_COL_3K.jpg.025.jpg
[1.754s] -- Up-to-date: /home/seema/ros2_ws/install/eyantra_warehouse/share/eyantra_warehouse//models/warehouse_boundary/backup/SolarPanelsPolycrystallineTypeBFramedClean001_COL_3K.jpg.004.jpg
[1.754s] -- Up-to-date: /home/seema/ros2_ws/install/eyantra_warehouse/share/eyantra_warehouse//models/warehouse_boundary/backup/SolarPanelsPolycrystallineTypeBFramedClean001_COL_3K.jpg.017.jpg
[1.754s] -- Up-to-date: /home/seema/ros2_ws/install/eyantra_warehouse/share/eyantra_warehouse//models/warehouse_boundary/backup/miha-rekar-LIel8q1XQsE-unsplash.jpg.001.jpg
[1.754s] -- Up-to-date: /home/seema/ros2_ws/install/eyantra_warehouse/share/eyantra_warehouse//models/warehouse_boundary/backup/SolarPanelsPolycrystallineTypeBFramedClean001_COL_3K.jpg.008.jpg
[1.754s] -- Up-to-date: /home/seema/ros2_ws/install/eyantra_warehouse/share/eyantra_warehouse//models/warehouse_boundary/backup/SolarPanelsPolycrystallineTypeBFramedClean001_COL_3K.jpg.023.jpg
[1.754s] -- Up-to-date: /home/seema/ros2_ws/install/eyantra_warehouse/share/eyantra_warehouse//models/warehouse_boundary/backup/SolarPanelsPolycrystallineTypeBFramedClean001_COL_3K.jpg.015.jpg
[1.754s] -- Up-to-date: /home/seema/ros2_ws/install/eyantra_warehouse/share/eyantra_warehouse//models/warehouse_boundary/backup/warehouse_floor.jpg
[1.754s] -- Up-to-date: /home/seema/ros2_ws/install/eyantra_warehouse/share/eyantra_warehouse//models/warehouse_boundary/backup/SolarPanelsPolycrystallineTypeBFramedClean001_COL_3K.jpg.007.jpg
[1.754s] -- Up-to-date: /home/seema/ros2_ws/install/eyantra_warehouse/share/eyantra_warehouse//models/warehouse_boundary/backup/SolarPanelsPolycrystallineTypeBFramedClean001_COL_3K.jpg.002.jpg
[1.754s] -- Up-to-date: /home/seema/ros2_ws/install/eyantra_warehouse/share/eyantra_warehouse//models/warehouse_boundary/backup/SolarPanelsPolycrystallineTypeBFramedClean001_COL_3K.jpg.018.jpg
[1.754s] -- Up-to-date: /home/seema/ros2_ws/install/eyantra_warehouse/share/eyantra_warehouse//models/warehouse_boundary/backup/SolarPanelsPolycrystallineTypeBFramedClean001_COL_3K.jpg.009.jpg
[1.754s] -- Up-to-date: /home/seema/ros2_ws/install/eyantra_warehouse/share/eyantra_warehouse//models/warehouse_boundary/backup/warningTape.png
[1.754s] -- Up-to-date: /home/seema/ros2_ws/install/eyantra_warehouse/share/eyantra_warehouse//models/warehouse_boundary/backup/warehouse_boundary_modified.dae
[1.755s] -- Up-to-date: /home/seema/ros2_ws/install/eyantra_warehouse/share/eyantra_warehouse//models/warehouse_boundary/backup/ground.jpg
[1.755s] -- Up-to-date: /home/seema/ros2_ws/install/eyantra_warehouse/share/eyantra_warehouse//models/warehouse_boundary/backup/greenhouse_wooden_floor.png
[1.755s] -- Up-to-date: /home/seema/ros2_ws/install/eyantra_warehouse/share/eyantra_warehouse//models/warehouse_boundary/backup/SolarPanelsPolycrystallineTypeBFramedClean001_COL_3K.jpg.016.jpg
[1.755s] -- Up-to-date: /home/seema/ros2_ws/install/eyantra_warehouse/share/eyantra_warehouse//models/warehouse_boundary/backup/SolarPanelsPolycrystallineTypeBFramedClean001_COL_3K.jpg.011.jpg
[1.755s] -- Up-to-date: /home/seema/ros2_ws/install/eyantra_warehouse/share/eyantra_warehouse//models/warehouse_boundary/backup/SolarPanelsPolycrystallineTypeBFramedClean001_COL_3K.jpg.004.jp.jpg
[1.755s] -- Up-to-date: /home/seema/ros2_ws/install/eyantra_warehouse/share/eyantra_warehouse//models/warehouse_boundary/backup/SolarPanelsPolycrystallineTypeBFramedClean001_COL_3K.jpg.014.jpg
[1.755s] -- Up-to-date: /home/seema/ros2_ws/install/eyantra_warehouse/share/eyantra_warehouse//models/warehouse_boundary/backup/SolarPanelsPolycrystallineTypeBFramedClean001_COL_3K.jpg.026.jpg
[1.755s] -- Up-to-date: /home/seema/ros2_ws/install/eyantra_warehouse/share/eyantra_warehouse//models/warehouse_boundary/backup/SolarPanelsPolycrystallineTypeBFramedClean001_COL_3K.jpg.003.jpg
[1.755s] -- Up-to-date: /home/seema/ros2_ws/install/eyantra_warehouse/share/eyantra_warehouse//models/warehouse_boundary/backup/warehouse_boundary_glass_cover_modified.dae
[1.755s] -- Up-to-date: /home/seema/ros2_ws/install/eyantra_warehouse/share/eyantra_warehouse//models/warehouse_boundary/backup/tilebark.jpg
[1.755s] -- Up-to-date: /home/seema/ros2_ws/install/eyantra_warehouse/share/eyantra_warehouse//models/warehouse_boundary/backup/SolarPanelsPolycrystallineTypeBFramedClean001_COL_3K.jpg.010.jpg
[1.755s] -- Up-to-date: /home/seema/ros2_ws/install/eyantra_warehouse/share/eyantra_warehouse//models/warehouse_boundary/backup/SolarPanelsPolycrystallineTypeBFramedClean001_COL_3K.jpg.006.jpg
[1.755s] -- Up-to-date: /home/seema/ros2_ws/install/eyantra_warehouse/share/eyantra_warehouse//models/warehouse_boundary/backup/SolarPanelsPolycrystallineTypeBFramedClean001_COL_3K.jpg.029.jpg
[1.755s] -- Up-to-date: /home/seema/ros2_ws/install/eyantra_warehouse/share/eyantra_warehouse//models/warehouse_boundary/backup/SolarPanelsPolycrystallineTypeBFramedClean001_COL_3K.jpg.028.jpg
[1.755s] -- Up-to-date: /home/seema/ros2_ws/install/eyantra_warehouse/share/eyantra_warehouse//models/warehouse_boundary/backup/SolarPanelsPolycrystallineTypeBFramedClean001_COL_3K.jpg.024.jpg
[1.755s] -- Up-to-date: /home/seema/ros2_ws/install/eyantra_warehouse/share/eyantra_warehouse//models/warehouse_boundary/backup/warehouse_boundary_glass_cover.dae
[1.755s] -- Up-to-date: /home/seema/ros2_ws/install/eyantra_warehouse/share/eyantra_warehouse//models/warehouse_boundary/backup/warehouse_boundary.dae
[1.755s] -- Up-to-date: /home/seema/ros2_ws/install/eyantra_warehouse/share/eyantra_warehouse//models/warehouse_boundary/backup/SolarPanelsPolycrystallineTypeBFramedClean001_COL_3K.jpg.019.jpg
[1.755s] -- Up-to-date: /home/seema/ros2_ws/install/eyantra_warehouse/share/eyantra_warehouse//models/warehouse_boundary/backup/branch-texture-png.png
[1.756s] -- Up-to-date: /home/seema/ros2_ws/install/eyantra_warehouse/share/eyantra_warehouse//models/warehouse_boundary/model.sdf
[1.756s] -- Up-to-date: /home/seema/ros2_ws/install/eyantra_warehouse/share/eyantra_warehouse//models/warehouse_boundary/model.config
[1.756s] -- Up-to-date: /home/seema/ros2_ws/install/eyantra_warehouse/share/eyantra_warehouse//models/warehouse_boundary/meshes
[1.756s] -- Up-to-date: /home/seema/ros2_ws/install/eyantra_warehouse/share/eyantra_warehouse//models/warehouse_boundary/meshes/miha-rekar-LIel8q1XQsE-unsplash.jpg
[1.756s] -- Up-to-date: /home/seema/ros2_ws/install/eyantra_warehouse/share/eyantra_warehouse//models/warehouse_boundary/meshes/bernd-dittrich-mapUehHSHYU-unsplash.jpg
[1.756s] -- Up-to-date: /home/seema/ros2_ws/install/eyantra_warehouse/share/eyantra_warehouse//models/warehouse_boundary/meshes/SolarPanelsPolycrystallineTypeBFramedClean001_COL_3K.jpg.030.j.jpg
[1.756s] -- Up-to-date: /home/seema/ros2_ws/install/eyantra_warehouse/share/eyantra_warehouse//models/warehouse_boundary/meshes/ground.jpg.001.jpg
[1.756s] -- Up-to-date: /home/seema/ros2_ws/install/eyantra_warehouse/share/eyantra_warehouse//models/warehouse_boundary/meshes/warningTape.png
[1.756s] -- Up-to-date: /home/seema/ros2_ws/install/eyantra_warehouse/share/eyantra_warehouse//models/warehouse_boundary/meshes/warehouse_boundary_modified.dae
[1.756s] -- Up-to-date: /home/seema/ros2_ws/install/eyantra_warehouse/share/eyantra_warehouse//models/warehouse_boundary/meshes/greenhouse_wooden_floor.png.001.png
[1.756s] -- Up-to-date: /home/seema/ros2_ws/install/eyantra_warehouse/share/eyantra_warehouse//models/warehouse_boundary/meshes/warehouse_boundary_glass_cover_modified.dae
[1.756s] -- Up-to-date: /home/seema/ros2_ws/install/eyantra_warehouse/share/eyantra_warehouse//models/warehouse_boundary/meshes/warehouse_boundary_glass_cover.dae
[1.756s] -- Up-to-date: /home/seema/ros2_ws/install/eyantra_warehouse/share/eyantra_warehouse//models/warehouse_boundary/meshes/warehouse_boundary.dae
[1.757s] -- Up-to-date: /home/seema/ros2_ws/install/eyantra_warehouse/share/eyantra_warehouse//config
[1.757s] -- Up-to-date: /home/seema/ros2_ws/install/eyantra_warehouse/share/eyantra_warehouse//config/SkyX_Moon.png
[1.757s] -- Up-to-date: /home/seema/ros2_ws/install/eyantra_warehouse/share/eyantra_warehouse//config/package_link.json
[1.757s] -- Up-to-date: /home/seema/ros2_ws/install/eyantra_warehouse/share/eyantra_warehouse//config/SkyX_Moon.fragment
[1.757s] -- Up-to-date: /home/seema/ros2_ws/install/eyantra_warehouse/share/eyantra_warehouse//plugins
[1.757s] -- Up-to-date: /home/seema/ros2_ws/install/eyantra_warehouse/share/eyantra_warehouse//plugins/libSampleSystem.so
[1.757s] -- Up-to-date: /home/seema/ros2_ws/install/eyantra_warehouse/share/ament_index/resource_index/package_run_dependencies/eyantra_warehouse
[1.757s] -- Up-to-date: /home/seema/ros2_ws/install/eyantra_warehouse/share/ament_index/resource_index/parent_prefix_path/eyantra_warehouse
[1.757s] -- Up-to-date: /home/seema/ros2_ws/install/eyantra_warehouse/share/eyantra_warehouse/environment/ament_prefix_path.sh
[1.757s] -- Up-to-date: /home/seema/ros2_ws/install/eyantra_warehouse/share/eyantra_warehouse/environment/ament_prefix_path.dsv
[1.757s] -- Up-to-date: /home/seema/ros2_ws/install/eyantra_warehouse/share/eyantra_warehouse/environment/path.sh
[1.757s] -- Up-to-date: /home/seema/ros2_ws/install/eyantra_warehouse/share/eyantra_warehouse/environment/path.dsv
[1.757s] -- Up-to-date: /home/seema/ros2_ws/install/eyantra_warehouse/share/eyantra_warehouse/local_setup.bash
[1.757s] -- Up-to-date: /home/seema/ros2_ws/install/eyantra_warehouse/share/eyantra_warehouse/local_setup.sh
[1.757s] -- Up-to-date: /home/seema/ros2_ws/install/eyantra_warehouse/share/eyantra_warehouse/local_setup.zsh
[1.757s] -- Up-to-date: /home/seema/ros2_ws/install/eyantra_warehouse/share/eyantra_warehouse/local_setup.dsv
[1.757s] -- Up-to-date: /home/seema/ros2_ws/install/eyantra_warehouse/share/eyantra_warehouse/package.dsv
[1.757s] -- Up-to-date: /home/seema/ros2_ws/install/eyantra_warehouse/share/ament_index/resource_index/packages/eyantra_warehouse
[1.757s] -- Up-to-date: /home/seema/ros2_ws/install/eyantra_warehouse/share/eyantra_warehouse/cmake/eyantra_warehouseConfig.cmake
[1.757s] -- Up-to-date: /home/seema/ros2_ws/install/eyantra_warehouse/share/eyantra_warehouse/cmake/eyantra_warehouseConfig-version.cmake
[1.757s] -- Up-to-date: /home/seema/ros2_ws/install/eyantra_warehouse/share/eyantra_warehouse/package.xml
[1.788s] Invoked command in '/home/seema/ros2_ws/build/eyantra_warehouse' returned '0': CMAKE_PREFIX_PATH=${CMAKE_PREFIX_PATH}:/home/seema/ros2_ws/install/turtlesim_launch:/home/seema/ros2_ws/install/my_py_pkg:/home/seema/ros2_ws/install/launch_testing_examples:/home/seema/ros2_ws/install/examples_rclpy_pointcloud_publisher:/home/seema/ros2_ws/install/examples_rclpy_minimal_subscriber:/home/seema/ros2_ws/install/examples_rclpy_minimal_service:/home/seema/ros2_ws/install/examples_rclpy_minimal_publisher:/home/seema/ros2_ws/install/examples_rclpy_minimal_client:/home/seema/ros2_ws/install/examples_rclpy_minimal_action_server:/home/seema/ros2_ws/install/examples_rclpy_minimal_action_client:/home/seema/ros2_ws/install/examples_rclpy_guard_conditions:/home/seema/ros2_ws/install/examples_rclpy_executors:/opt/ros/humble /usr/bin/cmake --install /home/seema/ros2_ws/build/eyantra_warehouse
