[3.243s] Invoking command in '/home/seema/ros2_ws/build/pymoveit2': CMAKE_PREFIX_PATH=/opt/ros/humble /usr/bin/cmake --build /home/seema/ros2_ws/build/pymoveit2 -- -j16 -l16
[3.982s] [  9%] Built target pymoveit2__rosidl_generator_c
[3.982s] [ 12%] Built target pymoveit2__cpp
[3.982s] [ 12%] Built target ament_cmake_python_copy_pymoveit2
[3.983s] [ 22%] Built target pymoveit2__rosidl_typesupport_introspection_c
[3.983s] [ 32%] Built target pymoveit2__rosidl_typesupport_c
[3.983s] [ 41%] Built target pymoveit2__rosidl_typesupport_fastrtps_c
[3.983s] [ 51%] Built target pymoveit2__rosidl_typesupport_introspection_cpp
[3.983s] [ 61%] Built target pymoveit2__rosidl_typesupport_cpp
[3.984s] [ 70%] Built target pymoveit2__rosidl_typesupport_fastrtps_cpp
[3.984s] [ 70%] Built target pymoveit2
[3.984s] [ 74%] Built target pymoveit2__py
[3.984s] [ 80%] Built target pymoveit2__rosidl_generator_py
[3.984s] [ 87%] Built target pymoveit2__rosidl_typesupport_fastrtps_c__pyext
[3.984s] [ 93%] Built target pymoveit2__rosidl_typesupport_c__pyext
[3.984s] [100%] Built target pymoveit2__rosidl_typesupport_introspection_c__pyext
[3.984s] running egg_info
[3.984s] writing pymoveit2.egg-info/PKG-INFO
[3.985s] writing dependency_links to pymoveit2.egg-info/dependency_links.txt
[3.985s] writing top-level names to pymoveit2.egg-info/top_level.txt
[3.985s] reading manifest file 'pymoveit2.egg-info/SOURCES.txt'
[3.985s] writing manifest file 'pymoveit2.egg-info/SOURCES.txt'
[3.985s] [100%] Built target ament_cmake_python_build_pymoveit2_egg
[4.058s] Invoked command in '/home/seema/ros2_ws/build/pymoveit2' returned '0': CMAKE_PREFIX_PATH=/opt/ros/humble /usr/bin/cmake --build /home/seema/ros2_ws/build/pymoveit2 -- -j16 -l16
[4.061s] Invoking command in '/home/seema/ros2_ws/build/pymoveit2': CMAKE_PREFIX_PATH=/opt/ros/humble /usr/bin/cmake --install /home/seema/ros2_ws/build/pymoveit2
[4.091s] -- Install configuration: ""
[4.091s] -- Up-to-date: /home/seema/ros2_ws/install/pymoveit2/share/ament_index/resource_index/rosidl_interfaces/pymoveit2
[4.092s] -- Up-to-date: /home/seema/ros2_ws/install/pymoveit2/include/pymoveit2/pymoveit2
[4.092s] -- Up-to-date: /home/seema/ros2_ws/install/pymoveit2/include/pymoveit2/pymoveit2/msg
[4.092s] -- Up-to-date: /home/seema/ros2_ws/install/pymoveit2/include/pymoveit2/pymoveit2/msg/rosidl_generator_c__visibility_control.h
[4.092s] -- Up-to-date: /home/seema/ros2_ws/install/pymoveit2/include/pymoveit2/pymoveit2/srv
[4.092s] -- Up-to-date: /home/seema/ros2_ws/install/pymoveit2/include/pymoveit2/pymoveit2/srv/detail
[4.094s] -- Up-to-date: /home/seema/ros2_ws/install/pymoveit2/include/pymoveit2/pymoveit2/srv/detail/move_to_pose__functions.h
[4.094s] -- Up-to-date: /home/seema/ros2_ws/install/pymoveit2/include/pymoveit2/pymoveit2/srv/detail/move_to_pose__type_support.h
[4.094s] -- Up-to-date: /home/seema/ros2_ws/install/pymoveit2/include/pymoveit2/pymoveit2/srv/detail/move_to_pose__functions.c
[4.094s] -- Up-to-date: /home/seema/ros2_ws/install/pymoveit2/include/pymoveit2/pymoveit2/srv/detail/move_to_pose__struct.h
[4.094s] -- Up-to-date: /home/seema/ros2_ws/install/pymoveit2/include/pymoveit2/pymoveit2/srv/move_to_pose.h
[4.094s] -- Up-to-date: /home/seema/ros2_ws/install/pymoveit2/share/pymoveit2/environment/library_path.sh
[4.095s] -- Up-to-date: /home/seema/ros2_ws/install/pymoveit2/share/pymoveit2/environment/library_path.dsv
[4.095s] -- Up-to-date: /home/seema/ros2_ws/install/pymoveit2/lib/libpymoveit2__rosidl_generator_c.so
[4.095s] -- Up-to-date: /home/seema/ros2_ws/install/pymoveit2/include/pymoveit2/pymoveit2
[4.095s] -- Up-to-date: /home/seema/ros2_ws/install/pymoveit2/include/pymoveit2/pymoveit2/msg
[4.095s] -- Up-to-date: /home/seema/ros2_ws/install/pymoveit2/include/pymoveit2/pymoveit2/msg/rosidl_typesupport_fastrtps_c__visibility_control.h
[4.095s] -- Up-to-date: /home/seema/ros2_ws/install/pymoveit2/include/pymoveit2/pymoveit2/srv
[4.095s] -- Up-to-date: /home/seema/ros2_ws/install/pymoveit2/include/pymoveit2/pymoveit2/srv/detail
[4.095s] -- Up-to-date: /home/seema/ros2_ws/install/pymoveit2/include/pymoveit2/pymoveit2/srv/detail/move_to_pose__rosidl_typesupport_fastrtps_c.h
[4.095s] -- Up-to-date: /home/seema/ros2_ws/install/pymoveit2/lib/libpymoveit2__rosidl_typesupport_fastrtps_c.so
[4.096s] -- Up-to-date: /home/seema/ros2_ws/install/pymoveit2/include/pymoveit2/pymoveit2
[4.096s] -- Up-to-date: /home/seema/ros2_ws/install/pymoveit2/include/pymoveit2/pymoveit2/msg
[4.096s] -- Up-to-date: /home/seema/ros2_ws/install/pymoveit2/include/pymoveit2/pymoveit2/msg/rosidl_generator_cpp__visibility_control.hpp
[4.096s] -- Up-to-date: /home/seema/ros2_ws/install/pymoveit2/include/pymoveit2/pymoveit2/srv
[4.096s] -- Up-to-date: /home/seema/ros2_ws/install/pymoveit2/include/pymoveit2/pymoveit2/srv/detail
[4.096s] -- Up-to-date: /home/seema/ros2_ws/install/pymoveit2/include/pymoveit2/pymoveit2/srv/detail/move_to_pose__type_support.hpp
[4.096s] -- Up-to-date: /home/seema/ros2_ws/install/pymoveit2/include/pymoveit2/pymoveit2/srv/detail/move_to_pose__struct.hpp
[4.096s] -- Up-to-date: /home/seema/ros2_ws/install/pymoveit2/include/pymoveit2/pymoveit2/srv/detail/move_to_pose__builder.hpp
[4.097s] -- Up-to-date: /home/seema/ros2_ws/install/pymoveit2/include/pymoveit2/pymoveit2/srv/detail/move_to_pose__traits.hpp
[4.097s] -- Up-to-date: /home/seema/ros2_ws/install/pymoveit2/include/pymoveit2/pymoveit2/srv/move_to_pose.hpp
[4.097s] -- Up-to-date: /home/seema/ros2_ws/install/pymoveit2/include/pymoveit2/pymoveit2
[4.097s] -- Up-to-date: /home/seema/ros2_ws/install/pymoveit2/include/pymoveit2/pymoveit2/msg
[4.100s] -- Up-to-date: /home/seema/ros2_ws/install/pymoveit2/include/pymoveit2/pymoveit2/msg/rosidl_typesupport_fastrtps_cpp__visibility_control.h
[4.100s] -- Up-to-date: /home/seema/ros2_ws/install/pymoveit2/include/pymoveit2/pymoveit2/srv
[4.101s] -- Up-to-date: /home/seema/ros2_ws/install/pymoveit2/include/pymoveit2/pymoveit2/srv/detail
[4.101s] -- Up-to-date: /home/seema/ros2_ws/install/pymoveit2/include/pymoveit2/pymoveit2/srv/detail/move_to_pose__rosidl_typesupport_fastrtps_cpp.hpp
[4.101s] -- Up-to-date: /home/seema/ros2_ws/install/pymoveit2/include/pymoveit2/pymoveit2/srv/detail/dds_fastrtps
[4.101s] -- Up-to-date: /home/seema/ros2_ws/install/pymoveit2/lib/libpymoveit2__rosidl_typesupport_fastrtps_cpp.so
[4.101s] -- Up-to-date: /home/seema/ros2_ws/install/pymoveit2/include/pymoveit2/pymoveit2
[4.101s] -- Up-to-date: /home/seema/ros2_ws/install/pymoveit2/include/pymoveit2/pymoveit2/msg
[4.101s] -- Up-to-date: /home/seema/ros2_ws/install/pymoveit2/include/pymoveit2/pymoveit2/msg/rosidl_typesupport_introspection_c__visibility_control.h
[4.101s] -- Up-to-date: /home/seema/ros2_ws/install/pymoveit2/include/pymoveit2/pymoveit2/srv
[4.101s] -- Up-to-date: /home/seema/ros2_ws/install/pymoveit2/include/pymoveit2/pymoveit2/srv/detail
[4.101s] -- Up-to-date: /home/seema/ros2_ws/install/pymoveit2/include/pymoveit2/pymoveit2/srv/detail/move_to_pose__rosidl_typesupport_introspection_c.h
[4.102s] -- Up-to-date: /home/seema/ros2_ws/install/pymoveit2/include/pymoveit2/pymoveit2/srv/detail/move_to_pose__type_support.c
[4.103s] -- Up-to-date: /home/seema/ros2_ws/install/pymoveit2/lib/libpymoveit2__rosidl_typesupport_introspection_c.so
[4.103s] -- Up-to-date: /home/seema/ros2_ws/install/pymoveit2/lib/libpymoveit2__rosidl_typesupport_c.so
[4.104s] -- Up-to-date: /home/seema/ros2_ws/install/pymoveit2/include/pymoveit2/pymoveit2
[4.107s] -- Up-to-date: /home/seema/ros2_ws/install/pymoveit2/include/pymoveit2/pymoveit2/srv
[4.112s] -- Up-to-date: /home/seema/ros2_ws/install/pymoveit2/include/pymoveit2/pymoveit2/srv/detail
[4.112s] -- Up-to-date: /home/seema/ros2_ws/install/pymoveit2/include/pymoveit2/pymoveit2/srv/detail/move_to_pose__rosidl_typesupport_introspection_cpp.hpp
[4.113s] -- Up-to-date: /home/seema/ros2_ws/install/pymoveit2/include/pymoveit2/pymoveit2/srv/detail/move_to_pose__type_support.cpp
[4.113s] -- Up-to-date: /home/seema/ros2_ws/install/pymoveit2/lib/libpymoveit2__rosidl_typesupport_introspection_cpp.so
[4.113s] -- Up-to-date: /home/seema/ros2_ws/install/pymoveit2/lib/libpymoveit2__rosidl_typesupport_cpp.so
[4.113s] -- Up-to-date: /home/seema/ros2_ws/install/pymoveit2/share/pymoveit2/environment/pythonpath.sh
[4.113s] -- Up-to-date: /home/seema/ros2_ws/install/pymoveit2/share/pymoveit2/environment/pythonpath.dsv
[4.113s] -- Up-to-date: /home/seema/ros2_ws/install/pymoveit2/local/lib/python3.10/dist-packages/pymoveit2-2.1.0-py3.10.egg-info
[4.113s] -- Installing: /home/seema/ros2_ws/install/pymoveit2/local/lib/python3.10/dist-packages/pymoveit2-2.1.0-py3.10.egg-info/top_level.txt
[4.113s] -- Installing: /home/seema/ros2_ws/install/pymoveit2/local/lib/python3.10/dist-packages/pymoveit2-2.1.0-py3.10.egg-info/PKG-INFO
[4.114s] -- Installing: /home/seema/ros2_ws/install/pymoveit2/local/lib/python3.10/dist-packages/pymoveit2-2.1.0-py3.10.egg-info/dependency_links.txt
[4.114s] -- Installing: /home/seema/ros2_ws/install/pymoveit2/local/lib/python3.10/dist-packages/pymoveit2-2.1.0-py3.10.egg-info/SOURCES.txt
[4.114s] -- Up-to-date: /home/seema/ros2_ws/install/pymoveit2/local/lib/python3.10/dist-packages/pymoveit2
[4.114s] -- Up-to-date: /home/seema/ros2_ws/install/pymoveit2/local/lib/python3.10/dist-packages/pymoveit2/_pymoveit2_s.ep.rosidl_typesupport_introspection_c.c
[4.114s] -- Up-to-date: /home/seema/ros2_ws/install/pymoveit2/local/lib/python3.10/dist-packages/pymoveit2/libpymoveit2__rosidl_generator_py.so
[4.114s] -- Up-to-date: /home/seema/ros2_ws/install/pymoveit2/local/lib/python3.10/dist-packages/pymoveit2/pymoveit2_s__rosidl_typesupport_c.cpython-310-x86_64-linux-gnu.so
[4.114s] -- Up-to-date: /home/seema/ros2_ws/install/pymoveit2/local/lib/python3.10/dist-packages/pymoveit2/srv
[4.114s] -- Up-to-date: /home/seema/ros2_ws/install/pymoveit2/local/lib/python3.10/dist-packages/pymoveit2/srv/_move_to_pose_s.c
[4.114s] -- Up-to-date: /home/seema/ros2_ws/install/pymoveit2/local/lib/python3.10/dist-packages/pymoveit2/srv/_move_to_pose.py
[4.115s] -- Up-to-date: /home/seema/ros2_ws/install/pymoveit2/local/lib/python3.10/dist-packages/pymoveit2/srv/__init__.py
[4.115s] -- Up-to-date: /home/seema/ros2_ws/install/pymoveit2/local/lib/python3.10/dist-packages/pymoveit2/pymoveit2_s__rosidl_typesupport_introspection_c.cpython-310-x86_64-linux-gnu.so
[4.115s] -- Up-to-date: /home/seema/ros2_ws/install/pymoveit2/local/lib/python3.10/dist-packages/pymoveit2/pymoveit2_s__rosidl_typesupport_fastrtps_c.cpython-310-x86_64-linux-gnu.so
[4.115s] -- Up-to-date: /home/seema/ros2_ws/install/pymoveit2/local/lib/python3.10/dist-packages/pymoveit2/_pymoveit2_s.ep.rosidl_typesupport_c.c
[4.115s] -- Up-to-date: /home/seema/ros2_ws/install/pymoveit2/local/lib/python3.10/dist-packages/pymoveit2/_pymoveit2_s.ep.rosidl_typesupport_fastrtps_c.c
[4.116s] -- Up-to-date: /home/seema/ros2_ws/install/pymoveit2/local/lib/python3.10/dist-packages/pymoveit2/__init__.py
[4.201s] Listing '/home/seema/ros2_ws/install/pymoveit2/local/lib/python3.10/dist-packages/pymoveit2'...
[4.201s] Listing '/home/seema/ros2_ws/install/pymoveit2/local/lib/python3.10/dist-packages/pymoveit2/srv'...
[4.201s] -- Up-to-date: /home/seema/ros2_ws/install/pymoveit2/local/lib/python3.10/dist-packages/pymoveit2/pymoveit2_s__rosidl_typesupport_fastrtps_c.cpython-310-x86_64-linux-gnu.so
[4.201s] -- Up-to-date: /home/seema/ros2_ws/install/pymoveit2/local/lib/python3.10/dist-packages/pymoveit2/pymoveit2_s__rosidl_typesupport_introspection_c.cpython-310-x86_64-linux-gnu.so
[4.201s] -- Up-to-date: /home/seema/ros2_ws/install/pymoveit2/local/lib/python3.10/dist-packages/pymoveit2/pymoveit2_s__rosidl_typesupport_c.cpython-310-x86_64-linux-gnu.so
[4.201s] -- Up-to-date: /home/seema/ros2_ws/install/pymoveit2/lib/libpymoveit2__rosidl_generator_py.so
[4.201s] -- Up-to-date: /home/seema/ros2_ws/install/pymoveit2/share/pymoveit2/srv/MoveToPose.idl
[4.201s] -- Up-to-date: /home/seema/ros2_ws/install/pymoveit2/share/pymoveit2/srv/MoveToPose.srv
[4.201s] -- Up-to-date: /home/seema/ros2_ws/install/pymoveit2/share/pymoveit2/srv/MoveToPose_Request.msg
[4.201s] -- Up-to-date: /home/seema/ros2_ws/install/pymoveit2/share/pymoveit2/srv/MoveToPose_Response.msg
[4.201s] -- Up-to-date: /home/seema/ros2_ws/install/pymoveit2/lib/pymoveit2/twist_servo_cal.py
[4.201s] -- Up-to-date: /home/seema/ros2_ws/install/pymoveit2/lib/pymoveit2/kdl_parser_py.py
[4.202s] -- Up-to-date: /home/seema/ros2_ws/install/pymoveit2/share/pymoveit2/ur5_arm.urdf
[4.202s] -- Up-to-date: /home/seema/ros2_ws/install/pymoveit2/share/pymoveit2/srv
[4.202s] -- Up-to-date: /home/seema/ros2_ws/install/pymoveit2/share/pymoveit2/srv/MoveToPose.srv
[4.202s] -- Up-to-date: /home/seema/ros2_ws/install/pymoveit2/share/ament_index/resource_index/package_run_dependencies/pymoveit2
[4.203s] -- Up-to-date: /home/seema/ros2_ws/install/pymoveit2/share/ament_index/resource_index/parent_prefix_path/pymoveit2
[4.203s] -- Up-to-date: /home/seema/ros2_ws/install/pymoveit2/share/pymoveit2/environment/ament_prefix_path.sh
[4.204s] -- Up-to-date: /home/seema/ros2_ws/install/pymoveit2/share/pymoveit2/environment/ament_prefix_path.dsv
[4.212s] -- Up-to-date: /home/seema/ros2_ws/install/pymoveit2/share/pymoveit2/environment/path.sh
[4.212s] -- Up-to-date: /home/seema/ros2_ws/install/pymoveit2/share/pymoveit2/environment/path.dsv
[4.213s] -- Up-to-date: /home/seema/ros2_ws/install/pymoveit2/share/pymoveit2/local_setup.bash
[4.213s] -- Up-to-date: /home/seema/ros2_ws/install/pymoveit2/share/pymoveit2/local_setup.sh
[4.213s] -- Up-to-date: /home/seema/ros2_ws/install/pymoveit2/share/pymoveit2/local_setup.zsh
[4.213s] -- Up-to-date: /home/seema/ros2_ws/install/pymoveit2/share/pymoveit2/local_setup.dsv
[4.213s] -- Installing: /home/seema/ros2_ws/install/pymoveit2/share/pymoveit2/package.dsv
[4.213s] -- Up-to-date: /home/seema/ros2_ws/install/pymoveit2/share/ament_index/resource_index/packages/pymoveit2
[4.213s] -- Up-to-date: /home/seema/ros2_ws/install/pymoveit2/share/pymoveit2/cmake/export_pymoveit2__rosidl_generator_cExport.cmake
[4.213s] -- Up-to-date: /home/seema/ros2_ws/install/pymoveit2/share/pymoveit2/cmake/export_pymoveit2__rosidl_generator_cExport-noconfig.cmake
[4.213s] -- Up-to-date: /home/seema/ros2_ws/install/pymoveit2/share/pymoveit2/cmake/export_pymoveit2__rosidl_typesupport_fastrtps_cExport.cmake
[4.213s] -- Up-to-date: /home/seema/ros2_ws/install/pymoveit2/share/pymoveit2/cmake/export_pymoveit2__rosidl_typesupport_fastrtps_cExport-noconfig.cmake
[4.213s] -- Up-to-date: /home/seema/ros2_ws/install/pymoveit2/share/pymoveit2/cmake/export_pymoveit2__rosidl_generator_cppExport.cmake
[4.213s] -- Up-to-date: /home/seema/ros2_ws/install/pymoveit2/share/pymoveit2/cmake/export_pymoveit2__rosidl_typesupport_fastrtps_cppExport.cmake
[4.213s] -- Up-to-date: /home/seema/ros2_ws/install/pymoveit2/share/pymoveit2/cmake/export_pymoveit2__rosidl_typesupport_fastrtps_cppExport-noconfig.cmake
[4.213s] -- Up-to-date: /home/seema/ros2_ws/install/pymoveit2/share/pymoveit2/cmake/pymoveit2__rosidl_typesupport_introspection_cExport.cmake
[4.213s] -- Up-to-date: /home/seema/ros2_ws/install/pymoveit2/share/pymoveit2/cmake/pymoveit2__rosidl_typesupport_introspection_cExport-noconfig.cmake
[4.214s] -- Up-to-date: /home/seema/ros2_ws/install/pymoveit2/share/pymoveit2/cmake/pymoveit2__rosidl_typesupport_cExport.cmake
[4.214s] -- Up-to-date: /home/seema/ros2_ws/install/pymoveit2/share/pymoveit2/cmake/pymoveit2__rosidl_typesupport_cExport-noconfig.cmake
[4.214s] -- Up-to-date: /home/seema/ros2_ws/install/pymoveit2/share/pymoveit2/cmake/pymoveit2__rosidl_typesupport_introspection_cppExport.cmake
[4.215s] -- Up-to-date: /home/seema/ros2_ws/install/pymoveit2/share/pymoveit2/cmake/pymoveit2__rosidl_typesupport_introspection_cppExport-noconfig.cmake
[4.215s] -- Up-to-date: /home/seema/ros2_ws/install/pymoveit2/share/pymoveit2/cmake/pymoveit2__rosidl_typesupport_cppExport.cmake
[4.216s] -- Up-to-date: /home/seema/ros2_ws/install/pymoveit2/share/pymoveit2/cmake/pymoveit2__rosidl_typesupport_cppExport-noconfig.cmake
[4.220s] -- Up-to-date: /home/seema/ros2_ws/install/pymoveit2/share/pymoveit2/cmake/export_pymoveit2__rosidl_generator_pyExport.cmake
[4.223s] -- Up-to-date: /home/seema/ros2_ws/install/pymoveit2/share/pymoveit2/cmake/export_pymoveit2__rosidl_generator_pyExport-noconfig.cmake
[4.225s] -- Up-to-date: /home/seema/ros2_ws/install/pymoveit2/share/pymoveit2/cmake/rosidl_cmake-extras.cmake
[4.226s] -- Up-to-date: /home/seema/ros2_ws/install/pymoveit2/share/pymoveit2/cmake/ament_cmake_export_include_directories-extras.cmake
[4.226s] -- Up-to-date: /home/seema/ros2_ws/install/pymoveit2/share/pymoveit2/cmake/ament_cmake_export_libraries-extras.cmake
[4.227s] -- Up-to-date: /home/seema/ros2_ws/install/pymoveit2/share/pymoveit2/cmake/ament_cmake_export_targets-extras.cmake
[4.227s] -- Up-to-date: /home/seema/ros2_ws/install/pymoveit2/share/pymoveit2/cmake/rosidl_cmake_export_typesupport_targets-extras.cmake
[4.227s] -- Up-to-date: /home/seema/ros2_ws/install/pymoveit2/share/pymoveit2/cmake/ament_cmake_export_dependencies-extras.cmake
[4.227s] -- Up-to-date: /home/seema/ros2_ws/install/pymoveit2/share/pymoveit2/cmake/rosidl_cmake_export_typesupport_libraries-extras.cmake
[4.227s] -- Up-to-date: /home/seema/ros2_ws/install/pymoveit2/share/pymoveit2/cmake/pymoveit2Config.cmake
[4.227s] -- Up-to-date: /home/seema/ros2_ws/install/pymoveit2/share/pymoveit2/cmake/pymoveit2Config-version.cmake
[4.227s] -- Up-to-date: /home/seema/ros2_ws/install/pymoveit2/share/pymoveit2/package.xml
[4.250s] Invoked command in '/home/seema/ros2_ws/build/pymoveit2' returned '0': CMAKE_PREFIX_PATH=/opt/ros/humble /usr/bin/cmake --install /home/seema/ros2_ws/build/pymoveit2
