[2.955s] Invoking command in '/home/seema/ros2_ws/src/eyrc-25-26-krishi-cobot/ebot_controller': PYTHONPATH=/home/seema/ros2_ws/build/ebot_controller/prefix_override:/usr/lib/python3/dist-packages/colcon_core/task/python/colcon_distutils_commands:/home/seema/ros2_ws/install/ebot_controller/lib/python3.10/site-packages:${PYTHONPATH} /usr/bin/python3 -W ignore:setup.py install is deprecated -W ignore:easy_install command is deprecated setup.py egg_info --egg-base ../../../build/ebot_controller build --build-base /home/seema/ros2_ws/build/ebot_controller/build install --record /home/seema/ros2_ws/build/ebot_controller/install.log --single-version-externally-managed install_data
[3.861s] running egg_info
[3.864s] writing ../../../build/ebot_controller/ebot_controller.egg-info/PKG-INFO
[3.864s] writing dependency_links to ../../../build/ebot_controller/ebot_controller.egg-info/dependency_links.txt
[3.864s] writing entry points to ../../../build/ebot_controller/ebot_controller.egg-info/entry_points.txt
[3.864s] writing requirements to ../../../build/ebot_controller/ebot_controller.egg-info/requires.txt
[3.864s] writing top-level names to ../../../build/ebot_controller/ebot_controller.egg-info/top_level.txt
[3.875s] reading manifest file '../../../build/ebot_controller/ebot_controller.egg-info/SOURCES.txt'
[3.877s] writing manifest file '../../../build/ebot_controller/ebot_controller.egg-info/SOURCES.txt'
[3.877s] running build
[3.878s] running build_py
[3.878s] copying ebot_controller/ebot_nav.py -> /home/seema/ros2_ws/build/ebot_controller/build/lib/ebot_controller
[3.879s] running install
[3.879s] running install_lib
[3.880s] copying /home/seema/ros2_ws/build/ebot_controller/build/lib/ebot_controller/ebot_nav.py -> /home/seema/ros2_ws/install/ebot_controller/lib/python3.10/site-packages/ebot_controller
[3.882s] byte-compiling /home/seema/ros2_ws/install/ebot_controller/lib/python3.10/site-packages/ebot_controller/ebot_nav.py to ebot_nav.cpython-310.pyc
[3.893s] running install_data
[3.893s] running install_egg_info
[3.895s] removing '/home/seema/ros2_ws/install/ebot_controller/lib/python3.10/site-packages/ebot_controller-0.0.0-py3.10.egg-info' (and everything under it)
[3.896s] Copying ../../../build/ebot_controller/ebot_controller.egg-info to /home/seema/ros2_ws/install/ebot_controller/lib/python3.10/site-packages/ebot_controller-0.0.0-py3.10.egg-info
[3.897s] running install_scripts
[3.966s] Installing ebot_nav script to /home/seema/ros2_ws/install/ebot_controller/lib/ebot_controller
[3.966s] writing list of installed files to '/home/seema/ros2_ws/build/ebot_controller/install.log'
[4.038s] Invoked command in '/home/seema/ros2_ws/src/eyrc-25-26-krishi-cobot/ebot_controller' returned '0': PYTHONPATH=/home/seema/ros2_ws/build/ebot_controller/prefix_override:/usr/lib/python3/dist-packages/colcon_core/task/python/colcon_distutils_commands:/home/seema/ros2_ws/install/ebot_controller/lib/python3.10/site-packages:${PYTHONPATH} /usr/bin/python3 -W ignore:setup.py install is deprecated -W ignore:easy_install command is deprecated setup.py egg_info --egg-base ../../../build/ebot_controller build --build-base /home/seema/ros2_ws/build/ebot_controller/build install --record /home/seema/ros2_ws/build/ebot_controller/install.log --single-version-externally-managed install_data
