[0.052s] Invoking command in '/home/seema/ros2_ws/build/examples_rclcpp_minimal_composition': CMAKE_PREFIX_PATH=${CMAKE_PREFIX_PATH}:/home/seema/ros2_ws/install/turtlesim_launch:/home/seema/ros2_ws/install/my_py_pkg:/home/seema/ros2_ws/install/launch_testing_examples:/home/seema/ros2_ws/install/examples_rclpy_pointcloud_publisher:/home/seema/ros2_ws/install/examples_rclpy_minimal_subscriber:/home/seema/ros2_ws/install/examples_rclpy_minimal_service:/home/seema/ros2_ws/install/examples_rclpy_minimal_publisher:/home/seema/ros2_ws/install/examples_rclpy_minimal_client:/home/seema/ros2_ws/install/examples_rclpy_minimal_action_server:/home/seema/ros2_ws/install/examples_rclpy_minimal_action_client:/home/seema/ros2_ws/install/examples_rclpy_guard_conditions:/home/seema/ros2_ws/install/examples_rclpy_executors:/opt/ros/humble /usr/bin/cmake --build /home/seema/ros2_ws/build/examples_rclcpp_minimal_composition -- -j16 -l16
[0.571s] [ 33%] Built target composition_nodes
[0.571s] [ 55%] Built target composition_publisher
[0.571s] [ 77%] Built target composition_composed
[0.571s] [100%] Built target composition_subscriber
[0.613s] Invoked command in '/home/seema/ros2_ws/build/examples_rclcpp_minimal_composition' returned '0': CMAKE_PREFIX_PATH=${CMAKE_PREFIX_PATH}:/home/seema/ros2_ws/install/turtlesim_launch:/home/seema/ros2_ws/install/my_py_pkg:/home/seema/ros2_ws/install/launch_testing_examples:/home/seema/ros2_ws/install/examples_rclpy_pointcloud_publisher:/home/seema/ros2_ws/install/examples_rclpy_minimal_subscriber:/home/seema/ros2_ws/install/examples_rclpy_minimal_service:/home/seema/ros2_ws/install/examples_rclpy_minimal_publisher:/home/seema/ros2_ws/install/examples_rclpy_minimal_client:/home/seema/ros2_ws/install/examples_rclpy_minimal_action_server:/home/seema/ros2_ws/install/examples_rclpy_minimal_action_client:/home/seema/ros2_ws/install/examples_rclpy_guard_conditions:/home/seema/ros2_ws/install/examples_rclpy_executors:/opt/ros/humble /usr/bin/cmake --build /home/seema/ros2_ws/build/examples_rclcpp_minimal_composition -- -j16 -l16
[0.615s] Invoking command in '/home/seema/ros2_ws/build/examples_rclcpp_minimal_composition': CMAKE_PREFIX_PATH=${CMAKE_PREFIX_PATH}:/home/seema/ros2_ws/install/turtlesim_launch:/home/seema/ros2_ws/install/my_py_pkg:/home/seema/ros2_ws/install/launch_testing_examples:/home/seema/ros2_ws/install/examples_rclpy_pointcloud_publisher:/home/seema/ros2_ws/install/examples_rclpy_minimal_subscriber:/home/seema/ros2_ws/install/examples_rclpy_minimal_service:/home/seema/ros2_ws/install/examples_rclpy_minimal_publisher:/home/seema/ros2_ws/install/examples_rclpy_minimal_client:/home/seema/ros2_ws/install/examples_rclpy_minimal_action_server:/home/seema/ros2_ws/install/examples_rclpy_minimal_action_client:/home/seema/ros2_ws/install/examples_rclpy_guard_conditions:/home/seema/ros2_ws/install/examples_rclpy_executors:/opt/ros/humble /usr/bin/cmake --install /home/seema/ros2_ws/build/examples_rclcpp_minimal_composition
[0.648s] -- Install configuration: ""
[0.649s] -- Execute custom install script
[0.649s] -- Up-to-date symlink: /home/seema/ros2_ws/install/examples_rclcpp_minimal_composition/share/examples_rclcpp_minimal_composition/environment/library_path.sh
[0.649s] -- Up-to-date symlink: /home/seema/ros2_ws/install/examples_rclcpp_minimal_composition/share/examples_rclcpp_minimal_composition/environment/library_path.dsv
[0.649s] -- Up-to-date symlink: /home/seema/ros2_ws/install/examples_rclcpp_minimal_composition/lib/libcomposition_nodes.so
[0.649s] -- Up-to-date symlink: /home/seema/ros2_ws/install/examples_rclcpp_minimal_composition/lib/examples_rclcpp_minimal_composition/composition_publisher
[0.649s] -- Up-to-date symlink: /home/seema/ros2_ws/install/examples_rclcpp_minimal_composition/lib/examples_rclcpp_minimal_composition/composition_subscriber
[0.649s] -- Up-to-date symlink: /home/seema/ros2_ws/install/examples_rclcpp_minimal_composition/lib/examples_rclcpp_minimal_composition/composition_composed
[0.649s] -- Up-to-date symlink: /home/seema/ros2_ws/install/examples_rclcpp_minimal_composition/share/ament_index/resource_index/package_run_dependencies/examples_rclcpp_minimal_composition
[0.650s] -- Up-to-date symlink: /home/seema/ros2_ws/install/examples_rclcpp_minimal_composition/share/ament_index/resource_index/parent_prefix_path/examples_rclcpp_minimal_composition
[0.650s] -- Up-to-date symlink: /home/seema/ros2_ws/install/examples_rclcpp_minimal_composition/share/examples_rclcpp_minimal_composition/environment/ament_prefix_path.sh
[0.650s] -- Up-to-date symlink: /home/seema/ros2_ws/install/examples_rclcpp_minimal_composition/share/examples_rclcpp_minimal_composition/environment/ament_prefix_path.dsv
[0.650s] -- Up-to-date symlink: /home/seema/ros2_ws/install/examples_rclcpp_minimal_composition/share/examples_rclcpp_minimal_composition/environment/path.sh
[0.650s] -- Up-to-date symlink: /home/seema/ros2_ws/install/examples_rclcpp_minimal_composition/share/examples_rclcpp_minimal_composition/environment/path.dsv
[0.650s] -- Up-to-date symlink: /home/seema/ros2_ws/install/examples_rclcpp_minimal_composition/share/examples_rclcpp_minimal_composition/local_setup.bash
[0.650s] -- Up-to-date symlink: /home/seema/ros2_ws/install/examples_rclcpp_minimal_composition/share/examples_rclcpp_minimal_composition/local_setup.sh
[0.651s] -- Up-to-date symlink: /home/seema/ros2_ws/install/examples_rclcpp_minimal_composition/share/examples_rclcpp_minimal_composition/local_setup.zsh
[0.651s] -- Up-to-date symlink: /home/seema/ros2_ws/install/examples_rclcpp_minimal_composition/share/examples_rclcpp_minimal_composition/local_setup.dsv
[0.651s] -- Symlinking: /home/seema/ros2_ws/install/examples_rclcpp_minimal_composition/share/examples_rclcpp_minimal_composition/package.dsv
[0.657s] -- Up-to-date symlink: /home/seema/ros2_ws/install/examples_rclcpp_minimal_composition/share/ament_index/resource_index/packages/examples_rclcpp_minimal_composition
[0.657s] -- Up-to-date symlink: /home/seema/ros2_ws/install/examples_rclcpp_minimal_composition/share/examples_rclcpp_minimal_composition/cmake/examples_rclcpp_minimal_compositionConfig.cmake
[0.657s] -- Up-to-date symlink: /home/seema/ros2_ws/install/examples_rclcpp_minimal_composition/share/examples_rclcpp_minimal_composition/cmake/examples_rclcpp_minimal_compositionConfig-version.cmake
[0.657s] -- Up-to-date symlink: /home/seema/ros2_ws/install/examples_rclcpp_minimal_composition/share/examples_rclcpp_minimal_composition/package.xml
[0.840s] Invoked command in '/home/seema/ros2_ws/build/examples_rclcpp_minimal_composition' returned '0': CMAKE_PREFIX_PATH=${CMAKE_PREFIX_PATH}:/home/seema/ros2_ws/install/turtlesim_launch:/home/seema/ros2_ws/install/my_py_pkg:/home/seema/ros2_ws/install/launch_testing_examples:/home/seema/ros2_ws/install/examples_rclpy_pointcloud_publisher:/home/seema/ros2_ws/install/examples_rclpy_minimal_subscriber:/home/seema/ros2_ws/install/examples_rclpy_minimal_service:/home/seema/ros2_ws/install/examples_rclpy_minimal_publisher:/home/seema/ros2_ws/install/examples_rclpy_minimal_client:/home/seema/ros2_ws/install/examples_rclpy_minimal_action_server:/home/seema/ros2_ws/install/examples_rclpy_minimal_action_client:/home/seema/ros2_ws/install/examples_rclpy_guard_conditions:/home/seema/ros2_ws/install/examples_rclpy_executors:/opt/ros/humble /usr/bin/cmake --install /home/seema/ros2_ws/build/examples_rclcpp_minimal_composition
