[0.053s] Invoking command in '/home/seema/ros2_ws/src/build/examples_rclcpp_multithreaded_executor': CMAKE_PREFIX_PATH=/opt/ros/humble /usr/bin/cmake /home/seema/ros2_ws/src/examples/rclcpp/executors/multithreaded_executor -DAMENT_CMAKE_SYMLINK_INSTALL=1 -DCMAKE_INSTALL_PREFIX=/home/seema/ros2_ws/src/install/examples_rclcpp_multithreaded_executor
[1.809s] -- The C compiler identification is GNU 11.4.0
[1.810s] -- The CXX compiler identification is GNU 11.4.0
[1.810s] -- Detecting C compiler ABI info
[1.810s] -- Detecting C compiler ABI info - done
[1.811s] -- Check for working C compiler: /usr/bin/cc - skipped
[1.811s] -- Detecting C compile features
[1.811s] -- Detecting C compile features - done
[1.812s] -- Detecting CXX compiler ABI info
[1.812s] -- Detecting CXX compiler ABI info - done
[1.812s] -- Check for working CXX compiler: /usr/bin/c++ - skipped
[1.813s] -- Detecting CXX compile features
[1.816s] -- Detecting CXX compile features - done
[1.817s] -- Found ament_cmake: 1.3.12 (/opt/ros/humble/share/ament_cmake/cmake)
[1.817s] -- Found Python3: /usr/bin/python3 (found version "3.10.12") found components: Interpreter 
[1.818s] -- Override CMake install command with custom implementation using symlinks instead of copying resources
[1.818s] -- Found rclcpp: 16.0.14 (/opt/ros/humble/share/rclcpp/cmake)
[1.818s] -- Found rosidl_generator_c: 3.1.7 (/opt/ros/humble/share/rosidl_generator_c/cmake)
[1.822s] -- Found rosidl_adapter: 3.1.7 (/opt/ros/humble/share/rosidl_adapter/cmake)
[1.823s] -- Found rosidl_generator_cpp: 3.1.7 (/opt/ros/humble/share/rosidl_generator_cpp/cmake)
[1.823s] -- Using all available rosidl_typesupport_c: rosidl_typesupport_fastrtps_c;rosidl_typesupport_introspection_c
[1.823s] -- Using all available rosidl_typesupport_cpp: rosidl_typesupport_fastrtps_cpp;rosidl_typesupport_introspection_cpp
[1.824s] -- Found rmw_implementation_cmake: 6.1.2 (/opt/ros/humble/share/rmw_implementation_cmake/cmake)
[1.824s] -- Found rmw_fastrtps_cpp: 6.2.8 (/opt/ros/humble/share/rmw_fastrtps_cpp/cmake)
[1.825s] -- Found OpenSSL: /usr/lib/x86_64-linux-gnu/libcrypto.so (found version "3.0.2")  
[1.825s] -- Found FastRTPS: /opt/ros/humble/include  
[1.825s] -- Using RMW implementation 'rmw_fastrtps_cpp' as default
[1.826s] -- Looking for pthread.h
[1.829s] -- Looking for pthread.h - found
[1.830s] -- Performing Test CMAKE_HAVE_LIBC_PTHREAD
[1.830s] -- Performing Test CMAKE_HAVE_LIBC_PTHREAD - Success
[1.831s] -- Found Threads: TRUE  
[1.844s] -- Found ament_lint_auto: 0.12.14 (/opt/ros/humble/share/ament_lint_auto/cmake)
[2.540s] -- Added test 'copyright' to check source files copyright and LICENSE
[2.543s] -- Added test 'cppcheck' to perform static code analysis on C / C++ code
[2.561s] -- Configured cppcheck include dirs: 
[2.561s] -- Configured cppcheck exclude dirs and/or files: 
[2.561s] -- Added test 'cpplint' to check C / C++ code against the Google style
[2.564s] -- Configured cpplint exclude dirs and/or files: 
[2.565s] -- Added test 'lint_cmake' to check CMake code style
[2.575s] -- Added test 'uncrustify' to check C / C++ code style
[2.575s] -- Configured uncrustify additional arguments: 
[2.577s] -- Added test 'xmllint' to check XML markup files
[2.595s] -- Configuring done
[2.689s] -- Generating done
[2.740s] -- Build files have been written to: /home/seema/ros2_ws/src/build/examples_rclcpp_multithreaded_executor
[2.841s] Invoked command in '/home/seema/ros2_ws/src/build/examples_rclcpp_multithreaded_executor' returned '0': CMAKE_PREFIX_PATH=/opt/ros/humble /usr/bin/cmake /home/seema/ros2_ws/src/examples/rclcpp/executors/multithreaded_executor -DAMENT_CMAKE_SYMLINK_INSTALL=1 -DCMAKE_INSTALL_PREFIX=/home/seema/ros2_ws/src/install/examples_rclcpp_multithreaded_executor
[2.842s] Invoking command in '/home/seema/ros2_ws/src/build/examples_rclcpp_multithreaded_executor': CMAKE_PREFIX_PATH=/opt/ros/humble /usr/bin/cmake --build /home/seema/ros2_ws/src/build/examples_rclcpp_multithreaded_executor -- -j16 -l16
[5.550s] [ 50%] [32mBuilding CXX object CMakeFiles/multithreaded_executor.dir/multithreaded_executor.cpp.o[0m
