[0.151s] Invoking command in '/home/seema/ros2_ws/build/ur_simulation_gz': AMENT_PREFIX_PATH=/home/seema/ros2_ws/install/ur_description:${AMENT_PREFIX_PATH} CMAKE_PREFIX_PATH=/home/seema/ros2_ws/install/ur_description:/opt/ros/humble /usr/bin/cmake --build /home/seema/ros2_ws/build/ur_simulation_gz -- -j16 -l16
[0.323s] Invoked command in '/home/seema/ros2_ws/build/ur_simulation_gz' returned '0': AMENT_PREFIX_PATH=/home/seema/ros2_ws/install/ur_description:${AMENT_PREFIX_PATH} CMAKE_PREFIX_PATH=/home/seema/ros2_ws/install/ur_description:/opt/ros/humble /usr/bin/cmake --build /home/seema/ros2_ws/build/ur_simulation_gz -- -j16 -l16
[0.328s] Invoking command in '/home/seema/ros2_ws/build/ur_simulation_gz': AMENT_PREFIX_PATH=/home/seema/ros2_ws/install/ur_description:${AMENT_PREFIX_PATH} CMAKE_PREFIX_PATH=/home/seema/ros2_ws/install/ur_description:/opt/ros/humble /usr/bin/cmake --install /home/seema/ros2_ws/build/ur_simulation_gz
[0.337s] -- Install configuration: ""
[0.337s] -- Up-to-date: /home/seema/ros2_ws/install/ur_simulation_gz/share/ur_simulation_gz/config
[0.337s] -- Up-to-date: /home/seema/ros2_ws/install/ur_simulation_gz/share/ur_simulation_gz/config/ur_controllers.yaml
[0.337s] -- Up-to-date: /home/seema/ros2_ws/install/ur_simulation_gz/share/ur_simulation_gz/launch
[0.337s] -- Up-to-date: /home/seema/ros2_ws/install/ur_simulation_gz/share/ur_simulation_gz/launch/spawn_arm.launch.py
[0.337s] -- Up-to-date: /home/seema/ros2_ws/install/ur_simulation_gz/share/ament_index/resource_index/package_run_dependencies/ur_simulation_gz
[0.337s] -- Up-to-date: /home/seema/ros2_ws/install/ur_simulation_gz/share/ament_index/resource_index/parent_prefix_path/ur_simulation_gz
[0.338s] -- Up-to-date: /home/seema/ros2_ws/install/ur_simulation_gz/share/ur_simulation_gz/environment/ament_prefix_path.sh
[0.338s] -- Up-to-date: /home/seema/ros2_ws/install/ur_simulation_gz/share/ur_simulation_gz/environment/ament_prefix_path.dsv
[0.341s] -- Up-to-date: /home/seema/ros2_ws/install/ur_simulation_gz/share/ur_simulation_gz/environment/path.sh
[0.342s] -- Up-to-date: /home/seema/ros2_ws/install/ur_simulation_gz/share/ur_simulation_gz/environment/path.dsv
[0.343s] -- Up-to-date: /home/seema/ros2_ws/install/ur_simulation_gz/share/ur_simulation_gz/local_setup.bash
[0.343s] -- Up-to-date: /home/seema/ros2_ws/install/ur_simulation_gz/share/ur_simulation_gz/local_setup.sh
[0.362s] -- Up-to-date: /home/seema/ros2_ws/install/ur_simulation_gz/share/ur_simulation_gz/local_setup.zsh
[0.362s] -- Up-to-date: /home/seema/ros2_ws/install/ur_simulation_gz/share/ur_simulation_gz/local_setup.dsv
[0.362s] -- Installing: /home/seema/ros2_ws/install/ur_simulation_gz/share/ur_simulation_gz/package.dsv
[0.362s] -- Up-to-date: /home/seema/ros2_ws/install/ur_simulation_gz/share/ament_index/resource_index/packages/ur_simulation_gz
[0.362s] -- Up-to-date: /home/seema/ros2_ws/install/ur_simulation_gz/share/ur_simulation_gz/cmake/ur_simulation_gzConfig.cmake
[0.369s] -- Up-to-date: /home/seema/ros2_ws/install/ur_simulation_gz/share/ur_simulation_gz/cmake/ur_simulation_gzConfig-version.cmake
[0.369s] -- Up-to-date: /home/seema/ros2_ws/install/ur_simulation_gz/share/ur_simulation_gz/package.xml
[0.370s] Invoked command in '/home/seema/ros2_ws/build/ur_simulation_gz' returned '0': AMENT_PREFIX_PATH=/home/seema/ros2_ws/install/ur_description:${AMENT_PREFIX_PATH} CMAKE_PREFIX_PATH=/home/seema/ros2_ws/install/ur_description:/opt/ros/humble /usr/bin/cmake --install /home/seema/ros2_ws/build/ur_simulation_gz
