[0.195s] Invoking command in '/home/seema/ros2_ws/build/examples_rclcpp_minimal_action_client': CMAKE_PREFIX_PATH=${CMAKE_PREFIX_PATH}:/home/seema/ros2_ws/install/turtlesim_launch:/home/seema/ros2_ws/install/my_py_pkg:/home/seema/ros2_ws/install/launch_testing_examples:/home/seema/ros2_ws/install/examples_rclpy_pointcloud_publisher:/home/seema/ros2_ws/install/examples_rclpy_minimal_subscriber:/home/seema/ros2_ws/install/examples_rclpy_minimal_service:/home/seema/ros2_ws/install/examples_rclpy_minimal_publisher:/home/seema/ros2_ws/install/examples_rclpy_minimal_client:/home/seema/ros2_ws/install/examples_rclpy_minimal_action_server:/home/seema/ros2_ws/install/examples_rclpy_minimal_action_client:/home/seema/ros2_ws/install/examples_rclpy_guard_conditions:/home/seema/ros2_ws/install/examples_rclpy_executors:/opt/ros/humble /usr/bin/cmake --build /home/seema/ros2_ws/build/examples_rclcpp_minimal_action_client -- -j16 -l16
[0.478s] [ 25%] Built target action_client_member_functions
[0.478s] [ 50%] Built target action_client_not_composable_with_cancel
[0.479s] [ 75%] Built target action_client_not_composable_with_feedback
[0.479s] [100%] Built target action_client_not_composable
[0.494s] Invoked command in '/home/seema/ros2_ws/build/examples_rclcpp_minimal_action_client' returned '0': CMAKE_PREFIX_PATH=${CMAKE_PREFIX_PATH}:/home/seema/ros2_ws/install/turtlesim_launch:/home/seema/ros2_ws/install/my_py_pkg:/home/seema/ros2_ws/install/launch_testing_examples:/home/seema/ros2_ws/install/examples_rclpy_pointcloud_publisher:/home/seema/ros2_ws/install/examples_rclpy_minimal_subscriber:/home/seema/ros2_ws/install/examples_rclpy_minimal_service:/home/seema/ros2_ws/install/examples_rclpy_minimal_publisher:/home/seema/ros2_ws/install/examples_rclpy_minimal_client:/home/seema/ros2_ws/install/examples_rclpy_minimal_action_server:/home/seema/ros2_ws/install/examples_rclpy_minimal_action_client:/home/seema/ros2_ws/install/examples_rclpy_guard_conditions:/home/seema/ros2_ws/install/examples_rclpy_executors:/opt/ros/humble /usr/bin/cmake --build /home/seema/ros2_ws/build/examples_rclcpp_minimal_action_client -- -j16 -l16
[0.495s] Invoking command in '/home/seema/ros2_ws/build/examples_rclcpp_minimal_action_client': CMAKE_PREFIX_PATH=${CMAKE_PREFIX_PATH}:/home/seema/ros2_ws/install/turtlesim_launch:/home/seema/ros2_ws/install/my_py_pkg:/home/seema/ros2_ws/install/launch_testing_examples:/home/seema/ros2_ws/install/examples_rclpy_pointcloud_publisher:/home/seema/ros2_ws/install/examples_rclpy_minimal_subscriber:/home/seema/ros2_ws/install/examples_rclpy_minimal_service:/home/seema/ros2_ws/install/examples_rclpy_minimal_publisher:/home/seema/ros2_ws/install/examples_rclpy_minimal_client:/home/seema/ros2_ws/install/examples_rclpy_minimal_action_server:/home/seema/ros2_ws/install/examples_rclpy_minimal_action_client:/home/seema/ros2_ws/install/examples_rclpy_guard_conditions:/home/seema/ros2_ws/install/examples_rclpy_executors:/opt/ros/humble /usr/bin/cmake --install /home/seema/ros2_ws/build/examples_rclcpp_minimal_action_client
[0.563s] -- Install configuration: ""
[0.563s] -- Execute custom install script
[0.563s] -- Up-to-date symlink: /home/seema/ros2_ws/install/examples_rclcpp_minimal_action_client/lib/examples_rclcpp_minimal_action_client/action_client_member_functions
[0.563s] -- Up-to-date symlink: /home/seema/ros2_ws/install/examples_rclcpp_minimal_action_client/lib/examples_rclcpp_minimal_action_client/action_client_not_composable
[0.563s] -- Up-to-date symlink: /home/seema/ros2_ws/install/examples_rclcpp_minimal_action_client/lib/examples_rclcpp_minimal_action_client/action_client_not_composable_with_cancel
[0.563s] -- Up-to-date symlink: /home/seema/ros2_ws/install/examples_rclcpp_minimal_action_client/lib/examples_rclcpp_minimal_action_client/action_client_not_composable_with_feedback
[0.563s] -- Up-to-date symlink: /home/seema/ros2_ws/install/examples_rclcpp_minimal_action_client/share/ament_index/resource_index/package_run_dependencies/examples_rclcpp_minimal_action_client
[0.563s] -- Up-to-date symlink: /home/seema/ros2_ws/install/examples_rclcpp_minimal_action_client/share/ament_index/resource_index/parent_prefix_path/examples_rclcpp_minimal_action_client
[0.563s] -- Up-to-date symlink: /home/seema/ros2_ws/install/examples_rclcpp_minimal_action_client/share/examples_rclcpp_minimal_action_client/environment/ament_prefix_path.sh
[0.563s] -- Up-to-date symlink: /home/seema/ros2_ws/install/examples_rclcpp_minimal_action_client/share/examples_rclcpp_minimal_action_client/environment/ament_prefix_path.dsv
[0.563s] -- Up-to-date symlink: /home/seema/ros2_ws/install/examples_rclcpp_minimal_action_client/share/examples_rclcpp_minimal_action_client/environment/path.sh
[0.563s] -- Up-to-date symlink: /home/seema/ros2_ws/install/examples_rclcpp_minimal_action_client/share/examples_rclcpp_minimal_action_client/environment/path.dsv
[0.563s] -- Up-to-date symlink: /home/seema/ros2_ws/install/examples_rclcpp_minimal_action_client/share/examples_rclcpp_minimal_action_client/local_setup.bash
[0.563s] -- Up-to-date symlink: /home/seema/ros2_ws/install/examples_rclcpp_minimal_action_client/share/examples_rclcpp_minimal_action_client/local_setup.sh
[0.564s] -- Up-to-date symlink: /home/seema/ros2_ws/install/examples_rclcpp_minimal_action_client/share/examples_rclcpp_minimal_action_client/local_setup.zsh
[0.564s] -- Up-to-date symlink: /home/seema/ros2_ws/install/examples_rclcpp_minimal_action_client/share/examples_rclcpp_minimal_action_client/local_setup.dsv
[0.564s] -- Symlinking: /home/seema/ros2_ws/install/examples_rclcpp_minimal_action_client/share/examples_rclcpp_minimal_action_client/package.dsv
[0.564s] -- Up-to-date symlink: /home/seema/ros2_ws/install/examples_rclcpp_minimal_action_client/share/ament_index/resource_index/packages/examples_rclcpp_minimal_action_client
[0.564s] -- Up-to-date symlink: /home/seema/ros2_ws/install/examples_rclcpp_minimal_action_client/share/examples_rclcpp_minimal_action_client/cmake/examples_rclcpp_minimal_action_clientConfig.cmake
[0.564s] -- Up-to-date symlink: /home/seema/ros2_ws/install/examples_rclcpp_minimal_action_client/share/examples_rclcpp_minimal_action_client/cmake/examples_rclcpp_minimal_action_clientConfig-version.cmake
[0.564s] -- Up-to-date symlink: /home/seema/ros2_ws/install/examples_rclcpp_minimal_action_client/share/examples_rclcpp_minimal_action_client/package.xml
[0.588s] Invoked command in '/home/seema/ros2_ws/build/examples_rclcpp_minimal_action_client' returned '0': CMAKE_PREFIX_PATH=${CMAKE_PREFIX_PATH}:/home/seema/ros2_ws/install/turtlesim_launch:/home/seema/ros2_ws/install/my_py_pkg:/home/seema/ros2_ws/install/launch_testing_examples:/home/seema/ros2_ws/install/examples_rclpy_pointcloud_publisher:/home/seema/ros2_ws/install/examples_rclpy_minimal_subscriber:/home/seema/ros2_ws/install/examples_rclpy_minimal_service:/home/seema/ros2_ws/install/examples_rclpy_minimal_publisher:/home/seema/ros2_ws/install/examples_rclpy_minimal_client:/home/seema/ros2_ws/install/examples_rclpy_minimal_action_server:/home/seema/ros2_ws/install/examples_rclpy_minimal_action_client:/home/seema/ros2_ws/install/examples_rclpy_guard_conditions:/home/seema/ros2_ws/install/examples_rclpy_executors:/opt/ros/humble /usr/bin/cmake --install /home/seema/ros2_ws/build/examples_rclcpp_minimal_action_client
