[1.469s] Invoking command in '/home/seema/ros2_ws/build/pymoveit2': CMAKE_PREFIX_PATH=${CMAKE_PREFIX_PATH}:/home/seema/ros2_ws/install/turtlesim_launch:/home/seema/ros2_ws/install/my_py_pkg:/home/seema/ros2_ws/install/launch_testing_examples:/home/seema/ros2_ws/install/examples_rclpy_pointcloud_publisher:/home/seema/ros2_ws/install/examples_rclpy_minimal_subscriber:/home/seema/ros2_ws/install/examples_rclpy_minimal_service:/home/seema/ros2_ws/install/examples_rclpy_minimal_publisher:/home/seema/ros2_ws/install/examples_rclpy_minimal_client:/home/seema/ros2_ws/install/examples_rclpy_minimal_action_server:/home/seema/ros2_ws/install/examples_rclpy_minimal_action_client:/home/seema/ros2_ws/install/examples_rclpy_guard_conditions:/home/seema/ros2_ws/install/examples_rclpy_executors:/opt/ros/humble /usr/bin/cmake /home/seema/ros2_ws/src/eyrc-25-26-krishi-cobot/pymoveit2 -DCMAKE_INSTALL_PREFIX=/home/seema/ros2_ws/install/pymoveit2
[1.649s] -- The C compiler identification is GNU 11.4.0
[1.649s] -- The CXX compiler identification is GNU 11.4.0
[1.650s] -- Detecting C compiler ABI info
[1.650s] -- Detecting C compiler ABI info - done
[1.650s] -- Check for working C compiler: /usr/bin/cc - skipped
[1.650s] -- Detecting C compile features
[1.650s] -- Detecting C compile features - done
[1.650s] -- Detecting CXX compiler ABI info
[1.753s] -- Detecting CXX compiler ABI info - done
[1.803s] -- Check for working CXX compiler: /usr/bin/c++ - skipped
[1.804s] -- Detecting CXX compile features
[1.804s] -- Detecting CXX compile features - done
[1.835s] -- Found ament_cmake: 1.3.12 (/opt/ros/humble/share/ament_cmake/cmake)
[2.218s] -- Found Python3: /usr/bin/python3 (found version "3.10.12") found components: Interpreter 
[2.374s] -- Found rclcpp: 16.0.14 (/opt/ros/humble/share/rclcpp/cmake)
[2.435s] -- Found rosidl_generator_c: 3.1.7 (/opt/ros/humble/share/rosidl_generator_c/cmake)
[2.444s] -- Found rosidl_adapter: 3.1.7 (/opt/ros/humble/share/rosidl_adapter/cmake)
[2.458s] -- Found rosidl_generator_cpp: 3.1.7 (/opt/ros/humble/share/rosidl_generator_cpp/cmake)
[2.474s] -- Using all available rosidl_typesupport_c: rosidl_typesupport_fastrtps_c;rosidl_typesupport_introspection_c
[2.498s] -- Using all available rosidl_typesupport_cpp: rosidl_typesupport_fastrtps_cpp;rosidl_typesupport_introspection_cpp
[2.574s] -- Found rmw_implementation_cmake: 6.1.2 (/opt/ros/humble/share/rmw_implementation_cmake/cmake)
[2.580s] -- Found rmw_fastrtps_cpp: 6.2.8 (/opt/ros/humble/share/rmw_fastrtps_cpp/cmake)
[2.691s] -- Found OpenSSL: /usr/lib/x86_64-linux-gnu/libcrypto.so (found version "3.0.2")  
[2.736s] -- Found FastRTPS: /opt/ros/humble/include  
[2.824s] -- Using RMW implementation 'rmw_fastrtps_cpp' as default
[2.848s] -- Looking for pthread.h
[2.946s] -- Looking for pthread.h - found
[2.946s] -- Performing Test CMAKE_HAVE_LIBC_PTHREAD
[3.031s] -- Performing Test CMAKE_HAVE_LIBC_PTHREAD - Success
[3.033s] -- Found Threads: TRUE  
[3.088s] -- Found sensor_msgs: 4.9.0 (/opt/ros/humble/share/sensor_msgs/cmake)
[3.123s] -- Found trajectory_msgs: 4.9.0 (/opt/ros/humble/share/trajectory_msgs/cmake)
[3.140s] -- Found kdl_parser: 2.6.4 (/opt/ros/humble/share/kdl_parser/cmake)
[3.157s] -- Found eigen3_cmake_module: 0.1.1 (/opt/ros/humble/share/eigen3_cmake_module/cmake)
[3.158s] -- Found Eigen3: TRUE (found version "3.4.0") 
[3.158s] -- Ensuring Eigen3 include directory is part of orocos-kdl CMake target
[3.164s] -- Found urdf: 2.6.1 (/opt/ros/humble/share/urdf/cmake)
[3.197s] -- Found rosidl_default_generators: 1.2.0 (/opt/ros/humble/share/rosidl_default_generators/cmake)
[3.379s] -- Found ament_cmake_ros: 0.10.0 (/opt/ros/humble/share/ament_cmake_ros/cmake)
[3.621s] -- Using all available rosidl_typesupport_c: rosidl_typesupport_fastrtps_c;rosidl_typesupport_introspection_c
[3.709s] -- Using all available rosidl_typesupport_cpp: rosidl_typesupport_fastrtps_cpp;rosidl_typesupport_introspection_cpp
[3.729s] -- Found PythonInterp: /usr/bin/python3 (found suitable version "3.10.12", minimum required is "3.6") 
[3.731s] -- Found python_cmake_module: 0.10.0 (/opt/ros/humble/share/python_cmake_module/cmake)
[3.753s] -- Found PythonLibs: /usr/lib/x86_64-linux-gnu/libpython3.10.so (found suitable version "3.10.12", minimum required is "3.5") 
[3.753s] -- Using PYTHON_EXECUTABLE: /usr/bin/python3
[3.753s] -- Using PYTHON_INCLUDE_DIRS: /usr/include/python3.10
[3.753s] -- Using PYTHON_LIBRARIES: /usr/lib/x86_64-linux-gnu/libpython3.10.so
[3.770s] -- Found PythonExtra: .so  
[3.801s] -- Configuring done
[3.814s] -- Generating done
[3.820s] -- Build files have been written to: /home/seema/ros2_ws/build/pymoveit2
[3.827s] Invoked command in '/home/seema/ros2_ws/build/pymoveit2' returned '0': CMAKE_PREFIX_PATH=${CMAKE_PREFIX_PATH}:/home/seema/ros2_ws/install/turtlesim_launch:/home/seema/ros2_ws/install/my_py_pkg:/home/seema/ros2_ws/install/launch_testing_examples:/home/seema/ros2_ws/install/examples_rclpy_pointcloud_publisher:/home/seema/ros2_ws/install/examples_rclpy_minimal_subscriber:/home/seema/ros2_ws/install/examples_rclpy_minimal_service:/home/seema/ros2_ws/install/examples_rclpy_minimal_publisher:/home/seema/ros2_ws/install/examples_rclpy_minimal_client:/home/seema/ros2_ws/install/examples_rclpy_minimal_action_server:/home/seema/ros2_ws/install/examples_rclpy_minimal_action_client:/home/seema/ros2_ws/install/examples_rclpy_guard_conditions:/home/seema/ros2_ws/install/examples_rclpy_executors:/opt/ros/humble /usr/bin/cmake /home/seema/ros2_ws/src/eyrc-25-26-krishi-cobot/pymoveit2 -DCMAKE_INSTALL_PREFIX=/home/seema/ros2_ws/install/pymoveit2
[3.828s] Invoking command in '/home/seema/ros2_ws/build/pymoveit2': CMAKE_PREFIX_PATH=${CMAKE_PREFIX_PATH}:/home/seema/ros2_ws/install/turtlesim_launch:/home/seema/ros2_ws/install/my_py_pkg:/home/seema/ros2_ws/install/launch_testing_examples:/home/seema/ros2_ws/install/examples_rclpy_pointcloud_publisher:/home/seema/ros2_ws/install/examples_rclpy_minimal_subscriber:/home/seema/ros2_ws/install/examples_rclpy_minimal_service:/home/seema/ros2_ws/install/examples_rclpy_minimal_publisher:/home/seema/ros2_ws/install/examples_rclpy_minimal_client:/home/seema/ros2_ws/install/examples_rclpy_minimal_action_server:/home/seema/ros2_ws/install/examples_rclpy_minimal_action_client:/home/seema/ros2_ws/install/examples_rclpy_guard_conditions:/home/seema/ros2_ws/install/examples_rclpy_executors:/opt/ros/humble /usr/bin/cmake --build /home/seema/ros2_ws/build/pymoveit2 -- -j16 -l16
[3.860s] [  3%] [34m[1mGenerating C code for ROS interfaces[0m
[3.868s] [  6%] [34m[1mGenerating C++ code for ROS interfaces[0m
[3.876s] [  6%] Built target ament_cmake_python_copy_pymoveit2
[4.043s] running egg_info
[4.044s] creating pymoveit2.egg-info
[4.044s] writing pymoveit2.egg-info/PKG-INFO
[4.044s] writing dependency_links to pymoveit2.egg-info/dependency_links.txt
[4.044s] writing top-level names to pymoveit2.egg-info/top_level.txt
[4.044s] writing manifest file 'pymoveit2.egg-info/SOURCES.txt'
[4.045s] reading manifest file 'pymoveit2.egg-info/SOURCES.txt'
[4.046s] writing manifest file 'pymoveit2.egg-info/SOURCES.txt'
[4.070s] [  6%] Built target ament_cmake_python_build_pymoveit2_egg
[4.075s] [  9%] [32mBuilding C object CMakeFiles/pymoveit2__rosidl_generator_c.dir/rosidl_generator_c/pymoveit2/srv/detail/move_to_pose__functions.c.o[0m
[4.075s] [  9%] Built target pymoveit2__cpp
[4.084s] [ 12%] [34m[1mGenerating C++ type support for eProsima Fast-RTPS[0m
[4.085s] [ 19%] [34m[1mGenerating C++ introspection for ROS interfaces[0m
[4.085s] [ 19%] [34m[1mGenerating C++ type support dispatch for ROS interfaces[0m
[4.129s] [ 22%] [32m[1mLinking C shared library libpymoveit2__rosidl_generator_c.so[0m
[4.165s] [ 22%] Built target pymoveit2__rosidl_generator_c
[4.176s] [ 32%] [34m[1mGenerating C type support for eProsima Fast-RTPS[0m
[4.176s] [ 32%] [34m[1mGenerating C type support dispatch for ROS interfaces[0m
[4.176s] [ 32%] [34m[1mGenerating C introspection for ROS interfaces[0m
[4.300s] [ 35%] [32mBuilding CXX object CMakeFiles/pymoveit2__rosidl_typesupport_cpp.dir/rosidl_typesupport_cpp/pymoveit2/srv/move_to_pose__type_support.cpp.o[0m
[4.333s] [ 38%] [32mBuilding CXX object CMakeFiles/pymoveit2__rosidl_typesupport_introspection_cpp.dir/rosidl_typesupport_introspection_cpp/pymoveit2/srv/detail/move_to_pose__type_support.cpp.o[0m
[4.356s] [ 41%] [32mBuilding CXX object CMakeFiles/pymoveit2__rosidl_typesupport_fastrtps_cpp.dir/rosidl_typesupport_fastrtps_cpp/pymoveit2/srv/detail/dds_fastrtps/move_to_pose__type_support.cpp.o[0m
[4.421s] [ 45%] [32mBuilding CXX object CMakeFiles/pymoveit2__rosidl_typesupport_c.dir/rosidl_typesupport_c/pymoveit2/srv/move_to_pose__type_support.cpp.o[0m
[4.448s] [ 48%] [32mBuilding C object CMakeFiles/pymoveit2__rosidl_typesupport_introspection_c.dir/rosidl_typesupport_introspection_c/pymoveit2/srv/detail/move_to_pose__type_support.c.o[0m
[4.454s] [ 51%] [32m[1mLinking CXX shared library libpymoveit2__rosidl_typesupport_c.so[0m
[4.481s] [ 54%] [32m[1mLinking C shared library libpymoveit2__rosidl_typesupport_introspection_c.so[0m
[4.489s] [ 58%] [32mBuilding CXX object CMakeFiles/pymoveit2__rosidl_typesupport_fastrtps_c.dir/rosidl_typesupport_fastrtps_c/pymoveit2/srv/detail/move_to_pose__type_support_c.cpp.o[0m
[4.502s] [ 58%] Built target pymoveit2__rosidl_typesupport_c
[4.512s] [ 58%] Built target pymoveit2__rosidl_typesupport_introspection_c
[4.589s] [ 61%] [32m[1mLinking CXX shared library libpymoveit2__rosidl_typesupport_cpp.so[0m
[4.627s] [ 61%] Built target pymoveit2__rosidl_typesupport_cpp
[4.681s] [ 64%] [32m[1mLinking CXX shared library libpymoveit2__rosidl_typesupport_introspection_cpp.so[0m
[4.683s] [ 67%] [32m[1mLinking CXX shared library libpymoveit2__rosidl_typesupport_fastrtps_cpp.so[0m
[4.731s] [ 67%] Built target pymoveit2__rosidl_typesupport_introspection_cpp
[4.731s] [ 70%] [32m[1mLinking CXX shared library libpymoveit2__rosidl_typesupport_fastrtps_c.so[0m
[4.740s] [ 70%] Built target pymoveit2__rosidl_typesupport_fastrtps_cpp
[4.781s] [ 70%] Built target pymoveit2__rosidl_typesupport_fastrtps_c
[4.798s] [ 70%] Built target pymoveit2
[4.817s] [ 74%] [34m[1mGenerating Python code for ROS interfaces[0m
[5.055s] [ 74%] Built target pymoveit2__py
[5.071s] [ 77%] [32mBuilding C object CMakeFiles/pymoveit2__rosidl_generator_py.dir/rosidl_generator_py/pymoveit2/srv/_move_to_pose_s.c.o[0m
[5.149s] [ 80%] [32m[1mLinking C shared library rosidl_generator_py/pymoveit2/libpymoveit2__rosidl_generator_py.so[0m
[5.175s] [ 80%] Built target pymoveit2__rosidl_generator_py
[5.191s] [ 83%] [32mBuilding C object CMakeFiles/pymoveit2__rosidl_typesupport_introspection_c__pyext.dir/rosidl_generator_py/pymoveit2/_pymoveit2_s.ep.rosidl_typesupport_introspection_c.c.o[0m
[5.193s] [ 87%] [32mBuilding C object CMakeFiles/pymoveit2__rosidl_typesupport_fastrtps_c__pyext.dir/rosidl_generator_py/pymoveit2/_pymoveit2_s.ep.rosidl_typesupport_fastrtps_c.c.o[0m
[5.193s] [ 90%] [32mBuilding C object CMakeFiles/pymoveit2__rosidl_typesupport_c__pyext.dir/rosidl_generator_py/pymoveit2/_pymoveit2_s.ep.rosidl_typesupport_c.c.o[0m
[5.253s] [ 93%] [32m[1mLinking C shared library rosidl_generator_py/pymoveit2/pymoveit2_s__rosidl_typesupport_introspection_c.cpython-310-x86_64-linux-gnu.so[0m
[5.257s] [ 96%] [32m[1mLinking C shared library rosidl_generator_py/pymoveit2/pymoveit2_s__rosidl_typesupport_fastrtps_c.cpython-310-x86_64-linux-gnu.so[0m
[5.258s] [100%] [32m[1mLinking C shared library rosidl_generator_py/pymoveit2/pymoveit2_s__rosidl_typesupport_c.cpython-310-x86_64-linux-gnu.so[0m
[5.278s] [100%] Built target pymoveit2__rosidl_typesupport_introspection_c__pyext
[5.287s] [100%] Built target pymoveit2__rosidl_typesupport_fastrtps_c__pyext
[5.287s] [100%] Built target pymoveit2__rosidl_typesupport_c__pyext
[5.295s] Invoked command in '/home/seema/ros2_ws/build/pymoveit2' returned '0': CMAKE_PREFIX_PATH=${CMAKE_PREFIX_PATH}:/home/seema/ros2_ws/install/turtlesim_launch:/home/seema/ros2_ws/install/my_py_pkg:/home/seema/ros2_ws/install/launch_testing_examples:/home/seema/ros2_ws/install/examples_rclpy_pointcloud_publisher:/home/seema/ros2_ws/install/examples_rclpy_minimal_subscriber:/home/seema/ros2_ws/install/examples_rclpy_minimal_service:/home/seema/ros2_ws/install/examples_rclpy_minimal_publisher:/home/seema/ros2_ws/install/examples_rclpy_minimal_client:/home/seema/ros2_ws/install/examples_rclpy_minimal_action_server:/home/seema/ros2_ws/install/examples_rclpy_minimal_action_client:/home/seema/ros2_ws/install/examples_rclpy_guard_conditions:/home/seema/ros2_ws/install/examples_rclpy_executors:/opt/ros/humble /usr/bin/cmake --build /home/seema/ros2_ws/build/pymoveit2 -- -j16 -l16
[5.296s] Invoking command in '/home/seema/ros2_ws/build/pymoveit2': CMAKE_PREFIX_PATH=${CMAKE_PREFIX_PATH}:/home/seema/ros2_ws/install/turtlesim_launch:/home/seema/ros2_ws/install/my_py_pkg:/home/seema/ros2_ws/install/launch_testing_examples:/home/seema/ros2_ws/install/examples_rclpy_pointcloud_publisher:/home/seema/ros2_ws/install/examples_rclpy_minimal_subscriber:/home/seema/ros2_ws/install/examples_rclpy_minimal_service:/home/seema/ros2_ws/install/examples_rclpy_minimal_publisher:/home/seema/ros2_ws/install/examples_rclpy_minimal_client:/home/seema/ros2_ws/install/examples_rclpy_minimal_action_server:/home/seema/ros2_ws/install/examples_rclpy_minimal_action_client:/home/seema/ros2_ws/install/examples_rclpy_guard_conditions:/home/seema/ros2_ws/install/examples_rclpy_executors:/opt/ros/humble /usr/bin/cmake --install /home/seema/ros2_ws/build/pymoveit2
[5.301s] -- Install configuration: ""
[5.301s] -- Installing: /home/seema/ros2_ws/install/pymoveit2/share/ament_index/resource_index/rosidl_interfaces/pymoveit2
[5.301s] -- Installing: /home/seema/ros2_ws/install/pymoveit2/include/pymoveit2/pymoveit2
[5.301s] -- Installing: /home/seema/ros2_ws/install/pymoveit2/include/pymoveit2/pymoveit2/msg
[5.301s] -- Installing: /home/seema/ros2_ws/install/pymoveit2/include/pymoveit2/pymoveit2/msg/rosidl_generator_c__visibility_control.h
[5.301s] -- Installing: /home/seema/ros2_ws/install/pymoveit2/include/pymoveit2/pymoveit2/srv
[5.301s] -- Installing: /home/seema/ros2_ws/install/pymoveit2/include/pymoveit2/pymoveit2/srv/detail
[5.302s] -- Installing: /home/seema/ros2_ws/install/pymoveit2/include/pymoveit2/pymoveit2/srv/detail/move_to_pose__functions.h
[5.302s] -- Installing: /home/seema/ros2_ws/install/pymoveit2/include/pymoveit2/pymoveit2/srv/detail/move_to_pose__type_support.h
[5.302s] -- Installing: /home/seema/ros2_ws/install/pymoveit2/include/pymoveit2/pymoveit2/srv/detail/move_to_pose__functions.c
[5.302s] -- Installing: /home/seema/ros2_ws/install/pymoveit2/include/pymoveit2/pymoveit2/srv/detail/move_to_pose__struct.h
[5.302s] -- Installing: /home/seema/ros2_ws/install/pymoveit2/include/pymoveit2/pymoveit2/srv/move_to_pose.h
[5.302s] -- Installing: /home/seema/ros2_ws/install/pymoveit2/share/pymoveit2/environment/library_path.sh
[5.302s] -- Installing: /home/seema/ros2_ws/install/pymoveit2/share/pymoveit2/environment/library_path.dsv
[5.302s] -- Installing: /home/seema/ros2_ws/install/pymoveit2/lib/libpymoveit2__rosidl_generator_c.so
[5.302s] -- Set runtime path of "/home/seema/ros2_ws/install/pymoveit2/lib/libpymoveit2__rosidl_generator_c.so" to ""
[5.302s] -- Up-to-date: /home/seema/ros2_ws/install/pymoveit2/include/pymoveit2/pymoveit2
[5.302s] -- Up-to-date: /home/seema/ros2_ws/install/pymoveit2/include/pymoveit2/pymoveit2/msg
[5.302s] -- Installing: /home/seema/ros2_ws/install/pymoveit2/include/pymoveit2/pymoveit2/msg/rosidl_typesupport_fastrtps_c__visibility_control.h
[5.302s] -- Up-to-date: /home/seema/ros2_ws/install/pymoveit2/include/pymoveit2/pymoveit2/srv
[5.302s] -- Up-to-date: /home/seema/ros2_ws/install/pymoveit2/include/pymoveit2/pymoveit2/srv/detail
[5.302s] -- Installing: /home/seema/ros2_ws/install/pymoveit2/include/pymoveit2/pymoveit2/srv/detail/move_to_pose__rosidl_typesupport_fastrtps_c.h
[5.302s] -- Installing: /home/seema/ros2_ws/install/pymoveit2/lib/libpymoveit2__rosidl_typesupport_fastrtps_c.so
[5.303s] -- Set runtime path of "/home/seema/ros2_ws/install/pymoveit2/lib/libpymoveit2__rosidl_typesupport_fastrtps_c.so" to ""
[5.303s] -- Up-to-date: /home/seema/ros2_ws/install/pymoveit2/include/pymoveit2/pymoveit2
[5.303s] -- Up-to-date: /home/seema/ros2_ws/install/pymoveit2/include/pymoveit2/pymoveit2/msg
[5.303s] -- Installing: /home/seema/ros2_ws/install/pymoveit2/include/pymoveit2/pymoveit2/msg/rosidl_generator_cpp__visibility_control.hpp
[5.303s] -- Up-to-date: /home/seema/ros2_ws/install/pymoveit2/include/pymoveit2/pymoveit2/srv
[5.303s] -- Up-to-date: /home/seema/ros2_ws/install/pymoveit2/include/pymoveit2/pymoveit2/srv/detail
[5.303s] -- Installing: /home/seema/ros2_ws/install/pymoveit2/include/pymoveit2/pymoveit2/srv/detail/move_to_pose__type_support.hpp
[5.303s] -- Installing: /home/seema/ros2_ws/install/pymoveit2/include/pymoveit2/pymoveit2/srv/detail/move_to_pose__struct.hpp
[5.303s] -- Installing: /home/seema/ros2_ws/install/pymoveit2/include/pymoveit2/pymoveit2/srv/detail/move_to_pose__builder.hpp
[5.303s] -- Installing: /home/seema/ros2_ws/install/pymoveit2/include/pymoveit2/pymoveit2/srv/detail/move_to_pose__traits.hpp
[5.303s] -- Installing: /home/seema/ros2_ws/install/pymoveit2/include/pymoveit2/pymoveit2/srv/move_to_pose.hpp
[5.303s] -- Up-to-date: /home/seema/ros2_ws/install/pymoveit2/include/pymoveit2/pymoveit2
[5.303s] -- Up-to-date: /home/seema/ros2_ws/install/pymoveit2/include/pymoveit2/pymoveit2/msg
[5.303s] -- Installing: /home/seema/ros2_ws/install/pymoveit2/include/pymoveit2/pymoveit2/msg/rosidl_typesupport_fastrtps_cpp__visibility_control.h
[5.303s] -- Up-to-date: /home/seema/ros2_ws/install/pymoveit2/include/pymoveit2/pymoveit2/srv
[5.304s] -- Up-to-date: /home/seema/ros2_ws/install/pymoveit2/include/pymoveit2/pymoveit2/srv/detail
[5.304s] -- Installing: /home/seema/ros2_ws/install/pymoveit2/include/pymoveit2/pymoveit2/srv/detail/move_to_pose__rosidl_typesupport_fastrtps_cpp.hpp
[5.304s] -- Installing: /home/seema/ros2_ws/install/pymoveit2/include/pymoveit2/pymoveit2/srv/detail/dds_fastrtps
[5.304s] -- Installing: /home/seema/ros2_ws/install/pymoveit2/lib/libpymoveit2__rosidl_typesupport_fastrtps_cpp.so
[5.304s] -- Set runtime path of "/home/seema/ros2_ws/install/pymoveit2/lib/libpymoveit2__rosidl_typesupport_fastrtps_cpp.so" to ""
[5.304s] -- Up-to-date: /home/seema/ros2_ws/install/pymoveit2/include/pymoveit2/pymoveit2
[5.304s] -- Up-to-date: /home/seema/ros2_ws/install/pymoveit2/include/pymoveit2/pymoveit2/msg
[5.304s] -- Installing: /home/seema/ros2_ws/install/pymoveit2/include/pymoveit2/pymoveit2/msg/rosidl_typesupport_introspection_c__visibility_control.h
[5.304s] -- Up-to-date: /home/seema/ros2_ws/install/pymoveit2/include/pymoveit2/pymoveit2/srv
[5.304s] -- Up-to-date: /home/seema/ros2_ws/install/pymoveit2/include/pymoveit2/pymoveit2/srv/detail
[5.304s] -- Installing: /home/seema/ros2_ws/install/pymoveit2/include/pymoveit2/pymoveit2/srv/detail/move_to_pose__rosidl_typesupport_introspection_c.h
[5.304s] -- Installing: /home/seema/ros2_ws/install/pymoveit2/include/pymoveit2/pymoveit2/srv/detail/move_to_pose__type_support.c
[5.304s] -- Installing: /home/seema/ros2_ws/install/pymoveit2/lib/libpymoveit2__rosidl_typesupport_introspection_c.so
[5.304s] -- Set runtime path of "/home/seema/ros2_ws/install/pymoveit2/lib/libpymoveit2__rosidl_typesupport_introspection_c.so" to ""
[5.304s] -- Installing: /home/seema/ros2_ws/install/pymoveit2/lib/libpymoveit2__rosidl_typesupport_c.so
[5.304s] -- Set runtime path of "/home/seema/ros2_ws/install/pymoveit2/lib/libpymoveit2__rosidl_typesupport_c.so" to ""
[5.304s] -- Up-to-date: /home/seema/ros2_ws/install/pymoveit2/include/pymoveit2/pymoveit2
[5.304s] -- Up-to-date: /home/seema/ros2_ws/install/pymoveit2/include/pymoveit2/pymoveit2/srv
[5.304s] -- Up-to-date: /home/seema/ros2_ws/install/pymoveit2/include/pymoveit2/pymoveit2/srv/detail
[5.305s] -- Installing: /home/seema/ros2_ws/install/pymoveit2/include/pymoveit2/pymoveit2/srv/detail/move_to_pose__rosidl_typesupport_introspection_cpp.hpp
[5.305s] -- Installing: /home/seema/ros2_ws/install/pymoveit2/include/pymoveit2/pymoveit2/srv/detail/move_to_pose__type_support.cpp
[5.305s] -- Installing: /home/seema/ros2_ws/install/pymoveit2/lib/libpymoveit2__rosidl_typesupport_introspection_cpp.so
[5.305s] -- Set runtime path of "/home/seema/ros2_ws/install/pymoveit2/lib/libpymoveit2__rosidl_typesupport_introspection_cpp.so" to ""
[5.305s] -- Installing: /home/seema/ros2_ws/install/pymoveit2/lib/libpymoveit2__rosidl_typesupport_cpp.so
[5.305s] -- Set runtime path of "/home/seema/ros2_ws/install/pymoveit2/lib/libpymoveit2__rosidl_typesupport_cpp.so" to ""
[5.305s] -- Installing: /home/seema/ros2_ws/install/pymoveit2/share/pymoveit2/environment/pythonpath.sh
[5.305s] -- Installing: /home/seema/ros2_ws/install/pymoveit2/share/pymoveit2/environment/pythonpath.dsv
[5.305s] -- Installing: /home/seema/ros2_ws/install/pymoveit2/local/lib/python3.10/dist-packages/pymoveit2-2.1.0-py3.10.egg-info
[5.305s] -- Installing: /home/seema/ros2_ws/install/pymoveit2/local/lib/python3.10/dist-packages/pymoveit2-2.1.0-py3.10.egg-info/top_level.txt
[5.305s] -- Installing: /home/seema/ros2_ws/install/pymoveit2/local/lib/python3.10/dist-packages/pymoveit2-2.1.0-py3.10.egg-info/PKG-INFO
[5.305s] -- Installing: /home/seema/ros2_ws/install/pymoveit2/local/lib/python3.10/dist-packages/pymoveit2-2.1.0-py3.10.egg-info/dependency_links.txt
[5.305s] -- Installing: /home/seema/ros2_ws/install/pymoveit2/local/lib/python3.10/dist-packages/pymoveit2-2.1.0-py3.10.egg-info/SOURCES.txt
[5.305s] -- Installing: /home/seema/ros2_ws/install/pymoveit2/local/lib/python3.10/dist-packages/pymoveit2
[5.305s] -- Installing: /home/seema/ros2_ws/install/pymoveit2/local/lib/python3.10/dist-packages/pymoveit2/_pymoveit2_s.ep.rosidl_typesupport_introspection_c.c
[5.305s] -- Installing: /home/seema/ros2_ws/install/pymoveit2/local/lib/python3.10/dist-packages/pymoveit2/libpymoveit2__rosidl_generator_py.so
[5.305s] -- Installing: /home/seema/ros2_ws/install/pymoveit2/local/lib/python3.10/dist-packages/pymoveit2/pymoveit2_s__rosidl_typesupport_c.cpython-310-x86_64-linux-gnu.so
[5.305s] -- Installing: /home/seema/ros2_ws/install/pymoveit2/local/lib/python3.10/dist-packages/pymoveit2/srv
[5.305s] -- Installing: /home/seema/ros2_ws/install/pymoveit2/local/lib/python3.10/dist-packages/pymoveit2/srv/_move_to_pose_s.c
[5.305s] -- Installing: /home/seema/ros2_ws/install/pymoveit2/local/lib/python3.10/dist-packages/pymoveit2/srv/_move_to_pose.py
[5.305s] -- Installing: /home/seema/ros2_ws/install/pymoveit2/local/lib/python3.10/dist-packages/pymoveit2/srv/__init__.py
[5.305s] -- Installing: /home/seema/ros2_ws/install/pymoveit2/local/lib/python3.10/dist-packages/pymoveit2/pymoveit2_s__rosidl_typesupport_introspection_c.cpython-310-x86_64-linux-gnu.so
[5.305s] -- Installing: /home/seema/ros2_ws/install/pymoveit2/local/lib/python3.10/dist-packages/pymoveit2/pymoveit2_s__rosidl_typesupport_fastrtps_c.cpython-310-x86_64-linux-gnu.so
[5.305s] -- Installing: /home/seema/ros2_ws/install/pymoveit2/local/lib/python3.10/dist-packages/pymoveit2/_pymoveit2_s.ep.rosidl_typesupport_c.c
[5.305s] -- Installing: /home/seema/ros2_ws/install/pymoveit2/local/lib/python3.10/dist-packages/pymoveit2/_pymoveit2_s.ep.rosidl_typesupport_fastrtps_c.c
[5.305s] -- Installing: /home/seema/ros2_ws/install/pymoveit2/local/lib/python3.10/dist-packages/pymoveit2/__init__.py
[5.331s] Listing '/home/seema/ros2_ws/install/pymoveit2/local/lib/python3.10/dist-packages/pymoveit2'...
[5.331s] Compiling '/home/seema/ros2_ws/install/pymoveit2/local/lib/python3.10/dist-packages/pymoveit2/__init__.py'...
[5.331s] Listing '/home/seema/ros2_ws/install/pymoveit2/local/lib/python3.10/dist-packages/pymoveit2/srv'...
[5.331s] Compiling '/home/seema/ros2_ws/install/pymoveit2/local/lib/python3.10/dist-packages/pymoveit2/srv/__init__.py'...
[5.331s] Compiling '/home/seema/ros2_ws/install/pymoveit2/local/lib/python3.10/dist-packages/pymoveit2/srv/_move_to_pose.py'...
[5.333s] -- Installing: /home/seema/ros2_ws/install/pymoveit2/local/lib/python3.10/dist-packages/pymoveit2/pymoveit2_s__rosidl_typesupport_fastrtps_c.cpython-310-x86_64-linux-gnu.so
[5.333s] -- Set runtime path of "/home/seema/ros2_ws/install/pymoveit2/local/lib/python3.10/dist-packages/pymoveit2/pymoveit2_s__rosidl_typesupport_fastrtps_c.cpython-310-x86_64-linux-gnu.so" to ""
[5.334s] -- Installing: /home/seema/ros2_ws/install/pymoveit2/local/lib/python3.10/dist-packages/pymoveit2/pymoveit2_s__rosidl_typesupport_introspection_c.cpython-310-x86_64-linux-gnu.so
[5.334s] -- Set runtime path of "/home/seema/ros2_ws/install/pymoveit2/local/lib/python3.10/dist-packages/pymoveit2/pymoveit2_s__rosidl_typesupport_introspection_c.cpython-310-x86_64-linux-gnu.so" to ""
[5.334s] -- Installing: /home/seema/ros2_ws/install/pymoveit2/local/lib/python3.10/dist-packages/pymoveit2/pymoveit2_s__rosidl_typesupport_c.cpython-310-x86_64-linux-gnu.so
[5.334s] -- Set runtime path of "/home/seema/ros2_ws/install/pymoveit2/local/lib/python3.10/dist-packages/pymoveit2/pymoveit2_s__rosidl_typesupport_c.cpython-310-x86_64-linux-gnu.so" to ""
[5.334s] -- Installing: /home/seema/ros2_ws/install/pymoveit2/lib/libpymoveit2__rosidl_generator_py.so
[5.334s] -- Set runtime path of "/home/seema/ros2_ws/install/pymoveit2/lib/libpymoveit2__rosidl_generator_py.so" to ""
[5.334s] -- Installing: /home/seema/ros2_ws/install/pymoveit2/share/pymoveit2/srv/MoveToPose.idl
[5.334s] -- Installing: /home/seema/ros2_ws/install/pymoveit2/share/pymoveit2/srv/MoveToPose.srv
[5.334s] -- Installing: /home/seema/ros2_ws/install/pymoveit2/share/pymoveit2/srv/MoveToPose_Request.msg
[5.334s] -- Installing: /home/seema/ros2_ws/install/pymoveit2/share/pymoveit2/srv/MoveToPose_Response.msg
[5.334s] -- Installing: /home/seema/ros2_ws/install/pymoveit2/lib/pymoveit2/twist_servo_cal.py
[5.334s] -- Installing: /home/seema/ros2_ws/install/pymoveit2/lib/pymoveit2/kdl_parser_py.py
[5.334s] -- Installing: /home/seema/ros2_ws/install/pymoveit2/share/pymoveit2/ur5_arm.urdf
[5.334s] -- Up-to-date: /home/seema/ros2_ws/install/pymoveit2/share/pymoveit2/srv
[5.334s] -- Up-to-date: /home/seema/ros2_ws/install/pymoveit2/share/pymoveit2/srv/MoveToPose.srv
[5.334s] -- Installing: /home/seema/ros2_ws/install/pymoveit2/share/ament_index/resource_index/package_run_dependencies/pymoveit2
[5.334s] -- Installing: /home/seema/ros2_ws/install/pymoveit2/share/ament_index/resource_index/parent_prefix_path/pymoveit2
[5.334s] -- Installing: /home/seema/ros2_ws/install/pymoveit2/share/pymoveit2/environment/ament_prefix_path.sh
[5.334s] -- Installing: /home/seema/ros2_ws/install/pymoveit2/share/pymoveit2/environment/ament_prefix_path.dsv
[5.334s] -- Installing: /home/seema/ros2_ws/install/pymoveit2/share/pymoveit2/environment/path.sh
[5.335s] -- Installing: /home/seema/ros2_ws/install/pymoveit2/share/pymoveit2/environment/path.dsv
[5.335s] -- Installing: /home/seema/ros2_ws/install/pymoveit2/share/pymoveit2/local_setup.bash
[5.335s] -- Installing: /home/seema/ros2_ws/install/pymoveit2/share/pymoveit2/local_setup.sh
[5.335s] -- Installing: /home/seema/ros2_ws/install/pymoveit2/share/pymoveit2/local_setup.zsh
[5.335s] -- Installing: /home/seema/ros2_ws/install/pymoveit2/share/pymoveit2/local_setup.dsv
[5.335s] -- Installing: /home/seema/ros2_ws/install/pymoveit2/share/pymoveit2/package.dsv
[5.335s] -- Installing: /home/seema/ros2_ws/install/pymoveit2/share/ament_index/resource_index/packages/pymoveit2
[5.335s] -- Installing: /home/seema/ros2_ws/install/pymoveit2/share/pymoveit2/cmake/export_pymoveit2__rosidl_generator_cExport.cmake
[5.335s] -- Installing: /home/seema/ros2_ws/install/pymoveit2/share/pymoveit2/cmake/export_pymoveit2__rosidl_generator_cExport-noconfig.cmake
[5.335s] -- Installing: /home/seema/ros2_ws/install/pymoveit2/share/pymoveit2/cmake/export_pymoveit2__rosidl_typesupport_fastrtps_cExport.cmake
[5.335s] -- Installing: /home/seema/ros2_ws/install/pymoveit2/share/pymoveit2/cmake/export_pymoveit2__rosidl_typesupport_fastrtps_cExport-noconfig.cmake
[5.335s] -- Installing: /home/seema/ros2_ws/install/pymoveit2/share/pymoveit2/cmake/export_pymoveit2__rosidl_generator_cppExport.cmake
[5.335s] -- Installing: /home/seema/ros2_ws/install/pymoveit2/share/pymoveit2/cmake/export_pymoveit2__rosidl_typesupport_fastrtps_cppExport.cmake
[5.335s] -- Installing: /home/seema/ros2_ws/install/pymoveit2/share/pymoveit2/cmake/export_pymoveit2__rosidl_typesupport_fastrtps_cppExport-noconfig.cmake
[5.335s] -- Installing: /home/seema/ros2_ws/install/pymoveit2/share/pymoveit2/cmake/pymoveit2__rosidl_typesupport_introspection_cExport.cmake
[5.335s] -- Installing: /home/seema/ros2_ws/install/pymoveit2/share/pymoveit2/cmake/pymoveit2__rosidl_typesupport_introspection_cExport-noconfig.cmake
[5.335s] -- Installing: /home/seema/ros2_ws/install/pymoveit2/share/pymoveit2/cmake/pymoveit2__rosidl_typesupport_cExport.cmake
[5.335s] -- Installing: /home/seema/ros2_ws/install/pymoveit2/share/pymoveit2/cmake/pymoveit2__rosidl_typesupport_cExport-noconfig.cmake
[5.335s] -- Installing: /home/seema/ros2_ws/install/pymoveit2/share/pymoveit2/cmake/pymoveit2__rosidl_typesupport_introspection_cppExport.cmake
[5.335s] -- Installing: /home/seema/ros2_ws/install/pymoveit2/share/pymoveit2/cmake/pymoveit2__rosidl_typesupport_introspection_cppExport-noconfig.cmake
[5.336s] -- Installing: /home/seema/ros2_ws/install/pymoveit2/share/pymoveit2/cmake/pymoveit2__rosidl_typesupport_cppExport.cmake
[5.336s] -- Installing: /home/seema/ros2_ws/install/pymoveit2/share/pymoveit2/cmake/pymoveit2__rosidl_typesupport_cppExport-noconfig.cmake
[5.336s] -- Installing: /home/seema/ros2_ws/install/pymoveit2/share/pymoveit2/cmake/export_pymoveit2__rosidl_generator_pyExport.cmake
[5.336s] -- Installing: /home/seema/ros2_ws/install/pymoveit2/share/pymoveit2/cmake/export_pymoveit2__rosidl_generator_pyExport-noconfig.cmake
[5.336s] -- Installing: /home/seema/ros2_ws/install/pymoveit2/share/pymoveit2/cmake/rosidl_cmake-extras.cmake
[5.336s] -- Installing: /home/seema/ros2_ws/install/pymoveit2/share/pymoveit2/cmake/ament_cmake_export_include_directories-extras.cmake
[5.336s] -- Installing: /home/seema/ros2_ws/install/pymoveit2/share/pymoveit2/cmake/ament_cmake_export_libraries-extras.cmake
[5.336s] -- Installing: /home/seema/ros2_ws/install/pymoveit2/share/pymoveit2/cmake/ament_cmake_export_targets-extras.cmake
[5.336s] -- Installing: /home/seema/ros2_ws/install/pymoveit2/share/pymoveit2/cmake/rosidl_cmake_export_typesupport_targets-extras.cmake
[5.336s] -- Installing: /home/seema/ros2_ws/install/pymoveit2/share/pymoveit2/cmake/ament_cmake_export_dependencies-extras.cmake
[5.336s] -- Installing: /home/seema/ros2_ws/install/pymoveit2/share/pymoveit2/cmake/rosidl_cmake_export_typesupport_libraries-extras.cmake
[5.336s] -- Installing: /home/seema/ros2_ws/install/pymoveit2/share/pymoveit2/cmake/pymoveit2Config.cmake
[5.336s] -- Installing: /home/seema/ros2_ws/install/pymoveit2/share/pymoveit2/cmake/pymoveit2Config-version.cmake
[5.336s] -- Installing: /home/seema/ros2_ws/install/pymoveit2/share/pymoveit2/package.xml
[5.338s] Invoked command in '/home/seema/ros2_ws/build/pymoveit2' returned '0': CMAKE_PREFIX_PATH=${CMAKE_PREFIX_PATH}:/home/seema/ros2_ws/install/turtlesim_launch:/home/seema/ros2_ws/install/my_py_pkg:/home/seema/ros2_ws/install/launch_testing_examples:/home/seema/ros2_ws/install/examples_rclpy_pointcloud_publisher:/home/seema/ros2_ws/install/examples_rclpy_minimal_subscriber:/home/seema/ros2_ws/install/examples_rclpy_minimal_service:/home/seema/ros2_ws/install/examples_rclpy_minimal_publisher:/home/seema/ros2_ws/install/examples_rclpy_minimal_client:/home/seema/ros2_ws/install/examples_rclpy_minimal_action_server:/home/seema/ros2_ws/install/examples_rclpy_minimal_action_client:/home/seema/ros2_ws/install/examples_rclpy_guard_conditions:/home/seema/ros2_ws/install/examples_rclpy_executors:/opt/ros/humble /usr/bin/cmake --install /home/seema/ros2_ws/build/pymoveit2
