[0.419s] Invoking command in '/home/seema/ros2_ws/build/examples_rclcpp_wait_set': CMAKE_PREFIX_PATH=/opt/ros/humble /usr/bin/cmake --build /home/seema/ros2_ws/build/examples_rclcpp_wait_set -- -j16 -l16
[0.906s] [  8%] Built target thread_safe_wait_set
[0.907s] [ 16%] Built target wait_set_talker
[0.907s] [ 25%] Built target wait_set_listener
[0.907s] [ 33%] Built target wait_set_topics_and_timer
[0.907s] [ 41%] Built target talker
[0.907s] [ 50%] Built target static_wait_set
[0.907s] [ 58%] Built target wait_set
[0.907s] [ 66%] Built target executor_random_order
[0.907s] [ 75%] Built target wait_set_random_order
[0.907s] [ 83%] Built target wait_set_topics_with_different_rates
[0.908s] [ 91%] Built target listener
[0.908s] [100%] Built target wait_set_composed
[0.973s] Invoked command in '/home/seema/ros2_ws/build/examples_rclcpp_wait_set' returned '0': CMAKE_PREFIX_PATH=/opt/ros/humble /usr/bin/cmake --build /home/seema/ros2_ws/build/examples_rclcpp_wait_set -- -j16 -l16
[1.019s] Invoking command in '/home/seema/ros2_ws/build/examples_rclcpp_wait_set': CMAKE_PREFIX_PATH=/opt/ros/humble /usr/bin/cmake --install /home/seema/ros2_ws/build/examples_rclcpp_wait_set
[1.062s] -- Install configuration: ""
[1.062s] -- Execute custom install script
[1.062s] -- Up-to-date symlink: /home/seema/ros2_ws/install/examples_rclcpp_wait_set/lib/examples_rclcpp_wait_set/wait_set_talker
[1.062s] -- Up-to-date symlink: /home/seema/ros2_ws/install/examples_rclcpp_wait_set/lib/examples_rclcpp_wait_set/wait_set_listener
[1.062s] -- Up-to-date symlink: /home/seema/ros2_ws/install/examples_rclcpp_wait_set/lib/libtalker.so
[1.062s] -- Up-to-date symlink: /home/seema/ros2_ws/install/examples_rclcpp_wait_set/lib/liblistener.so
[1.062s] -- Up-to-date symlink: /home/seema/ros2_ws/install/examples_rclcpp_wait_set/lib/examples_rclcpp_wait_set/wait_set
[1.062s] -- Up-to-date symlink: /home/seema/ros2_ws/install/examples_rclcpp_wait_set/lib/examples_rclcpp_wait_set/static_wait_set
[1.063s] -- Up-to-date symlink: /home/seema/ros2_ws/install/examples_rclcpp_wait_set/lib/examples_rclcpp_wait_set/thread_safe_wait_set
[1.063s] -- Up-to-date symlink: /home/seema/ros2_ws/install/examples_rclcpp_wait_set/lib/examples_rclcpp_wait_set/wait_set_topics_and_timer
[1.063s] -- Up-to-date symlink: /home/seema/ros2_ws/install/examples_rclcpp_wait_set/lib/examples_rclcpp_wait_set/wait_set_random_order
[1.063s] -- Up-to-date symlink: /home/seema/ros2_ws/install/examples_rclcpp_wait_set/lib/examples_rclcpp_wait_set/executor_random_order
[1.063s] -- Up-to-date symlink: /home/seema/ros2_ws/install/examples_rclcpp_wait_set/lib/examples_rclcpp_wait_set/wait_set_topics_with_different_rates
[1.063s] -- Up-to-date symlink: /home/seema/ros2_ws/install/examples_rclcpp_wait_set/lib/examples_rclcpp_wait_set/wait_set_composed
[1.063s] -- Up-to-date symlink: /home/seema/ros2_ws/install/examples_rclcpp_wait_set/share/ament_index/resource_index/package_run_dependencies/examples_rclcpp_wait_set
[1.064s] -- Up-to-date symlink: /home/seema/ros2_ws/install/examples_rclcpp_wait_set/share/ament_index/resource_index/parent_prefix_path/examples_rclcpp_wait_set
[1.064s] -- Up-to-date symlink: /home/seema/ros2_ws/install/examples_rclcpp_wait_set/share/examples_rclcpp_wait_set/environment/ament_prefix_path.sh
[1.064s] -- Up-to-date symlink: /home/seema/ros2_ws/install/examples_rclcpp_wait_set/share/examples_rclcpp_wait_set/environment/ament_prefix_path.dsv
[1.064s] -- Up-to-date symlink: /home/seema/ros2_ws/install/examples_rclcpp_wait_set/share/examples_rclcpp_wait_set/environment/path.sh
[1.064s] -- Up-to-date symlink: /home/seema/ros2_ws/install/examples_rclcpp_wait_set/share/examples_rclcpp_wait_set/environment/path.dsv
[1.064s] -- Up-to-date symlink: /home/seema/ros2_ws/install/examples_rclcpp_wait_set/share/examples_rclcpp_wait_set/local_setup.bash
[1.064s] -- Up-to-date symlink: /home/seema/ros2_ws/install/examples_rclcpp_wait_set/share/examples_rclcpp_wait_set/local_setup.sh
[1.064s] -- Up-to-date symlink: /home/seema/ros2_ws/install/examples_rclcpp_wait_set/share/examples_rclcpp_wait_set/local_setup.zsh
[1.064s] -- Up-to-date symlink: /home/seema/ros2_ws/install/examples_rclcpp_wait_set/share/examples_rclcpp_wait_set/local_setup.dsv
[1.064s] -- Symlinking: /home/seema/ros2_ws/install/examples_rclcpp_wait_set/share/examples_rclcpp_wait_set/package.dsv
[1.064s] -- Up-to-date symlink: /home/seema/ros2_ws/install/examples_rclcpp_wait_set/share/ament_index/resource_index/packages/examples_rclcpp_wait_set
[1.064s] -- Up-to-date symlink: /home/seema/ros2_ws/install/examples_rclcpp_wait_set/share/ament_index/resource_index/rclcpp_components/examples_rclcpp_wait_set
[1.065s] -- Up-to-date symlink: /home/seema/ros2_ws/install/examples_rclcpp_wait_set/share/examples_rclcpp_wait_set/cmake/examples_rclcpp_wait_setConfig.cmake
[1.065s] -- Up-to-date symlink: /home/seema/ros2_ws/install/examples_rclcpp_wait_set/share/examples_rclcpp_wait_set/cmake/examples_rclcpp_wait_setConfig-version.cmake
[1.065s] -- Up-to-date symlink: /home/seema/ros2_ws/install/examples_rclcpp_wait_set/share/examples_rclcpp_wait_set/package.xml
[1.247s] Invoked command in '/home/seema/ros2_ws/build/examples_rclcpp_wait_set' returned '0': CMAKE_PREFIX_PATH=/opt/ros/humble /usr/bin/cmake --install /home/seema/ros2_ws/build/examples_rclcpp_wait_set
