[4.917s] Invoking command in '/home/seema/ros2_ws/src/examples/rclpy/services/minimal_client': PYTHONPATH=/home/seema/ros2_ws/build/examples_rclpy_minimal_client/prefix_override:/usr/lib/python3/dist-packages/colcon_core/task/python/colcon_distutils_commands:/home/seema/ros2_ws/install/examples_rclpy_minimal_client/lib/python3.10/site-packages:${PYTHONPATH} /usr/bin/python3 -W ignore:setup.py install is deprecated -W ignore:easy_install command is deprecated setup.py egg_info --egg-base ../../../../../build/examples_rclpy_minimal_client build --build-base /home/seema/ros2_ws/build/examples_rclpy_minimal_client/build install --record /home/seema/ros2_ws/build/examples_rclpy_minimal_client/install.log --single-version-externally-managed install_data
[5.806s] running egg_info
[5.807s] writing ../../../../../build/examples_rclpy_minimal_client/examples_rclpy_minimal_client.egg-info/PKG-INFO
[5.807s] writing dependency_links to ../../../../../build/examples_rclpy_minimal_client/examples_rclpy_minimal_client.egg-info/dependency_links.txt
[5.807s] writing entry points to ../../../../../build/examples_rclpy_minimal_client/examples_rclpy_minimal_client.egg-info/entry_points.txt
[5.808s] writing requirements to ../../../../../build/examples_rclpy_minimal_client/examples_rclpy_minimal_client.egg-info/requires.txt
[5.808s] writing top-level names to ../../../../../build/examples_rclpy_minimal_client/examples_rclpy_minimal_client.egg-info/top_level.txt
[5.810s] reading manifest file '../../../../../build/examples_rclpy_minimal_client/examples_rclpy_minimal_client.egg-info/SOURCES.txt'
[5.811s] writing manifest file '../../../../../build/examples_rclpy_minimal_client/examples_rclpy_minimal_client.egg-info/SOURCES.txt'
[5.811s] running build
[5.811s] running build_py
[5.812s] running install
[5.812s] running install_lib
[5.814s] running install_data
[5.814s] running install_egg_info
[5.816s] removing '/home/seema/ros2_ws/install/examples_rclpy_minimal_client/lib/python3.10/site-packages/examples_rclpy_minimal_client-0.15.4-py3.10.egg-info' (and everything under it)
[5.817s] Copying ../../../../../build/examples_rclpy_minimal_client/examples_rclpy_minimal_client.egg-info to /home/seema/ros2_ws/install/examples_rclpy_minimal_client/lib/python3.10/site-packages/examples_rclpy_minimal_client-0.15.4-py3.10.egg-info
[5.817s] running install_scripts
[5.844s] Installing client script to /home/seema/ros2_ws/install/examples_rclpy_minimal_client/lib/examples_rclpy_minimal_client
[5.845s] Installing client_async script to /home/seema/ros2_ws/install/examples_rclpy_minimal_client/lib/examples_rclpy_minimal_client
[5.845s] Installing client_async_callback script to /home/seema/ros2_ws/install/examples_rclpy_minimal_client/lib/examples_rclpy_minimal_client
[5.845s] Installing client_async_member_function script to /home/seema/ros2_ws/install/examples_rclpy_minimal_client/lib/examples_rclpy_minimal_client
[5.845s] writing list of installed files to '/home/seema/ros2_ws/build/examples_rclpy_minimal_client/install.log'
[5.889s] Invoked command in '/home/seema/ros2_ws/src/examples/rclpy/services/minimal_client' returned '0': PYTHONPATH=/home/seema/ros2_ws/build/examples_rclpy_minimal_client/prefix_override:/usr/lib/python3/dist-packages/colcon_core/task/python/colcon_distutils_commands:/home/seema/ros2_ws/install/examples_rclpy_minimal_client/lib/python3.10/site-packages:${PYTHONPATH} /usr/bin/python3 -W ignore:setup.py install is deprecated -W ignore:easy_install command is deprecated setup.py egg_info --egg-base ../../../../../build/examples_rclpy_minimal_client build --build-base /home/seema/ros2_ws/build/examples_rclpy_minimal_client/build install --record /home/seema/ros2_ws/build/examples_rclpy_minimal_client/install.log --single-version-externally-managed install_data
