[0.046s] Invoking command in '/home/seema/ros2_ws/src/build/ur_description': CMAKE_PREFIX_PATH=/opt/ros/humble /usr/bin/cmake /home/seema/ros2_ws/src/eyrc-25-26-krishi-cobot/ur_description -DAMENT_CMAKE_SYMLINK_INSTALL=1 -DCMAKE_INSTALL_PREFIX=/home/seema/ros2_ws/src/install/ur_description
[1.832s] -- The C compiler identification is GNU 11.4.0
[1.832s] -- The CXX compiler identification is GNU 11.4.0
[1.832s] -- Detecting C compiler ABI info
[1.832s] -- Detecting C compiler ABI info - done
[1.832s] -- Check for working C compiler: /usr/bin/cc - skipped
[1.832s] -- Detecting C compile features
[1.832s] -- Detecting C compile features - done
[1.833s] -- Detecting CXX compiler ABI info
[1.833s] -- Detecting CXX compiler ABI info - done
[1.833s] -- Check for working CXX compiler: /usr/bin/c++ - skipped
[1.833s] -- Detecting CXX compile features
[1.833s] -- Detecting CXX compile features - done
[1.833s] -- Found ament_cmake: 1.3.12 (/opt/ros/humble/share/ament_cmake/cmake)
[2.398s] -- Found Python3: /usr/bin/python3 (found version "3.10.12") found components: Interpreter 
[2.888s] -- Override CMake install command with custom implementation using symlinks instead of copying resources
[3.034s] -- Found rclpy: 3.3.17 (/opt/ros/humble/share/rclpy/cmake)
[3.062s] -- Found ament_cmake_pytest: 1.3.12 (/opt/ros/humble/share/ament_cmake_pytest/cmake)
[7.936s] -- Configuring done
[7.939s] -- Generating done
[7.942s] -- Build files have been written to: /home/seema/ros2_ws/src/build/ur_description
[7.956s] Invoked command in '/home/seema/ros2_ws/src/build/ur_description' returned '0': CMAKE_PREFIX_PATH=/opt/ros/humble /usr/bin/cmake /home/seema/ros2_ws/src/eyrc-25-26-krishi-cobot/ur_description -DAMENT_CMAKE_SYMLINK_INSTALL=1 -DCMAKE_INSTALL_PREFIX=/home/seema/ros2_ws/src/install/ur_description
[7.957s] Invoking command in '/home/seema/ros2_ws/src/build/ur_description': CMAKE_PREFIX_PATH=/opt/ros/humble /usr/bin/cmake --build /home/seema/ros2_ws/src/build/ur_description -- -j16 -l16
