[1.518s] Invoking command in '/home/seema/ros2_ws/build/eyantra_warehouse': CMAKE_PREFIX_PATH=/opt/ros/humble /usr/bin/cmake --build /home/seema/ros2_ws/build/eyantra_warehouse -- -j16 -l16
[2.236s] Invoked command in '/home/seema/ros2_ws/build/eyantra_warehouse' returned '0': CMAKE_PREFIX_PATH=/opt/ros/humble /usr/bin/cmake --build /home/seema/ros2_ws/build/eyantra_warehouse -- -j16 -l16
[2.237s] Invoking command in '/home/seema/ros2_ws/build/eyantra_warehouse': CMAKE_PREFIX_PATH=/opt/ros/humble /usr/bin/cmake --install /home/seema/ros2_ws/build/eyantra_warehouse
[2.247s] -- Install configuration: ""
[2.247s] -- Up-to-date: /home/seema/ros2_ws/install/eyantra_warehouse/share/eyantra_warehouse//launch
[2.247s] -- Up-to-date: /home/seema/ros2_ws/install/eyantra_warehouse/share/eyantra_warehouse//launch/task1.launch.py
[2.249s] -- Up-to-date: /home/seema/ros2_ws/install/eyantra_warehouse/share/eyantra_warehouse//launch/task1_bonus.launch.py
[2.249s] -- Up-to-date: /home/seema/ros2_ws/install/eyantra_warehouse/share/eyantra_warehouse//launch/task0.launch.py
[2.249s] -- Up-to-date: /home/seema/ros2_ws/install/eyantra_warehouse/share/eyantra_warehouse//worlds
[2.249s] -- Up-to-date: /home/seema/ros2_ws/install/eyantra_warehouse/share/eyantra_warehouse//worlds/eyantra_warehouse_task0.world
[2.250s] -- Up-to-date: /home/seema/ros2_ws/install/eyantra_warehouse/share/eyantra_warehouse//worlds/eyantra_warehouse_task1.world
[2.251s] -- Up-to-date: /home/seema/ros2_ws/install/eyantra_warehouse/share/eyantra_warehouse//worlds/eyantra_warehouse_task1_bonus.world
[2.251s] -- Up-to-date: /home/seema/ros2_ws/install/eyantra_warehouse/share/eyantra_warehouse//models
[2.252s] -- Up-to-date: /home/seema/ros2_ws/install/eyantra_warehouse/share/eyantra_warehouse//models/trough
[2.252s] -- Up-to-date: /home/seema/ros2_ws/install/eyantra_warehouse/share/eyantra_warehouse//models/trough/model.sdf
[2.252s] -- Up-to-date: /home/seema/ros2_ws/install/eyantra_warehouse/share/eyantra_warehouse//models/trough/model.config
[2.252s] -- Up-to-date: /home/seema/ros2_ws/install/eyantra_warehouse/share/eyantra_warehouse//models/trough/meshes
[2.252s] -- Up-to-date: /home/seema/ros2_ws/install/eyantra_warehouse/share/eyantra_warehouse//models/trough/meshes/soil-texture-png-3.png
[2.252s] -- Up-to-date: /home/seema/ros2_ws/install/eyantra_warehouse/share/eyantra_warehouse//models/trough/meshes/truf.mtl
[2.252s] -- Up-to-date: /home/seema/ros2_ws/install/eyantra_warehouse/share/eyantra_warehouse//models/trough/meshes/brick.obj
[2.252s] -- Up-to-date: /home/seema/ros2_ws/install/eyantra_warehouse/share/eyantra_warehouse//models/trough/meshes/truf_brick_cone.obj
[2.252s] -- Up-to-date: /home/seema/ros2_ws/install/eyantra_warehouse/share/eyantra_warehouse//models/trough/meshes/leaf.jpg
[2.252s] -- Up-to-date: /home/seema/ros2_ws/install/eyantra_warehouse/share/eyantra_warehouse//models/trough/meshes/truf_brick_cone.dae.bck
[2.252s] -- Up-to-date: /home/seema/ros2_ws/install/eyantra_warehouse/share/eyantra_warehouse//models/trough/meshes/truf_brick_cone.dae
[2.252s] -- Up-to-date: /home/seema/ros2_ws/install/eyantra_warehouse/share/eyantra_warehouse//models/trough/meshes/leaf.jpg.002.jpg.001.jpg
[2.252s] -- Up-to-date: /home/seema/ros2_ws/install/eyantra_warehouse/share/eyantra_warehouse//models/trough/meshes/truf_brick.obj
[2.252s] -- Up-to-date: /home/seema/ros2_ws/install/eyantra_warehouse/share/eyantra_warehouse//models/trough/meshes/truf.obj
[2.253s] -- Up-to-date: /home/seema/ros2_ws/install/eyantra_warehouse/share/eyantra_warehouse//models/trough/meshes/leaf.jpg.002.jpg
[2.253s] -- Up-to-date: /home/seema/ros2_ws/install/eyantra_warehouse/share/eyantra_warehouse//models/trough/meshes/leaf.jpg.004.jpg
[2.253s] -- Up-to-date: /home/seema/ros2_ws/install/eyantra_warehouse/share/eyantra_warehouse//models/trough/meshes/truf_brick_cone.mtl
[2.254s] -- Up-to-date: /home/seema/ros2_ws/install/eyantra_warehouse/share/eyantra_warehouse//models/trough/meshes/brick.mtl
[2.254s] -- Up-to-date: /home/seema/ros2_ws/install/eyantra_warehouse/share/eyantra_warehouse//models/trough/meshes/trough.dae
[2.254s] -- Up-to-date: /home/seema/ros2_ws/install/eyantra_warehouse/share/eyantra_warehouse//models/trough/meshes/truf_brick.mtl
[2.254s] -- Up-to-date: /home/seema/ros2_ws/install/eyantra_warehouse/share/eyantra_warehouse//models/fertiliser_can
[2.254s] -- Up-to-date: /home/seema/ros2_ws/install/eyantra_warehouse/share/eyantra_warehouse//models/fertiliser_can/model.sdf
[2.254s] -- Up-to-date: /home/seema/ros2_ws/install/eyantra_warehouse/share/eyantra_warehouse//models/fertiliser_can/model.config
[2.254s] -- Up-to-date: /home/seema/ros2_ws/install/eyantra_warehouse/share/eyantra_warehouse//models/fertiliser_can/meshes
[2.255s] -- Up-to-date: /home/seema/ros2_ws/install/eyantra_warehouse/share/eyantra_warehouse//models/fertiliser_can/meshes/Fertiliser.dae
[2.255s] -- Up-to-date: /home/seema/ros2_ws/install/eyantra_warehouse/share/eyantra_warehouse//models/fertiliser_can/meshes/aruco_tag.jpg
[2.255s] -- Up-to-date: /home/seema/ros2_ws/install/eyantra_warehouse/share/eyantra_warehouse//models/arm_base
[2.255s] -- Up-to-date: /home/seema/ros2_ws/install/eyantra_warehouse/share/eyantra_warehouse//models/arm_base/model.sdf
[2.255s] -- Up-to-date: /home/seema/ros2_ws/install/eyantra_warehouse/share/eyantra_warehouse//models/arm_base/model.config
[2.255s] -- Up-to-date: /home/seema/ros2_ws/install/eyantra_warehouse/share/eyantra_warehouse//models/arm_base/meshes
[2.256s] -- Up-to-date: /home/seema/ros2_ws/install/eyantra_warehouse/share/eyantra_warehouse//models/arm_base/meshes/arm_base_default.dae
[2.256s] -- Up-to-date: /home/seema/ros2_ws/install/eyantra_warehouse/share/eyantra_warehouse//models/fruit_tray
[2.256s] -- Up-to-date: /home/seema/ros2_ws/install/eyantra_warehouse/share/eyantra_warehouse//models/fruit_tray/model.sdf
[2.256s] -- Up-to-date: /home/seema/ros2_ws/install/eyantra_warehouse/share/eyantra_warehouse//models/fruit_tray/model.config
[2.256s] -- Up-to-date: /home/seema/ros2_ws/install/eyantra_warehouse/share/eyantra_warehouse//models/fruit_tray/meshes
[2.256s] -- Up-to-date: /home/seema/ros2_ws/install/eyantra_warehouse/share/eyantra_warehouse//models/fruit_tray/meshes/Fruit_Tray.dae
[2.256s] -- Up-to-date: /home/seema/ros2_ws/install/eyantra_warehouse/share/eyantra_warehouse//models/fruit_tray/meshes/greenhouse_wooden_floor.png.001.png
[2.256s] -- Up-to-date: /home/seema/ros2_ws/install/eyantra_warehouse/share/eyantra_warehouse//models/water_tank
[2.256s] -- Up-to-date: /home/seema/ros2_ws/install/eyantra_warehouse/share/eyantra_warehouse//models/water_tank/water_tank.mtl
[2.256s] -- Up-to-date: /home/seema/ros2_ws/install/eyantra_warehouse/share/eyantra_warehouse//models/water_tank/water_tank.obj
[2.256s] -- Up-to-date: /home/seema/ros2_ws/install/eyantra_warehouse/share/eyantra_warehouse//models/rack
[2.257s] -- Up-to-date: /home/seema/ros2_ws/install/eyantra_warehouse/share/eyantra_warehouse//models/rack/model.sdf
[2.257s] -- Up-to-date: /home/seema/ros2_ws/install/eyantra_warehouse/share/eyantra_warehouse//models/rack/model.config
[2.257s] -- Up-to-date: /home/seema/ros2_ws/install/eyantra_warehouse/share/eyantra_warehouse//models/rack/meshes
[2.257s] -- Up-to-date: /home/seema/ros2_ws/install/eyantra_warehouse/share/eyantra_warehouse//models/rack/meshes/brushedsteel_bg.jpg
[2.257s] -- Up-to-date: /home/seema/ros2_ws/install/eyantra_warehouse/share/eyantra_warehouse//models/rack/meshes/brushedsteel4.jpg
[2.257s] -- Up-to-date: /home/seema/ros2_ws/install/eyantra_warehouse/share/eyantra_warehouse//models/rack/meshes/rack.stl
[2.257s] -- Up-to-date: /home/seema/ros2_ws/install/eyantra_warehouse/share/eyantra_warehouse//models/rack/meshes/rack.dae
[2.257s] -- Up-to-date: /home/seema/ros2_ws/install/eyantra_warehouse/share/eyantra_warehouse//models/window
[2.257s] -- Up-to-date: /home/seema/ros2_ws/install/eyantra_warehouse/share/eyantra_warehouse//models/window/model.sdf
[2.257s] -- Up-to-date: /home/seema/ros2_ws/install/eyantra_warehouse/share/eyantra_warehouse//models/window/model.config
[2.257s] -- Up-to-date: /home/seema/ros2_ws/install/eyantra_warehouse/share/eyantra_warehouse//models/good_fruit
[2.258s] -- Up-to-date: /home/seema/ros2_ws/install/eyantra_warehouse/share/eyantra_warehouse//models/good_fruit/model.sdf
[2.258s] -- Up-to-date: /home/seema/ros2_ws/install/eyantra_warehouse/share/eyantra_warehouse//models/good_fruit/model.config
[2.258s] -- Up-to-date: /home/seema/ros2_ws/install/eyantra_warehouse/share/eyantra_warehouse//models/good_fruit/meshes
[2.258s] -- Up-to-date: /home/seema/ros2_ws/install/eyantra_warehouse/share/eyantra_warehouse//models/good_fruit/meshes/good_fruit.obj
[2.258s] -- Up-to-date: /home/seema/ros2_ws/install/eyantra_warehouse/share/eyantra_warehouse//models/good_fruit/meshes/good_fruit.mtl
[2.258s] -- Up-to-date: /home/seema/ros2_ws/install/eyantra_warehouse/share/eyantra_warehouse//models/square_shape
[2.258s] -- Up-to-date: /home/seema/ros2_ws/install/eyantra_warehouse/share/eyantra_warehouse//models/square_shape/model.sdf
[2.258s] -- Up-to-date: /home/seema/ros2_ws/install/eyantra_warehouse/share/eyantra_warehouse//models/square_shape/model.config
[2.258s] -- Up-to-date: /home/seema/ros2_ws/install/eyantra_warehouse/share/eyantra_warehouse//models/square_shape/meshes
[2.260s] -- Up-to-date: /home/seema/ros2_ws/install/eyantra_warehouse/share/eyantra_warehouse//models/square_shape/meshes/square_shape.obj
[2.261s] -- Up-to-date: /home/seema/ros2_ws/install/eyantra_warehouse/share/eyantra_warehouse//models/square_shape/meshes/square_shape.mtl
[2.261s] -- Up-to-date: /home/seema/ros2_ws/install/eyantra_warehouse/share/eyantra_warehouse//models/dock_shape
[2.261s] -- Up-to-date: /home/seema/ros2_ws/install/eyantra_warehouse/share/eyantra_warehouse//models/dock_shape/model.sdf
[2.261s] -- Up-to-date: /home/seema/ros2_ws/install/eyantra_warehouse/share/eyantra_warehouse//models/dock_shape/model.config
[2.261s] -- Up-to-date: /home/seema/ros2_ws/install/eyantra_warehouse/share/eyantra_warehouse//models/dock_shape/meshes
[2.261s] -- Up-to-date: /home/seema/ros2_ws/install/eyantra_warehouse/share/eyantra_warehouse//models/dock_shape/meshes/dock_shape.mtl
[2.261s] -- Up-to-date: /home/seema/ros2_ws/install/eyantra_warehouse/share/eyantra_warehouse//models/dock_shape/meshes/dock_shape.dae
[2.261s] -- Up-to-date: /home/seema/ros2_ws/install/eyantra_warehouse/share/eyantra_warehouse//models/dock_shape/meshes/dock_shape.obj
[2.261s] -- Up-to-date: /home/seema/ros2_ws/install/eyantra_warehouse/share/eyantra_warehouse//models/conveyor_belt
[2.261s] -- Up-to-date: /home/seema/ros2_ws/install/eyantra_warehouse/share/eyantra_warehouse//models/conveyor_belt/model.sdf
[2.261s] -- Up-to-date: /home/seema/ros2_ws/install/eyantra_warehouse/share/eyantra_warehouse//models/conveyor_belt/model.config
[2.262s] -- Up-to-date: /home/seema/ros2_ws/install/eyantra_warehouse/share/eyantra_warehouse//models/conveyor_belt/meshes
[2.262s] -- Up-to-date: /home/seema/ros2_ws/install/eyantra_warehouse/share/eyantra_warehouse//models/conveyor_belt/meshes/conveyor_belt.dae
[2.262s] -- Up-to-date: /home/seema/ros2_ws/install/eyantra_warehouse/share/eyantra_warehouse//models/conveyor_belt/meshes/conveyor_belt.stl
[2.262s] -- Up-to-date: /home/seema/ros2_ws/install/eyantra_warehouse/share/eyantra_warehouse//models/TrashBin
[2.262s] -- Up-to-date: /home/seema/ros2_ws/install/eyantra_warehouse/share/eyantra_warehouse//models/TrashBin/model.sdf
[2.262s] -- Up-to-date: /home/seema/ros2_ws/install/eyantra_warehouse/share/eyantra_warehouse//models/TrashBin/model.config
[2.262s] -- Up-to-date: /home/seema/ros2_ws/install/eyantra_warehouse/share/eyantra_warehouse//models/TrashBin/meshes
[2.262s] -- Up-to-date: /home/seema/ros2_ws/install/eyantra_warehouse/share/eyantra_warehouse//models/TrashBin/meshes/TrashBin_Diffuse.png
[2.262s] -- Up-to-date: /home/seema/ros2_ws/install/eyantra_warehouse/share/eyantra_warehouse//models/TrashBin/meshes/TrashBin.obj
[2.262s] -- Up-to-date: /home/seema/ros2_ws/install/eyantra_warehouse/share/eyantra_warehouse//models/TrashBin/meshes/TrashBin.mtl
[2.262s] -- Up-to-date: /home/seema/ros2_ws/install/eyantra_warehouse/share/eyantra_warehouse//models/TrashBin/thumbnails
[2.262s] -- Up-to-date: /home/seema/ros2_ws/install/eyantra_warehouse/share/eyantra_warehouse//models/TrashBin/thumbnails/5.png
[2.263s] -- Up-to-date: /home/seema/ros2_ws/install/eyantra_warehouse/share/eyantra_warehouse//models/TrashBin/thumbnails/3.png
[2.263s] -- Up-to-date: /home/seema/ros2_ws/install/eyantra_warehouse/share/eyantra_warehouse//models/TrashBin/thumbnails/1.png
[2.263s] -- Up-to-date: /home/seema/ros2_ws/install/eyantra_warehouse/share/eyantra_warehouse//models/TrashBin/thumbnails/4.png
[2.263s] -- Up-to-date: /home/seema/ros2_ws/install/eyantra_warehouse/share/eyantra_warehouse//models/TrashBin/thumbnails/2.png
[2.263s] -- Up-to-date: /home/seema/ros2_ws/install/eyantra_warehouse/share/eyantra_warehouse//models/ground_plane
[2.263s] -- Up-to-date: /home/seema/ros2_ws/install/eyantra_warehouse/share/eyantra_warehouse//models/ground_plane/model.sdf
[2.263s] -- Up-to-date: /home/seema/ros2_ws/install/eyantra_warehouse/share/eyantra_warehouse//models/ground_plane/model.config
[2.263s] -- Up-to-date: /home/seema/ros2_ws/install/eyantra_warehouse/share/eyantra_warehouse//models/triangle_shape
[2.264s] -- Up-to-date: /home/seema/ros2_ws/install/eyantra_warehouse/share/eyantra_warehouse//models/triangle_shape/model.sdf
[2.264s] -- Up-to-date: /home/seema/ros2_ws/install/eyantra_warehouse/share/eyantra_warehouse//models/triangle_shape/model.config
[2.264s] -- Up-to-date: /home/seema/ros2_ws/install/eyantra_warehouse/share/eyantra_warehouse//models/triangle_shape/meshes
[2.271s] -- Up-to-date: /home/seema/ros2_ws/install/eyantra_warehouse/share/eyantra_warehouse//models/triangle_shape/meshes/triangle_shape.mtl
[2.272s] -- Up-to-date: /home/seema/ros2_ws/install/eyantra_warehouse/share/eyantra_warehouse//models/triangle_shape/meshes/triangle_shape.obj
[2.275s] -- Up-to-date: /home/seema/ros2_ws/install/eyantra_warehouse/share/eyantra_warehouse//models/bad_fruit
[2.275s] -- Up-to-date: /home/seema/ros2_ws/install/eyantra_warehouse/share/eyantra_warehouse//models/bad_fruit/model.sdf
[2.275s] -- Up-to-date: /home/seema/ros2_ws/install/eyantra_warehouse/share/eyantra_warehouse//models/bad_fruit/model.config
[2.276s] -- Up-to-date: /home/seema/ros2_ws/install/eyantra_warehouse/share/eyantra_warehouse//models/bad_fruit/meshes
[2.276s] -- Up-to-date: /home/seema/ros2_ws/install/eyantra_warehouse/share/eyantra_warehouse//models/bad_fruit/meshes/bad_fruit.obj
[2.276s] -- Up-to-date: /home/seema/ros2_ws/install/eyantra_warehouse/share/eyantra_warehouse//models/bad_fruit/meshes/bad_fruit.mtl
[2.276s] -- Up-to-date: /home/seema/ros2_ws/install/eyantra_warehouse/share/eyantra_warehouse//models/warehouse_divider
[2.276s] -- Up-to-date: /home/seema/ros2_ws/install/eyantra_warehouse/share/eyantra_warehouse//models/warehouse_divider/model.sdf
[2.276s] -- Up-to-date: /home/seema/ros2_ws/install/eyantra_warehouse/share/eyantra_warehouse//models/warehouse_divider/model.config
[2.276s] -- Up-to-date: /home/seema/ros2_ws/install/eyantra_warehouse/share/eyantra_warehouse//models/warehouse_divider/meshes
[2.276s] -- Up-to-date: /home/seema/ros2_ws/install/eyantra_warehouse/share/eyantra_warehouse//models/warehouse_divider/meshes/LAWN.jpg
[2.276s] -- Up-to-date: /home/seema/ros2_ws/install/eyantra_warehouse/share/eyantra_warehouse//models/warehouse_divider/meshes/warehouse_divider.dae
[2.276s] -- Up-to-date: /home/seema/ros2_ws/install/eyantra_warehouse/share/eyantra_warehouse//models/longer_conveyor_belt
[2.277s] -- Up-to-date: /home/seema/ros2_ws/install/eyantra_warehouse/share/eyantra_warehouse//models/longer_conveyor_belt/model.sdf
[2.277s] -- Up-to-date: /home/seema/ros2_ws/install/eyantra_warehouse/share/eyantra_warehouse//models/longer_conveyor_belt/model.config
[2.277s] -- Up-to-date: /home/seema/ros2_ws/install/eyantra_warehouse/share/eyantra_warehouse//models/longer_conveyor_belt/meshes
[2.277s] -- Up-to-date: /home/seema/ros2_ws/install/eyantra_warehouse/share/eyantra_warehouse//models/longer_conveyor_belt/meshes/longer_conveyor_belt.dae
[2.277s] -- Up-to-date: /home/seema/ros2_ws/install/eyantra_warehouse/share/eyantra_warehouse//models/plant_red_yellow_bell_peppers_trough
[2.277s] -- Up-to-date: /home/seema/ros2_ws/install/eyantra_warehouse/share/eyantra_warehouse//models/plant_red_yellow_bell_peppers_trough/model.sdf
[2.280s] -- Up-to-date: /home/seema/ros2_ws/install/eyantra_warehouse/share/eyantra_warehouse//models/plant_red_yellow_bell_peppers_trough/model.config
[2.281s] -- Up-to-date: /home/seema/ros2_ws/install/eyantra_warehouse/share/eyantra_warehouse//models/plant_red_yellow_bell_peppers_trough/meshes
[2.281s] -- Up-to-date: /home/seema/ros2_ws/install/eyantra_warehouse/share/eyantra_warehouse//models/plant_red_yellow_bell_peppers_trough/meshes/soil-texture-png-3.png
[2.282s] -- Up-to-date: /home/seema/ros2_ws/install/eyantra_warehouse/share/eyantra_warehouse//models/plant_red_yellow_bell_peppers_trough/meshes/leaf.jpg
[2.283s] -- Up-to-date: /home/seema/ros2_ws/install/eyantra_warehouse/share/eyantra_warehouse//models/plant_red_yellow_bell_peppers_trough/meshes/KB_plant_red_yellow_bell_pepper.dae
[2.283s] -- Up-to-date: /home/seema/ros2_ws/install/eyantra_warehouse/share/eyantra_warehouse//models/warehouse_boundary
[2.284s] -- Up-to-date: /home/seema/ros2_ws/install/eyantra_warehouse/share/eyantra_warehouse//models/warehouse_boundary/backup
[2.284s] -- Up-to-date: /home/seema/ros2_ws/install/eyantra_warehouse/share/eyantra_warehouse//models/warehouse_boundary/backup/miha-rekar-LIel8q1XQsE-unsplash.jpg
[2.285s] -- Up-to-date: /home/seema/ros2_ws/install/eyantra_warehouse/share/eyantra_warehouse//models/warehouse_boundary/backup/SolarPanelsPolycrystallineTypeBFramedClean001_COL_3K.jpg.022.jpg
[2.285s] -- Up-to-date: /home/seema/ros2_ws/install/eyantra_warehouse/share/eyantra_warehouse//models/warehouse_boundary/backup/bernd-dittrich-mapUehHSHYU-unsplash.jpg
[2.286s] -- Up-to-date: /home/seema/ros2_ws/install/eyantra_warehouse/share/eyantra_warehouse//models/warehouse_boundary/backup/SolarPanelsPolycrystallineTypeBFramedClean001_COL_3K.jpg.021.jpg
[2.287s] -- Up-to-date: /home/seema/ros2_ws/install/eyantra_warehouse/share/eyantra_warehouse//models/warehouse_boundary/backup/SolarPanelsPolycrystallineTypeBFramedClean001_COL_3K.jpg.027.jpg
[2.288s] -- Up-to-date: /home/seema/ros2_ws/install/eyantra_warehouse/share/eyantra_warehouse//models/warehouse_boundary/backup/SolarPanelsPolycrystallineTypeBFramedClean001_COL_3K.jpg.013.jpg
[2.288s] -- Up-to-date: /home/seema/ros2_ws/install/eyantra_warehouse/share/eyantra_warehouse//models/warehouse_boundary/backup/LAWN.jpg
[2.288s] -- Up-to-date: /home/seema/ros2_ws/install/eyantra_warehouse/share/eyantra_warehouse//models/warehouse_boundary/backup/SolarPanelsPolycrystallineTypeBFramedClean001_COL_3K.jpg.012.jpg
[2.289s] -- Up-to-date: /home/seema/ros2_ws/install/eyantra_warehouse/share/eyantra_warehouse//models/warehouse_boundary/backup/SolarPanelsPolycrystallineTypeBFramedClean001_COL_3K.jpg.005.jpg
[2.289s] -- Up-to-date: /home/seema/ros2_ws/install/eyantra_warehouse/share/eyantra_warehouse//models/warehouse_boundary/backup/SolarPanelsPolycrystallineTypeBFramedClean001_COL_3K.jpg.030.jpg
[2.289s] -- Up-to-date: /home/seema/ros2_ws/install/eyantra_warehouse/share/eyantra_warehouse//models/warehouse_boundary/backup/SolarPanelsPolycrystallineTypeBFramedClean001_COL_3K.jpg.020.jpg
[2.289s] -- Up-to-date: /home/seema/ros2_ws/install/eyantra_warehouse/share/eyantra_warehouse//models/warehouse_boundary/backup/SolarPanelsPolycrystallineTypeBFramedClean001_COL_3K.jpg.001.jpg
[2.289s] -- Up-to-date: /home/seema/ros2_ws/install/eyantra_warehouse/share/eyantra_warehouse//models/warehouse_boundary/backup/SolarPanelsPolycrystallineTypeBFramedClean001_COL_3K.jpg.025.jpg
[2.289s] -- Up-to-date: /home/seema/ros2_ws/install/eyantra_warehouse/share/eyantra_warehouse//models/warehouse_boundary/backup/SolarPanelsPolycrystallineTypeBFramedClean001_COL_3K.jpg.004.jpg
[2.289s] -- Up-to-date: /home/seema/ros2_ws/install/eyantra_warehouse/share/eyantra_warehouse//models/warehouse_boundary/backup/SolarPanelsPolycrystallineTypeBFramedClean001_COL_3K.jpg.017.jpg
[2.289s] -- Up-to-date: /home/seema/ros2_ws/install/eyantra_warehouse/share/eyantra_warehouse//models/warehouse_boundary/backup/miha-rekar-LIel8q1XQsE-unsplash.jpg.001.jpg
[2.289s] -- Up-to-date: /home/seema/ros2_ws/install/eyantra_warehouse/share/eyantra_warehouse//models/warehouse_boundary/backup/SolarPanelsPolycrystallineTypeBFramedClean001_COL_3K.jpg.008.jpg
[2.289s] -- Up-to-date: /home/seema/ros2_ws/install/eyantra_warehouse/share/eyantra_warehouse//models/warehouse_boundary/backup/SolarPanelsPolycrystallineTypeBFramedClean001_COL_3K.jpg.023.jpg
[2.289s] -- Up-to-date: /home/seema/ros2_ws/install/eyantra_warehouse/share/eyantra_warehouse//models/warehouse_boundary/backup/SolarPanelsPolycrystallineTypeBFramedClean001_COL_3K.jpg.015.jpg
[2.289s] -- Up-to-date: /home/seema/ros2_ws/install/eyantra_warehouse/share/eyantra_warehouse//models/warehouse_boundary/backup/warehouse_floor.jpg
[2.290s] -- Up-to-date: /home/seema/ros2_ws/install/eyantra_warehouse/share/eyantra_warehouse//models/warehouse_boundary/backup/SolarPanelsPolycrystallineTypeBFramedClean001_COL_3K.jpg.007.jpg
[2.290s] -- Up-to-date: /home/seema/ros2_ws/install/eyantra_warehouse/share/eyantra_warehouse//models/warehouse_boundary/backup/SolarPanelsPolycrystallineTypeBFramedClean001_COL_3K.jpg.002.jpg
[2.291s] -- Up-to-date: /home/seema/ros2_ws/install/eyantra_warehouse/share/eyantra_warehouse//models/warehouse_boundary/backup/SolarPanelsPolycrystallineTypeBFramedClean001_COL_3K.jpg.018.jpg
[2.291s] -- Up-to-date: /home/seema/ros2_ws/install/eyantra_warehouse/share/eyantra_warehouse//models/warehouse_boundary/backup/SolarPanelsPolycrystallineTypeBFramedClean001_COL_3K.jpg.009.jpg
[2.292s] -- Up-to-date: /home/seema/ros2_ws/install/eyantra_warehouse/share/eyantra_warehouse//models/warehouse_boundary/backup/warningTape.png
[2.293s] -- Up-to-date: /home/seema/ros2_ws/install/eyantra_warehouse/share/eyantra_warehouse//models/warehouse_boundary/backup/warehouse_boundary_modified.dae
[2.293s] -- Up-to-date: /home/seema/ros2_ws/install/eyantra_warehouse/share/eyantra_warehouse//models/warehouse_boundary/backup/ground.jpg
[2.294s] -- Up-to-date: /home/seema/ros2_ws/install/eyantra_warehouse/share/eyantra_warehouse//models/warehouse_boundary/backup/greenhouse_wooden_floor.png
[2.294s] -- Up-to-date: /home/seema/ros2_ws/install/eyantra_warehouse/share/eyantra_warehouse//models/warehouse_boundary/backup/SolarPanelsPolycrystallineTypeBFramedClean001_COL_3K.jpg.016.jpg
[2.295s] -- Up-to-date: /home/seema/ros2_ws/install/eyantra_warehouse/share/eyantra_warehouse//models/warehouse_boundary/backup/SolarPanelsPolycrystallineTypeBFramedClean001_COL_3K.jpg.011.jpg
[2.295s] -- Up-to-date: /home/seema/ros2_ws/install/eyantra_warehouse/share/eyantra_warehouse//models/warehouse_boundary/backup/SolarPanelsPolycrystallineTypeBFramedClean001_COL_3K.jpg.004.jp.jpg
[2.296s] -- Up-to-date: /home/seema/ros2_ws/install/eyantra_warehouse/share/eyantra_warehouse//models/warehouse_boundary/backup/SolarPanelsPolycrystallineTypeBFramedClean001_COL_3K.jpg.014.jpg
[2.297s] -- Up-to-date: /home/seema/ros2_ws/install/eyantra_warehouse/share/eyantra_warehouse//models/warehouse_boundary/backup/SolarPanelsPolycrystallineTypeBFramedClean001_COL_3K.jpg.026.jpg
[2.297s] -- Up-to-date: /home/seema/ros2_ws/install/eyantra_warehouse/share/eyantra_warehouse//models/warehouse_boundary/backup/SolarPanelsPolycrystallineTypeBFramedClean001_COL_3K.jpg.003.jpg
[2.298s] -- Up-to-date: /home/seema/ros2_ws/install/eyantra_warehouse/share/eyantra_warehouse//models/warehouse_boundary/backup/warehouse_boundary_glass_cover_modified.dae
[2.299s] -- Up-to-date: /home/seema/ros2_ws/install/eyantra_warehouse/share/eyantra_warehouse//models/warehouse_boundary/backup/tilebark.jpg
[2.300s] -- Up-to-date: /home/seema/ros2_ws/install/eyantra_warehouse/share/eyantra_warehouse//models/warehouse_boundary/backup/SolarPanelsPolycrystallineTypeBFramedClean001_COL_3K.jpg.010.jpg
[2.300s] -- Up-to-date: /home/seema/ros2_ws/install/eyantra_warehouse/share/eyantra_warehouse//models/warehouse_boundary/backup/SolarPanelsPolycrystallineTypeBFramedClean001_COL_3K.jpg.006.jpg
[2.300s] -- Up-to-date: /home/seema/ros2_ws/install/eyantra_warehouse/share/eyantra_warehouse//models/warehouse_boundary/backup/SolarPanelsPolycrystallineTypeBFramedClean001_COL_3K.jpg.029.jpg
[2.301s] -- Up-to-date: /home/seema/ros2_ws/install/eyantra_warehouse/share/eyantra_warehouse//models/warehouse_boundary/backup/SolarPanelsPolycrystallineTypeBFramedClean001_COL_3K.jpg.028.jpg
[2.301s] -- Up-to-date: /home/seema/ros2_ws/install/eyantra_warehouse/share/eyantra_warehouse//models/warehouse_boundary/backup/SolarPanelsPolycrystallineTypeBFramedClean001_COL_3K.jpg.024.jpg
[2.301s] -- Up-to-date: /home/seema/ros2_ws/install/eyantra_warehouse/share/eyantra_warehouse//models/warehouse_boundary/backup/warehouse_boundary_glass_cover.dae
[2.302s] -- Up-to-date: /home/seema/ros2_ws/install/eyantra_warehouse/share/eyantra_warehouse//models/warehouse_boundary/backup/warehouse_boundary.dae
[2.302s] -- Up-to-date: /home/seema/ros2_ws/install/eyantra_warehouse/share/eyantra_warehouse//models/warehouse_boundary/backup/SolarPanelsPolycrystallineTypeBFramedClean001_COL_3K.jpg.019.jpg
[2.302s] -- Up-to-date: /home/seema/ros2_ws/install/eyantra_warehouse/share/eyantra_warehouse//models/warehouse_boundary/backup/branch-texture-png.png
[2.302s] -- Up-to-date: /home/seema/ros2_ws/install/eyantra_warehouse/share/eyantra_warehouse//models/warehouse_boundary/model.sdf
[2.302s] -- Up-to-date: /home/seema/ros2_ws/install/eyantra_warehouse/share/eyantra_warehouse//models/warehouse_boundary/model.config
[2.302s] -- Up-to-date: /home/seema/ros2_ws/install/eyantra_warehouse/share/eyantra_warehouse//models/warehouse_boundary/meshes
[2.302s] -- Up-to-date: /home/seema/ros2_ws/install/eyantra_warehouse/share/eyantra_warehouse//models/warehouse_boundary/meshes/miha-rekar-LIel8q1XQsE-unsplash.jpg
[2.302s] -- Up-to-date: /home/seema/ros2_ws/install/eyantra_warehouse/share/eyantra_warehouse//models/warehouse_boundary/meshes/bernd-dittrich-mapUehHSHYU-unsplash.jpg
[2.302s] -- Up-to-date: /home/seema/ros2_ws/install/eyantra_warehouse/share/eyantra_warehouse//models/warehouse_boundary/meshes/SolarPanelsPolycrystallineTypeBFramedClean001_COL_3K.jpg.030.j.jpg
[2.303s] -- Up-to-date: /home/seema/ros2_ws/install/eyantra_warehouse/share/eyantra_warehouse//models/warehouse_boundary/meshes/ground.jpg.001.jpg
[2.303s] -- Up-to-date: /home/seema/ros2_ws/install/eyantra_warehouse/share/eyantra_warehouse//models/warehouse_boundary/meshes/warningTape.png
[2.303s] -- Up-to-date: /home/seema/ros2_ws/install/eyantra_warehouse/share/eyantra_warehouse//models/warehouse_boundary/meshes/warehouse_boundary_modified.dae
[2.303s] -- Up-to-date: /home/seema/ros2_ws/install/eyantra_warehouse/share/eyantra_warehouse//models/warehouse_boundary/meshes/greenhouse_wooden_floor.png.001.png
[2.303s] -- Up-to-date: /home/seema/ros2_ws/install/eyantra_warehouse/share/eyantra_warehouse//models/warehouse_boundary/meshes/warehouse_boundary_glass_cover_modified.dae
[2.303s] -- Up-to-date: /home/seema/ros2_ws/install/eyantra_warehouse/share/eyantra_warehouse//models/warehouse_boundary/meshes/warehouse_boundary_glass_cover.dae
[2.303s] -- Up-to-date: /home/seema/ros2_ws/install/eyantra_warehouse/share/eyantra_warehouse//models/warehouse_boundary/meshes/warehouse_boundary.dae
[2.303s] -- Up-to-date: /home/seema/ros2_ws/install/eyantra_warehouse/share/eyantra_warehouse//config
[2.303s] -- Up-to-date: /home/seema/ros2_ws/install/eyantra_warehouse/share/eyantra_warehouse//config/SkyX_Moon.png
[2.303s] -- Up-to-date: /home/seema/ros2_ws/install/eyantra_warehouse/share/eyantra_warehouse//config/package_link.json
[2.303s] -- Up-to-date: /home/seema/ros2_ws/install/eyantra_warehouse/share/eyantra_warehouse//config/SkyX_Moon.fragment
[2.303s] -- Up-to-date: /home/seema/ros2_ws/install/eyantra_warehouse/share/eyantra_warehouse//plugins
[2.303s] -- Up-to-date: /home/seema/ros2_ws/install/eyantra_warehouse/share/eyantra_warehouse//plugins/libSampleSystem.so
[2.303s] -- Up-to-date: /home/seema/ros2_ws/install/eyantra_warehouse/share/ament_index/resource_index/package_run_dependencies/eyantra_warehouse
[2.303s] -- Up-to-date: /home/seema/ros2_ws/install/eyantra_warehouse/share/ament_index/resource_index/parent_prefix_path/eyantra_warehouse
[2.303s] -- Up-to-date: /home/seema/ros2_ws/install/eyantra_warehouse/share/eyantra_warehouse/environment/ament_prefix_path.sh
[2.304s] -- Up-to-date: /home/seema/ros2_ws/install/eyantra_warehouse/share/eyantra_warehouse/environment/ament_prefix_path.dsv
[2.304s] -- Up-to-date: /home/seema/ros2_ws/install/eyantra_warehouse/share/eyantra_warehouse/environment/path.sh
[2.304s] -- Up-to-date: /home/seema/ros2_ws/install/eyantra_warehouse/share/eyantra_warehouse/environment/path.dsv
[2.304s] -- Up-to-date: /home/seema/ros2_ws/install/eyantra_warehouse/share/eyantra_warehouse/local_setup.bash
[2.304s] -- Up-to-date: /home/seema/ros2_ws/install/eyantra_warehouse/share/eyantra_warehouse/local_setup.sh
[2.304s] -- Up-to-date: /home/seema/ros2_ws/install/eyantra_warehouse/share/eyantra_warehouse/local_setup.zsh
[2.304s] -- Up-to-date: /home/seema/ros2_ws/install/eyantra_warehouse/share/eyantra_warehouse/local_setup.dsv
[2.304s] -- Installing: /home/seema/ros2_ws/install/eyantra_warehouse/share/eyantra_warehouse/package.dsv
[2.304s] -- Up-to-date: /home/seema/ros2_ws/install/eyantra_warehouse/share/ament_index/resource_index/packages/eyantra_warehouse
[2.304s] -- Up-to-date: /home/seema/ros2_ws/install/eyantra_warehouse/share/eyantra_warehouse/cmake/eyantra_warehouseConfig.cmake
[2.304s] -- Up-to-date: /home/seema/ros2_ws/install/eyantra_warehouse/share/eyantra_warehouse/cmake/eyantra_warehouseConfig-version.cmake
[2.304s] -- Up-to-date: /home/seema/ros2_ws/install/eyantra_warehouse/share/eyantra_warehouse/package.xml
[2.386s] Invoked command in '/home/seema/ros2_ws/build/eyantra_warehouse' returned '0': CMAKE_PREFIX_PATH=/opt/ros/humble /usr/bin/cmake --install /home/seema/ros2_ws/build/eyantra_warehouse
