[2.601s] Invoking command in '/home/seema/ros2_ws/src/examples/rclpy/services/minimal_client': PYTHONPATH=/home/seema/ros2_ws/build/examples_rclpy_minimal_client/prefix_override:/usr/lib/python3/dist-packages/colcon_core/task/python/colcon_distutils_commands:/home/seema/ros2_ws/install/examples_rclpy_minimal_client/lib/python3.10/site-packages:${PYTHONPATH} /usr/bin/python3 -W ignore:setup.py install is deprecated -W ignore:easy_install command is deprecated setup.py egg_info --egg-base ../../../../../build/examples_rclpy_minimal_client build --build-base /home/seema/ros2_ws/build/examples_rclpy_minimal_client/build install --record /home/seema/ros2_ws/build/examples_rclpy_minimal_client/install.log --single-version-externally-managed install_data
[2.966s] running egg_info
[2.967s] writing ../../../../../build/examples_rclpy_minimal_client/examples_rclpy_minimal_client.egg-info/PKG-INFO
[2.967s] writing dependency_links to ../../../../../build/examples_rclpy_minimal_client/examples_rclpy_minimal_client.egg-info/dependency_links.txt
[2.967s] writing entry points to ../../../../../build/examples_rclpy_minimal_client/examples_rclpy_minimal_client.egg-info/entry_points.txt
[2.967s] writing requirements to ../../../../../build/examples_rclpy_minimal_client/examples_rclpy_minimal_client.egg-info/requires.txt
[2.967s] writing top-level names to ../../../../../build/examples_rclpy_minimal_client/examples_rclpy_minimal_client.egg-info/top_level.txt
[2.970s] reading manifest file '../../../../../build/examples_rclpy_minimal_client/examples_rclpy_minimal_client.egg-info/SOURCES.txt'
[2.970s] writing manifest file '../../../../../build/examples_rclpy_minimal_client/examples_rclpy_minimal_client.egg-info/SOURCES.txt'
[2.970s] running build
[2.970s] running build_py
[2.970s] running install
[2.970s] running install_lib
[2.971s] running install_data
[2.971s] running install_egg_info
[2.974s] removing '/home/seema/ros2_ws/install/examples_rclpy_minimal_client/lib/python3.10/site-packages/examples_rclpy_minimal_client-0.15.4-py3.10.egg-info' (and everything under it)
[2.975s] Copying ../../../../../build/examples_rclpy_minimal_client/examples_rclpy_minimal_client.egg-info to /home/seema/ros2_ws/install/examples_rclpy_minimal_client/lib/python3.10/site-packages/examples_rclpy_minimal_client-0.15.4-py3.10.egg-info
[2.976s] running install_scripts
[2.998s] Installing client script to /home/seema/ros2_ws/install/examples_rclpy_minimal_client/lib/examples_rclpy_minimal_client
[2.998s] Installing client_async script to /home/seema/ros2_ws/install/examples_rclpy_minimal_client/lib/examples_rclpy_minimal_client
[2.998s] Installing client_async_callback script to /home/seema/ros2_ws/install/examples_rclpy_minimal_client/lib/examples_rclpy_minimal_client
[2.998s] Installing client_async_member_function script to /home/seema/ros2_ws/install/examples_rclpy_minimal_client/lib/examples_rclpy_minimal_client
[2.998s] writing list of installed files to '/home/seema/ros2_ws/build/examples_rclpy_minimal_client/install.log'
[3.016s] Invoked command in '/home/seema/ros2_ws/src/examples/rclpy/services/minimal_client' returned '0': PYTHONPATH=/home/seema/ros2_ws/build/examples_rclpy_minimal_client/prefix_override:/usr/lib/python3/dist-packages/colcon_core/task/python/colcon_distutils_commands:/home/seema/ros2_ws/install/examples_rclpy_minimal_client/lib/python3.10/site-packages:${PYTHONPATH} /usr/bin/python3 -W ignore:setup.py install is deprecated -W ignore:easy_install command is deprecated setup.py egg_info --egg-base ../../../../../build/examples_rclpy_minimal_client build --build-base /home/seema/ros2_ws/build/examples_rclpy_minimal_client/build install --record /home/seema/ros2_ws/build/examples_rclpy_minimal_client/install.log --single-version-externally-managed install_data
