[2.252s] Invoking command in '/home/seema/ros2_ws/build/examples_rclpy_minimal_action_client': PYTHONPATH=/home/seema/ros2_ws/build/examples_rclpy_minimal_action_client/prefix_override:/usr/lib/python3/dist-packages/colcon_core/task/python/colcon_distutils_commands:/home/seema/ros2_ws/install/examples_rclpy_minimal_action_client/lib/python3.10/site-packages:${PYTHONPATH} /usr/bin/python3 -W ignore:setup.py install is deprecated -W ignore:easy_install command is deprecated setup.py develop --editable --build-directory /home/seema/ros2_ws/build/examples_rclpy_minimal_action_client/build --no-deps symlink_data --force
[2.497s] running develop
[2.646s] running egg_info
[2.647s] writing examples_rclpy_minimal_action_client.egg-info/PKG-INFO
[2.648s] writing dependency_links to examples_rclpy_minimal_action_client.egg-info/dependency_links.txt
[2.648s] writing entry points to examples_rclpy_minimal_action_client.egg-info/entry_points.txt
[2.648s] writing requirements to examples_rclpy_minimal_action_client.egg-info/requires.txt
[2.648s] writing top-level names to examples_rclpy_minimal_action_client.egg-info/top_level.txt
[2.650s] reading manifest file 'examples_rclpy_minimal_action_client.egg-info/SOURCES.txt'
[2.650s] writing manifest file 'examples_rclpy_minimal_action_client.egg-info/SOURCES.txt'
[2.703s] running build_ext
[2.703s] Creating /home/seema/ros2_ws/install/examples_rclpy_minimal_action_client/lib/python3.10/site-packages/examples-rclpy-minimal-action-client.egg-link (link to .)
[2.704s] Installing client script to /home/seema/ros2_ws/install/examples_rclpy_minimal_action_client/lib/examples_rclpy_minimal_action_client
[2.705s] Installing client_asyncio script to /home/seema/ros2_ws/install/examples_rclpy_minimal_action_client/lib/examples_rclpy_minimal_action_client
[2.705s] Installing client_cancel script to /home/seema/ros2_ws/install/examples_rclpy_minimal_action_client/lib/examples_rclpy_minimal_action_client
[2.705s] Installing client_not_composable script to /home/seema/ros2_ws/install/examples_rclpy_minimal_action_client/lib/examples_rclpy_minimal_action_client
[2.705s] 
[2.705s] Installed /home/seema/ros2_ws/build/examples_rclpy_minimal_action_client
[2.705s] running symlink_data
[2.705s] symbolically linking /home/seema/ros2_ws/build/examples_rclpy_minimal_action_client/resource/examples_rclpy_minimal_action_client -> /home/seema/ros2_ws/install/examples_rclpy_minimal_action_client/share/ament_index/resource_index/packages
[2.705s] symbolically linking /home/seema/ros2_ws/build/examples_rclpy_minimal_action_client/package.xml -> /home/seema/ros2_ws/install/examples_rclpy_minimal_action_client/share/examples_rclpy_minimal_action_client
[3.122s] Invoked command in '/home/seema/ros2_ws/build/examples_rclpy_minimal_action_client' returned '0': PYTHONPATH=/home/seema/ros2_ws/build/examples_rclpy_minimal_action_client/prefix_override:/usr/lib/python3/dist-packages/colcon_core/task/python/colcon_distutils_commands:/home/seema/ros2_ws/install/examples_rclpy_minimal_action_client/lib/python3.10/site-packages:${PYTHONPATH} /usr/bin/python3 -W ignore:setup.py install is deprecated -W ignore:easy_install command is deprecated setup.py develop --editable --build-directory /home/seema/ros2_ws/build/examples_rclpy_minimal_action_client/build --no-deps symlink_data --force
