[0.256s] Invoking command in '/home/seema/ros2_ws/build/examples_rclcpp_minimal_client': CMAKE_PREFIX_PATH=/opt/ros/humble /usr/bin/cmake /home/seema/ros2_ws/src/examples/rclcpp/services/minimal_client -DAMENT_CMAKE_SYMLINK_INSTALL=1 -DCMAKE_INSTALL_PREFIX=/home/seema/ros2_ws/install/examples_rclcpp_minimal_client
[1.016s] -- Found ament_cmake: 1.3.12 (/opt/ros/humble/share/ament_cmake/cmake)
[1.016s] -- Override CMake install command with custom implementation using symlinks instead of copying resources
[1.016s] -- Found example_interfaces: 0.9.3 (/opt/ros/humble/share/example_interfaces/cmake)
[1.016s] -- Found rosidl_generator_c: 3.1.7 (/opt/ros/humble/share/rosidl_generator_c/cmake)
[1.016s] -- Found rosidl_adapter: 3.1.7 (/opt/ros/humble/share/rosidl_adapter/cmake)
[1.016s] -- Found rosidl_generator_cpp: 3.1.7 (/opt/ros/humble/share/rosidl_generator_cpp/cmake)
[1.016s] -- Using all available rosidl_typesupport_c: rosidl_typesupport_fastrtps_c;rosidl_typesupport_introspection_c
[1.018s] -- Using all available rosidl_typesupport_cpp: rosidl_typesupport_fastrtps_cpp;rosidl_typesupport_introspection_cpp
[1.018s] -- Found rclcpp: 16.0.14 (/opt/ros/humble/share/rclcpp/cmake)
[1.018s] -- Found rmw_implementation_cmake: 6.1.2 (/opt/ros/humble/share/rmw_implementation_cmake/cmake)
[1.018s] -- Found rmw_fastrtps_cpp: 6.2.8 (/opt/ros/humble/share/rmw_fastrtps_cpp/cmake)
[1.018s] -- Using RMW implementation 'rmw_fastrtps_cpp' as default
[1.018s] -- Found ament_lint_auto: 0.12.14 (/opt/ros/humble/share/ament_lint_auto/cmake)
[1.331s] -- Added test 'copyright' to check source files copyright and LICENSE
[1.332s] -- Added test 'cppcheck' to perform static code analysis on C / C++ code
[1.333s] -- Configured cppcheck include dirs: 
[1.333s] -- Configured cppcheck exclude dirs and/or files: 
[1.336s] -- Added test 'cpplint' to check C / C++ code against the Google style
[1.336s] -- Configured cpplint exclude dirs and/or files: 
[1.336s] -- Added test 'lint_cmake' to check CMake code style
[1.336s] -- Added test 'uncrustify' to check C / C++ code style
[1.336s] -- Configured uncrustify additional arguments: 
[1.336s] -- Added test 'xmllint' to check XML markup files
[1.337s] -- Configuring done
[1.359s] -- Generating done
[1.364s] -- Build files have been written to: /home/seema/ros2_ws/build/examples_rclcpp_minimal_client
[1.378s] Invoked command in '/home/seema/ros2_ws/build/examples_rclcpp_minimal_client' returned '0': CMAKE_PREFIX_PATH=/opt/ros/humble /usr/bin/cmake /home/seema/ros2_ws/src/examples/rclcpp/services/minimal_client -DAMENT_CMAKE_SYMLINK_INSTALL=1 -DCMAKE_INSTALL_PREFIX=/home/seema/ros2_ws/install/examples_rclcpp_minimal_client
[1.380s] Invoking command in '/home/seema/ros2_ws/build/examples_rclcpp_minimal_client': CMAKE_PREFIX_PATH=/opt/ros/humble /usr/bin/cmake --build /home/seema/ros2_ws/build/examples_rclcpp_minimal_client -- -j16 -l16
[1.435s] [35m[1mConsolidate compiler generated dependencies of target client_main[0m
[1.459s] [100%] Built target client_main
[1.550s] Invoked command in '/home/seema/ros2_ws/build/examples_rclcpp_minimal_client' returned '0': CMAKE_PREFIX_PATH=/opt/ros/humble /usr/bin/cmake --build /home/seema/ros2_ws/build/examples_rclcpp_minimal_client -- -j16 -l16
[1.554s] Invoking command in '/home/seema/ros2_ws/build/examples_rclcpp_minimal_client': CMAKE_PREFIX_PATH=/opt/ros/humble /usr/bin/cmake --install /home/seema/ros2_ws/build/examples_rclcpp_minimal_client
[1.578s] -- Install configuration: ""
[1.578s] -- Execute custom install script
[1.578s] -- Up-to-date symlink: /home/seema/ros2_ws/install/examples_rclcpp_minimal_client/lib/examples_rclcpp_minimal_client/client_main
[1.578s] -- Up-to-date symlink: /home/seema/ros2_ws/install/examples_rclcpp_minimal_client/share/ament_index/resource_index/package_run_dependencies/examples_rclcpp_minimal_client
[1.578s] -- Up-to-date symlink: /home/seema/ros2_ws/install/examples_rclcpp_minimal_client/share/ament_index/resource_index/parent_prefix_path/examples_rclcpp_minimal_client
[1.578s] -- Up-to-date symlink: /home/seema/ros2_ws/install/examples_rclcpp_minimal_client/share/examples_rclcpp_minimal_client/environment/ament_prefix_path.sh
[1.578s] -- Up-to-date symlink: /home/seema/ros2_ws/install/examples_rclcpp_minimal_client/share/examples_rclcpp_minimal_client/environment/ament_prefix_path.dsv
[1.578s] -- Up-to-date symlink: /home/seema/ros2_ws/install/examples_rclcpp_minimal_client/share/examples_rclcpp_minimal_client/environment/path.sh
[1.579s] -- Up-to-date symlink: /home/seema/ros2_ws/install/examples_rclcpp_minimal_client/share/examples_rclcpp_minimal_client/environment/path.dsv
[1.579s] -- Up-to-date symlink: /home/seema/ros2_ws/install/examples_rclcpp_minimal_client/share/examples_rclcpp_minimal_client/local_setup.bash
[1.580s] -- Up-to-date symlink: /home/seema/ros2_ws/install/examples_rclcpp_minimal_client/share/examples_rclcpp_minimal_client/local_setup.sh
[1.580s] -- Up-to-date symlink: /home/seema/ros2_ws/install/examples_rclcpp_minimal_client/share/examples_rclcpp_minimal_client/local_setup.zsh
[1.581s] -- Up-to-date symlink: /home/seema/ros2_ws/install/examples_rclcpp_minimal_client/share/examples_rclcpp_minimal_client/local_setup.dsv
[1.581s] -- Symlinking: /home/seema/ros2_ws/install/examples_rclcpp_minimal_client/share/examples_rclcpp_minimal_client/package.dsv
[1.584s] -- Up-to-date symlink: /home/seema/ros2_ws/install/examples_rclcpp_minimal_client/share/ament_index/resource_index/packages/examples_rclcpp_minimal_client
[1.584s] -- Up-to-date symlink: /home/seema/ros2_ws/install/examples_rclcpp_minimal_client/share/examples_rclcpp_minimal_client/cmake/examples_rclcpp_minimal_clientConfig.cmake
[1.585s] -- Up-to-date symlink: /home/seema/ros2_ws/install/examples_rclcpp_minimal_client/share/examples_rclcpp_minimal_client/cmake/examples_rclcpp_minimal_clientConfig-version.cmake
[1.586s] -- Up-to-date symlink: /home/seema/ros2_ws/install/examples_rclcpp_minimal_client/share/examples_rclcpp_minimal_client/package.xml
[1.891s] Invoked command in '/home/seema/ros2_ws/build/examples_rclcpp_minimal_client' returned '0': CMAKE_PREFIX_PATH=/opt/ros/humble /usr/bin/cmake --install /home/seema/ros2_ws/build/examples_rclcpp_minimal_client
