[0.090s] Invoking command in '/home/seema/ros2_ws/build/ur5_control': CMAKE_PREFIX_PATH=/opt/ros/humble /usr/bin/cmake --build /home/seema/ros2_ws/build/ur5_control -- -j16 -l16
[0.205s] Invoked command in '/home/seema/ros2_ws/build/ur5_control' returned '0': CMAKE_PREFIX_PATH=/opt/ros/humble /usr/bin/cmake --build /home/seema/ros2_ws/build/ur5_control -- -j16 -l16
[0.209s] Invoking command in '/home/seema/ros2_ws/build/ur5_control': CMAKE_PREFIX_PATH=/opt/ros/humble /usr/bin/cmake --install /home/seema/ros2_ws/build/ur5_control
[0.242s] -- Install configuration: ""
[0.242s] -- Up-to-date: /home/seema/ros2_ws/install/ur5_control/lib/ur5_control/task1b_boiler_plate.py
[0.242s] -- Up-to-date: /home/seema/ros2_ws/install/ur5_control/lib/ur5_control/bonus_task2_boiler_plate.py
[0.242s] -- Up-to-date: /home/seema/ros2_ws/install/ur5_control/share/ament_index/resource_index/package_run_dependencies/ur5_control
[0.242s] -- Up-to-date: /home/seema/ros2_ws/install/ur5_control/share/ament_index/resource_index/parent_prefix_path/ur5_control
[0.242s] -- Up-to-date: /home/seema/ros2_ws/install/ur5_control/share/ur5_control/environment/ament_prefix_path.sh
[0.243s] -- Up-to-date: /home/seema/ros2_ws/install/ur5_control/share/ur5_control/environment/ament_prefix_path.dsv
[0.243s] -- Up-to-date: /home/seema/ros2_ws/install/ur5_control/share/ur5_control/environment/path.sh
[0.243s] -- Up-to-date: /home/seema/ros2_ws/install/ur5_control/share/ur5_control/environment/path.dsv
[0.243s] -- Up-to-date: /home/seema/ros2_ws/install/ur5_control/share/ur5_control/local_setup.bash
[0.243s] -- Up-to-date: /home/seema/ros2_ws/install/ur5_control/share/ur5_control/local_setup.sh
[0.243s] -- Up-to-date: /home/seema/ros2_ws/install/ur5_control/share/ur5_control/local_setup.zsh
[0.243s] -- Up-to-date: /home/seema/ros2_ws/install/ur5_control/share/ur5_control/local_setup.dsv
[0.243s] -- Installing: /home/seema/ros2_ws/install/ur5_control/share/ur5_control/package.dsv
[0.243s] -- Up-to-date: /home/seema/ros2_ws/install/ur5_control/share/ament_index/resource_index/packages/ur5_control
[0.243s] -- Up-to-date: /home/seema/ros2_ws/install/ur5_control/share/ur5_control/cmake/ur5_controlConfig.cmake
[0.243s] -- Up-to-date: /home/seema/ros2_ws/install/ur5_control/share/ur5_control/cmake/ur5_controlConfig-version.cmake
[0.244s] -- Up-to-date: /home/seema/ros2_ws/install/ur5_control/share/ur5_control/package.xml
[0.277s] Invoked command in '/home/seema/ros2_ws/build/ur5_control' returned '0': CMAKE_PREFIX_PATH=/opt/ros/humble /usr/bin/cmake --install /home/seema/ros2_ws/build/ur5_control
