[0.409s] Invoking command in '/home/seema/ros2_ws/build/ebot_description': CMAKE_PREFIX_PATH=/opt/ros/humble /usr/bin/cmake --build /home/seema/ros2_ws/build/ebot_description -- -j16 -l16
[1.009s] Invoked command in '/home/seema/ros2_ws/build/ebot_description' returned '0': CMAKE_PREFIX_PATH=/opt/ros/humble /usr/bin/cmake --build /home/seema/ros2_ws/build/ebot_description -- -j16 -l16
[1.012s] Invoking command in '/home/seema/ros2_ws/build/ebot_description': CMAKE_PREFIX_PATH=/opt/ros/humble /usr/bin/cmake --install /home/seema/ros2_ws/build/ebot_description
[1.086s] -- Install configuration: ""
[1.086s] -- Up-to-date: /home/seema/ros2_ws/install/ebot_description/share/ebot_description//launch
[1.086s] -- Up-to-date: /home/seema/ros2_ws/install/ebot_description/share/ebot_description//launch/spawn_ebot.launch.py
[1.086s] -- Up-to-date: /home/seema/ros2_ws/install/ebot_description/share/ebot_description//worlds
[1.087s] -- Up-to-date: /home/seema/ros2_ws/install/ebot_description/share/ebot_description//worlds/empty.world
[1.087s] -- Up-to-date: /home/seema/ros2_ws/install/ebot_description/share/ebot_description//models
[1.087s] -- Up-to-date: /home/seema/ros2_ws/install/ebot_description/share/ebot_description//models/ebot
[1.087s] -- Up-to-date: /home/seema/ros2_ws/install/ebot_description/share/ebot_description//models/ebot/ebot.gazebo
[1.087s] -- Up-to-date: /home/seema/ros2_ws/install/ebot_description/share/ebot_description//models/ebot/ebot_description.xacro
[1.087s] -- Up-to-date: /home/seema/ros2_ws/install/ebot_description/share/ebot_description//meshes
[1.087s] -- Up-to-date: /home/seema/ros2_ws/install/ebot_description/share/ebot_description//meshes/chassis_modified.dae
[1.087s] -- Up-to-date: /home/seema/ros2_ws/install/ebot_description/share/ebot_description//meshes/FUS3.STL
[1.087s] -- Up-to-date: /home/seema/ros2_ws/install/ebot_description/share/ebot_description//meshes/RHUS9.STL
[1.087s] -- Up-to-date: /home/seema/ros2_ws/install/ebot_description/share/ebot_description//meshes/RWL.STL
[1.087s] -- Up-to-date: /home/seema/ros2_ws/install/ebot_description/share/ebot_description//meshes/FWL.STL
[1.087s] -- Up-to-date: /home/seema/ros2_ws/install/ebot_description/share/ebot_description//meshes/robot_base.stl
[1.087s] -- Up-to-date: /home/seema/ros2_ws/install/ebot_description/share/ebot_description//meshes/chassis.dae
[1.088s] -- Up-to-date: /home/seema/ros2_ws/install/ebot_description/share/ebot_description//meshes/LHUS10.STL
[1.089s] -- Up-to-date: /home/seema/ros2_ws/install/ebot_description/share/ebot_description//meshes/FUS2.STL
[1.090s] -- Up-to-date: /home/seema/ros2_ws/install/ebot_description/share/ebot_description//meshes/LHUS9.STL
[1.090s] -- Up-to-date: /home/seema/ros2_ws/install/ebot_description/share/ebot_description//meshes/RUS6.STL
[1.090s] -- Up-to-date: /home/seema/ros2_ws/install/ebot_description/share/ebot_description//meshes/FUS1.STL
[1.090s] -- Up-to-date: /home/seema/ros2_ws/install/ebot_description/share/ebot_description//meshes/RWR.STL
[1.090s] -- Up-to-date: /home/seema/ros2_ws/install/ebot_description/share/ebot_description//meshes/RHUS7.STL
[1.090s] -- Up-to-date: /home/seema/ros2_ws/install/ebot_description/share/ebot_description//meshes/FUS4.STL
[1.090s] -- Up-to-date: /home/seema/ros2_ws/install/ebot_description/share/ebot_description//meshes/RUS5.STL
[1.090s] -- Up-to-date: /home/seema/ros2_ws/install/ebot_description/share/ebot_description//meshes/FWR.STL
[1.090s] -- Up-to-date: /home/seema/ros2_ws/install/ebot_description/share/ebot_description//meshes/aruco_tag.jpg.001.jpg
[1.090s] -- Up-to-date: /home/seema/ros2_ws/install/ebot_description/share/ebot_description//plugins
[1.090s] -- Up-to-date: /home/seema/ros2_ws/install/ebot_description/share/ebot_description//plugins/libgazebo_collision_sensor.so
[1.091s] -- Up-to-date: /home/seema/ros2_ws/install/ebot_description/share/ebot_description//plugins/libgazebo_ros_vacuum_gripper.so
[1.091s] -- Up-to-date: /home/seema/ros2_ws/install/ebot_description/share/ebot_description//config
[1.091s] -- Up-to-date: /home/seema/ros2_ws/install/ebot_description/share/ebot_description//config/bridge.yaml
[1.092s] -- Up-to-date: /home/seema/ros2_ws/install/ebot_description/share/ebot_description//config/controller.yaml
[1.092s] -- Up-to-date: /home/seema/ros2_ws/install/ebot_description/lib/ebot_description/pyarmor_runtime_000000
[1.092s] -- Up-to-date: /home/seema/ros2_ws/install/ebot_description/lib/ebot_description/pyarmor_runtime_000000/pyarmor_runtime.so
[1.092s] -- Up-to-date: /home/seema/ros2_ws/install/ebot_description/lib/ebot_description/pyarmor_runtime_000000/__init__.py
[1.092s] -- Up-to-date: /home/seema/ros2_ws/install/ebot_description/lib/ebot_description/pyarmor_runtime_000000
[1.092s] -- Up-to-date: /home/seema/ros2_ws/install/ebot_description/lib/ebot_description/pyarmor_runtime_000000/pyarmor_runtime.so
[1.094s] -- Up-to-date: /home/seema/ros2_ws/install/ebot_description/lib/ebot_description/pyarmor_runtime_000000/__init__.py
[1.094s] -- Up-to-date: /home/seema/ros2_ws/install/ebot_description/lib/ebot_description/payload.py
[1.094s] -- Up-to-date: /home/seema/ros2_ws/install/ebot_description/lib/ebot_description/spawner.py
[1.094s] -- Up-to-date: /home/seema/ros2_ws/install/ebot_description/share/ament_index/resource_index/package_run_dependencies/ebot_description
[1.095s] -- Up-to-date: /home/seema/ros2_ws/install/ebot_description/share/ament_index/resource_index/parent_prefix_path/ebot_description
[1.095s] -- Up-to-date: /home/seema/ros2_ws/install/ebot_description/share/ebot_description/environment/ament_prefix_path.sh
[1.095s] -- Up-to-date: /home/seema/ros2_ws/install/ebot_description/share/ebot_description/environment/ament_prefix_path.dsv
[1.095s] -- Up-to-date: /home/seema/ros2_ws/install/ebot_description/share/ebot_description/environment/path.sh
[1.095s] -- Up-to-date: /home/seema/ros2_ws/install/ebot_description/share/ebot_description/environment/path.dsv
[1.095s] -- Up-to-date: /home/seema/ros2_ws/install/ebot_description/share/ebot_description/local_setup.bash
[1.096s] -- Up-to-date: /home/seema/ros2_ws/install/ebot_description/share/ebot_description/local_setup.sh
[1.096s] -- Up-to-date: /home/seema/ros2_ws/install/ebot_description/share/ebot_description/local_setup.zsh
[1.096s] -- Up-to-date: /home/seema/ros2_ws/install/ebot_description/share/ebot_description/local_setup.dsv
[1.096s] -- Installing: /home/seema/ros2_ws/install/ebot_description/share/ebot_description/package.dsv
[1.096s] -- Up-to-date: /home/seema/ros2_ws/install/ebot_description/share/ament_index/resource_index/packages/ebot_description
[1.096s] -- Up-to-date: /home/seema/ros2_ws/install/ebot_description/share/ebot_description/cmake/ebot_descriptionConfig.cmake
[1.096s] -- Up-to-date: /home/seema/ros2_ws/install/ebot_description/share/ebot_description/cmake/ebot_descriptionConfig-version.cmake
[1.096s] -- Up-to-date: /home/seema/ros2_ws/install/ebot_description/share/ebot_description/package.xml
[1.150s] Invoked command in '/home/seema/ros2_ws/build/ebot_description' returned '0': CMAKE_PREFIX_PATH=/opt/ros/humble /usr/bin/cmake --install /home/seema/ros2_ws/build/ebot_description
