[0.052s] Invoking command in '/home/seema/ros2_ws/build/examples_rclcpp_wait_set': CMAKE_PREFIX_PATH=/opt/ros/humble /usr/bin/cmake --build /home/seema/ros2_ws/build/examples_rclcpp_wait_set -- -j16 -l16
[0.748s] [35m[1mConsolidate compiler generated dependencies of target talker[0m
[0.748s] [35m[1mConsolidate compiler generated dependencies of target wait_set_talker[0m
[0.748s] [35m[1mConsolidate compiler generated dependencies of target wait_set[0m
[0.748s] [35m[1mConsolidate compiler generated dependencies of target wait_set_random_order[0m
[0.748s] [35m[1mConsolidate compiler generated dependencies of target wait_set_topics_with_different_rates[0m
[0.749s] [35m[1mConsolidate compiler generated dependencies of target wait_set_topics_and_timer[0m
[0.749s] [35m[1mConsolidate compiler generated dependencies of target static_wait_set[0m
[0.749s] [35m[1mConsolidate compiler generated dependencies of target thread_safe_wait_set[0m
[0.749s] [35m[1mConsolidate compiler generated dependencies of target wait_set_listener[0m
[0.749s] [35m[1mConsolidate compiler generated dependencies of target listener[0m
[0.749s] [35m[1mConsolidate compiler generated dependencies of target executor_random_order[0m
[0.749s] [  8%] Built target wait_set
[0.749s] [ 16%] Built target talker
[0.749s] [ 25%] Built target wait_set_topics_with_different_rates
[0.749s] [ 33%] Built target wait_set_talker
[0.749s] [ 41%] Built target static_wait_set
[0.749s] [ 50%] Built target wait_set_topics_and_timer
[0.749s] [ 58%] Built target wait_set_listener
[0.749s] [ 66%] Built target thread_safe_wait_set
[0.749s] [ 75%] Built target executor_random_order
[0.749s] [ 83%] Built target wait_set_random_order
[0.749s] [ 91%] Built target listener
[0.749s] [35m[1mConsolidate compiler generated dependencies of target wait_set_composed[0m
[0.749s] [100%] Built target wait_set_composed
[0.787s] Invoked command in '/home/seema/ros2_ws/build/examples_rclcpp_wait_set' returned '0': CMAKE_PREFIX_PATH=/opt/ros/humble /usr/bin/cmake --build /home/seema/ros2_ws/build/examples_rclcpp_wait_set -- -j16 -l16
[0.789s] Invoking command in '/home/seema/ros2_ws/build/examples_rclcpp_wait_set': CMAKE_PREFIX_PATH=/opt/ros/humble /usr/bin/cmake --install /home/seema/ros2_ws/build/examples_rclcpp_wait_set
[0.816s] -- Install configuration: ""
[0.817s] -- Execute custom install script
[0.817s] -- Up-to-date symlink: /home/seema/ros2_ws/install/examples_rclcpp_wait_set/lib/examples_rclcpp_wait_set/wait_set_talker
[0.817s] -- Up-to-date symlink: /home/seema/ros2_ws/install/examples_rclcpp_wait_set/lib/examples_rclcpp_wait_set/wait_set_listener
[0.817s] -- Up-to-date symlink: /home/seema/ros2_ws/install/examples_rclcpp_wait_set/lib/libtalker.so
[0.817s] -- Up-to-date symlink: /home/seema/ros2_ws/install/examples_rclcpp_wait_set/lib/liblistener.so
[0.817s] -- Up-to-date symlink: /home/seema/ros2_ws/install/examples_rclcpp_wait_set/lib/examples_rclcpp_wait_set/wait_set
[0.817s] -- Up-to-date symlink: /home/seema/ros2_ws/install/examples_rclcpp_wait_set/lib/examples_rclcpp_wait_set/static_wait_set
[0.817s] -- Up-to-date symlink: /home/seema/ros2_ws/install/examples_rclcpp_wait_set/lib/examples_rclcpp_wait_set/thread_safe_wait_set
[0.817s] -- Up-to-date symlink: /home/seema/ros2_ws/install/examples_rclcpp_wait_set/lib/examples_rclcpp_wait_set/wait_set_topics_and_timer
[0.817s] -- Up-to-date symlink: /home/seema/ros2_ws/install/examples_rclcpp_wait_set/lib/examples_rclcpp_wait_set/wait_set_random_order
[0.818s] -- Up-to-date symlink: /home/seema/ros2_ws/install/examples_rclcpp_wait_set/lib/examples_rclcpp_wait_set/executor_random_order
[0.818s] -- Up-to-date symlink: /home/seema/ros2_ws/install/examples_rclcpp_wait_set/lib/examples_rclcpp_wait_set/wait_set_topics_with_different_rates
[0.818s] -- Up-to-date symlink: /home/seema/ros2_ws/install/examples_rclcpp_wait_set/lib/examples_rclcpp_wait_set/wait_set_composed
[0.818s] -- Up-to-date symlink: /home/seema/ros2_ws/install/examples_rclcpp_wait_set/share/ament_index/resource_index/package_run_dependencies/examples_rclcpp_wait_set
[0.818s] -- Up-to-date symlink: /home/seema/ros2_ws/install/examples_rclcpp_wait_set/share/ament_index/resource_index/parent_prefix_path/examples_rclcpp_wait_set
[0.818s] -- Up-to-date symlink: /home/seema/ros2_ws/install/examples_rclcpp_wait_set/share/examples_rclcpp_wait_set/environment/ament_prefix_path.sh
[0.818s] -- Up-to-date symlink: /home/seema/ros2_ws/install/examples_rclcpp_wait_set/share/examples_rclcpp_wait_set/environment/ament_prefix_path.dsv
[0.818s] -- Up-to-date symlink: /home/seema/ros2_ws/install/examples_rclcpp_wait_set/share/examples_rclcpp_wait_set/environment/path.sh
[0.818s] -- Up-to-date symlink: /home/seema/ros2_ws/install/examples_rclcpp_wait_set/share/examples_rclcpp_wait_set/environment/path.dsv
[0.818s] -- Up-to-date symlink: /home/seema/ros2_ws/install/examples_rclcpp_wait_set/share/examples_rclcpp_wait_set/local_setup.bash
[0.818s] -- Up-to-date symlink: /home/seema/ros2_ws/install/examples_rclcpp_wait_set/share/examples_rclcpp_wait_set/local_setup.sh
[0.818s] -- Up-to-date symlink: /home/seema/ros2_ws/install/examples_rclcpp_wait_set/share/examples_rclcpp_wait_set/local_setup.zsh
[0.818s] -- Up-to-date symlink: /home/seema/ros2_ws/install/examples_rclcpp_wait_set/share/examples_rclcpp_wait_set/local_setup.dsv
[0.818s] -- Symlinking: /home/seema/ros2_ws/install/examples_rclcpp_wait_set/share/examples_rclcpp_wait_set/package.dsv
[0.819s] -- Up-to-date symlink: /home/seema/ros2_ws/install/examples_rclcpp_wait_set/share/ament_index/resource_index/packages/examples_rclcpp_wait_set
[0.819s] -- Up-to-date symlink: /home/seema/ros2_ws/install/examples_rclcpp_wait_set/share/ament_index/resource_index/rclcpp_components/examples_rclcpp_wait_set
[0.819s] -- Up-to-date symlink: /home/seema/ros2_ws/install/examples_rclcpp_wait_set/share/examples_rclcpp_wait_set/cmake/examples_rclcpp_wait_setConfig.cmake
[0.819s] -- Up-to-date symlink: /home/seema/ros2_ws/install/examples_rclcpp_wait_set/share/examples_rclcpp_wait_set/cmake/examples_rclcpp_wait_setConfig-version.cmake
[0.819s] -- Up-to-date symlink: /home/seema/ros2_ws/install/examples_rclcpp_wait_set/share/examples_rclcpp_wait_set/package.xml
[1.018s] Invoked command in '/home/seema/ros2_ws/build/examples_rclcpp_wait_set' returned '0': CMAKE_PREFIX_PATH=/opt/ros/humble /usr/bin/cmake --install /home/seema/ros2_ws/build/examples_rclcpp_wait_set
