[5.091s] Invoking command in '/home/seema/ros2_ws/src/examples/rclpy/services/minimal_service': PYTHONPATH=/home/seema/ros2_ws/build/examples_rclpy_minimal_service/prefix_override:/usr/lib/python3/dist-packages/colcon_core/task/python/colcon_distutils_commands:/home/seema/ros2_ws/install/examples_rclpy_minimal_service/lib/python3.10/site-packages:${PYTHONPATH} /usr/bin/python3 -W ignore:setup.py install is deprecated -W ignore:easy_install command is deprecated setup.py egg_info --egg-base ../../../../../build/examples_rclpy_minimal_service build --build-base /home/seema/ros2_ws/build/examples_rclpy_minimal_service/build install --record /home/seema/ros2_ws/build/examples_rclpy_minimal_service/install.log --single-version-externally-managed install_data
[5.628s] running egg_info
[5.630s] writing ../../../../../build/examples_rclpy_minimal_service/examples_rclpy_minimal_service.egg-info/PKG-INFO
[5.631s] writing dependency_links to ../../../../../build/examples_rclpy_minimal_service/examples_rclpy_minimal_service.egg-info/dependency_links.txt
[5.632s] writing entry points to ../../../../../build/examples_rclpy_minimal_service/examples_rclpy_minimal_service.egg-info/entry_points.txt
[5.633s] writing requirements to ../../../../../build/examples_rclpy_minimal_service/examples_rclpy_minimal_service.egg-info/requires.txt
[5.634s] writing top-level names to ../../../../../build/examples_rclpy_minimal_service/examples_rclpy_minimal_service.egg-info/top_level.txt
[5.636s] reading manifest file '../../../../../build/examples_rclpy_minimal_service/examples_rclpy_minimal_service.egg-info/SOURCES.txt'
[5.637s] writing manifest file '../../../../../build/examples_rclpy_minimal_service/examples_rclpy_minimal_service.egg-info/SOURCES.txt'
[5.639s] running build
[5.640s] running build_py
[5.640s] running install
[5.640s] running install_lib
[5.640s] running install_data
[5.640s] running install_egg_info
[5.640s] removing '/home/seema/ros2_ws/install/examples_rclpy_minimal_service/lib/python3.10/site-packages/examples_rclpy_minimal_service-0.15.4-py3.10.egg-info' (and everything under it)
[5.640s] Copying ../../../../../build/examples_rclpy_minimal_service/examples_rclpy_minimal_service.egg-info to /home/seema/ros2_ws/install/examples_rclpy_minimal_service/lib/python3.10/site-packages/examples_rclpy_minimal_service-0.15.4-py3.10.egg-info
[5.641s] running install_scripts
[5.667s] Installing service script to /home/seema/ros2_ws/install/examples_rclpy_minimal_service/lib/examples_rclpy_minimal_service
[5.667s] Installing service_member_function script to /home/seema/ros2_ws/install/examples_rclpy_minimal_service/lib/examples_rclpy_minimal_service
[5.667s] writing list of installed files to '/home/seema/ros2_ws/build/examples_rclpy_minimal_service/install.log'
[5.704s] Invoked command in '/home/seema/ros2_ws/src/examples/rclpy/services/minimal_service' returned '0': PYTHONPATH=/home/seema/ros2_ws/build/examples_rclpy_minimal_service/prefix_override:/usr/lib/python3/dist-packages/colcon_core/task/python/colcon_distutils_commands:/home/seema/ros2_ws/install/examples_rclpy_minimal_service/lib/python3.10/site-packages:${PYTHONPATH} /usr/bin/python3 -W ignore:setup.py install is deprecated -W ignore:easy_install command is deprecated setup.py egg_info --egg-base ../../../../../build/examples_rclpy_minimal_service build --build-base /home/seema/ros2_ws/build/examples_rclpy_minimal_service/build install --record /home/seema/ros2_ws/build/examples_rclpy_minimal_service/install.log --single-version-externally-managed install_data
