[0.055s] Invoking command in '/home/seema/ros2_ws/src/build/examples_rclcpp_wait_set': CMAKE_PREFIX_PATH=/opt/ros/humble /usr/bin/cmake /home/seema/ros2_ws/src/examples/rclcpp/wait_set -DAMENT_CMAKE_SYMLINK_INSTALL=1 -DCMAKE_INSTALL_PREFIX=/home/seema/ros2_ws/src/install/examples_rclcpp_wait_set
[1.831s] -- The C compiler identification is GNU 11.4.0
[1.831s] -- The CXX compiler identification is GNU 11.4.0
[1.831s] -- Detecting C compiler ABI info
[1.831s] -- Detecting C compiler ABI info - done
[1.831s] -- Check for working C compiler: /usr/bin/cc - skipped
[1.832s] -- Detecting C compile features
[1.832s] -- Detecting C compile features - done
[1.832s] -- Detecting CXX compiler ABI info
[1.832s] -- Detecting CXX compiler ABI info - done
[1.832s] -- Check for working CXX compiler: /usr/bin/c++ - skipped
[1.832s] -- Detecting CXX compile features
[1.832s] -- Detecting CXX compile features - done
[1.832s] -- Found ament_cmake: 1.3.12 (/opt/ros/humble/share/ament_cmake/cmake)
[1.832s] -- Found Python3: /usr/bin/python3 (found version "3.10.12") found components: Interpreter 
[1.833s] -- Override CMake install command with custom implementation using symlinks instead of copying resources
[1.833s] -- Found example_interfaces: 0.9.3 (/opt/ros/humble/share/example_interfaces/cmake)
[1.833s] -- Found rosidl_generator_c: 3.1.7 (/opt/ros/humble/share/rosidl_generator_c/cmake)
[1.833s] -- Found rosidl_adapter: 3.1.7 (/opt/ros/humble/share/rosidl_adapter/cmake)
[1.833s] -- Found rosidl_generator_cpp: 3.1.7 (/opt/ros/humble/share/rosidl_generator_cpp/cmake)
[1.833s] -- Using all available rosidl_typesupport_c: rosidl_typesupport_fastrtps_c;rosidl_typesupport_introspection_c
[1.833s] -- Using all available rosidl_typesupport_cpp: rosidl_typesupport_fastrtps_cpp;rosidl_typesupport_introspection_cpp
[1.833s] -- Found rclcpp: 16.0.14 (/opt/ros/humble/share/rclcpp/cmake)
[1.833s] -- Found rmw_implementation_cmake: 6.1.2 (/opt/ros/humble/share/rmw_implementation_cmake/cmake)
[1.833s] -- Found rmw_fastrtps_cpp: 6.2.8 (/opt/ros/humble/share/rmw_fastrtps_cpp/cmake)
[1.833s] -- Found OpenSSL: /usr/lib/x86_64-linux-gnu/libcrypto.so (found version "3.0.2")  
[1.833s] -- Found FastRTPS: /opt/ros/humble/include  
[1.834s] -- Using RMW implementation 'rmw_fastrtps_cpp' as default
[1.834s] -- Looking for pthread.h
[1.834s] -- Looking for pthread.h - found
[1.834s] -- Performing Test CMAKE_HAVE_LIBC_PTHREAD
[1.834s] -- Performing Test CMAKE_HAVE_LIBC_PTHREAD - Success
[1.834s] -- Found Threads: TRUE  
[1.834s] -- Found rclcpp_components: 16.0.14 (/opt/ros/humble/share/rclcpp_components/cmake)
[1.834s] -- Found ament_lint_auto: 0.12.14 (/opt/ros/humble/share/ament_lint_auto/cmake)
[2.355s] -- Added test 'copyright' to check source files copyright and LICENSE
[2.377s] -- Added test 'cppcheck' to perform static code analysis on C / C++ code
[2.395s] -- Configured cppcheck include dirs: /home/seema/ros2_ws/src/examples/rclcpp/wait_set/include
[2.395s] -- Configured cppcheck exclude dirs and/or files: 
[2.406s] -- Added test 'cpplint' to check C / C++ code against the Google style
[2.406s] -- Configured cpplint exclude dirs and/or files: 
[2.416s] -- Added test 'lint_cmake' to check CMake code style
[2.429s] -- Added test 'uncrustify' to check C / C++ code style
[2.429s] -- Configured uncrustify additional arguments: 
[2.446s] -- Added test 'xmllint' to check XML markup files
[2.449s] -- Configuring done
[2.988s] -- Generating done
[3.231s] -- Build files have been written to: /home/seema/ros2_ws/src/build/examples_rclcpp_wait_set
[3.348s] Invoked command in '/home/seema/ros2_ws/src/build/examples_rclcpp_wait_set' returned '0': CMAKE_PREFIX_PATH=/opt/ros/humble /usr/bin/cmake /home/seema/ros2_ws/src/examples/rclcpp/wait_set -DAMENT_CMAKE_SYMLINK_INSTALL=1 -DCMAKE_INSTALL_PREFIX=/home/seema/ros2_ws/src/install/examples_rclcpp_wait_set
[3.349s] Invoking command in '/home/seema/ros2_ws/src/build/examples_rclcpp_wait_set': CMAKE_PREFIX_PATH=/opt/ros/humble /usr/bin/cmake --build /home/seema/ros2_ws/src/build/examples_rclcpp_wait_set -- -j16 -l16
