[0.048s] Invoking command in '/home/seema/ros2_ws/build/examples_rclcpp_minimal_publisher': CMAKE_PREFIX_PATH=/opt/ros/humble /usr/bin/cmake --build /home/seema/ros2_ws/build/examples_rclcpp_minimal_publisher -- -j16 -l16
[0.753s] [35m[1mConsolidate compiler generated dependencies of target publisher_wait_for_all_acked[0m
[0.754s] [35m[1mConsolidate compiler generated dependencies of target publisher_member_function[0m
[0.754s] [35m[1mConsolidate compiler generated dependencies of target publisher_member_function_with_unique_network_flow_endpoints[0m
[0.754s] [35m[1mConsolidate compiler generated dependencies of target publisher_member_function_with_type_adapter[0m
[0.754s] [35m[1mConsolidate compiler generated dependencies of target publisher_lambda[0m
[0.754s] [35m[1mConsolidate compiler generated dependencies of target publisher_not_composable[0m
[0.754s] [ 16%] Built target publisher_member_function_with_unique_network_flow_endpoints
[0.754s] [ 33%] Built target publisher_lambda
[0.754s] [ 50%] Built target publisher_wait_for_all_acked
[0.754s] [ 66%] Built target publisher_not_composable
[0.754s] [ 83%] Built target publisher_member_function_with_type_adapter
[0.754s] [100%] Built target publisher_member_function
[0.781s] Invoked command in '/home/seema/ros2_ws/build/examples_rclcpp_minimal_publisher' returned '0': CMAKE_PREFIX_PATH=/opt/ros/humble /usr/bin/cmake --build /home/seema/ros2_ws/build/examples_rclcpp_minimal_publisher -- -j16 -l16
[0.784s] Invoking command in '/home/seema/ros2_ws/build/examples_rclcpp_minimal_publisher': CMAKE_PREFIX_PATH=/opt/ros/humble /usr/bin/cmake --install /home/seema/ros2_ws/build/examples_rclcpp_minimal_publisher
[0.822s] -- Install configuration: ""
[0.822s] -- Execute custom install script
[0.822s] -- Up-to-date symlink: /home/seema/ros2_ws/install/examples_rclcpp_minimal_publisher/lib/examples_rclcpp_minimal_publisher/publisher_lambda
[0.822s] -- Up-to-date symlink: /home/seema/ros2_ws/install/examples_rclcpp_minimal_publisher/lib/examples_rclcpp_minimal_publisher/publisher_member_function
[0.822s] -- Up-to-date symlink: /home/seema/ros2_ws/install/examples_rclcpp_minimal_publisher/lib/examples_rclcpp_minimal_publisher/publisher_member_function_with_type_adapter
[0.822s] -- Up-to-date symlink: /home/seema/ros2_ws/install/examples_rclcpp_minimal_publisher/lib/examples_rclcpp_minimal_publisher/publisher_member_function_with_unique_network_flow_endpoints
[0.822s] -- Up-to-date symlink: /home/seema/ros2_ws/install/examples_rclcpp_minimal_publisher/lib/examples_rclcpp_minimal_publisher/publisher_wait_for_all_acked
[0.822s] -- Up-to-date symlink: /home/seema/ros2_ws/install/examples_rclcpp_minimal_publisher/lib/examples_rclcpp_minimal_publisher/publisher_not_composable
[0.822s] -- Up-to-date symlink: /home/seema/ros2_ws/install/examples_rclcpp_minimal_publisher/share/ament_index/resource_index/package_run_dependencies/examples_rclcpp_minimal_publisher
[0.822s] -- Up-to-date symlink: /home/seema/ros2_ws/install/examples_rclcpp_minimal_publisher/share/ament_index/resource_index/parent_prefix_path/examples_rclcpp_minimal_publisher
[0.822s] -- Up-to-date symlink: /home/seema/ros2_ws/install/examples_rclcpp_minimal_publisher/share/examples_rclcpp_minimal_publisher/environment/ament_prefix_path.sh
[0.822s] -- Up-to-date symlink: /home/seema/ros2_ws/install/examples_rclcpp_minimal_publisher/share/examples_rclcpp_minimal_publisher/environment/ament_prefix_path.dsv
[0.822s] -- Up-to-date symlink: /home/seema/ros2_ws/install/examples_rclcpp_minimal_publisher/share/examples_rclcpp_minimal_publisher/environment/path.sh
[0.822s] -- Up-to-date symlink: /home/seema/ros2_ws/install/examples_rclcpp_minimal_publisher/share/examples_rclcpp_minimal_publisher/environment/path.dsv
[0.822s] -- Up-to-date symlink: /home/seema/ros2_ws/install/examples_rclcpp_minimal_publisher/share/examples_rclcpp_minimal_publisher/local_setup.bash
[0.822s] -- Up-to-date symlink: /home/seema/ros2_ws/install/examples_rclcpp_minimal_publisher/share/examples_rclcpp_minimal_publisher/local_setup.sh
[0.823s] -- Up-to-date symlink: /home/seema/ros2_ws/install/examples_rclcpp_minimal_publisher/share/examples_rclcpp_minimal_publisher/local_setup.zsh
[0.823s] -- Up-to-date symlink: /home/seema/ros2_ws/install/examples_rclcpp_minimal_publisher/share/examples_rclcpp_minimal_publisher/local_setup.dsv
[0.823s] -- Symlinking: /home/seema/ros2_ws/install/examples_rclcpp_minimal_publisher/share/examples_rclcpp_minimal_publisher/package.dsv
[0.823s] -- Up-to-date symlink: /home/seema/ros2_ws/install/examples_rclcpp_minimal_publisher/share/ament_index/resource_index/packages/examples_rclcpp_minimal_publisher
[0.823s] -- Up-to-date symlink: /home/seema/ros2_ws/install/examples_rclcpp_minimal_publisher/share/examples_rclcpp_minimal_publisher/cmake/examples_rclcpp_minimal_publisherConfig.cmake
[0.823s] -- Up-to-date symlink: /home/seema/ros2_ws/install/examples_rclcpp_minimal_publisher/share/examples_rclcpp_minimal_publisher/cmake/examples_rclcpp_minimal_publisherConfig-version.cmake
[0.824s] -- Up-to-date symlink: /home/seema/ros2_ws/install/examples_rclcpp_minimal_publisher/share/examples_rclcpp_minimal_publisher/package.xml
[0.947s] Invoked command in '/home/seema/ros2_ws/build/examples_rclcpp_minimal_publisher' returned '0': CMAKE_PREFIX_PATH=/opt/ros/humble /usr/bin/cmake --install /home/seema/ros2_ws/build/examples_rclcpp_minimal_publisher
