running egg_info
creating ../../build/turtlesim_launch/turtlesim_launch.egg-info
writing ../../build/turtlesim_launch/turtlesim_launch.egg-info/PKG-INFO
writing dependency_links to ../../build/turtlesim_launch/turtlesim_launch.egg-info/dependency_links.txt
writing entry points to ../../build/turtlesim_launch/turtlesim_launch.egg-info/entry_points.txt
writing requirements to ../../build/turtlesim_launch/turtlesim_launch.egg-info/requires.txt
writing top-level names to ../../build/turtlesim_launch/turtlesim_launch.egg-info/top_level.txt
writing manifest file '../../build/turtlesim_launch/turtlesim_launch.egg-info/SOURCES.txt'
reading manifest file '../../build/turtlesim_launch/turtlesim_launch.egg-info/SOURCES.txt'
writing manifest file '../../build/turtlesim_launch/turtlesim_launch.egg-info/SOURCES.txt'
running build
running build_py
creating /home/seema/ros2_ws/build/turtlesim_launch/build
creating /home/seema/ros2_ws/build/turtlesim_launch/build/lib
creating /home/seema/ros2_ws/build/turtlesim_launch/build/lib/turtlesim_launch
copying turtlesim_launch/__init__.py -> /home/seema/ros2_ws/build/turtlesim_launch/build/lib/turtlesim_launch
running install
running install_lib
creating /home/seema/ros2_ws/install/turtlesim_launch/lib/python3.10/site-packages/turtlesim_launch
copying /home/seema/ros2_ws/build/turtlesim_launch/build/lib/turtlesim_launch/__init__.py -> /home/seema/ros2_ws/install/turtlesim_launch/lib/python3.10/site-packages/turtlesim_launch
byte-compiling /home/seema/ros2_ws/install/turtlesim_launch/lib/python3.10/site-packages/turtlesim_launch/__init__.py to __init__.cpython-310.pyc
running install_data
creating /home/seema/ros2_ws/install/turtlesim_launch/share/ament_index
creating /home/seema/ros2_ws/install/turtlesim_launch/share/ament_index/resource_index
creating /home/seema/ros2_ws/install/turtlesim_launch/share/ament_index/resource_index/packages
copying resource/turtlesim_launch -> /home/seema/ros2_ws/install/turtlesim_launch/share/ament_index/resource_index/packages
copying package.xml -> /home/seema/ros2_ws/install/turtlesim_launch/share/turtlesim_launch
running install_egg_info
Copying ../../build/turtlesim_launch/turtlesim_launch.egg-info to /home/seema/ros2_ws/install/turtlesim_launch/lib/python3.10/site-packages/turtlesim_launch-0.0.0-py3.10.egg-info
running install_scripts
writing list of installed files to '/home/seema/ros2_ws/build/turtlesim_launch/install.log'
