[0.176s] Invoking command in '/home/seema/ros2_ws/build/examples_rclcpp_minimal_client': CMAKE_PREFIX_PATH=/opt/ros/humble /usr/bin/cmake --build /home/seema/ros2_ws/build/examples_rclcpp_minimal_client -- -j16 -l16
[0.478s] [100%] Built target client_main
[0.513s] Invoked command in '/home/seema/ros2_ws/build/examples_rclcpp_minimal_client' returned '0': CMAKE_PREFIX_PATH=/opt/ros/humble /usr/bin/cmake --build /home/seema/ros2_ws/build/examples_rclcpp_minimal_client -- -j16 -l16
[0.516s] Invoking command in '/home/seema/ros2_ws/build/examples_rclcpp_minimal_client': CMAKE_PREFIX_PATH=/opt/ros/humble /usr/bin/cmake --install /home/seema/ros2_ws/build/examples_rclcpp_minimal_client
[0.562s] -- Install configuration: ""
[0.562s] -- Execute custom install script
[0.562s] -- Up-to-date symlink: /home/seema/ros2_ws/install/examples_rclcpp_minimal_client/lib/examples_rclcpp_minimal_client/client_main
[0.562s] -- Up-to-date symlink: /home/seema/ros2_ws/install/examples_rclcpp_minimal_client/share/ament_index/resource_index/package_run_dependencies/examples_rclcpp_minimal_client
[0.562s] -- Up-to-date symlink: /home/seema/ros2_ws/install/examples_rclcpp_minimal_client/share/ament_index/resource_index/parent_prefix_path/examples_rclcpp_minimal_client
[0.562s] -- Up-to-date symlink: /home/seema/ros2_ws/install/examples_rclcpp_minimal_client/share/examples_rclcpp_minimal_client/environment/ament_prefix_path.sh
[0.562s] -- Up-to-date symlink: /home/seema/ros2_ws/install/examples_rclcpp_minimal_client/share/examples_rclcpp_minimal_client/environment/ament_prefix_path.dsv
[0.562s] -- Up-to-date symlink: /home/seema/ros2_ws/install/examples_rclcpp_minimal_client/share/examples_rclcpp_minimal_client/environment/path.sh
[0.562s] -- Up-to-date symlink: /home/seema/ros2_ws/install/examples_rclcpp_minimal_client/share/examples_rclcpp_minimal_client/environment/path.dsv
[0.562s] -- Up-to-date symlink: /home/seema/ros2_ws/install/examples_rclcpp_minimal_client/share/examples_rclcpp_minimal_client/local_setup.bash
[0.562s] -- Up-to-date symlink: /home/seema/ros2_ws/install/examples_rclcpp_minimal_client/share/examples_rclcpp_minimal_client/local_setup.sh
[0.563s] -- Up-to-date symlink: /home/seema/ros2_ws/install/examples_rclcpp_minimal_client/share/examples_rclcpp_minimal_client/local_setup.zsh
[0.563s] -- Up-to-date symlink: /home/seema/ros2_ws/install/examples_rclcpp_minimal_client/share/examples_rclcpp_minimal_client/local_setup.dsv
[0.563s] -- Symlinking: /home/seema/ros2_ws/install/examples_rclcpp_minimal_client/share/examples_rclcpp_minimal_client/package.dsv
[0.568s] -- Up-to-date symlink: /home/seema/ros2_ws/install/examples_rclcpp_minimal_client/share/ament_index/resource_index/packages/examples_rclcpp_minimal_client
[0.568s] -- Up-to-date symlink: /home/seema/ros2_ws/install/examples_rclcpp_minimal_client/share/examples_rclcpp_minimal_client/cmake/examples_rclcpp_minimal_clientConfig.cmake
[0.572s] -- Up-to-date symlink: /home/seema/ros2_ws/install/examples_rclcpp_minimal_client/share/examples_rclcpp_minimal_client/cmake/examples_rclcpp_minimal_clientConfig-version.cmake
[0.572s] -- Up-to-date symlink: /home/seema/ros2_ws/install/examples_rclcpp_minimal_client/share/examples_rclcpp_minimal_client/package.xml
[0.688s] Invoked command in '/home/seema/ros2_ws/build/examples_rclcpp_minimal_client' returned '0': CMAKE_PREFIX_PATH=/opt/ros/humble /usr/bin/cmake --install /home/seema/ros2_ws/build/examples_rclcpp_minimal_client
