[0.253s] Invoking command in '/home/seema/ros2_ws/build/ebot_description': CMAKE_PREFIX_PATH=/opt/ros/humble /usr/bin/cmake /home/seema/ros2_ws/src/eyrc-25-26-krishi-cobot/ebot_description -DAMENT_CMAKE_SYMLINK_INSTALL=1 -DCMAKE_INSTALL_PREFIX=/home/seema/ros2_ws/install/ebot_description
[1.021s] -- Found ament_cmake: 1.3.12 (/opt/ros/humble/share/ament_cmake/cmake)
[1.021s] -- Override CMake install command with custom implementation using symlinks instead of copying resources
[1.021s] -- Found rclcpp: 16.0.14 (/opt/ros/humble/share/rclcpp/cmake)
[1.021s] -- Found rosidl_generator_c: 3.1.7 (/opt/ros/humble/share/rosidl_generator_c/cmake)
[1.021s] -- Found rosidl_adapter: 3.1.7 (/opt/ros/humble/share/rosidl_adapter/cmake)
[1.021s] -- Found rosidl_generator_cpp: 3.1.7 (/opt/ros/humble/share/rosidl_generator_cpp/cmake)
[1.021s] -- Using all available rosidl_typesupport_c: rosidl_typesupport_fastrtps_c;rosidl_typesupport_introspection_c
[1.021s] -- Using all available rosidl_typesupport_cpp: rosidl_typesupport_fastrtps_cpp;rosidl_typesupport_introspection_cpp
[1.021s] -- Found rmw_implementation_cmake: 6.1.2 (/opt/ros/humble/share/rmw_implementation_cmake/cmake)
[1.022s] -- Found rmw_fastrtps_cpp: 6.2.8 (/opt/ros/humble/share/rmw_fastrtps_cpp/cmake)
[1.022s] -- Using RMW implementation 'rmw_fastrtps_cpp' as default
[1.022s] -- Found rclpy: 3.3.17 (/opt/ros/humble/share/rclpy/cmake)
[1.022s] -- Found urdf: 2.6.1 (/opt/ros/humble/share/urdf/cmake)
[1.022s] -- Found xacro: 2.1.1 (/opt/ros/humble/share/xacro/cmake)
[1.022s] -- Found ament_lint_auto: 0.12.14 (/opt/ros/humble/share/ament_lint_auto/cmake)
[1.238s] -- Added test 'flake8' to check Python code syntax and style conventions
[1.238s] -- Added test 'lint_cmake' to check CMake code style
[1.239s] -- Added test 'pep257' to check Python code against some of the docstring style conventions in PEP 257
[1.244s] -- Added test 'xmllint' to check XML markup files
[1.251s] -- Configuring done
[1.269s] -- Generating done
[1.269s] -- Build files have been written to: /home/seema/ros2_ws/build/ebot_description
[1.304s] Invoked command in '/home/seema/ros2_ws/build/ebot_description' returned '0': CMAKE_PREFIX_PATH=/opt/ros/humble /usr/bin/cmake /home/seema/ros2_ws/src/eyrc-25-26-krishi-cobot/ebot_description -DAMENT_CMAKE_SYMLINK_INSTALL=1 -DCMAKE_INSTALL_PREFIX=/home/seema/ros2_ws/install/ebot_description
[1.305s] Invoking command in '/home/seema/ros2_ws/build/ebot_description': CMAKE_PREFIX_PATH=/opt/ros/humble /usr/bin/cmake --build /home/seema/ros2_ws/build/ebot_description -- -j16 -l16
[1.454s] Invoked command in '/home/seema/ros2_ws/build/ebot_description' returned '0': CMAKE_PREFIX_PATH=/opt/ros/humble /usr/bin/cmake --build /home/seema/ros2_ws/build/ebot_description -- -j16 -l16
[1.456s] Invoking command in '/home/seema/ros2_ws/build/ebot_description': CMAKE_PREFIX_PATH=/opt/ros/humble /usr/bin/cmake --install /home/seema/ros2_ws/build/ebot_description
[1.489s] -- Install configuration: ""
[1.490s] -- Execute custom install script
[1.490s] -- Symlinking: /home/seema/ros2_ws/install/ebot_description/share/ebot_description//launch/spawn_ebot.launch.py
[1.495s] -- Symlinking: /home/seema/ros2_ws/install/ebot_description/share/ebot_description//worlds/empty.world
[1.505s] -- Symlinking: /home/seema/ros2_ws/install/ebot_description/share/ebot_description//models/ebot/ebot.gazebo
[1.522s] -- Symlinking: /home/seema/ros2_ws/install/ebot_description/share/ebot_description//models/ebot/ebot_description.xacro
[1.530s] -- Symlinking: /home/seema/ros2_ws/install/ebot_description/share/ebot_description//meshes/FUS1.STL
[1.552s] -- Symlinking: /home/seema/ros2_ws/install/ebot_description/share/ebot_description//meshes/FUS2.STL
[1.560s] -- Symlinking: /home/seema/ros2_ws/install/ebot_description/share/ebot_description//meshes/FUS3.STL
[1.565s] -- Symlinking: /home/seema/ros2_ws/install/ebot_description/share/ebot_description//meshes/FUS4.STL
[1.576s] -- Symlinking: /home/seema/ros2_ws/install/ebot_description/share/ebot_description//meshes/FWL.STL
[1.587s] -- Symlinking: /home/seema/ros2_ws/install/ebot_description/share/ebot_description//meshes/FWR.STL
[1.597s] -- Symlinking: /home/seema/ros2_ws/install/ebot_description/share/ebot_description//meshes/LHUS10.STL
[1.607s] -- Symlinking: /home/seema/ros2_ws/install/ebot_description/share/ebot_description//meshes/LHUS9.STL
[1.616s] -- Symlinking: /home/seema/ros2_ws/install/ebot_description/share/ebot_description//meshes/RHUS7.STL
[1.625s] -- Symlinking: /home/seema/ros2_ws/install/ebot_description/share/ebot_description//meshes/RHUS9.STL
[1.634s] -- Symlinking: /home/seema/ros2_ws/install/ebot_description/share/ebot_description//meshes/RUS5.STL
[1.643s] -- Symlinking: /home/seema/ros2_ws/install/ebot_description/share/ebot_description//meshes/RUS6.STL
[1.655s] -- Symlinking: /home/seema/ros2_ws/install/ebot_description/share/ebot_description//meshes/RWL.STL
[1.663s] -- Symlinking: /home/seema/ros2_ws/install/ebot_description/share/ebot_description//meshes/RWR.STL
[1.671s] -- Symlinking: /home/seema/ros2_ws/install/ebot_description/share/ebot_description//meshes/aruco_tag.jpg.001.jpg
[1.680s] -- Symlinking: /home/seema/ros2_ws/install/ebot_description/share/ebot_description//meshes/chassis.dae
[1.690s] -- Symlinking: /home/seema/ros2_ws/install/ebot_description/share/ebot_description//meshes/chassis_modified.dae
[1.703s] -- Symlinking: /home/seema/ros2_ws/install/ebot_description/share/ebot_description//meshes/robot_base.stl
[1.715s] -- Symlinking: /home/seema/ros2_ws/install/ebot_description/share/ebot_description//plugins/libgazebo_collision_sensor.so
[1.724s] -- Symlinking: /home/seema/ros2_ws/install/ebot_description/share/ebot_description//plugins/libgazebo_ros_vacuum_gripper.so
[1.732s] -- Symlinking: /home/seema/ros2_ws/install/ebot_description/share/ebot_description//config/bridge.yaml
[1.743s] -- Symlinking: /home/seema/ros2_ws/install/ebot_description/share/ebot_description//config/controller.yaml
[1.753s] -- Symlinking: /home/seema/ros2_ws/install/ebot_description/lib/ebot_description/pyarmor_runtime_000000/__init__.py
[1.763s] -- Symlinking: /home/seema/ros2_ws/install/ebot_description/lib/ebot_description/pyarmor_runtime_000000/pyarmor_runtime.so
[1.772s] -- Symlinking: /home/seema/ros2_ws/install/ebot_description/lib/ebot_description/pyarmor_runtime_000000/__init__.py
[1.781s] -- Symlinking: /home/seema/ros2_ws/install/ebot_description/lib/ebot_description/pyarmor_runtime_000000/pyarmor_runtime.so
[1.789s] -- Symlinking: /home/seema/ros2_ws/install/ebot_description/lib/ebot_description/payload.py
[1.798s] -- Symlinking: /home/seema/ros2_ws/install/ebot_description/lib/ebot_description/spawner.py
[1.807s] -- Symlinking: /home/seema/ros2_ws/install/ebot_description/share/ament_index/resource_index/package_run_dependencies/ebot_description
[1.815s] -- Symlinking: /home/seema/ros2_ws/install/ebot_description/share/ament_index/resource_index/parent_prefix_path/ebot_description
[1.822s] -- Symlinking: /home/seema/ros2_ws/install/ebot_description/share/ebot_description/environment/ament_prefix_path.sh
[1.830s] -- Symlinking: /home/seema/ros2_ws/install/ebot_description/share/ebot_description/environment/ament_prefix_path.dsv
[1.838s] -- Symlinking: /home/seema/ros2_ws/install/ebot_description/share/ebot_description/environment/path.sh
[1.845s] -- Symlinking: /home/seema/ros2_ws/install/ebot_description/share/ebot_description/environment/path.dsv
[1.853s] -- Symlinking: /home/seema/ros2_ws/install/ebot_description/share/ebot_description/local_setup.bash
[1.861s] -- Symlinking: /home/seema/ros2_ws/install/ebot_description/share/ebot_description/local_setup.sh
[1.869s] -- Symlinking: /home/seema/ros2_ws/install/ebot_description/share/ebot_description/local_setup.zsh
[1.876s] -- Symlinking: /home/seema/ros2_ws/install/ebot_description/share/ebot_description/local_setup.dsv
[1.883s] -- Symlinking: /home/seema/ros2_ws/install/ebot_description/share/ebot_description/package.dsv
[1.891s] -- Symlinking: /home/seema/ros2_ws/install/ebot_description/share/ament_index/resource_index/packages/ebot_description
[1.899s] -- Symlinking: /home/seema/ros2_ws/install/ebot_description/share/ebot_description/cmake/ebot_descriptionConfig.cmake
[1.908s] -- Symlinking: /home/seema/ros2_ws/install/ebot_description/share/ebot_description/cmake/ebot_descriptionConfig-version.cmake
[1.916s] -- Symlinking: /home/seema/ros2_ws/install/ebot_description/share/ebot_description/package.xml
[2.389s] Invoked command in '/home/seema/ros2_ws/build/ebot_description' returned '0': CMAKE_PREFIX_PATH=/opt/ros/humble /usr/bin/cmake --install /home/seema/ros2_ws/build/ebot_description
