[2.007s] Invoking command in '/home/seema/ros2_ws/src/examples/rclpy/services/minimal_service': PYTHONPATH=/home/seema/ros2_ws/build/examples_rclpy_minimal_service/prefix_override:/usr/lib/python3/dist-packages/colcon_core/task/python/colcon_distutils_commands:/home/seema/ros2_ws/install/examples_rclpy_minimal_service/lib/python3.10/site-packages:${PYTHONPATH} /usr/bin/python3 -W ignore:setup.py install is deprecated -W ignore:easy_install command is deprecated setup.py egg_info --egg-base ../../../../../build/examples_rclpy_minimal_service build --build-base /home/seema/ros2_ws/build/examples_rclpy_minimal_service/build install --record /home/seema/ros2_ws/build/examples_rclpy_minimal_service/install.log --single-version-externally-managed install_data
[2.207s] running egg_info
[2.208s] writing ../../../../../build/examples_rclpy_minimal_service/examples_rclpy_minimal_service.egg-info/PKG-INFO
[2.215s] writing dependency_links to ../../../../../build/examples_rclpy_minimal_service/examples_rclpy_minimal_service.egg-info/dependency_links.txt
[2.215s] writing entry points to ../../../../../build/examples_rclpy_minimal_service/examples_rclpy_minimal_service.egg-info/entry_points.txt
[2.215s] writing requirements to ../../../../../build/examples_rclpy_minimal_service/examples_rclpy_minimal_service.egg-info/requires.txt
[2.215s] writing top-level names to ../../../../../build/examples_rclpy_minimal_service/examples_rclpy_minimal_service.egg-info/top_level.txt
[2.217s] reading manifest file '../../../../../build/examples_rclpy_minimal_service/examples_rclpy_minimal_service.egg-info/SOURCES.txt'
[2.218s] writing manifest file '../../../../../build/examples_rclpy_minimal_service/examples_rclpy_minimal_service.egg-info/SOURCES.txt'
[2.218s] running build
[2.218s] running build_py
[2.219s] running install
[2.219s] running install_lib
[2.221s] running install_data
[2.221s] running install_egg_info
[2.224s] removing '/home/seema/ros2_ws/install/examples_rclpy_minimal_service/lib/python3.10/site-packages/examples_rclpy_minimal_service-0.15.4-py3.10.egg-info' (and everything under it)
[2.224s] Copying ../../../../../build/examples_rclpy_minimal_service/examples_rclpy_minimal_service.egg-info to /home/seema/ros2_ws/install/examples_rclpy_minimal_service/lib/python3.10/site-packages/examples_rclpy_minimal_service-0.15.4-py3.10.egg-info
[2.224s] running install_scripts
[2.242s] Installing service script to /home/seema/ros2_ws/install/examples_rclpy_minimal_service/lib/examples_rclpy_minimal_service
[2.243s] Installing service_member_function script to /home/seema/ros2_ws/install/examples_rclpy_minimal_service/lib/examples_rclpy_minimal_service
[2.243s] writing list of installed files to '/home/seema/ros2_ws/build/examples_rclpy_minimal_service/install.log'
[2.263s] Invoked command in '/home/seema/ros2_ws/src/examples/rclpy/services/minimal_service' returned '0': PYTHONPATH=/home/seema/ros2_ws/build/examples_rclpy_minimal_service/prefix_override:/usr/lib/python3/dist-packages/colcon_core/task/python/colcon_distutils_commands:/home/seema/ros2_ws/install/examples_rclpy_minimal_service/lib/python3.10/site-packages:${PYTHONPATH} /usr/bin/python3 -W ignore:setup.py install is deprecated -W ignore:easy_install command is deprecated setup.py egg_info --egg-base ../../../../../build/examples_rclpy_minimal_service build --build-base /home/seema/ros2_ws/build/examples_rclpy_minimal_service/build install --record /home/seema/ros2_ws/build/examples_rclpy_minimal_service/install.log --single-version-externally-managed install_data
