[0.316s] Invoking command in '/home/seema/ros2_ws/src/examples/rclpy/services/minimal_service': PYTHONPATH=/home/seema/ros2_ws/build/examples_rclpy_minimal_service/prefix_override:/usr/lib/python3/dist-packages/colcon_core/task/python/colcon_distutils_commands:/home/seema/ros2_ws/install/examples_rclpy_minimal_service/lib/python3.10/site-packages:${PYTHONPATH} /usr/bin/python3 -W ignore:setup.py install is deprecated -W ignore:easy_install command is deprecated setup.py egg_info --egg-base ../../../../../build/examples_rclpy_minimal_service build --build-base /home/seema/ros2_ws/build/examples_rclpy_minimal_service/build install --record /home/seema/ros2_ws/build/examples_rclpy_minimal_service/install.log --single-version-externally-managed install_data
[0.443s] running egg_info
[0.443s] creating ../../../../../build/examples_rclpy_minimal_service/examples_rclpy_minimal_service.egg-info
[0.443s] writing ../../../../../build/examples_rclpy_minimal_service/examples_rclpy_minimal_service.egg-info/PKG-INFO
[0.443s] writing dependency_links to ../../../../../build/examples_rclpy_minimal_service/examples_rclpy_minimal_service.egg-info/dependency_links.txt
[0.443s] writing entry points to ../../../../../build/examples_rclpy_minimal_service/examples_rclpy_minimal_service.egg-info/entry_points.txt
[0.443s] writing requirements to ../../../../../build/examples_rclpy_minimal_service/examples_rclpy_minimal_service.egg-info/requires.txt
[0.443s] writing top-level names to ../../../../../build/examples_rclpy_minimal_service/examples_rclpy_minimal_service.egg-info/top_level.txt
[0.443s] writing manifest file '../../../../../build/examples_rclpy_minimal_service/examples_rclpy_minimal_service.egg-info/SOURCES.txt'
[0.445s] reading manifest file '../../../../../build/examples_rclpy_minimal_service/examples_rclpy_minimal_service.egg-info/SOURCES.txt'
[0.446s] writing manifest file '../../../../../build/examples_rclpy_minimal_service/examples_rclpy_minimal_service.egg-info/SOURCES.txt'
[0.446s] running build
[0.446s] running build_py
[0.446s] creating /home/seema/ros2_ws/build/examples_rclpy_minimal_service/build
[0.446s] creating /home/seema/ros2_ws/build/examples_rclpy_minimal_service/build/lib
[0.446s] creating /home/seema/ros2_ws/build/examples_rclpy_minimal_service/build/lib/examples_rclpy_minimal_service
[0.446s] copying examples_rclpy_minimal_service/service.py -> /home/seema/ros2_ws/build/examples_rclpy_minimal_service/build/lib/examples_rclpy_minimal_service
[0.446s] copying examples_rclpy_minimal_service/service_member_function.py -> /home/seema/ros2_ws/build/examples_rclpy_minimal_service/build/lib/examples_rclpy_minimal_service
[0.447s] copying examples_rclpy_minimal_service/__init__.py -> /home/seema/ros2_ws/build/examples_rclpy_minimal_service/build/lib/examples_rclpy_minimal_service
[0.447s] running install
[0.447s] running install_lib
[0.447s] creating /home/seema/ros2_ws/install/examples_rclpy_minimal_service/lib/python3.10/site-packages/examples_rclpy_minimal_service
[0.447s] copying /home/seema/ros2_ws/build/examples_rclpy_minimal_service/build/lib/examples_rclpy_minimal_service/service.py -> /home/seema/ros2_ws/install/examples_rclpy_minimal_service/lib/python3.10/site-packages/examples_rclpy_minimal_service
[0.447s] copying /home/seema/ros2_ws/build/examples_rclpy_minimal_service/build/lib/examples_rclpy_minimal_service/service_member_function.py -> /home/seema/ros2_ws/install/examples_rclpy_minimal_service/lib/python3.10/site-packages/examples_rclpy_minimal_service
[0.448s] copying /home/seema/ros2_ws/build/examples_rclpy_minimal_service/build/lib/examples_rclpy_minimal_service/__init__.py -> /home/seema/ros2_ws/install/examples_rclpy_minimal_service/lib/python3.10/site-packages/examples_rclpy_minimal_service
[0.448s] byte-compiling /home/seema/ros2_ws/install/examples_rclpy_minimal_service/lib/python3.10/site-packages/examples_rclpy_minimal_service/service.py to service.cpython-310.pyc
[0.448s] byte-compiling /home/seema/ros2_ws/install/examples_rclpy_minimal_service/lib/python3.10/site-packages/examples_rclpy_minimal_service/service_member_function.py to service_member_function.cpython-310.pyc
[0.448s] byte-compiling /home/seema/ros2_ws/install/examples_rclpy_minimal_service/lib/python3.10/site-packages/examples_rclpy_minimal_service/__init__.py to __init__.cpython-310.pyc
[0.448s] running install_data
[0.448s] creating /home/seema/ros2_ws/install/examples_rclpy_minimal_service/share/ament_index
[0.448s] creating /home/seema/ros2_ws/install/examples_rclpy_minimal_service/share/ament_index/resource_index
[0.448s] creating /home/seema/ros2_ws/install/examples_rclpy_minimal_service/share/ament_index/resource_index/packages
[0.448s] copying resource/examples_rclpy_minimal_service -> /home/seema/ros2_ws/install/examples_rclpy_minimal_service/share/ament_index/resource_index/packages
[0.448s] copying package.xml -> /home/seema/ros2_ws/install/examples_rclpy_minimal_service/share/examples_rclpy_minimal_service
[0.448s] running install_egg_info
[0.450s] Copying ../../../../../build/examples_rclpy_minimal_service/examples_rclpy_minimal_service.egg-info to /home/seema/ros2_ws/install/examples_rclpy_minimal_service/lib/python3.10/site-packages/examples_rclpy_minimal_service-0.15.4-py3.10.egg-info
[0.450s] running install_scripts
[0.462s] Installing service script to /home/seema/ros2_ws/install/examples_rclpy_minimal_service/lib/examples_rclpy_minimal_service
[0.462s] Installing service_member_function script to /home/seema/ros2_ws/install/examples_rclpy_minimal_service/lib/examples_rclpy_minimal_service
[0.462s] writing list of installed files to '/home/seema/ros2_ws/build/examples_rclpy_minimal_service/install.log'
[0.478s] Invoked command in '/home/seema/ros2_ws/src/examples/rclpy/services/minimal_service' returned '0': PYTHONPATH=/home/seema/ros2_ws/build/examples_rclpy_minimal_service/prefix_override:/usr/lib/python3/dist-packages/colcon_core/task/python/colcon_distutils_commands:/home/seema/ros2_ws/install/examples_rclpy_minimal_service/lib/python3.10/site-packages:${PYTHONPATH} /usr/bin/python3 -W ignore:setup.py install is deprecated -W ignore:easy_install command is deprecated setup.py egg_info --egg-base ../../../../../build/examples_rclpy_minimal_service build --build-base /home/seema/ros2_ws/build/examples_rclpy_minimal_service/build install --record /home/seema/ros2_ws/build/examples_rclpy_minimal_service/install.log --single-version-externally-managed install_data
