running egg_info
creating ../../../build/ebot_controller/ebot_controller.egg-info
writing ../../../build/ebot_controller/ebot_controller.egg-info/PKG-INFO
writing dependency_links to ../../../build/ebot_controller/ebot_controller.egg-info/dependency_links.txt
writing entry points to ../../../build/ebot_controller/ebot_controller.egg-info/entry_points.txt
writing requirements to ../../../build/ebot_controller/ebot_controller.egg-info/requires.txt
writing top-level names to ../../../build/ebot_controller/ebot_controller.egg-info/top_level.txt
writing manifest file '../../../build/ebot_controller/ebot_controller.egg-info/SOURCES.txt'
reading manifest file '../../../build/ebot_controller/ebot_controller.egg-info/SOURCES.txt'
writing manifest file '../../../build/ebot_controller/ebot_controller.egg-info/SOURCES.txt'
running build
running build_py
creating /home/seema/ros2_ws/build/ebot_controller/build
creating /home/seema/ros2_ws/build/ebot_controller/build/lib
creating /home/seema/ros2_ws/build/ebot_controller/build/lib/ebot_controller
copying ebot_controller/ebot_nav.py -> /home/seema/ros2_ws/build/ebot_controller/build/lib/ebot_controller
copying ebot_controller/__init__.py -> /home/seema/ros2_ws/build/ebot_controller/build/lib/ebot_controller
running install
running install_lib
creating /home/seema/ros2_ws/install/ebot_controller/lib/python3.10/site-packages/ebot_controller
copying /home/seema/ros2_ws/build/ebot_controller/build/lib/ebot_controller/ebot_nav.py -> /home/seema/ros2_ws/install/ebot_controller/lib/python3.10/site-packages/ebot_controller
copying /home/seema/ros2_ws/build/ebot_controller/build/lib/ebot_controller/__init__.py -> /home/seema/ros2_ws/install/ebot_controller/lib/python3.10/site-packages/ebot_controller
byte-compiling /home/seema/ros2_ws/install/ebot_controller/lib/python3.10/site-packages/ebot_controller/ebot_nav.py to ebot_nav.cpython-310.pyc
byte-compiling /home/seema/ros2_ws/install/ebot_controller/lib/python3.10/site-packages/ebot_controller/__init__.py to __init__.cpython-310.pyc
running install_data
creating /home/seema/ros2_ws/install/ebot_controller/share/ament_index
creating /home/seema/ros2_ws/install/ebot_controller/share/ament_index/resource_index
creating /home/seema/ros2_ws/install/ebot_controller/share/ament_index/resource_index/packages
copying resource/ebot_controller -> /home/seema/ros2_ws/install/ebot_controller/share/ament_index/resource_index/packages
copying package.xml -> /home/seema/ros2_ws/install/ebot_controller/share/ebot_controller
running install_egg_info
Copying ../../../build/ebot_controller/ebot_controller.egg-info to /home/seema/ros2_ws/install/ebot_controller/lib/python3.10/site-packages/ebot_controller-0.0.0-py3.10.egg-info
running install_scripts
Installing ebot_nav script to /home/seema/ros2_ws/install/ebot_controller/lib/ebot_controller
writing list of installed files to '/home/seema/ros2_ws/build/ebot_controller/install.log'
