[2.488s] Invoking command in '/home/seema/ros2_ws/src/eyrc-25-26-krishi-cobot/ebot_controller': PYTHONPATH=/home/seema/ros2_ws/build/ebot_controller/prefix_override:/usr/lib/python3/dist-packages/colcon_core/task/python/colcon_distutils_commands:/home/seema/ros2_ws/install/ebot_controller/lib/python3.10/site-packages:${PYTHONPATH} /usr/bin/python3 -W ignore:setup.py install is deprecated -W ignore:easy_install command is deprecated setup.py egg_info --egg-base ../../../build/ebot_controller build --build-base /home/seema/ros2_ws/build/ebot_controller/build install --record /home/seema/ros2_ws/build/ebot_controller/install.log --single-version-externally-managed install_data
[3.065s] running egg_info
[3.066s] creating ../../../build/ebot_controller/ebot_controller.egg-info
[3.066s] writing ../../../build/ebot_controller/ebot_controller.egg-info/PKG-INFO
[3.067s] writing dependency_links to ../../../build/ebot_controller/ebot_controller.egg-info/dependency_links.txt
[3.067s] writing entry points to ../../../build/ebot_controller/ebot_controller.egg-info/entry_points.txt
[3.067s] writing requirements to ../../../build/ebot_controller/ebot_controller.egg-info/requires.txt
[3.067s] writing top-level names to ../../../build/ebot_controller/ebot_controller.egg-info/top_level.txt
[3.068s] writing manifest file '../../../build/ebot_controller/ebot_controller.egg-info/SOURCES.txt'
[3.071s] reading manifest file '../../../build/ebot_controller/ebot_controller.egg-info/SOURCES.txt'
[3.072s] writing manifest file '../../../build/ebot_controller/ebot_controller.egg-info/SOURCES.txt'
[3.072s] running build
[3.072s] running build_py
[3.072s] creating /home/seema/ros2_ws/build/ebot_controller/build
[3.073s] creating /home/seema/ros2_ws/build/ebot_controller/build/lib
[3.073s] creating /home/seema/ros2_ws/build/ebot_controller/build/lib/ebot_controller
[3.074s] copying ebot_controller/ebot_nav.py -> /home/seema/ros2_ws/build/ebot_controller/build/lib/ebot_controller
[3.074s] copying ebot_controller/__init__.py -> /home/seema/ros2_ws/build/ebot_controller/build/lib/ebot_controller
[3.074s] running install
[3.074s] running install_lib
[3.077s] creating /home/seema/ros2_ws/install/ebot_controller/lib/python3.10/site-packages/ebot_controller
[3.078s] copying /home/seema/ros2_ws/build/ebot_controller/build/lib/ebot_controller/ebot_nav.py -> /home/seema/ros2_ws/install/ebot_controller/lib/python3.10/site-packages/ebot_controller
[3.078s] copying /home/seema/ros2_ws/build/ebot_controller/build/lib/ebot_controller/__init__.py -> /home/seema/ros2_ws/install/ebot_controller/lib/python3.10/site-packages/ebot_controller
[3.078s] byte-compiling /home/seema/ros2_ws/install/ebot_controller/lib/python3.10/site-packages/ebot_controller/ebot_nav.py to ebot_nav.cpython-310.pyc
[3.082s] byte-compiling /home/seema/ros2_ws/install/ebot_controller/lib/python3.10/site-packages/ebot_controller/__init__.py to __init__.cpython-310.pyc
[3.083s] running install_data
[3.083s] creating /home/seema/ros2_ws/install/ebot_controller/share/ament_index
[3.083s] creating /home/seema/ros2_ws/install/ebot_controller/share/ament_index/resource_index
[3.083s] creating /home/seema/ros2_ws/install/ebot_controller/share/ament_index/resource_index/packages
[3.083s] copying resource/ebot_controller -> /home/seema/ros2_ws/install/ebot_controller/share/ament_index/resource_index/packages
[3.084s] copying package.xml -> /home/seema/ros2_ws/install/ebot_controller/share/ebot_controller
[3.084s] running install_egg_info
[3.085s] Copying ../../../build/ebot_controller/ebot_controller.egg-info to /home/seema/ros2_ws/install/ebot_controller/lib/python3.10/site-packages/ebot_controller-0.0.0-py3.10.egg-info
[3.086s] running install_scripts
[3.133s] Installing ebot_nav script to /home/seema/ros2_ws/install/ebot_controller/lib/ebot_controller
[3.134s] writing list of installed files to '/home/seema/ros2_ws/build/ebot_controller/install.log'
[3.197s] Invoked command in '/home/seema/ros2_ws/src/eyrc-25-26-krishi-cobot/ebot_controller' returned '0': PYTHONPATH=/home/seema/ros2_ws/build/ebot_controller/prefix_override:/usr/lib/python3/dist-packages/colcon_core/task/python/colcon_distutils_commands:/home/seema/ros2_ws/install/ebot_controller/lib/python3.10/site-packages:${PYTHONPATH} /usr/bin/python3 -W ignore:setup.py install is deprecated -W ignore:easy_install command is deprecated setup.py egg_info --egg-base ../../../build/ebot_controller build --build-base /home/seema/ros2_ws/build/ebot_controller/build install --record /home/seema/ros2_ws/build/ebot_controller/install.log --single-version-externally-managed install_data
