[0.049s] Invoking command in '/home/seema/ros2_ws/build/examples_rclcpp_multithreaded_executor': CMAKE_PREFIX_PATH=/opt/ros/humble /usr/bin/cmake /home/seema/ros2_ws/src/examples/rclcpp/executors/multithreaded_executor -DAMENT_CMAKE_SYMLINK_INSTALL=1 -DCMAKE_INSTALL_PREFIX=/home/seema/ros2_ws/install/examples_rclcpp_multithreaded_executor
[1.120s] -- Found ament_cmake: 1.3.12 (/opt/ros/humble/share/ament_cmake/cmake)
[1.120s] -- Override CMake install command with custom implementation using symlinks instead of copying resources
[1.120s] -- Found rclcpp: 16.0.14 (/opt/ros/humble/share/rclcpp/cmake)
[1.120s] -- Found rosidl_generator_c: 3.1.7 (/opt/ros/humble/share/rosidl_generator_c/cmake)
[1.120s] -- Found rosidl_adapter: 3.1.7 (/opt/ros/humble/share/rosidl_adapter/cmake)
[1.120s] -- Found rosidl_generator_cpp: 3.1.7 (/opt/ros/humble/share/rosidl_generator_cpp/cmake)
[1.120s] -- Using all available rosidl_typesupport_c: rosidl_typesupport_fastrtps_c;rosidl_typesupport_introspection_c
[1.120s] -- Using all available rosidl_typesupport_cpp: rosidl_typesupport_fastrtps_cpp;rosidl_typesupport_introspection_cpp
[1.120s] -- Found rmw_implementation_cmake: 6.1.2 (/opt/ros/humble/share/rmw_implementation_cmake/cmake)
[1.120s] -- Found rmw_fastrtps_cpp: 6.2.8 (/opt/ros/humble/share/rmw_fastrtps_cpp/cmake)
[1.120s] -- Using RMW implementation 'rmw_fastrtps_cpp' as default
[1.120s] -- Found ament_lint_auto: 0.12.14 (/opt/ros/humble/share/ament_lint_auto/cmake)
[1.120s] -- Added test 'copyright' to check source files copyright and LICENSE
[1.120s] -- Added test 'cppcheck' to perform static code analysis on C / C++ code
[1.120s] -- Configured cppcheck include dirs: 
[1.120s] -- Configured cppcheck exclude dirs and/or files: 
[1.120s] -- Added test 'cpplint' to check C / C++ code against the Google style
[1.120s] -- Configured cpplint exclude dirs and/or files: 
[1.120s] -- Added test 'lint_cmake' to check CMake code style
[1.120s] -- Added test 'uncrustify' to check C / C++ code style
[1.120s] -- Configured uncrustify additional arguments: 
[1.120s] -- Added test 'xmllint' to check XML markup files
[1.120s] -- Configuring done
[1.120s] -- Generating done
[1.120s] -- Build files have been written to: /home/seema/ros2_ws/build/examples_rclcpp_multithreaded_executor
[1.128s] Invoked command in '/home/seema/ros2_ws/build/examples_rclcpp_multithreaded_executor' returned '0': CMAKE_PREFIX_PATH=/opt/ros/humble /usr/bin/cmake /home/seema/ros2_ws/src/examples/rclcpp/executors/multithreaded_executor -DAMENT_CMAKE_SYMLINK_INSTALL=1 -DCMAKE_INSTALL_PREFIX=/home/seema/ros2_ws/install/examples_rclcpp_multithreaded_executor
[1.130s] Invoking command in '/home/seema/ros2_ws/build/examples_rclcpp_multithreaded_executor': CMAKE_PREFIX_PATH=/opt/ros/humble /usr/bin/cmake --build /home/seema/ros2_ws/build/examples_rclcpp_multithreaded_executor -- -j16 -l16
[1.194s] [ 50%] [32mBuilding CXX object CMakeFiles/multithreaded_executor.dir/multithreaded_executor.cpp.o[0m
