[0.006s] Invoking command in '/home/seema/ros2_ws/build/examples_rclcpp_minimal_action_client': CMAKE_PREFIX_PATH=/opt/ros/humble /usr/bin/cmake /home/seema/ros2_ws/src/examples/rclcpp/actions/minimal_action_client -DCMAKE_INSTALL_PREFIX=/home/seema/ros2_ws/install/examples_rclcpp_minimal_action_client
[0.016s] -- Found ament_cmake: 1.3.12 (/opt/ros/humble/share/ament_cmake/cmake)
[0.096s] -- Override CMake install command with custom implementation using symlinks instead of copying resources
[0.100s] -- Found example_interfaces: 0.9.3 (/opt/ros/humble/share/example_interfaces/cmake)
[0.115s] -- Found rosidl_generator_c: 3.1.7 (/opt/ros/humble/share/rosidl_generator_c/cmake)
[0.117s] -- Found rosidl_adapter: 3.1.7 (/opt/ros/humble/share/rosidl_adapter/cmake)
[0.120s] -- Found rosidl_generator_cpp: 3.1.7 (/opt/ros/humble/share/rosidl_generator_cpp/cmake)
[0.126s] -- Using all available rosidl_typesupport_c: rosidl_typesupport_fastrtps_c;rosidl_typesupport_introspection_c
[0.134s] -- Using all available rosidl_typesupport_cpp: rosidl_typesupport_fastrtps_cpp;rosidl_typesupport_introspection_cpp
[0.160s] -- Found rclcpp: 16.0.14 (/opt/ros/humble/share/rclcpp/cmake)
[0.173s] -- Found rmw_implementation_cmake: 6.1.2 (/opt/ros/humble/share/rmw_implementation_cmake/cmake)
[0.174s] -- Found rmw_fastrtps_cpp: 6.2.8 (/opt/ros/humble/share/rmw_fastrtps_cpp/cmake)
[0.238s] -- Using RMW implementation 'rmw_fastrtps_cpp' as default
[0.269s] -- Found rclcpp_action: 16.0.14 (/opt/ros/humble/share/rclcpp_action/cmake)
[0.279s] -- Found ament_lint_auto: 0.12.14 (/opt/ros/humble/share/ament_lint_auto/cmake)
[0.324s] -- Added test 'copyright' to check source files copyright and LICENSE
[0.324s] -- Added test 'cppcheck' to perform static code analysis on C / C++ code
[0.324s] -- Configured cppcheck include dirs: 
[0.324s] -- Configured cppcheck exclude dirs and/or files: 
[0.324s] -- Added test 'cpplint' to check C / C++ code against the Google style
[0.325s] -- Configured cpplint exclude dirs and/or files: 
[0.325s] -- Added test 'lint_cmake' to check CMake code style
[0.325s] -- Added test 'uncrustify' to check C / C++ code style
[0.325s] -- Configured uncrustify additional arguments: 
[0.325s] -- Added test 'xmllint' to check XML markup files
[0.326s] -- Configuring done
[0.338s] -- Generating done
[0.342s] -- Build files have been written to: /home/seema/ros2_ws/build/examples_rclcpp_minimal_action_client
[0.347s] Invoked command in '/home/seema/ros2_ws/build/examples_rclcpp_minimal_action_client' returned '0': CMAKE_PREFIX_PATH=/opt/ros/humble /usr/bin/cmake /home/seema/ros2_ws/src/examples/rclcpp/actions/minimal_action_client -DCMAKE_INSTALL_PREFIX=/home/seema/ros2_ws/install/examples_rclcpp_minimal_action_client
[0.348s] Invoking command in '/home/seema/ros2_ws/build/examples_rclcpp_minimal_action_client': CMAKE_PREFIX_PATH=/opt/ros/humble /usr/bin/cmake --build /home/seema/ros2_ws/build/examples_rclcpp_minimal_action_client -- -j16 -l16
[0.385s] [ 12%] [32mBuilding CXX object CMakeFiles/action_client_member_functions.dir/member_functions.cpp.o[0m
[0.386s] [ 25%] [32mBuilding CXX object CMakeFiles/action_client_not_composable.dir/not_composable.cpp.o[0m
[0.387s] [ 37%] [32mBuilding CXX object CMakeFiles/action_client_not_composable_with_cancel.dir/not_composable_with_cancel.cpp.o[0m
[0.387s] [ 50%] [32mBuilding CXX object CMakeFiles/action_client_not_composable_with_feedback.dir/not_composable_with_feedback.cpp.o[0m
[3.158s] [ 62%] [32m[1mLinking CXX executable action_client_not_composable[0m
[3.202s] [ 75%] [32m[1mLinking CXX executable action_client_not_composable_with_feedback[0m
[3.296s] [ 87%] [32m[1mLinking CXX executable action_client_member_functions[0m
[3.296s] [ 87%] Built target action_client_not_composable
[3.300s] [100%] [32m[1mLinking CXX executable action_client_not_composable_with_cancel[0m
[3.336s] [100%] Built target action_client_not_composable_with_feedback
[3.424s] [100%] Built target action_client_member_functions
[3.424s] [100%] Built target action_client_not_composable_with_cancel
[3.434s] Invoked command in '/home/seema/ros2_ws/build/examples_rclcpp_minimal_action_client' returned '0': CMAKE_PREFIX_PATH=/opt/ros/humble /usr/bin/cmake --build /home/seema/ros2_ws/build/examples_rclcpp_minimal_action_client -- -j16 -l16
[3.436s] Invoking command in '/home/seema/ros2_ws/build/examples_rclcpp_minimal_action_client': CMAKE_PREFIX_PATH=/opt/ros/humble /usr/bin/cmake --install /home/seema/ros2_ws/build/examples_rclcpp_minimal_action_client
[3.441s] -- Install configuration: ""
[3.442s] -- Execute custom install script
[3.442s] -- Symlinking: /home/seema/ros2_ws/install/examples_rclcpp_minimal_action_client/lib/examples_rclcpp_minimal_action_client/action_client_member_functions
[3.450s] -- Symlinking: /home/seema/ros2_ws/install/examples_rclcpp_minimal_action_client/lib/examples_rclcpp_minimal_action_client/action_client_not_composable
[3.457s] -- Symlinking: /home/seema/ros2_ws/install/examples_rclcpp_minimal_action_client/lib/examples_rclcpp_minimal_action_client/action_client_not_composable_with_cancel
[3.461s] -- Symlinking: /home/seema/ros2_ws/install/examples_rclcpp_minimal_action_client/lib/examples_rclcpp_minimal_action_client/action_client_not_composable_with_feedback
[3.467s] -- Symlinking: /home/seema/ros2_ws/install/examples_rclcpp_minimal_action_client/share/ament_index/resource_index/package_run_dependencies/examples_rclcpp_minimal_action_client
[3.472s] -- Symlinking: /home/seema/ros2_ws/install/examples_rclcpp_minimal_action_client/share/ament_index/resource_index/parent_prefix_path/examples_rclcpp_minimal_action_client
[3.478s] -- Symlinking: /home/seema/ros2_ws/install/examples_rclcpp_minimal_action_client/share/examples_rclcpp_minimal_action_client/environment/ament_prefix_path.sh
[3.483s] -- Symlinking: /home/seema/ros2_ws/install/examples_rclcpp_minimal_action_client/share/examples_rclcpp_minimal_action_client/environment/ament_prefix_path.dsv
[3.491s] -- Symlinking: /home/seema/ros2_ws/install/examples_rclcpp_minimal_action_client/share/examples_rclcpp_minimal_action_client/environment/path.sh
[3.499s] -- Symlinking: /home/seema/ros2_ws/install/examples_rclcpp_minimal_action_client/share/examples_rclcpp_minimal_action_client/environment/path.dsv
[3.505s] -- Symlinking: /home/seema/ros2_ws/install/examples_rclcpp_minimal_action_client/share/examples_rclcpp_minimal_action_client/local_setup.bash
[3.511s] -- Symlinking: /home/seema/ros2_ws/install/examples_rclcpp_minimal_action_client/share/examples_rclcpp_minimal_action_client/local_setup.sh
[3.516s] -- Symlinking: /home/seema/ros2_ws/install/examples_rclcpp_minimal_action_client/share/examples_rclcpp_minimal_action_client/local_setup.zsh
[3.521s] -- Symlinking: /home/seema/ros2_ws/install/examples_rclcpp_minimal_action_client/share/examples_rclcpp_minimal_action_client/local_setup.dsv
[3.528s] -- Symlinking: /home/seema/ros2_ws/install/examples_rclcpp_minimal_action_client/share/examples_rclcpp_minimal_action_client/package.dsv
[3.535s] -- Symlinking: /home/seema/ros2_ws/install/examples_rclcpp_minimal_action_client/share/ament_index/resource_index/packages/examples_rclcpp_minimal_action_client
[3.543s] -- Symlinking: /home/seema/ros2_ws/install/examples_rclcpp_minimal_action_client/share/examples_rclcpp_minimal_action_client/cmake/examples_rclcpp_minimal_action_clientConfig.cmake
[3.548s] -- Symlinking: /home/seema/ros2_ws/install/examples_rclcpp_minimal_action_client/share/examples_rclcpp_minimal_action_client/cmake/examples_rclcpp_minimal_action_clientConfig-version.cmake
[3.554s] -- Symlinking: /home/seema/ros2_ws/install/examples_rclcpp_minimal_action_client/share/examples_rclcpp_minimal_action_client/package.xml
[3.563s] Invoked command in '/home/seema/ros2_ws/build/examples_rclcpp_minimal_action_client' returned '0': CMAKE_PREFIX_PATH=/opt/ros/humble /usr/bin/cmake --install /home/seema/ros2_ws/build/examples_rclcpp_minimal_action_client
