[0.048s] Invoking command in '/home/seema/ros2_ws/src/build/examples_rclcpp_cbg_executor': CMAKE_PREFIX_PATH=/opt/ros/humble /usr/bin/cmake /home/seema/ros2_ws/src/examples/rclcpp/executors/cbg_executor -DAMENT_CMAKE_SYMLINK_INSTALL=1 -DCMAKE_INSTALL_PREFIX=/home/seema/ros2_ws/src/install/examples_rclcpp_cbg_executor
[1.706s] -- The C compiler identification is GNU 11.4.0
[1.707s] -- The CXX compiler identification is GNU 11.4.0
[1.707s] -- Detecting C compiler ABI info
[1.707s] -- Detecting C compiler ABI info - done
[1.707s] -- Check for working C compiler: /usr/bin/cc - skipped
[1.707s] -- Detecting C compile features
[1.707s] -- Detecting C compile features - done
[1.708s] -- Detecting CXX compiler ABI info
[1.708s] -- Detecting CXX compiler ABI info - done
[1.708s] -- Check for working CXX compiler: /usr/bin/c++ - skipped
[1.708s] -- Detecting CXX compile features
[1.708s] -- Detecting CXX compile features - done
[1.708s] -- Found ament_cmake: 1.3.12 (/opt/ros/humble/share/ament_cmake/cmake)
[1.708s] -- Found Python3: /usr/bin/python3 (found version "3.10.12") found components: Interpreter 
[1.708s] -- Override CMake install command with custom implementation using symlinks instead of copying resources
[1.708s] -- Found rclcpp: 16.0.14 (/opt/ros/humble/share/rclcpp/cmake)
[1.708s] -- Found rosidl_generator_c: 3.1.7 (/opt/ros/humble/share/rosidl_generator_c/cmake)
[1.708s] -- Found rosidl_adapter: 3.1.7 (/opt/ros/humble/share/rosidl_adapter/cmake)
[1.708s] -- Found rosidl_generator_cpp: 3.1.7 (/opt/ros/humble/share/rosidl_generator_cpp/cmake)
[1.708s] -- Using all available rosidl_typesupport_c: rosidl_typesupport_fastrtps_c;rosidl_typesupport_introspection_c
[1.709s] -- Using all available rosidl_typesupport_cpp: rosidl_typesupport_fastrtps_cpp;rosidl_typesupport_introspection_cpp
[1.709s] -- Found rmw_implementation_cmake: 6.1.2 (/opt/ros/humble/share/rmw_implementation_cmake/cmake)
[1.709s] -- Found rmw_fastrtps_cpp: 6.2.8 (/opt/ros/humble/share/rmw_fastrtps_cpp/cmake)
[1.709s] -- Found OpenSSL: /usr/lib/x86_64-linux-gnu/libcrypto.so (found version "3.0.2")  
[1.709s] -- Found FastRTPS: /opt/ros/humble/include  
[1.709s] -- Using RMW implementation 'rmw_fastrtps_cpp' as default
[1.709s] -- Looking for pthread.h
[1.710s] -- Looking for pthread.h - found
[1.710s] -- Performing Test CMAKE_HAVE_LIBC_PTHREAD
[1.710s] -- Performing Test CMAKE_HAVE_LIBC_PTHREAD - Success
[1.710s] -- Found Threads: TRUE  
[1.710s] -- Found ament_lint_auto: 0.12.14 (/opt/ros/humble/share/ament_lint_auto/cmake)
[1.872s] -- Added test 'copyright' to check source files copyright and LICENSE
[1.906s] -- Added test 'cppcheck' to perform static code analysis on C / C++ code
[1.909s] -- Configured cppcheck include dirs: /home/seema/ros2_ws/src/examples/rclcpp/executors/cbg_executor/include
[1.909s] -- Configured cppcheck exclude dirs and/or files: 
[1.914s] -- Added test 'cpplint' to check C / C++ code against the Google style
[1.914s] -- Configured cpplint exclude dirs and/or files: 
[1.923s] -- Added test 'lint_cmake' to check CMake code style
[1.928s] -- Added test 'uncrustify' to check C / C++ code style
[1.928s] -- Configured uncrustify additional arguments: 
[1.932s] -- Added test 'xmllint' to check XML markup files
[1.937s] -- Configuring done
[1.964s] -- Generating done
[1.975s] -- Build files have been written to: /home/seema/ros2_ws/src/build/examples_rclcpp_cbg_executor
[2.004s] Invoked command in '/home/seema/ros2_ws/src/build/examples_rclcpp_cbg_executor' returned '0': CMAKE_PREFIX_PATH=/opt/ros/humble /usr/bin/cmake /home/seema/ros2_ws/src/examples/rclcpp/executors/cbg_executor -DAMENT_CMAKE_SYMLINK_INSTALL=1 -DCMAKE_INSTALL_PREFIX=/home/seema/ros2_ws/src/install/examples_rclcpp_cbg_executor
[2.005s] Invoking command in '/home/seema/ros2_ws/src/build/examples_rclcpp_cbg_executor': CMAKE_PREFIX_PATH=/opt/ros/humble /usr/bin/cmake --build /home/seema/ros2_ws/src/build/examples_rclcpp_cbg_executor -- -j16 -l16
[2.464s] [ 10%] [32mBuilding CXX object CMakeFiles/ping_pong.dir/src/ping_pong.cpp.o[0m
[2.464s] [ 20%] [32mBuilding CXX object CMakeFiles/ping.dir/src/ping.cpp.o[0m
[2.464s] [ 30%] [32mBuilding CXX object CMakeFiles/ping_pong.dir/src/examples_rclcpp_cbg_executor/ping_node.cpp.o[0m
[2.465s] [ 40%] [32mBuilding CXX object CMakeFiles/pong.dir/src/pong.cpp.o[0m
[2.465s] [ 50%] [32mBuilding CXX object CMakeFiles/ping.dir/src/examples_rclcpp_cbg_executor/ping_node.cpp.o[0m
[2.465s] [ 60%] [32mBuilding CXX object CMakeFiles/ping_pong.dir/src/examples_rclcpp_cbg_executor/pong_node.cpp.o[0m
[2.465s] [ 70%] [32mBuilding CXX object CMakeFiles/pong.dir/src/examples_rclcpp_cbg_executor/pong_node.cpp.o[0m
