[2.549s] Invoking command in '/home/seema/ros2_ws/src/build/examples_rclpy_minimal_action_client': PYTHONPATH=/home/seema/ros2_ws/src/build/examples_rclpy_minimal_action_client/prefix_override:/usr/lib/python3/dist-packages/colcon_core/task/python/colcon_distutils_commands:/home/seema/ros2_ws/src/install/examples_rclpy_minimal_action_client/lib/python3.10/site-packages:${PYTHONPATH} /usr/bin/python3 -W ignore:setup.py install is deprecated -W ignore:easy_install command is deprecated setup.py develop --editable --build-directory /home/seema/ros2_ws/src/build/examples_rclpy_minimal_action_client/build --no-deps symlink_data
[3.075s] running develop
[3.740s] running egg_info
[3.740s] creating examples_rclpy_minimal_action_client.egg-info
[3.740s] writing examples_rclpy_minimal_action_client.egg-info/PKG-INFO
[3.740s] writing dependency_links to examples_rclpy_minimal_action_client.egg-info/dependency_links.txt
[3.744s] writing entry points to examples_rclpy_minimal_action_client.egg-info/entry_points.txt
[3.744s] writing requirements to examples_rclpy_minimal_action_client.egg-info/requires.txt
[3.744s] writing top-level names to examples_rclpy_minimal_action_client.egg-info/top_level.txt
[3.756s] writing manifest file 'examples_rclpy_minimal_action_client.egg-info/SOURCES.txt'
[3.770s] reading manifest file 'examples_rclpy_minimal_action_client.egg-info/SOURCES.txt'
[3.771s] writing manifest file 'examples_rclpy_minimal_action_client.egg-info/SOURCES.txt'
[3.774s] running build_ext
[3.774s] Creating /home/seema/ros2_ws/src/install/examples_rclpy_minimal_action_client/lib/python3.10/site-packages/examples-rclpy-minimal-action-client.egg-link (link to .)
[3.792s] Installing client script to /home/seema/ros2_ws/src/install/examples_rclpy_minimal_action_client/lib/examples_rclpy_minimal_action_client
[3.792s] Installing client_asyncio script to /home/seema/ros2_ws/src/install/examples_rclpy_minimal_action_client/lib/examples_rclpy_minimal_action_client
[3.792s] Installing client_cancel script to /home/seema/ros2_ws/src/install/examples_rclpy_minimal_action_client/lib/examples_rclpy_minimal_action_client
[3.792s] Installing client_not_composable script to /home/seema/ros2_ws/src/install/examples_rclpy_minimal_action_client/lib/examples_rclpy_minimal_action_client
[3.793s] 
[3.793s] Installed /home/seema/ros2_ws/src/build/examples_rclpy_minimal_action_client
[3.793s] running symlink_data
[3.793s] creating /home/seema/ros2_ws/src/install/examples_rclpy_minimal_action_client/share/ament_index
[3.793s] creating /home/seema/ros2_ws/src/install/examples_rclpy_minimal_action_client/share/ament_index/resource_index
[3.793s] creating /home/seema/ros2_ws/src/install/examples_rclpy_minimal_action_client/share/ament_index/resource_index/packages
[3.793s] symbolically linking /home/seema/ros2_ws/src/build/examples_rclpy_minimal_action_client/resource/examples_rclpy_minimal_action_client -> /home/seema/ros2_ws/src/install/examples_rclpy_minimal_action_client/share/ament_index/resource_index/packages
[3.793s] symbolically linking /home/seema/ros2_ws/src/build/examples_rclpy_minimal_action_client/package.xml -> /home/seema/ros2_ws/src/install/examples_rclpy_minimal_action_client/share/examples_rclpy_minimal_action_client
[4.025s] Invoked command in '/home/seema/ros2_ws/src/build/examples_rclpy_minimal_action_client' returned '0': PYTHONPATH=/home/seema/ros2_ws/src/build/examples_rclpy_minimal_action_client/prefix_override:/usr/lib/python3/dist-packages/colcon_core/task/python/colcon_distutils_commands:/home/seema/ros2_ws/src/install/examples_rclpy_minimal_action_client/lib/python3.10/site-packages:${PYTHONPATH} /usr/bin/python3 -W ignore:setup.py install is deprecated -W ignore:easy_install command is deprecated setup.py develop --editable --build-directory /home/seema/ros2_ws/src/build/examples_rclpy_minimal_action_client/build --no-deps symlink_data
