[2.426s] Invoking command in '/home/seema/ros2_ws/build/examples_rclpy_minimal_publisher': PYTHONPATH=/home/seema/ros2_ws/build/examples_rclpy_minimal_publisher/prefix_override:/usr/lib/python3/dist-packages/colcon_core/task/python/colcon_distutils_commands:/home/seema/ros2_ws/install/examples_rclpy_minimal_publisher/lib/python3.10/site-packages:${PYTHONPATH} /usr/bin/python3 -W ignore:setup.py install is deprecated -W ignore:easy_install command is deprecated setup.py develop --editable --build-directory /home/seema/ros2_ws/build/examples_rclpy_minimal_publisher/build --no-deps symlink_data --force
[3.299s] running develop
[3.608s] running egg_info
[3.608s] writing examples_rclpy_minimal_publisher.egg-info/PKG-INFO
[3.608s] writing dependency_links to examples_rclpy_minimal_publisher.egg-info/dependency_links.txt
[3.609s] writing entry points to examples_rclpy_minimal_publisher.egg-info/entry_points.txt
[3.609s] writing requirements to examples_rclpy_minimal_publisher.egg-info/requires.txt
[3.609s] writing top-level names to examples_rclpy_minimal_publisher.egg-info/top_level.txt
[3.611s] reading manifest file 'examples_rclpy_minimal_publisher.egg-info/SOURCES.txt'
[3.613s] writing manifest file 'examples_rclpy_minimal_publisher.egg-info/SOURCES.txt'
[3.697s] running build_ext
[3.697s] Creating /home/seema/ros2_ws/install/examples_rclpy_minimal_publisher/lib/python3.10/site-packages/examples-rclpy-minimal-publisher.egg-link (link to .)
[3.698s] Installing publisher_local_function script to /home/seema/ros2_ws/install/examples_rclpy_minimal_publisher/lib/examples_rclpy_minimal_publisher
[3.699s] Installing publisher_member_function script to /home/seema/ros2_ws/install/examples_rclpy_minimal_publisher/lib/examples_rclpy_minimal_publisher
[3.699s] Installing publisher_member_function_with_wait_for_all_acked script to /home/seema/ros2_ws/install/examples_rclpy_minimal_publisher/lib/examples_rclpy_minimal_publisher
[3.699s] Installing publisher_old_school script to /home/seema/ros2_ws/install/examples_rclpy_minimal_publisher/lib/examples_rclpy_minimal_publisher
[3.699s] 
[3.699s] Installed /home/seema/ros2_ws/build/examples_rclpy_minimal_publisher
[3.700s] running symlink_data
[3.700s] symbolically linking /home/seema/ros2_ws/build/examples_rclpy_minimal_publisher/resource/examples_rclpy_minimal_publisher -> /home/seema/ros2_ws/install/examples_rclpy_minimal_publisher/share/ament_index/resource_index/packages
[3.700s] symbolically linking /home/seema/ros2_ws/build/examples_rclpy_minimal_publisher/package.xml -> /home/seema/ros2_ws/install/examples_rclpy_minimal_publisher/share/examples_rclpy_minimal_publisher
