[0.265s] Invoking command in '/home/seema/ros2_ws/build/examples_rclcpp_minimal_timer': CMAKE_PREFIX_PATH=/opt/ros/humble /usr/bin/cmake /home/seema/ros2_ws/src/examples/rclcpp/timers/minimal_timer -DAMENT_CMAKE_SYMLINK_INSTALL=1 -DCMAKE_INSTALL_PREFIX=/home/seema/ros2_ws/install/examples_rclcpp_minimal_timer
[1.169s] -- Found ament_cmake: 1.3.12 (/opt/ros/humble/share/ament_cmake/cmake)
[1.169s] -- Override CMake install command with custom implementation using symlinks instead of copying resources
[1.169s] -- Found rclcpp: 16.0.14 (/opt/ros/humble/share/rclcpp/cmake)
[1.169s] -- Found rosidl_generator_c: 3.1.7 (/opt/ros/humble/share/rosidl_generator_c/cmake)
[1.169s] -- Found rosidl_adapter: 3.1.7 (/opt/ros/humble/share/rosidl_adapter/cmake)
[1.169s] -- Found rosidl_generator_cpp: 3.1.7 (/opt/ros/humble/share/rosidl_generator_cpp/cmake)
[1.169s] -- Using all available rosidl_typesupport_c: rosidl_typesupport_fastrtps_c;rosidl_typesupport_introspection_c
[1.169s] -- Using all available rosidl_typesupport_cpp: rosidl_typesupport_fastrtps_cpp;rosidl_typesupport_introspection_cpp
[1.169s] -- Found rmw_implementation_cmake: 6.1.2 (/opt/ros/humble/share/rmw_implementation_cmake/cmake)
[1.169s] -- Found rmw_fastrtps_cpp: 6.2.8 (/opt/ros/humble/share/rmw_fastrtps_cpp/cmake)
[1.169s] -- Using RMW implementation 'rmw_fastrtps_cpp' as default
[1.223s] -- Found ament_lint_auto: 0.12.14 (/opt/ros/humble/share/ament_lint_auto/cmake)
[1.358s] -- Added test 'copyright' to check source files copyright and LICENSE
[1.359s] -- Added test 'cppcheck' to perform static code analysis on C / C++ code
[1.359s] -- Configured cppcheck include dirs: 
[1.359s] -- Configured cppcheck exclude dirs and/or files: 
[1.363s] -- Added test 'cpplint' to check C / C++ code against the Google style
[1.363s] -- Configured cpplint exclude dirs and/or files: 
[1.365s] -- Added test 'lint_cmake' to check CMake code style
[1.365s] -- Added test 'uncrustify' to check C / C++ code style
[1.365s] -- Configured uncrustify additional arguments: 
[1.365s] -- Added test 'xmllint' to check XML markup files
[1.367s] -- Configuring done
[1.397s] -- Generating done
[1.402s] -- Build files have been written to: /home/seema/ros2_ws/build/examples_rclcpp_minimal_timer
[1.438s] Invoked command in '/home/seema/ros2_ws/build/examples_rclcpp_minimal_timer' returned '0': CMAKE_PREFIX_PATH=/opt/ros/humble /usr/bin/cmake /home/seema/ros2_ws/src/examples/rclcpp/timers/minimal_timer -DAMENT_CMAKE_SYMLINK_INSTALL=1 -DCMAKE_INSTALL_PREFIX=/home/seema/ros2_ws/install/examples_rclcpp_minimal_timer
[1.446s] Invoking command in '/home/seema/ros2_ws/build/examples_rclcpp_minimal_timer': CMAKE_PREFIX_PATH=/opt/ros/humble /usr/bin/cmake --build /home/seema/ros2_ws/build/examples_rclcpp_minimal_timer -- -j16 -l16
[1.495s] [35m[1mConsolidate compiler generated dependencies of target timer_lambda[0m
[1.523s] [35m[1mConsolidate compiler generated dependencies of target timer_member_function[0m
[1.524s] [ 50%] Built target timer_lambda
[1.544s] [100%] Built target timer_member_function
[1.639s] Invoked command in '/home/seema/ros2_ws/build/examples_rclcpp_minimal_timer' returned '0': CMAKE_PREFIX_PATH=/opt/ros/humble /usr/bin/cmake --build /home/seema/ros2_ws/build/examples_rclcpp_minimal_timer -- -j16 -l16
[1.641s] Invoking command in '/home/seema/ros2_ws/build/examples_rclcpp_minimal_timer': CMAKE_PREFIX_PATH=/opt/ros/humble /usr/bin/cmake --install /home/seema/ros2_ws/build/examples_rclcpp_minimal_timer
[1.649s] -- Install configuration: ""
[1.650s] -- Execute custom install script
[1.650s] -- Up-to-date symlink: /home/seema/ros2_ws/install/examples_rclcpp_minimal_timer/lib/examples_rclcpp_minimal_timer/timer_lambda
[1.651s] -- Up-to-date symlink: /home/seema/ros2_ws/install/examples_rclcpp_minimal_timer/lib/examples_rclcpp_minimal_timer/timer_member_function
[1.651s] -- Up-to-date symlink: /home/seema/ros2_ws/install/examples_rclcpp_minimal_timer/share/ament_index/resource_index/package_run_dependencies/examples_rclcpp_minimal_timer
[1.651s] -- Up-to-date symlink: /home/seema/ros2_ws/install/examples_rclcpp_minimal_timer/share/ament_index/resource_index/parent_prefix_path/examples_rclcpp_minimal_timer
[1.651s] -- Up-to-date symlink: /home/seema/ros2_ws/install/examples_rclcpp_minimal_timer/share/examples_rclcpp_minimal_timer/environment/ament_prefix_path.sh
[1.651s] -- Up-to-date symlink: /home/seema/ros2_ws/install/examples_rclcpp_minimal_timer/share/examples_rclcpp_minimal_timer/environment/ament_prefix_path.dsv
[1.652s] -- Up-to-date symlink: /home/seema/ros2_ws/install/examples_rclcpp_minimal_timer/share/examples_rclcpp_minimal_timer/environment/path.sh
[1.652s] -- Up-to-date symlink: /home/seema/ros2_ws/install/examples_rclcpp_minimal_timer/share/examples_rclcpp_minimal_timer/environment/path.dsv
[1.652s] -- Up-to-date symlink: /home/seema/ros2_ws/install/examples_rclcpp_minimal_timer/share/examples_rclcpp_minimal_timer/local_setup.bash
[1.652s] -- Up-to-date symlink: /home/seema/ros2_ws/install/examples_rclcpp_minimal_timer/share/examples_rclcpp_minimal_timer/local_setup.sh
[1.652s] -- Up-to-date symlink: /home/seema/ros2_ws/install/examples_rclcpp_minimal_timer/share/examples_rclcpp_minimal_timer/local_setup.zsh
[1.652s] -- Up-to-date symlink: /home/seema/ros2_ws/install/examples_rclcpp_minimal_timer/share/examples_rclcpp_minimal_timer/local_setup.dsv
[1.652s] -- Symlinking: /home/seema/ros2_ws/install/examples_rclcpp_minimal_timer/share/examples_rclcpp_minimal_timer/package.dsv
[1.658s] -- Up-to-date symlink: /home/seema/ros2_ws/install/examples_rclcpp_minimal_timer/share/ament_index/resource_index/packages/examples_rclcpp_minimal_timer
[1.659s] -- Up-to-date symlink: /home/seema/ros2_ws/install/examples_rclcpp_minimal_timer/share/examples_rclcpp_minimal_timer/cmake/examples_rclcpp_minimal_timerConfig.cmake
[1.659s] -- Up-to-date symlink: /home/seema/ros2_ws/install/examples_rclcpp_minimal_timer/share/examples_rclcpp_minimal_timer/cmake/examples_rclcpp_minimal_timerConfig-version.cmake
[1.659s] -- Up-to-date symlink: /home/seema/ros2_ws/install/examples_rclcpp_minimal_timer/share/examples_rclcpp_minimal_timer/package.xml
[2.339s] Invoked command in '/home/seema/ros2_ws/build/examples_rclcpp_minimal_timer' returned '0': CMAKE_PREFIX_PATH=/opt/ros/humble /usr/bin/cmake --install /home/seema/ros2_ws/build/examples_rclcpp_minimal_timer
