[1.530s] Invoking command in '/home/seema/ros2_ws/src/my_py_pkg': PYTHONPATH=/home/seema/ros2_ws/build/my_py_pkg/prefix_override:/usr/lib/python3/dist-packages/colcon_core/task/python/colcon_distutils_commands:/home/seema/ros2_ws/install/my_py_pkg/lib/python3.10/site-packages:${PYTHONPATH} /usr/bin/python3 -W ignore:setup.py install is deprecated -W ignore:easy_install command is deprecated setup.py egg_info --egg-base ../../build/my_py_pkg build --build-base /home/seema/ros2_ws/build/my_py_pkg/build install --record /home/seema/ros2_ws/build/my_py_pkg/install.log --single-version-externally-managed install_data
[1.817s] running egg_info
[1.818s] creating ../../build/my_py_pkg/my_py_pkg.egg-info
[1.818s] writing ../../build/my_py_pkg/my_py_pkg.egg-info/PKG-INFO
[1.818s] writing dependency_links to ../../build/my_py_pkg/my_py_pkg.egg-info/dependency_links.txt
[1.818s] writing entry points to ../../build/my_py_pkg/my_py_pkg.egg-info/entry_points.txt
[1.819s] writing requirements to ../../build/my_py_pkg/my_py_pkg.egg-info/requires.txt
[1.819s] writing top-level names to ../../build/my_py_pkg/my_py_pkg.egg-info/top_level.txt
[1.819s] writing manifest file '../../build/my_py_pkg/my_py_pkg.egg-info/SOURCES.txt'
[1.821s] reading manifest file '../../build/my_py_pkg/my_py_pkg.egg-info/SOURCES.txt'
[1.821s] writing manifest file '../../build/my_py_pkg/my_py_pkg.egg-info/SOURCES.txt'
[1.822s] running build
[1.822s] running build_py
[1.822s] creating /home/seema/ros2_ws/build/my_py_pkg/build
[1.822s] creating /home/seema/ros2_ws/build/my_py_pkg/build/lib
[1.822s] creating /home/seema/ros2_ws/build/my_py_pkg/build/lib/my_py_pkg
[1.822s] copying my_py_pkg/setup.py -> /home/seema/ros2_ws/build/my_py_pkg/build/lib/my_py_pkg
[1.823s] copying my_py_pkg/__init__.py -> /home/seema/ros2_ws/build/my_py_pkg/build/lib/my_py_pkg
[1.823s] running install
[1.823s] running install_lib
[1.823s] creating /home/seema/ros2_ws/install/my_py_pkg/lib/python3.10/site-packages/my_py_pkg
[1.823s] copying /home/seema/ros2_ws/build/my_py_pkg/build/lib/my_py_pkg/setup.py -> /home/seema/ros2_ws/install/my_py_pkg/lib/python3.10/site-packages/my_py_pkg
[1.823s] copying /home/seema/ros2_ws/build/my_py_pkg/build/lib/my_py_pkg/__init__.py -> /home/seema/ros2_ws/install/my_py_pkg/lib/python3.10/site-packages/my_py_pkg
[1.824s] byte-compiling /home/seema/ros2_ws/install/my_py_pkg/lib/python3.10/site-packages/my_py_pkg/setup.py to setup.cpython-310.pyc
[1.824s] byte-compiling /home/seema/ros2_ws/install/my_py_pkg/lib/python3.10/site-packages/my_py_pkg/__init__.py to __init__.cpython-310.pyc
[1.824s] running install_data
[1.824s] creating /home/seema/ros2_ws/install/my_py_pkg/share/ament_index
[1.824s] creating /home/seema/ros2_ws/install/my_py_pkg/share/ament_index/resource_index
[1.825s] creating /home/seema/ros2_ws/install/my_py_pkg/share/ament_index/resource_index/packages
[1.825s] copying resource/my_py_pkg -> /home/seema/ros2_ws/install/my_py_pkg/share/ament_index/resource_index/packages
[1.825s] copying package.xml -> /home/seema/ros2_ws/install/my_py_pkg/share/my_py_pkg
[1.825s] running install_egg_info
[1.828s] Copying ../../build/my_py_pkg/my_py_pkg.egg-info to /home/seema/ros2_ws/install/my_py_pkg/lib/python3.10/site-packages/my_py_pkg-0.0.0-py3.10.egg-info
[1.828s] running install_scripts
[1.857s] Installing ebot_nav script to /home/seema/ros2_ws/install/my_py_pkg/lib/my_py_pkg
[1.858s] writing list of installed files to '/home/seema/ros2_ws/build/my_py_pkg/install.log'
[1.904s] Invoked command in '/home/seema/ros2_ws/src/my_py_pkg' returned '0': PYTHONPATH=/home/seema/ros2_ws/build/my_py_pkg/prefix_override:/usr/lib/python3/dist-packages/colcon_core/task/python/colcon_distutils_commands:/home/seema/ros2_ws/install/my_py_pkg/lib/python3.10/site-packages:${PYTHONPATH} /usr/bin/python3 -W ignore:setup.py install is deprecated -W ignore:easy_install command is deprecated setup.py egg_info --egg-base ../../build/my_py_pkg build --build-base /home/seema/ros2_ws/build/my_py_pkg/build install --record /home/seema/ros2_ws/build/my_py_pkg/install.log --single-version-externally-managed install_data
