[3.303s] Invoking command in '/home/seema/ros2_ws/src/tf_transformations': PYTHONPATH=/home/seema/ros2_ws/build/tf_transformations/prefix_override:/usr/lib/python3/dist-packages/colcon_core/task/python/colcon_distutils_commands:/home/seema/ros2_ws/install/tf_transformations/lib/python3.10/site-packages:${PYTHONPATH} /usr/bin/python3 -W ignore:setup.py install is deprecated -W ignore:easy_install command is deprecated setup.py egg_info --egg-base ../../build/tf_transformations build --build-base /home/seema/ros2_ws/build/tf_transformations/build install --record /home/seema/ros2_ws/build/tf_transformations/install.log --single-version-externally-managed install_data
[3.752s] running egg_info
[3.754s] writing ../../build/tf_transformations/tf_transformations.egg-info/PKG-INFO
[3.754s] writing dependency_links to ../../build/tf_transformations/tf_transformations.egg-info/dependency_links.txt
[3.755s] writing requirements to ../../build/tf_transformations/tf_transformations.egg-info/requires.txt
[3.755s] writing top-level names to ../../build/tf_transformations/tf_transformations.egg-info/top_level.txt
[3.757s] reading manifest file '../../build/tf_transformations/tf_transformations.egg-info/SOURCES.txt'
[3.757s] adding license file 'LICENSE'
[3.758s] writing manifest file '../../build/tf_transformations/tf_transformations.egg-info/SOURCES.txt'
[3.759s] running build
[3.759s] running build_py
[3.759s] running install
[3.759s] running install_lib
[3.761s] running install_data
[3.761s] running install_egg_info
[3.763s] removing '/home/seema/ros2_ws/install/tf_transformations/lib/python3.10/site-packages/tf_transformations-1.1.0-py3.10.egg-info' (and everything under it)
[3.764s] Copying ../../build/tf_transformations/tf_transformations.egg-info to /home/seema/ros2_ws/install/tf_transformations/lib/python3.10/site-packages/tf_transformations-1.1.0-py3.10.egg-info
[3.765s] running install_scripts
[3.791s] writing list of installed files to '/home/seema/ros2_ws/build/tf_transformations/install.log'
[3.823s] Invoked command in '/home/seema/ros2_ws/src/tf_transformations' returned '0': PYTHONPATH=/home/seema/ros2_ws/build/tf_transformations/prefix_override:/usr/lib/python3/dist-packages/colcon_core/task/python/colcon_distutils_commands:/home/seema/ros2_ws/install/tf_transformations/lib/python3.10/site-packages:${PYTHONPATH} /usr/bin/python3 -W ignore:setup.py install is deprecated -W ignore:easy_install command is deprecated setup.py egg_info --egg-base ../../build/tf_transformations build --build-base /home/seema/ros2_ws/build/tf_transformations/build install --record /home/seema/ros2_ws/build/tf_transformations/install.log --single-version-externally-managed install_data
