[2.400s] Invoking command in '/home/seema/ros2_ws/build/examples_rclpy_minimal_service': PYTHONPATH=/home/seema/ros2_ws/build/examples_rclpy_minimal_service/prefix_override:/usr/lib/python3/dist-packages/colcon_core/task/python/colcon_distutils_commands:/home/seema/ros2_ws/install/examples_rclpy_minimal_service/lib/python3.10/site-packages:${PYTHONPATH} /usr/bin/python3 -W ignore:setup.py install is deprecated -W ignore:easy_install command is deprecated setup.py develop --editable --build-directory /home/seema/ros2_ws/build/examples_rclpy_minimal_service/build --no-deps symlink_data --force
[3.235s] running develop
[3.550s] running egg_info
[3.550s] writing examples_rclpy_minimal_service.egg-info/PKG-INFO
[3.550s] writing dependency_links to examples_rclpy_minimal_service.egg-info/dependency_links.txt
[3.551s] writing entry points to examples_rclpy_minimal_service.egg-info/entry_points.txt
[3.551s] writing requirements to examples_rclpy_minimal_service.egg-info/requires.txt
[3.551s] writing top-level names to examples_rclpy_minimal_service.egg-info/top_level.txt
[3.555s] reading manifest file 'examples_rclpy_minimal_service.egg-info/SOURCES.txt'
[3.557s] writing manifest file 'examples_rclpy_minimal_service.egg-info/SOURCES.txt'
[3.624s] running build_ext
[3.625s] Creating /home/seema/ros2_ws/install/examples_rclpy_minimal_service/lib/python3.10/site-packages/examples-rclpy-minimal-service.egg-link (link to .)
[3.626s] Installing service script to /home/seema/ros2_ws/install/examples_rclpy_minimal_service/lib/examples_rclpy_minimal_service
[3.626s] Installing service_member_function script to /home/seema/ros2_ws/install/examples_rclpy_minimal_service/lib/examples_rclpy_minimal_service
[3.626s] 
[3.626s] Installed /home/seema/ros2_ws/build/examples_rclpy_minimal_service
[3.626s] running symlink_data
[3.626s] symbolically linking /home/seema/ros2_ws/build/examples_rclpy_minimal_service/resource/examples_rclpy_minimal_service -> /home/seema/ros2_ws/install/examples_rclpy_minimal_service/share/ament_index/resource_index/packages
[3.627s] symbolically linking /home/seema/ros2_ws/build/examples_rclpy_minimal_service/package.xml -> /home/seema/ros2_ws/install/examples_rclpy_minimal_service/share/examples_rclpy_minimal_service
[3.667s] Invoked command in '/home/seema/ros2_ws/build/examples_rclpy_minimal_service' returned '0': PYTHONPATH=/home/seema/ros2_ws/build/examples_rclpy_minimal_service/prefix_override:/usr/lib/python3/dist-packages/colcon_core/task/python/colcon_distutils_commands:/home/seema/ros2_ws/install/examples_rclpy_minimal_service/lib/python3.10/site-packages:${PYTHONPATH} /usr/bin/python3 -W ignore:setup.py install is deprecated -W ignore:easy_install command is deprecated setup.py develop --editable --build-directory /home/seema/ros2_ws/build/examples_rclpy_minimal_service/build --no-deps symlink_data --force
