[1.801s] Invoking command in '/home/seema/ros2_ws/build/pymoveit2': CMAKE_PREFIX_PATH=${CMAKE_PREFIX_PATH}:/home/seema/ros2_ws/install/ebot_controller:/home/seema/ros2_ws/install/turtlesim_launch:/home/seema/ros2_ws/install/my_py_pkg:/home/seema/ros2_ws/install/launch_testing_examples:/home/seema/ros2_ws/install/examples_rclpy_pointcloud_publisher:/home/seema/ros2_ws/install/examples_rclpy_minimal_subscriber:/home/seema/ros2_ws/install/examples_rclpy_minimal_service:/home/seema/ros2_ws/install/examples_rclpy_minimal_publisher:/home/seema/ros2_ws/install/examples_rclpy_minimal_client:/home/seema/ros2_ws/install/examples_rclpy_minimal_action_server:/home/seema/ros2_ws/install/examples_rclpy_minimal_action_client:/home/seema/ros2_ws/install/examples_rclpy_guard_conditions:/home/seema/ros2_ws/install/examples_rclpy_executors:/opt/ros/humble /usr/bin/cmake --build /home/seema/ros2_ws/build/pymoveit2 -- -j16 -l16
[2.026s] [  9%] Built target pymoveit2__rosidl_generator_c
[2.026s] [ 12%] Built target pymoveit2__cpp
[2.026s] [ 12%] Built target ament_cmake_python_copy_pymoveit2
[2.026s] [ 22%] Built target pymoveit2__rosidl_typesupport_fastrtps_c
[2.026s] [ 32%] Built target pymoveit2__rosidl_typesupport_c
[2.026s] [ 41%] Built target pymoveit2__rosidl_typesupport_introspection_c
[2.027s] [ 51%] Built target pymoveit2__rosidl_typesupport_introspection_cpp
[2.027s] [ 61%] Built target pymoveit2__rosidl_typesupport_cpp
[2.027s] [ 70%] Built target pymoveit2__rosidl_typesupport_fastrtps_cpp
[2.027s] [ 70%] Built target pymoveit2
[2.027s] [ 74%] Built target pymoveit2__py
[2.027s] [ 80%] Built target pymoveit2__rosidl_generator_py
[2.027s] [ 87%] Built target pymoveit2__rosidl_typesupport_c__pyext
[2.027s] [ 93%] Built target pymoveit2__rosidl_typesupport_fastrtps_c__pyext
[2.027s] [100%] Built target pymoveit2__rosidl_typesupport_introspection_c__pyext
[2.049s] running egg_info
[2.049s] writing pymoveit2.egg-info/PKG-INFO
[2.049s] writing dependency_links to pymoveit2.egg-info/dependency_links.txt
[2.049s] writing top-level names to pymoveit2.egg-info/top_level.txt
[2.051s] reading manifest file 'pymoveit2.egg-info/SOURCES.txt'
[2.051s] writing manifest file 'pymoveit2.egg-info/SOURCES.txt'
[2.070s] [100%] Built target ament_cmake_python_build_pymoveit2_egg
[2.272s] Invoked command in '/home/seema/ros2_ws/build/pymoveit2' returned '0': CMAKE_PREFIX_PATH=${CMAKE_PREFIX_PATH}:/home/seema/ros2_ws/install/ebot_controller:/home/seema/ros2_ws/install/turtlesim_launch:/home/seema/ros2_ws/install/my_py_pkg:/home/seema/ros2_ws/install/launch_testing_examples:/home/seema/ros2_ws/install/examples_rclpy_pointcloud_publisher:/home/seema/ros2_ws/install/examples_rclpy_minimal_subscriber:/home/seema/ros2_ws/install/examples_rclpy_minimal_service:/home/seema/ros2_ws/install/examples_rclpy_minimal_publisher:/home/seema/ros2_ws/install/examples_rclpy_minimal_client:/home/seema/ros2_ws/install/examples_rclpy_minimal_action_server:/home/seema/ros2_ws/install/examples_rclpy_minimal_action_client:/home/seema/ros2_ws/install/examples_rclpy_guard_conditions:/home/seema/ros2_ws/install/examples_rclpy_executors:/opt/ros/humble /usr/bin/cmake --build /home/seema/ros2_ws/build/pymoveit2 -- -j16 -l16
[2.276s] Invoking command in '/home/seema/ros2_ws/build/pymoveit2': CMAKE_PREFIX_PATH=${CMAKE_PREFIX_PATH}:/home/seema/ros2_ws/install/ebot_controller:/home/seema/ros2_ws/install/turtlesim_launch:/home/seema/ros2_ws/install/my_py_pkg:/home/seema/ros2_ws/install/launch_testing_examples:/home/seema/ros2_ws/install/examples_rclpy_pointcloud_publisher:/home/seema/ros2_ws/install/examples_rclpy_minimal_subscriber:/home/seema/ros2_ws/install/examples_rclpy_minimal_service:/home/seema/ros2_ws/install/examples_rclpy_minimal_publisher:/home/seema/ros2_ws/install/examples_rclpy_minimal_client:/home/seema/ros2_ws/install/examples_rclpy_minimal_action_server:/home/seema/ros2_ws/install/examples_rclpy_minimal_action_client:/home/seema/ros2_ws/install/examples_rclpy_guard_conditions:/home/seema/ros2_ws/install/examples_rclpy_executors:/opt/ros/humble /usr/bin/cmake --install /home/seema/ros2_ws/build/pymoveit2
[2.305s] -- Install configuration: ""
[2.305s] -- Up-to-date: /home/seema/ros2_ws/install/pymoveit2/share/ament_index/resource_index/rosidl_interfaces/pymoveit2
[2.305s] -- Up-to-date: /home/seema/ros2_ws/install/pymoveit2/include/pymoveit2/pymoveit2
[2.306s] -- Up-to-date: /home/seema/ros2_ws/install/pymoveit2/include/pymoveit2/pymoveit2/msg
[2.306s] -- Up-to-date: /home/seema/ros2_ws/install/pymoveit2/include/pymoveit2/pymoveit2/msg/rosidl_generator_c__visibility_control.h
[2.306s] -- Up-to-date: /home/seema/ros2_ws/install/pymoveit2/include/pymoveit2/pymoveit2/srv
[2.306s] -- Up-to-date: /home/seema/ros2_ws/install/pymoveit2/include/pymoveit2/pymoveit2/srv/detail
[2.306s] -- Up-to-date: /home/seema/ros2_ws/install/pymoveit2/include/pymoveit2/pymoveit2/srv/detail/move_to_pose__functions.h
[2.306s] -- Up-to-date: /home/seema/ros2_ws/install/pymoveit2/include/pymoveit2/pymoveit2/srv/detail/move_to_pose__type_support.h
[2.306s] -- Up-to-date: /home/seema/ros2_ws/install/pymoveit2/include/pymoveit2/pymoveit2/srv/detail/move_to_pose__functions.c
[2.306s] -- Up-to-date: /home/seema/ros2_ws/install/pymoveit2/include/pymoveit2/pymoveit2/srv/detail/move_to_pose__struct.h
[2.307s] -- Up-to-date: /home/seema/ros2_ws/install/pymoveit2/include/pymoveit2/pymoveit2/srv/move_to_pose.h
[2.307s] -- Up-to-date: /home/seema/ros2_ws/install/pymoveit2/share/pymoveit2/environment/library_path.sh
[2.307s] -- Up-to-date: /home/seema/ros2_ws/install/pymoveit2/share/pymoveit2/environment/library_path.dsv
[2.307s] -- Up-to-date: /home/seema/ros2_ws/install/pymoveit2/lib/libpymoveit2__rosidl_generator_c.so
[2.307s] -- Up-to-date: /home/seema/ros2_ws/install/pymoveit2/include/pymoveit2/pymoveit2
[2.307s] -- Up-to-date: /home/seema/ros2_ws/install/pymoveit2/include/pymoveit2/pymoveit2/msg
[2.307s] -- Up-to-date: /home/seema/ros2_ws/install/pymoveit2/include/pymoveit2/pymoveit2/msg/rosidl_typesupport_fastrtps_c__visibility_control.h
[2.307s] -- Up-to-date: /home/seema/ros2_ws/install/pymoveit2/include/pymoveit2/pymoveit2/srv
[2.307s] -- Up-to-date: /home/seema/ros2_ws/install/pymoveit2/include/pymoveit2/pymoveit2/srv/detail
[2.307s] -- Up-to-date: /home/seema/ros2_ws/install/pymoveit2/include/pymoveit2/pymoveit2/srv/detail/move_to_pose__rosidl_typesupport_fastrtps_c.h
[2.307s] -- Up-to-date: /home/seema/ros2_ws/install/pymoveit2/lib/libpymoveit2__rosidl_typesupport_fastrtps_c.so
[2.307s] -- Up-to-date: /home/seema/ros2_ws/install/pymoveit2/include/pymoveit2/pymoveit2
[2.307s] -- Up-to-date: /home/seema/ros2_ws/install/pymoveit2/include/pymoveit2/pymoveit2/msg
[2.307s] -- Up-to-date: /home/seema/ros2_ws/install/pymoveit2/include/pymoveit2/pymoveit2/msg/rosidl_generator_cpp__visibility_control.hpp
[2.308s] -- Up-to-date: /home/seema/ros2_ws/install/pymoveit2/include/pymoveit2/pymoveit2/srv
[2.308s] -- Up-to-date: /home/seema/ros2_ws/install/pymoveit2/include/pymoveit2/pymoveit2/srv/detail
[2.308s] -- Up-to-date: /home/seema/ros2_ws/install/pymoveit2/include/pymoveit2/pymoveit2/srv/detail/move_to_pose__type_support.hpp
[2.308s] -- Up-to-date: /home/seema/ros2_ws/install/pymoveit2/include/pymoveit2/pymoveit2/srv/detail/move_to_pose__struct.hpp
[2.309s] -- Up-to-date: /home/seema/ros2_ws/install/pymoveit2/include/pymoveit2/pymoveit2/srv/detail/move_to_pose__builder.hpp
[2.309s] -- Up-to-date: /home/seema/ros2_ws/install/pymoveit2/include/pymoveit2/pymoveit2/srv/detail/move_to_pose__traits.hpp
[2.309s] -- Up-to-date: /home/seema/ros2_ws/install/pymoveit2/include/pymoveit2/pymoveit2/srv/move_to_pose.hpp
[2.309s] -- Up-to-date: /home/seema/ros2_ws/install/pymoveit2/include/pymoveit2/pymoveit2
[2.309s] -- Up-to-date: /home/seema/ros2_ws/install/pymoveit2/include/pymoveit2/pymoveit2/msg
[2.310s] -- Up-to-date: /home/seema/ros2_ws/install/pymoveit2/include/pymoveit2/pymoveit2/msg/rosidl_typesupport_fastrtps_cpp__visibility_control.h
[2.310s] -- Up-to-date: /home/seema/ros2_ws/install/pymoveit2/include/pymoveit2/pymoveit2/srv
[2.310s] -- Up-to-date: /home/seema/ros2_ws/install/pymoveit2/include/pymoveit2/pymoveit2/srv/detail
[2.310s] -- Up-to-date: /home/seema/ros2_ws/install/pymoveit2/include/pymoveit2/pymoveit2/srv/detail/move_to_pose__rosidl_typesupport_fastrtps_cpp.hpp
[2.310s] -- Up-to-date: /home/seema/ros2_ws/install/pymoveit2/include/pymoveit2/pymoveit2/srv/detail/dds_fastrtps
[2.310s] -- Up-to-date: /home/seema/ros2_ws/install/pymoveit2/lib/libpymoveit2__rosidl_typesupport_fastrtps_cpp.so
[2.310s] -- Up-to-date: /home/seema/ros2_ws/install/pymoveit2/include/pymoveit2/pymoveit2
[2.310s] -- Up-to-date: /home/seema/ros2_ws/install/pymoveit2/include/pymoveit2/pymoveit2/msg
[2.310s] -- Up-to-date: /home/seema/ros2_ws/install/pymoveit2/include/pymoveit2/pymoveit2/msg/rosidl_typesupport_introspection_c__visibility_control.h
[2.311s] -- Up-to-date: /home/seema/ros2_ws/install/pymoveit2/include/pymoveit2/pymoveit2/srv
[2.311s] -- Up-to-date: /home/seema/ros2_ws/install/pymoveit2/include/pymoveit2/pymoveit2/srv/detail
[2.312s] -- Up-to-date: /home/seema/ros2_ws/install/pymoveit2/include/pymoveit2/pymoveit2/srv/detail/move_to_pose__rosidl_typesupport_introspection_c.h
[2.312s] -- Up-to-date: /home/seema/ros2_ws/install/pymoveit2/include/pymoveit2/pymoveit2/srv/detail/move_to_pose__type_support.c
[2.313s] -- Up-to-date: /home/seema/ros2_ws/install/pymoveit2/lib/libpymoveit2__rosidl_typesupport_introspection_c.so
[2.321s] -- Up-to-date: /home/seema/ros2_ws/install/pymoveit2/lib/libpymoveit2__rosidl_typesupport_c.so
[2.321s] -- Up-to-date: /home/seema/ros2_ws/install/pymoveit2/include/pymoveit2/pymoveit2
[2.321s] -- Up-to-date: /home/seema/ros2_ws/install/pymoveit2/include/pymoveit2/pymoveit2/srv
[2.321s] -- Up-to-date: /home/seema/ros2_ws/install/pymoveit2/include/pymoveit2/pymoveit2/srv/detail
[2.321s] -- Up-to-date: /home/seema/ros2_ws/install/pymoveit2/include/pymoveit2/pymoveit2/srv/detail/move_to_pose__rosidl_typesupport_introspection_cpp.hpp
[2.321s] -- Up-to-date: /home/seema/ros2_ws/install/pymoveit2/include/pymoveit2/pymoveit2/srv/detail/move_to_pose__type_support.cpp
[2.322s] -- Up-to-date: /home/seema/ros2_ws/install/pymoveit2/lib/libpymoveit2__rosidl_typesupport_introspection_cpp.so
[2.322s] -- Up-to-date: /home/seema/ros2_ws/install/pymoveit2/lib/libpymoveit2__rosidl_typesupport_cpp.so
[2.322s] -- Up-to-date: /home/seema/ros2_ws/install/pymoveit2/share/pymoveit2/environment/pythonpath.sh
[2.322s] -- Up-to-date: /home/seema/ros2_ws/install/pymoveit2/share/pymoveit2/environment/pythonpath.dsv
[2.322s] -- Up-to-date: /home/seema/ros2_ws/install/pymoveit2/local/lib/python3.10/dist-packages/pymoveit2-2.1.0-py3.10.egg-info
[2.322s] -- Installing: /home/seema/ros2_ws/install/pymoveit2/local/lib/python3.10/dist-packages/pymoveit2-2.1.0-py3.10.egg-info/top_level.txt
[2.322s] -- Installing: /home/seema/ros2_ws/install/pymoveit2/local/lib/python3.10/dist-packages/pymoveit2-2.1.0-py3.10.egg-info/PKG-INFO
[2.322s] -- Installing: /home/seema/ros2_ws/install/pymoveit2/local/lib/python3.10/dist-packages/pymoveit2-2.1.0-py3.10.egg-info/dependency_links.txt
[2.322s] -- Installing: /home/seema/ros2_ws/install/pymoveit2/local/lib/python3.10/dist-packages/pymoveit2-2.1.0-py3.10.egg-info/SOURCES.txt
[2.322s] -- Up-to-date: /home/seema/ros2_ws/install/pymoveit2/local/lib/python3.10/dist-packages/pymoveit2
[2.322s] -- Up-to-date: /home/seema/ros2_ws/install/pymoveit2/local/lib/python3.10/dist-packages/pymoveit2/_pymoveit2_s.ep.rosidl_typesupport_introspection_c.c
[2.322s] -- Up-to-date: /home/seema/ros2_ws/install/pymoveit2/local/lib/python3.10/dist-packages/pymoveit2/libpymoveit2__rosidl_generator_py.so
[2.322s] -- Up-to-date: /home/seema/ros2_ws/install/pymoveit2/local/lib/python3.10/dist-packages/pymoveit2/pymoveit2_s__rosidl_typesupport_c.cpython-310-x86_64-linux-gnu.so
[2.322s] -- Up-to-date: /home/seema/ros2_ws/install/pymoveit2/local/lib/python3.10/dist-packages/pymoveit2/srv
[2.322s] -- Up-to-date: /home/seema/ros2_ws/install/pymoveit2/local/lib/python3.10/dist-packages/pymoveit2/srv/_move_to_pose_s.c
[2.322s] -- Up-to-date: /home/seema/ros2_ws/install/pymoveit2/local/lib/python3.10/dist-packages/pymoveit2/srv/_move_to_pose.py
[2.323s] -- Up-to-date: /home/seema/ros2_ws/install/pymoveit2/local/lib/python3.10/dist-packages/pymoveit2/srv/__init__.py
[2.323s] -- Up-to-date: /home/seema/ros2_ws/install/pymoveit2/local/lib/python3.10/dist-packages/pymoveit2/pymoveit2_s__rosidl_typesupport_introspection_c.cpython-310-x86_64-linux-gnu.so
[2.324s] -- Up-to-date: /home/seema/ros2_ws/install/pymoveit2/local/lib/python3.10/dist-packages/pymoveit2/pymoveit2_s__rosidl_typesupport_fastrtps_c.cpython-310-x86_64-linux-gnu.so
[2.324s] -- Up-to-date: /home/seema/ros2_ws/install/pymoveit2/local/lib/python3.10/dist-packages/pymoveit2/_pymoveit2_s.ep.rosidl_typesupport_c.c
[2.325s] -- Up-to-date: /home/seema/ros2_ws/install/pymoveit2/local/lib/python3.10/dist-packages/pymoveit2/_pymoveit2_s.ep.rosidl_typesupport_fastrtps_c.c
[2.330s] -- Up-to-date: /home/seema/ros2_ws/install/pymoveit2/local/lib/python3.10/dist-packages/pymoveit2/__init__.py
[2.441s] Listing '/home/seema/ros2_ws/install/pymoveit2/local/lib/python3.10/dist-packages/pymoveit2'...
[2.441s] Listing '/home/seema/ros2_ws/install/pymoveit2/local/lib/python3.10/dist-packages/pymoveit2/srv'...
[2.447s] -- Up-to-date: /home/seema/ros2_ws/install/pymoveit2/local/lib/python3.10/dist-packages/pymoveit2/pymoveit2_s__rosidl_typesupport_fastrtps_c.cpython-310-x86_64-linux-gnu.so
[2.449s] -- Up-to-date: /home/seema/ros2_ws/install/pymoveit2/local/lib/python3.10/dist-packages/pymoveit2/pymoveit2_s__rosidl_typesupport_introspection_c.cpython-310-x86_64-linux-gnu.so
[2.450s] -- Up-to-date: /home/seema/ros2_ws/install/pymoveit2/local/lib/python3.10/dist-packages/pymoveit2/pymoveit2_s__rosidl_typesupport_c.cpython-310-x86_64-linux-gnu.so
[2.450s] -- Up-to-date: /home/seema/ros2_ws/install/pymoveit2/lib/libpymoveit2__rosidl_generator_py.so
[2.450s] -- Up-to-date: /home/seema/ros2_ws/install/pymoveit2/share/pymoveit2/srv/MoveToPose.idl
[2.450s] -- Up-to-date: /home/seema/ros2_ws/install/pymoveit2/share/pymoveit2/srv/MoveToPose.srv
[2.450s] -- Up-to-date: /home/seema/ros2_ws/install/pymoveit2/share/pymoveit2/srv/MoveToPose_Request.msg
[2.450s] -- Up-to-date: /home/seema/ros2_ws/install/pymoveit2/share/pymoveit2/srv/MoveToPose_Response.msg
[2.450s] -- Up-to-date: /home/seema/ros2_ws/install/pymoveit2/lib/pymoveit2/twist_servo_cal.py
[2.450s] -- Up-to-date: /home/seema/ros2_ws/install/pymoveit2/lib/pymoveit2/kdl_parser_py.py
[2.450s] -- Up-to-date: /home/seema/ros2_ws/install/pymoveit2/share/pymoveit2/ur5_arm.urdf
[2.450s] -- Up-to-date: /home/seema/ros2_ws/install/pymoveit2/share/pymoveit2/srv
[2.450s] -- Up-to-date: /home/seema/ros2_ws/install/pymoveit2/share/pymoveit2/srv/MoveToPose.srv
[2.450s] -- Up-to-date: /home/seema/ros2_ws/install/pymoveit2/share/ament_index/resource_index/package_run_dependencies/pymoveit2
[2.451s] -- Up-to-date: /home/seema/ros2_ws/install/pymoveit2/share/ament_index/resource_index/parent_prefix_path/pymoveit2
[2.451s] -- Up-to-date: /home/seema/ros2_ws/install/pymoveit2/share/pymoveit2/environment/ament_prefix_path.sh
[2.451s] -- Up-to-date: /home/seema/ros2_ws/install/pymoveit2/share/pymoveit2/environment/ament_prefix_path.dsv
[2.451s] -- Up-to-date: /home/seema/ros2_ws/install/pymoveit2/share/pymoveit2/environment/path.sh
[2.451s] -- Up-to-date: /home/seema/ros2_ws/install/pymoveit2/share/pymoveit2/environment/path.dsv
[2.451s] -- Up-to-date: /home/seema/ros2_ws/install/pymoveit2/share/pymoveit2/local_setup.bash
[2.452s] -- Up-to-date: /home/seema/ros2_ws/install/pymoveit2/share/pymoveit2/local_setup.sh
[2.452s] -- Up-to-date: /home/seema/ros2_ws/install/pymoveit2/share/pymoveit2/local_setup.zsh
[2.452s] -- Up-to-date: /home/seema/ros2_ws/install/pymoveit2/share/pymoveit2/local_setup.dsv
[2.452s] -- Installing: /home/seema/ros2_ws/install/pymoveit2/share/pymoveit2/package.dsv
[2.452s] -- Up-to-date: /home/seema/ros2_ws/install/pymoveit2/share/ament_index/resource_index/packages/pymoveit2
[2.452s] -- Up-to-date: /home/seema/ros2_ws/install/pymoveit2/share/pymoveit2/cmake/export_pymoveit2__rosidl_generator_cExport.cmake
[2.452s] -- Up-to-date: /home/seema/ros2_ws/install/pymoveit2/share/pymoveit2/cmake/export_pymoveit2__rosidl_generator_cExport-noconfig.cmake
[2.453s] -- Up-to-date: /home/seema/ros2_ws/install/pymoveit2/share/pymoveit2/cmake/export_pymoveit2__rosidl_typesupport_fastrtps_cExport.cmake
[2.453s] -- Up-to-date: /home/seema/ros2_ws/install/pymoveit2/share/pymoveit2/cmake/export_pymoveit2__rosidl_typesupport_fastrtps_cExport-noconfig.cmake
[2.453s] -- Up-to-date: /home/seema/ros2_ws/install/pymoveit2/share/pymoveit2/cmake/export_pymoveit2__rosidl_generator_cppExport.cmake
[2.453s] -- Up-to-date: /home/seema/ros2_ws/install/pymoveit2/share/pymoveit2/cmake/export_pymoveit2__rosidl_typesupport_fastrtps_cppExport.cmake
[2.453s] -- Up-to-date: /home/seema/ros2_ws/install/pymoveit2/share/pymoveit2/cmake/export_pymoveit2__rosidl_typesupport_fastrtps_cppExport-noconfig.cmake
[2.453s] -- Up-to-date: /home/seema/ros2_ws/install/pymoveit2/share/pymoveit2/cmake/pymoveit2__rosidl_typesupport_introspection_cExport.cmake
[2.454s] -- Up-to-date: /home/seema/ros2_ws/install/pymoveit2/share/pymoveit2/cmake/pymoveit2__rosidl_typesupport_introspection_cExport-noconfig.cmake
[2.454s] -- Up-to-date: /home/seema/ros2_ws/install/pymoveit2/share/pymoveit2/cmake/pymoveit2__rosidl_typesupport_cExport.cmake
[2.454s] -- Up-to-date: /home/seema/ros2_ws/install/pymoveit2/share/pymoveit2/cmake/pymoveit2__rosidl_typesupport_cExport-noconfig.cmake
[2.455s] -- Up-to-date: /home/seema/ros2_ws/install/pymoveit2/share/pymoveit2/cmake/pymoveit2__rosidl_typesupport_introspection_cppExport.cmake
[2.455s] -- Up-to-date: /home/seema/ros2_ws/install/pymoveit2/share/pymoveit2/cmake/pymoveit2__rosidl_typesupport_introspection_cppExport-noconfig.cmake
[2.455s] -- Up-to-date: /home/seema/ros2_ws/install/pymoveit2/share/pymoveit2/cmake/pymoveit2__rosidl_typesupport_cppExport.cmake
[2.455s] -- Up-to-date: /home/seema/ros2_ws/install/pymoveit2/share/pymoveit2/cmake/pymoveit2__rosidl_typesupport_cppExport-noconfig.cmake
[2.456s] -- Up-to-date: /home/seema/ros2_ws/install/pymoveit2/share/pymoveit2/cmake/export_pymoveit2__rosidl_generator_pyExport.cmake
[2.456s] -- Up-to-date: /home/seema/ros2_ws/install/pymoveit2/share/pymoveit2/cmake/export_pymoveit2__rosidl_generator_pyExport-noconfig.cmake
[2.456s] -- Up-to-date: /home/seema/ros2_ws/install/pymoveit2/share/pymoveit2/cmake/rosidl_cmake-extras.cmake
[2.456s] -- Up-to-date: /home/seema/ros2_ws/install/pymoveit2/share/pymoveit2/cmake/ament_cmake_export_include_directories-extras.cmake
[2.456s] -- Up-to-date: /home/seema/ros2_ws/install/pymoveit2/share/pymoveit2/cmake/ament_cmake_export_libraries-extras.cmake
[2.456s] -- Up-to-date: /home/seema/ros2_ws/install/pymoveit2/share/pymoveit2/cmake/ament_cmake_export_targets-extras.cmake
[2.456s] -- Up-to-date: /home/seema/ros2_ws/install/pymoveit2/share/pymoveit2/cmake/rosidl_cmake_export_typesupport_targets-extras.cmake
[2.457s] -- Up-to-date: /home/seema/ros2_ws/install/pymoveit2/share/pymoveit2/cmake/ament_cmake_export_dependencies-extras.cmake
[2.457s] -- Up-to-date: /home/seema/ros2_ws/install/pymoveit2/share/pymoveit2/cmake/rosidl_cmake_export_typesupport_libraries-extras.cmake
[2.457s] -- Up-to-date: /home/seema/ros2_ws/install/pymoveit2/share/pymoveit2/cmake/pymoveit2Config.cmake
[2.457s] -- Up-to-date: /home/seema/ros2_ws/install/pymoveit2/share/pymoveit2/cmake/pymoveit2Config-version.cmake
[2.457s] -- Up-to-date: /home/seema/ros2_ws/install/pymoveit2/share/pymoveit2/package.xml
[2.472s] Invoked command in '/home/seema/ros2_ws/build/pymoveit2' returned '0': CMAKE_PREFIX_PATH=${CMAKE_PREFIX_PATH}:/home/seema/ros2_ws/install/ebot_controller:/home/seema/ros2_ws/install/turtlesim_launch:/home/seema/ros2_ws/install/my_py_pkg:/home/seema/ros2_ws/install/launch_testing_examples:/home/seema/ros2_ws/install/examples_rclpy_pointcloud_publisher:/home/seema/ros2_ws/install/examples_rclpy_minimal_subscriber:/home/seema/ros2_ws/install/examples_rclpy_minimal_service:/home/seema/ros2_ws/install/examples_rclpy_minimal_publisher:/home/seema/ros2_ws/install/examples_rclpy_minimal_client:/home/seema/ros2_ws/install/examples_rclpy_minimal_action_server:/home/seema/ros2_ws/install/examples_rclpy_minimal_action_client:/home/seema/ros2_ws/install/examples_rclpy_guard_conditions:/home/seema/ros2_ws/install/examples_rclpy_executors:/opt/ros/humble /usr/bin/cmake --install /home/seema/ros2_ws/build/pymoveit2
