[0.094s] Invoking command in '/home/seema/ros2_ws/build/ur_description': CMAKE_PREFIX_PATH=/opt/ros/humble /usr/bin/cmake --build /home/seema/ros2_ws/build/ur_description -- -j16 -l16
[0.982s] Invoked command in '/home/seema/ros2_ws/build/ur_description' returned '0': CMAKE_PREFIX_PATH=/opt/ros/humble /usr/bin/cmake --build /home/seema/ros2_ws/build/ur_description -- -j16 -l16
[0.991s] Invoking command in '/home/seema/ros2_ws/build/ur_description': CMAKE_PREFIX_PATH=/opt/ros/humble /usr/bin/cmake --install /home/seema/ros2_ws/build/ur_description
[1.050s] -- Install configuration: ""
[1.051s] -- Up-to-date: /home/seema/ros2_ws/install/ur_description/share/ur_description/config
[1.051s] -- Up-to-date: /home/seema/ros2_ws/install/ur_description/share/ur_description/config/ur10
[1.051s] -- Up-to-date: /home/seema/ros2_ws/install/ur_description/share/ur_description/config/ur10/default_kinematics.yaml
[1.051s] -- Up-to-date: /home/seema/ros2_ws/install/ur_description/share/ur_description/config/ur10/joint_limits.yaml
[1.051s] -- Up-to-date: /home/seema/ros2_ws/install/ur_description/share/ur_description/config/ur10/physical_parameters.yaml
[1.051s] -- Up-to-date: /home/seema/ros2_ws/install/ur_description/share/ur_description/config/ur10/visual_parameters.yaml
[1.051s] -- Up-to-date: /home/seema/ros2_ws/install/ur_description/share/ur_description/config/ur30
[1.053s] -- Up-to-date: /home/seema/ros2_ws/install/ur_description/share/ur_description/config/ur30/default_kinematics.yaml
[1.053s] -- Up-to-date: /home/seema/ros2_ws/install/ur_description/share/ur_description/config/ur30/joint_limits.yaml
[1.053s] -- Up-to-date: /home/seema/ros2_ws/install/ur_description/share/ur_description/config/ur30/physical_parameters.yaml
[1.053s] -- Up-to-date: /home/seema/ros2_ws/install/ur_description/share/ur_description/config/ur30/visual_parameters.yaml
[1.053s] -- Up-to-date: /home/seema/ros2_ws/install/ur_description/share/ur_description/config/ur3e
[1.054s] -- Up-to-date: /home/seema/ros2_ws/install/ur_description/share/ur_description/config/ur3e/default_kinematics.yaml
[1.054s] -- Up-to-date: /home/seema/ros2_ws/install/ur_description/share/ur_description/config/ur3e/joint_limits.yaml
[1.054s] -- Up-to-date: /home/seema/ros2_ws/install/ur_description/share/ur_description/config/ur3e/physical_parameters.yaml
[1.054s] -- Up-to-date: /home/seema/ros2_ws/install/ur_description/share/ur_description/config/ur3e/visual_parameters.yaml
[1.054s] -- Up-to-date: /home/seema/ros2_ws/install/ur_description/share/ur_description/config/ur5e
[1.054s] -- Up-to-date: /home/seema/ros2_ws/install/ur_description/share/ur_description/config/ur5e/default_kinematics.yaml
[1.054s] -- Up-to-date: /home/seema/ros2_ws/install/ur_description/share/ur_description/config/ur5e/joint_limits.yaml
[1.054s] -- Up-to-date: /home/seema/ros2_ws/install/ur_description/share/ur_description/config/ur5e/physical_parameters.yaml
[1.054s] -- Up-to-date: /home/seema/ros2_ws/install/ur_description/share/ur_description/config/ur5e/visual_parameters.yaml
[1.054s] -- Up-to-date: /home/seema/ros2_ws/install/ur_description/share/ur_description/config/ur10e
[1.054s] -- Up-to-date: /home/seema/ros2_ws/install/ur_description/share/ur_description/config/ur10e/default_kinematics.yaml
[1.054s] -- Up-to-date: /home/seema/ros2_ws/install/ur_description/share/ur_description/config/ur10e/joint_limits.yaml
[1.054s] -- Up-to-date: /home/seema/ros2_ws/install/ur_description/share/ur_description/config/ur10e/physical_parameters.yaml
[1.055s] -- Up-to-date: /home/seema/ros2_ws/install/ur_description/share/ur_description/config/ur10e/visual_parameters.yaml
[1.055s] -- Up-to-date: /home/seema/ros2_ws/install/ur_description/share/ur_description/config/initial_positions.yaml
[1.055s] -- Up-to-date: /home/seema/ros2_ws/install/ur_description/share/ur_description/config/ur16e
[1.055s] -- Up-to-date: /home/seema/ros2_ws/install/ur_description/share/ur_description/config/ur16e/default_kinematics.yaml
[1.055s] -- Up-to-date: /home/seema/ros2_ws/install/ur_description/share/ur_description/config/ur16e/joint_limits.yaml
[1.055s] -- Up-to-date: /home/seema/ros2_ws/install/ur_description/share/ur_description/config/ur16e/physical_parameters.yaml
[1.056s] -- Up-to-date: /home/seema/ros2_ws/install/ur_description/share/ur_description/config/ur16e/visual_parameters.yaml
[1.056s] -- Up-to-date: /home/seema/ros2_ws/install/ur_description/share/ur_description/config/ur3
[1.056s] -- Up-to-date: /home/seema/ros2_ws/install/ur_description/share/ur_description/config/ur3/default_kinematics.yaml
[1.057s] -- Up-to-date: /home/seema/ros2_ws/install/ur_description/share/ur_description/config/ur3/joint_limits.yaml
[1.057s] -- Up-to-date: /home/seema/ros2_ws/install/ur_description/share/ur_description/config/ur3/physical_parameters.yaml
[1.057s] -- Up-to-date: /home/seema/ros2_ws/install/ur_description/share/ur_description/config/ur3/visual_parameters.yaml
[1.059s] -- Up-to-date: /home/seema/ros2_ws/install/ur_description/share/ur_description/config/ur5
[1.059s] -- Up-to-date: /home/seema/ros2_ws/install/ur_description/share/ur_description/config/ur5/default_kinematics.yaml
[1.059s] -- Up-to-date: /home/seema/ros2_ws/install/ur_description/share/ur_description/config/ur5/joint_limits.yaml
[1.060s] -- Up-to-date: /home/seema/ros2_ws/install/ur_description/share/ur_description/config/ur5/physical_parameters.yaml
[1.060s] -- Up-to-date: /home/seema/ros2_ws/install/ur_description/share/ur_description/config/ur5/visual_parameters.yaml
[1.060s] -- Up-to-date: /home/seema/ros2_ws/install/ur_description/share/ur_description/config/ur20
[1.061s] -- Up-to-date: /home/seema/ros2_ws/install/ur_description/share/ur_description/config/ur20/default_kinematics.yaml
[1.061s] -- Up-to-date: /home/seema/ros2_ws/install/ur_description/share/ur_description/config/ur20/joint_limits.yaml
[1.061s] -- Up-to-date: /home/seema/ros2_ws/install/ur_description/share/ur_description/config/ur20/physical_parameters.yaml
[1.061s] -- Up-to-date: /home/seema/ros2_ws/install/ur_description/share/ur_description/config/ur20/visual_parameters.yaml
[1.062s] -- Up-to-date: /home/seema/ros2_ws/install/ur_description/share/ur_description/meshes
[1.062s] -- Up-to-date: /home/seema/ros2_ws/install/ur_description/share/ur_description/meshes/ur10
[1.062s] -- Up-to-date: /home/seema/ros2_ws/install/ur_description/share/ur_description/meshes/ur10/collision
[1.062s] -- Up-to-date: /home/seema/ros2_ws/install/ur_description/share/ur_description/meshes/ur10/collision/base.stl
[1.062s] -- Up-to-date: /home/seema/ros2_ws/install/ur_description/share/ur_description/meshes/ur10/collision/upperarm.stl
[1.062s] -- Up-to-date: /home/seema/ros2_ws/install/ur_description/share/ur_description/meshes/ur10/collision/shoulder.stl
[1.062s] -- Up-to-date: /home/seema/ros2_ws/install/ur_description/share/ur_description/meshes/ur10/collision/wrist3.stl
[1.062s] -- Up-to-date: /home/seema/ros2_ws/install/ur_description/share/ur_description/meshes/ur10/collision/wrist1.stl
[1.062s] -- Up-to-date: /home/seema/ros2_ws/install/ur_description/share/ur_description/meshes/ur10/collision/wrist2.stl
[1.063s] -- Up-to-date: /home/seema/ros2_ws/install/ur_description/share/ur_description/meshes/ur10/collision/forearm.stl
[1.063s] -- Up-to-date: /home/seema/ros2_ws/install/ur_description/share/ur_description/meshes/ur10/visual
[1.063s] -- Up-to-date: /home/seema/ros2_ws/install/ur_description/share/ur_description/meshes/ur10/visual/shoulder.dae
[1.063s] -- Up-to-date: /home/seema/ros2_ws/install/ur_description/share/ur_description/meshes/ur10/visual/base.dae
[1.063s] -- Up-to-date: /home/seema/ros2_ws/install/ur_description/share/ur_description/meshes/ur10/visual/upperarm.dae
[1.063s] -- Up-to-date: /home/seema/ros2_ws/install/ur_description/share/ur_description/meshes/ur10/visual/wrist3.dae
[1.063s] -- Up-to-date: /home/seema/ros2_ws/install/ur_description/share/ur_description/meshes/ur10/visual/wrist1.dae
[1.063s] -- Up-to-date: /home/seema/ros2_ws/install/ur_description/share/ur_description/meshes/ur10/visual/wrist2.dae
[1.063s] -- Up-to-date: /home/seema/ros2_ws/install/ur_description/share/ur_description/meshes/ur10/visual/forearm.dae
[1.063s] -- Up-to-date: /home/seema/ros2_ws/install/ur_description/share/ur_description/meshes/ur30
[1.063s] -- Up-to-date: /home/seema/ros2_ws/install/ur_description/share/ur_description/meshes/ur30/collision
[1.063s] -- Up-to-date: /home/seema/ros2_ws/install/ur_description/share/ur_description/meshes/ur30/collision/upperarm.stl
[1.063s] -- Up-to-date: /home/seema/ros2_ws/install/ur_description/share/ur_description/meshes/ur30/collision/forearm.stl
[1.063s] -- Up-to-date: /home/seema/ros2_ws/install/ur_description/share/ur_description/meshes/ur30/visual
[1.063s] -- Up-to-date: /home/seema/ros2_ws/install/ur_description/share/ur_description/meshes/ur30/visual/upperarm.dae
[1.063s] -- Up-to-date: /home/seema/ros2_ws/install/ur_description/share/ur_description/meshes/ur30/visual/UR30_DIFF_8bit_2K.png
[1.064s] -- Up-to-date: /home/seema/ros2_ws/install/ur_description/share/ur_description/meshes/ur30/visual/forearm.dae
[1.064s] -- Up-to-date: /home/seema/ros2_ws/install/ur_description/share/ur_description/meshes/ur30/LICENSE.txt
[1.067s] -- Up-to-date: /home/seema/ros2_ws/install/ur_description/share/ur_description/meshes/ur3e
[1.069s] -- Up-to-date: /home/seema/ros2_ws/install/ur_description/share/ur_description/meshes/ur3e/collision
[1.069s] -- Up-to-date: /home/seema/ros2_ws/install/ur_description/share/ur_description/meshes/ur3e/collision/base.stl
[1.069s] -- Up-to-date: /home/seema/ros2_ws/install/ur_description/share/ur_description/meshes/ur3e/collision/upperarm.stl
[1.069s] -- Up-to-date: /home/seema/ros2_ws/install/ur_description/share/ur_description/meshes/ur3e/collision/shoulder.stl
[1.069s] -- Up-to-date: /home/seema/ros2_ws/install/ur_description/share/ur_description/meshes/ur3e/collision/wrist3.stl
[1.069s] -- Up-to-date: /home/seema/ros2_ws/install/ur_description/share/ur_description/meshes/ur3e/collision/wrist1.stl
[1.069s] -- Up-to-date: /home/seema/ros2_ws/install/ur_description/share/ur_description/meshes/ur3e/collision/wrist2.stl
[1.070s] -- Up-to-date: /home/seema/ros2_ws/install/ur_description/share/ur_description/meshes/ur3e/collision/forearm.stl
[1.070s] -- Up-to-date: /home/seema/ros2_ws/install/ur_description/share/ur_description/meshes/ur3e/visual
[1.070s] -- Up-to-date: /home/seema/ros2_ws/install/ur_description/share/ur_description/meshes/ur3e/visual/shoulder.dae
[1.070s] -- Up-to-date: /home/seema/ros2_ws/install/ur_description/share/ur_description/meshes/ur3e/visual/base.dae
[1.070s] -- Up-to-date: /home/seema/ros2_ws/install/ur_description/share/ur_description/meshes/ur3e/visual/upperarm.dae
[1.070s] -- Up-to-date: /home/seema/ros2_ws/install/ur_description/share/ur_description/meshes/ur3e/visual/wrist3.dae
[1.070s] -- Up-to-date: /home/seema/ros2_ws/install/ur_description/share/ur_description/meshes/ur3e/visual/wrist1.dae
[1.070s] -- Up-to-date: /home/seema/ros2_ws/install/ur_description/share/ur_description/meshes/ur3e/visual/wrist2.dae
[1.070s] -- Up-to-date: /home/seema/ros2_ws/install/ur_description/share/ur_description/meshes/ur3e/visual/forearm.dae
[1.070s] -- Up-to-date: /home/seema/ros2_ws/install/ur_description/share/ur_description/meshes/ur5e
[1.070s] -- Up-to-date: /home/seema/ros2_ws/install/ur_description/share/ur_description/meshes/ur5e/collision
[1.071s] -- Up-to-date: /home/seema/ros2_ws/install/ur_description/share/ur_description/meshes/ur5e/collision/base.stl
[1.071s] -- Up-to-date: /home/seema/ros2_ws/install/ur_description/share/ur_description/meshes/ur5e/collision/upperarm.stl
[1.071s] -- Up-to-date: /home/seema/ros2_ws/install/ur_description/share/ur_description/meshes/ur5e/collision/shoulder.stl
[1.071s] -- Up-to-date: /home/seema/ros2_ws/install/ur_description/share/ur_description/meshes/ur5e/collision/wrist3.stl
[1.071s] -- Up-to-date: /home/seema/ros2_ws/install/ur_description/share/ur_description/meshes/ur5e/collision/wrist1.stl
[1.071s] -- Up-to-date: /home/seema/ros2_ws/install/ur_description/share/ur_description/meshes/ur5e/collision/wrist2.stl
[1.071s] -- Up-to-date: /home/seema/ros2_ws/install/ur_description/share/ur_description/meshes/ur5e/collision/forearm.stl
[1.071s] -- Up-to-date: /home/seema/ros2_ws/install/ur_description/share/ur_description/meshes/ur5e/visual
[1.071s] -- Up-to-date: /home/seema/ros2_ws/install/ur_description/share/ur_description/meshes/ur5e/visual/shoulder.dae
[1.071s] -- Up-to-date: /home/seema/ros2_ws/install/ur_description/share/ur_description/meshes/ur5e/visual/base.dae
[1.072s] -- Up-to-date: /home/seema/ros2_ws/install/ur_description/share/ur_description/meshes/ur5e/visual/upperarm.dae
[1.072s] -- Up-to-date: /home/seema/ros2_ws/install/ur_description/share/ur_description/meshes/ur5e/visual/wrist3.dae
[1.072s] -- Up-to-date: /home/seema/ros2_ws/install/ur_description/share/ur_description/meshes/ur5e/visual/wrist1.dae
[1.072s] -- Up-to-date: /home/seema/ros2_ws/install/ur_description/share/ur_description/meshes/ur5e/visual/wrist2.dae
[1.072s] -- Up-to-date: /home/seema/ros2_ws/install/ur_description/share/ur_description/meshes/ur5e/visual/forearm.dae
[1.072s] -- Up-to-date: /home/seema/ros2_ws/install/ur_description/share/ur_description/meshes/ur10e
[1.072s] -- Up-to-date: /home/seema/ros2_ws/install/ur_description/share/ur_description/meshes/ur10e/collision
[1.072s] -- Up-to-date: /home/seema/ros2_ws/install/ur_description/share/ur_description/meshes/ur10e/collision/base.stl
[1.072s] -- Up-to-date: /home/seema/ros2_ws/install/ur_description/share/ur_description/meshes/ur10e/collision/upperarm.stl
[1.072s] -- Up-to-date: /home/seema/ros2_ws/install/ur_description/share/ur_description/meshes/ur10e/collision/shoulder.stl
[1.072s] -- Up-to-date: /home/seema/ros2_ws/install/ur_description/share/ur_description/meshes/ur10e/collision/wrist3.stl
[1.072s] -- Up-to-date: /home/seema/ros2_ws/install/ur_description/share/ur_description/meshes/ur10e/collision/wrist1.stl
[1.072s] -- Up-to-date: /home/seema/ros2_ws/install/ur_description/share/ur_description/meshes/ur10e/collision/wrist2.stl
[1.073s] -- Up-to-date: /home/seema/ros2_ws/install/ur_description/share/ur_description/meshes/ur10e/collision/forearm.stl
[1.073s] -- Up-to-date: /home/seema/ros2_ws/install/ur_description/share/ur_description/meshes/ur10e/visual
[1.073s] -- Up-to-date: /home/seema/ros2_ws/install/ur_description/share/ur_description/meshes/ur10e/visual/shoulder.dae
[1.073s] -- Up-to-date: /home/seema/ros2_ws/install/ur_description/share/ur_description/meshes/ur10e/visual/base.dae
[1.073s] -- Up-to-date: /home/seema/ros2_ws/install/ur_description/share/ur_description/meshes/ur10e/visual/upperarm.dae
[1.073s] -- Up-to-date: /home/seema/ros2_ws/install/ur_description/share/ur_description/meshes/ur10e/visual/wrist3.dae
[1.073s] -- Up-to-date: /home/seema/ros2_ws/install/ur_description/share/ur_description/meshes/ur10e/visual/wrist1.dae
[1.073s] -- Up-to-date: /home/seema/ros2_ws/install/ur_description/share/ur_description/meshes/ur10e/visual/wrist2.dae
[1.073s] -- Up-to-date: /home/seema/ros2_ws/install/ur_description/share/ur_description/meshes/ur10e/visual/forearm.dae
[1.073s] -- Up-to-date: /home/seema/ros2_ws/install/ur_description/share/ur_description/meshes/d435.dae
[1.073s] -- Up-to-date: /home/seema/ros2_ws/install/ur_description/share/ur_description/meshes/ur16e
[1.073s] -- Up-to-date: /home/seema/ros2_ws/install/ur_description/share/ur_description/meshes/ur16e/collision
[1.073s] -- Up-to-date: /home/seema/ros2_ws/install/ur_description/share/ur_description/meshes/ur16e/collision/upperarm.stl
[1.073s] -- Up-to-date: /home/seema/ros2_ws/install/ur_description/share/ur_description/meshes/ur16e/collision/forearm.stl
[1.074s] -- Up-to-date: /home/seema/ros2_ws/install/ur_description/share/ur_description/meshes/ur16e/visual
[1.074s] -- Up-to-date: /home/seema/ros2_ws/install/ur_description/share/ur_description/meshes/ur16e/visual/upperarm.dae
[1.074s] -- Up-to-date: /home/seema/ros2_ws/install/ur_description/share/ur_description/meshes/ur16e/visual/forearm.dae
[1.074s] -- Up-to-date: /home/seema/ros2_ws/install/ur_description/share/ur_description/meshes/ur3
[1.074s] -- Up-to-date: /home/seema/ros2_ws/install/ur_description/share/ur_description/meshes/ur3/collision
[1.074s] -- Up-to-date: /home/seema/ros2_ws/install/ur_description/share/ur_description/meshes/ur3/collision/base.stl
[1.074s] -- Up-to-date: /home/seema/ros2_ws/install/ur_description/share/ur_description/meshes/ur3/collision/upperarm.stl
[1.074s] -- Up-to-date: /home/seema/ros2_ws/install/ur_description/share/ur_description/meshes/ur3/collision/shoulder.stl
[1.074s] -- Up-to-date: /home/seema/ros2_ws/install/ur_description/share/ur_description/meshes/ur3/collision/wrist3.stl
[1.074s] -- Up-to-date: /home/seema/ros2_ws/install/ur_description/share/ur_description/meshes/ur3/collision/wrist1.stl
[1.074s] -- Up-to-date: /home/seema/ros2_ws/install/ur_description/share/ur_description/meshes/ur3/collision/wrist2.stl
[1.075s] -- Up-to-date: /home/seema/ros2_ws/install/ur_description/share/ur_description/meshes/ur3/collision/forearm.stl
[1.075s] -- Up-to-date: /home/seema/ros2_ws/install/ur_description/share/ur_description/meshes/ur3/visual
[1.075s] -- Up-to-date: /home/seema/ros2_ws/install/ur_description/share/ur_description/meshes/ur3/visual/shoulder.dae
[1.075s] -- Up-to-date: /home/seema/ros2_ws/install/ur_description/share/ur_description/meshes/ur3/visual/base.dae
[1.075s] -- Up-to-date: /home/seema/ros2_ws/install/ur_description/share/ur_description/meshes/ur3/visual/upperarm.dae
[1.075s] -- Up-to-date: /home/seema/ros2_ws/install/ur_description/share/ur_description/meshes/ur3/visual/wrist3.dae
[1.075s] -- Up-to-date: /home/seema/ros2_ws/install/ur_description/share/ur_description/meshes/ur3/visual/wrist1.dae
[1.075s] -- Up-to-date: /home/seema/ros2_ws/install/ur_description/share/ur_description/meshes/ur3/visual/wrist2.dae
[1.075s] -- Up-to-date: /home/seema/ros2_ws/install/ur_description/share/ur_description/meshes/ur3/visual/forearm.dae
[1.076s] -- Up-to-date: /home/seema/ros2_ws/install/ur_description/share/ur_description/meshes/ur5
[1.076s] -- Up-to-date: /home/seema/ros2_ws/install/ur_description/share/ur_description/meshes/ur5/collision
[1.076s] -- Up-to-date: /home/seema/ros2_ws/install/ur_description/share/ur_description/meshes/ur5/collision/base.stl
[1.076s] -- Up-to-date: /home/seema/ros2_ws/install/ur_description/share/ur_description/meshes/ur5/collision/upperarm.stl
[1.076s] -- Up-to-date: /home/seema/ros2_ws/install/ur_description/share/ur_description/meshes/ur5/collision/shoulder.stl
[1.076s] -- Up-to-date: /home/seema/ros2_ws/install/ur_description/share/ur_description/meshes/ur5/collision/wrist3.stl
[1.076s] -- Up-to-date: /home/seema/ros2_ws/install/ur_description/share/ur_description/meshes/ur5/collision/wrist1.stl
[1.076s] -- Up-to-date: /home/seema/ros2_ws/install/ur_description/share/ur_description/meshes/ur5/collision/camera_mount.stl
[1.076s] -- Up-to-date: /home/seema/ros2_ws/install/ur_description/share/ur_description/meshes/ur5/collision/wrist2.stl
[1.076s] -- Up-to-date: /home/seema/ros2_ws/install/ur_description/share/ur_description/meshes/ur5/collision/forearm.stl
[1.077s] -- Up-to-date: /home/seema/ros2_ws/install/ur_description/share/ur_description/meshes/ur5/visual
[1.077s] -- Up-to-date: /home/seema/ros2_ws/install/ur_description/share/ur_description/meshes/ur5/visual/shoulder.dae
[1.077s] -- Up-to-date: /home/seema/ros2_ws/install/ur_description/share/ur_description/meshes/ur5/visual/base.dae
[1.077s] -- Up-to-date: /home/seema/ros2_ws/install/ur_description/share/ur_description/meshes/ur5/visual/upperarm.dae
[1.077s] -- Up-to-date: /home/seema/ros2_ws/install/ur_description/share/ur_description/meshes/ur5/visual/wrist3.dae
[1.077s] -- Up-to-date: /home/seema/ros2_ws/install/ur_description/share/ur_description/meshes/ur5/visual/wrist1.dae
[1.077s] -- Up-to-date: /home/seema/ros2_ws/install/ur_description/share/ur_description/meshes/ur5/visual/wrist2.dae
[1.077s] -- Up-to-date: /home/seema/ros2_ws/install/ur_description/share/ur_description/meshes/ur5/visual/forearm.dae
[1.077s] -- Up-to-date: /home/seema/ros2_ws/install/ur_description/share/ur_description/meshes/NAVRS.STL
[1.077s] -- Up-to-date: /home/seema/ros2_ws/install/ur_description/share/ur_description/meshes/ur20
[1.078s] -- Up-to-date: /home/seema/ros2_ws/install/ur_description/share/ur_description/meshes/ur20/collision
[1.078s] -- Up-to-date: /home/seema/ros2_ws/install/ur_description/share/ur_description/meshes/ur20/collision/base.stl
[1.078s] -- Up-to-date: /home/seema/ros2_ws/install/ur_description/share/ur_description/meshes/ur20/collision/upperarm.stl
[1.078s] -- Up-to-date: /home/seema/ros2_ws/install/ur_description/share/ur_description/meshes/ur20/collision/shoulder.stl
[1.078s] -- Up-to-date: /home/seema/ros2_ws/install/ur_description/share/ur_description/meshes/ur20/collision/wrist3.stl
[1.078s] -- Up-to-date: /home/seema/ros2_ws/install/ur_description/share/ur_description/meshes/ur20/collision/wrist1.stl
[1.078s] -- Up-to-date: /home/seema/ros2_ws/install/ur_description/share/ur_description/meshes/ur20/collision/wrist2.stl
[1.079s] -- Up-to-date: /home/seema/ros2_ws/install/ur_description/share/ur_description/meshes/ur20/collision/forearm.stl
[1.079s] -- Up-to-date: /home/seema/ros2_ws/install/ur_description/share/ur_description/meshes/ur20/visual
[1.079s] -- Up-to-date: /home/seema/ros2_ws/install/ur_description/share/ur_description/meshes/ur20/visual/shoulder.dae
[1.079s] -- Up-to-date: /home/seema/ros2_ws/install/ur_description/share/ur_description/meshes/ur20/visual/base.dae
[1.079s] -- Up-to-date: /home/seema/ros2_ws/install/ur_description/share/ur_description/meshes/ur20/visual/UR20_DIFF_8bit_2K.png
[1.079s] -- Up-to-date: /home/seema/ros2_ws/install/ur_description/share/ur_description/meshes/ur20/visual/upperarm.dae
[1.079s] -- Up-to-date: /home/seema/ros2_ws/install/ur_description/share/ur_description/meshes/ur20/visual/wrist3.dae
[1.080s] -- Up-to-date: /home/seema/ros2_ws/install/ur_description/share/ur_description/meshes/ur20/visual/wrist1.dae
[1.080s] -- Up-to-date: /home/seema/ros2_ws/install/ur_description/share/ur_description/meshes/ur20/visual/wrist2.dae
[1.080s] -- Up-to-date: /home/seema/ros2_ws/install/ur_description/share/ur_description/meshes/ur20/visual/forearm.dae
[1.080s] -- Up-to-date: /home/seema/ros2_ws/install/ur_description/share/ur_description/meshes/ur20/LICENSE.txt
[1.080s] -- Up-to-date: /home/seema/ros2_ws/install/ur_description/share/ur_description/rviz
[1.081s] -- Up-to-date: /home/seema/ros2_ws/install/ur_description/share/ur_description/rviz/view_robot.rviz
[1.082s] -- Up-to-date: /home/seema/ros2_ws/install/ur_description/share/ur_description/urdf
[1.082s] -- Up-to-date: /home/seema/ros2_ws/install/ur_description/share/ur_description/urdf/realsense2.urdf.xacro
[1.082s] -- Up-to-date: /home/seema/ros2_ws/install/ur_description/share/ur_description/urdf/ur5_arm.urdf.xacro
[1.082s] -- Up-to-date: /home/seema/ros2_ws/install/ur_description/share/ur_description/urdf/ur.urdf.xacro
[1.082s] -- Up-to-date: /home/seema/ros2_ws/install/ur_description/share/ur_description/urdf/ur.ros2_control.xacro
[1.082s] -- Up-to-date: /home/seema/ros2_ws/install/ur_description/share/ur_description/urdf/ur5.urdf.xacro
[1.082s] -- Up-to-date: /home/seema/ros2_ws/install/ur_description/share/ur_description/urdf/ur_macro.xacro
[1.082s] -- Up-to-date: /home/seema/ros2_ws/install/ur_description/share/ur_description/urdf/ur.gazebo.xacro
[1.083s] -- Up-to-date: /home/seema/ros2_ws/install/ur_description/share/ur_description/urdf/inc
[1.083s] -- Up-to-date: /home/seema/ros2_ws/install/ur_description/share/ur_description/urdf/inc/ur_common.xacro
[1.083s] -- Up-to-date: /home/seema/ros2_ws/install/ur_description/share/ur_description/urdf/inc/ur_transmissions.xacro
[1.083s] -- Up-to-date: /home/seema/ros2_ws/install/ur_description/share/ur_description/test
[1.083s] -- Up-to-date: /home/seema/ros2_ws/install/ur_description/share/ur_description/test/test_ur_urdf_xacro.py
[1.083s] -- Up-to-date: /home/seema/ros2_ws/install/ur_description/share/ur_description/test/test_view_ur_launch.py
[1.083s] -- Up-to-date: /home/seema/ros2_ws/install/ur_description/share/ur_description/scripts
[1.084s] -- Up-to-date: /home/seema/ros2_ws/install/ur_description/share/ur_description/scripts/armed0
[1.084s] -- Up-to-date: /home/seema/ros2_ws/install/ur_description/share/ur_description/scripts/armed0/publish_tcp_pose.py
[1.084s] -- Up-to-date: /home/seema/ros2_ws/install/ur_description/share/ur_description/scripts/armed0/pyarmor_runtime_000000
[1.085s] -- Up-to-date: /home/seema/ros2_ws/install/ur_description/share/ur_description/scripts/armed0/pyarmor_runtime_000000/pyarmor_runtime.so
[1.086s] -- Up-to-date: /home/seema/ros2_ws/install/ur_description/share/ur_description/scripts/armed0/pyarmor_runtime_000000/__init__.py
[1.086s] -- Up-to-date: /home/seema/ros2_ws/install/ur_description/share/ur_description/scripts/armed
[1.091s] -- Up-to-date: /home/seema/ros2_ws/install/ur_description/share/ur_description/scripts/armed/random_fruits_spawner.py
[1.091s] -- Up-to-date: /home/seema/ros2_ws/install/ur_description/share/ur_description/scripts/armed/pyarmor_runtime_000000
[1.094s] -- Up-to-date: /home/seema/ros2_ws/install/ur_description/share/ur_description/scripts/armed/pyarmor_runtime_000000/pyarmor_runtime.so
[1.094s] -- Up-to-date: /home/seema/ros2_ws/install/ur_description/share/ur_description/scripts/armed/pyarmor_runtime_000000/__init__.py
[1.094s] -- Up-to-date: /home/seema/ros2_ws/install/ur_description/lib/ur_description/random_fruits_spawner.py
[1.094s] -- Up-to-date: /home/seema/ros2_ws/install/ur_description/lib/ur_description/publish_tcp_pose.py
[1.094s] -- Up-to-date: /home/seema/ros2_ws/install/ur_description/lib/ur_description/pyarmor_runtime_000000
[1.095s] -- Up-to-date: /home/seema/ros2_ws/install/ur_description/lib/ur_description/pyarmor_runtime_000000/pyarmor_runtime.so
[1.095s] -- Up-to-date: /home/seema/ros2_ws/install/ur_description/lib/ur_description/pyarmor_runtime_000000/__init__.py
[1.095s] -- Up-to-date: /home/seema/ros2_ws/install/ur_description/lib/ur_description/pyarmor_runtime_000000
[1.095s] -- Up-to-date: /home/seema/ros2_ws/install/ur_description/lib/ur_description/pyarmor_runtime_000000/pyarmor_runtime.so
[1.095s] -- Up-to-date: /home/seema/ros2_ws/install/ur_description/lib/ur_description/pyarmor_runtime_000000/__init__.py
[1.095s] -- Up-to-date: /home/seema/ros2_ws/install/ur_description/share/ament_index/resource_index/package_run_dependencies/ur_description
[1.095s] -- Up-to-date: /home/seema/ros2_ws/install/ur_description/share/ament_index/resource_index/parent_prefix_path/ur_description
[1.095s] -- Up-to-date: /home/seema/ros2_ws/install/ur_description/share/ur_description/environment/ament_prefix_path.sh
[1.095s] -- Up-to-date: /home/seema/ros2_ws/install/ur_description/share/ur_description/environment/ament_prefix_path.dsv
[1.095s] -- Up-to-date: /home/seema/ros2_ws/install/ur_description/share/ur_description/environment/path.sh
[1.095s] -- Up-to-date: /home/seema/ros2_ws/install/ur_description/share/ur_description/environment/path.dsv
[1.095s] -- Up-to-date: /home/seema/ros2_ws/install/ur_description/share/ur_description/local_setup.bash
[1.096s] -- Up-to-date: /home/seema/ros2_ws/install/ur_description/share/ur_description/local_setup.sh
[1.096s] -- Up-to-date: /home/seema/ros2_ws/install/ur_description/share/ur_description/local_setup.zsh
[1.096s] -- Up-to-date: /home/seema/ros2_ws/install/ur_description/share/ur_description/local_setup.dsv
[1.096s] -- Installing: /home/seema/ros2_ws/install/ur_description/share/ur_description/package.dsv
[1.096s] -- Up-to-date: /home/seema/ros2_ws/install/ur_description/share/ament_index/resource_index/packages/ur_description
[1.096s] -- Up-to-date: /home/seema/ros2_ws/install/ur_description/share/ur_description/cmake/ur_descriptionConfig.cmake
[1.096s] -- Up-to-date: /home/seema/ros2_ws/install/ur_description/share/ur_description/cmake/ur_descriptionConfig-version.cmake
[1.096s] -- Up-to-date: /home/seema/ros2_ws/install/ur_description/share/ur_description/package.xml
[1.218s] Invoked command in '/home/seema/ros2_ws/build/ur_description' returned '0': CMAKE_PREFIX_PATH=/opt/ros/humble /usr/bin/cmake --install /home/seema/ros2_ws/build/ur_description
