[2.245s] Invoking command in '/home/seema/ros2_ws/src/examples/rclpy/executors': PYTHONPATH=/home/seema/ros2_ws/build/examples_rclpy_executors/prefix_override:/usr/lib/python3/dist-packages/colcon_core/task/python/colcon_distutils_commands:/home/seema/ros2_ws/install/examples_rclpy_executors/lib/python3.10/site-packages:${PYTHONPATH} /usr/bin/python3 -W ignore:setup.py install is deprecated -W ignore:easy_install command is deprecated setup.py egg_info --egg-base ../../../../build/examples_rclpy_executors build --build-base /home/seema/ros2_ws/build/examples_rclpy_executors/build install --record /home/seema/ros2_ws/build/examples_rclpy_executors/install.log --single-version-externally-managed install_data
[2.465s] running egg_info
[2.465s] writing ../../../../build/examples_rclpy_executors/examples_rclpy_executors.egg-info/PKG-INFO
[2.466s] writing dependency_links to ../../../../build/examples_rclpy_executors/examples_rclpy_executors.egg-info/dependency_links.txt
[2.466s] writing entry points to ../../../../build/examples_rclpy_executors/examples_rclpy_executors.egg-info/entry_points.txt
[2.466s] writing requirements to ../../../../build/examples_rclpy_executors/examples_rclpy_executors.egg-info/requires.txt
[2.466s] writing top-level names to ../../../../build/examples_rclpy_executors/examples_rclpy_executors.egg-info/top_level.txt
[2.468s] reading manifest file '../../../../build/examples_rclpy_executors/examples_rclpy_executors.egg-info/SOURCES.txt'
[2.469s] writing manifest file '../../../../build/examples_rclpy_executors/examples_rclpy_executors.egg-info/SOURCES.txt'
[2.469s] running build
[2.469s] running build_py
[2.471s] running install
[2.471s] running install_lib
[2.473s] running install_data
[2.473s] running install_egg_info
[2.475s] removing '/home/seema/ros2_ws/install/examples_rclpy_executors/lib/python3.10/site-packages/examples_rclpy_executors-0.15.4-py3.10.egg-info' (and everything under it)
[2.475s] Copying ../../../../build/examples_rclpy_executors/examples_rclpy_executors.egg-info to /home/seema/ros2_ws/install/examples_rclpy_executors/lib/python3.10/site-packages/examples_rclpy_executors-0.15.4-py3.10.egg-info
[2.476s] running install_scripts
[2.499s] Installing callback_group script to /home/seema/ros2_ws/install/examples_rclpy_executors/lib/examples_rclpy_executors
[2.499s] Installing composed script to /home/seema/ros2_ws/install/examples_rclpy_executors/lib/examples_rclpy_executors
[2.499s] Installing custom_callback_group script to /home/seema/ros2_ws/install/examples_rclpy_executors/lib/examples_rclpy_executors
[2.499s] Installing custom_executor script to /home/seema/ros2_ws/install/examples_rclpy_executors/lib/examples_rclpy_executors
[2.499s] Installing listener script to /home/seema/ros2_ws/install/examples_rclpy_executors/lib/examples_rclpy_executors
[2.499s] Installing talker script to /home/seema/ros2_ws/install/examples_rclpy_executors/lib/examples_rclpy_executors
[2.499s] writing list of installed files to '/home/seema/ros2_ws/build/examples_rclpy_executors/install.log'
[2.527s] Invoked command in '/home/seema/ros2_ws/src/examples/rclpy/executors' returned '0': PYTHONPATH=/home/seema/ros2_ws/build/examples_rclpy_executors/prefix_override:/usr/lib/python3/dist-packages/colcon_core/task/python/colcon_distutils_commands:/home/seema/ros2_ws/install/examples_rclpy_executors/lib/python3.10/site-packages:${PYTHONPATH} /usr/bin/python3 -W ignore:setup.py install is deprecated -W ignore:easy_install command is deprecated setup.py egg_info --egg-base ../../../../build/examples_rclpy_executors build --build-base /home/seema/ros2_ws/build/examples_rclpy_executors/build install --record /home/seema/ros2_ws/build/examples_rclpy_executors/install.log --single-version-externally-managed install_data
