[0.319s] Invoking command in '/home/seema/ros2_ws/src/examples/rclpy/services/minimal_client': PYTHONPATH=/home/seema/ros2_ws/build/examples_rclpy_minimal_client/prefix_override:/usr/lib/python3/dist-packages/colcon_core/task/python/colcon_distutils_commands:/home/seema/ros2_ws/install/examples_rclpy_minimal_client/lib/python3.10/site-packages:${PYTHONPATH} /usr/bin/python3 -W ignore:setup.py install is deprecated -W ignore:easy_install command is deprecated setup.py egg_info --egg-base ../../../../../build/examples_rclpy_minimal_client build --build-base /home/seema/ros2_ws/build/examples_rclpy_minimal_client/build install --record /home/seema/ros2_ws/build/examples_rclpy_minimal_client/install.log --single-version-externally-managed install_data
[0.444s] running egg_info
[0.444s] creating ../../../../../build/examples_rclpy_minimal_client/examples_rclpy_minimal_client.egg-info
[0.444s] writing ../../../../../build/examples_rclpy_minimal_client/examples_rclpy_minimal_client.egg-info/PKG-INFO
[0.444s] writing dependency_links to ../../../../../build/examples_rclpy_minimal_client/examples_rclpy_minimal_client.egg-info/dependency_links.txt
[0.444s] writing entry points to ../../../../../build/examples_rclpy_minimal_client/examples_rclpy_minimal_client.egg-info/entry_points.txt
[0.444s] writing requirements to ../../../../../build/examples_rclpy_minimal_client/examples_rclpy_minimal_client.egg-info/requires.txt
[0.444s] writing top-level names to ../../../../../build/examples_rclpy_minimal_client/examples_rclpy_minimal_client.egg-info/top_level.txt
[0.445s] writing manifest file '../../../../../build/examples_rclpy_minimal_client/examples_rclpy_minimal_client.egg-info/SOURCES.txt'
[0.450s] reading manifest file '../../../../../build/examples_rclpy_minimal_client/examples_rclpy_minimal_client.egg-info/SOURCES.txt'
[0.450s] writing manifest file '../../../../../build/examples_rclpy_minimal_client/examples_rclpy_minimal_client.egg-info/SOURCES.txt'
[0.450s] running build
[0.450s] running build_py
[0.450s] creating /home/seema/ros2_ws/build/examples_rclpy_minimal_client/build
[0.450s] creating /home/seema/ros2_ws/build/examples_rclpy_minimal_client/build/lib
[0.450s] creating /home/seema/ros2_ws/build/examples_rclpy_minimal_client/build/lib/examples_rclpy_minimal_client
[0.450s] copying examples_rclpy_minimal_client/client_async_callback.py -> /home/seema/ros2_ws/build/examples_rclpy_minimal_client/build/lib/examples_rclpy_minimal_client
[0.450s] copying examples_rclpy_minimal_client/client_async.py -> /home/seema/ros2_ws/build/examples_rclpy_minimal_client/build/lib/examples_rclpy_minimal_client
[0.451s] copying examples_rclpy_minimal_client/client.py -> /home/seema/ros2_ws/build/examples_rclpy_minimal_client/build/lib/examples_rclpy_minimal_client
[0.451s] copying examples_rclpy_minimal_client/client_async_member_function.py -> /home/seema/ros2_ws/build/examples_rclpy_minimal_client/build/lib/examples_rclpy_minimal_client
[0.451s] copying examples_rclpy_minimal_client/__init__.py -> /home/seema/ros2_ws/build/examples_rclpy_minimal_client/build/lib/examples_rclpy_minimal_client
[0.451s] running install
[0.451s] running install_lib
[0.452s] creating /home/seema/ros2_ws/install/examples_rclpy_minimal_client/lib/python3.10/site-packages/examples_rclpy_minimal_client
[0.452s] copying /home/seema/ros2_ws/build/examples_rclpy_minimal_client/build/lib/examples_rclpy_minimal_client/client_async_callback.py -> /home/seema/ros2_ws/install/examples_rclpy_minimal_client/lib/python3.10/site-packages/examples_rclpy_minimal_client
[0.452s] copying /home/seema/ros2_ws/build/examples_rclpy_minimal_client/build/lib/examples_rclpy_minimal_client/client_async.py -> /home/seema/ros2_ws/install/examples_rclpy_minimal_client/lib/python3.10/site-packages/examples_rclpy_minimal_client
[0.452s] copying /home/seema/ros2_ws/build/examples_rclpy_minimal_client/build/lib/examples_rclpy_minimal_client/client.py -> /home/seema/ros2_ws/install/examples_rclpy_minimal_client/lib/python3.10/site-packages/examples_rclpy_minimal_client
[0.452s] copying /home/seema/ros2_ws/build/examples_rclpy_minimal_client/build/lib/examples_rclpy_minimal_client/client_async_member_function.py -> /home/seema/ros2_ws/install/examples_rclpy_minimal_client/lib/python3.10/site-packages/examples_rclpy_minimal_client
[0.452s] copying /home/seema/ros2_ws/build/examples_rclpy_minimal_client/build/lib/examples_rclpy_minimal_client/__init__.py -> /home/seema/ros2_ws/install/examples_rclpy_minimal_client/lib/python3.10/site-packages/examples_rclpy_minimal_client
[0.452s] byte-compiling /home/seema/ros2_ws/install/examples_rclpy_minimal_client/lib/python3.10/site-packages/examples_rclpy_minimal_client/client_async_callback.py to client_async_callback.cpython-310.pyc
[0.452s] byte-compiling /home/seema/ros2_ws/install/examples_rclpy_minimal_client/lib/python3.10/site-packages/examples_rclpy_minimal_client/client_async.py to client_async.cpython-310.pyc
[0.452s] byte-compiling /home/seema/ros2_ws/install/examples_rclpy_minimal_client/lib/python3.10/site-packages/examples_rclpy_minimal_client/client.py to client.cpython-310.pyc
[0.453s] byte-compiling /home/seema/ros2_ws/install/examples_rclpy_minimal_client/lib/python3.10/site-packages/examples_rclpy_minimal_client/client_async_member_function.py to client_async_member_function.cpython-310.pyc
[0.453s] byte-compiling /home/seema/ros2_ws/install/examples_rclpy_minimal_client/lib/python3.10/site-packages/examples_rclpy_minimal_client/__init__.py to __init__.cpython-310.pyc
[0.453s] running install_data
[0.453s] creating /home/seema/ros2_ws/install/examples_rclpy_minimal_client/share/ament_index
[0.453s] creating /home/seema/ros2_ws/install/examples_rclpy_minimal_client/share/ament_index/resource_index
[0.453s] creating /home/seema/ros2_ws/install/examples_rclpy_minimal_client/share/ament_index/resource_index/packages
[0.453s] copying resource/examples_rclpy_minimal_client -> /home/seema/ros2_ws/install/examples_rclpy_minimal_client/share/ament_index/resource_index/packages
[0.453s] copying package.xml -> /home/seema/ros2_ws/install/examples_rclpy_minimal_client/share/examples_rclpy_minimal_client
[0.453s] running install_egg_info
[0.454s] Copying ../../../../../build/examples_rclpy_minimal_client/examples_rclpy_minimal_client.egg-info to /home/seema/ros2_ws/install/examples_rclpy_minimal_client/lib/python3.10/site-packages/examples_rclpy_minimal_client-0.15.4-py3.10.egg-info
[0.454s] running install_scripts
[0.466s] Installing client script to /home/seema/ros2_ws/install/examples_rclpy_minimal_client/lib/examples_rclpy_minimal_client
[0.466s] Installing client_async script to /home/seema/ros2_ws/install/examples_rclpy_minimal_client/lib/examples_rclpy_minimal_client
[0.466s] Installing client_async_callback script to /home/seema/ros2_ws/install/examples_rclpy_minimal_client/lib/examples_rclpy_minimal_client
[0.466s] Installing client_async_member_function script to /home/seema/ros2_ws/install/examples_rclpy_minimal_client/lib/examples_rclpy_minimal_client
[0.466s] writing list of installed files to '/home/seema/ros2_ws/build/examples_rclpy_minimal_client/install.log'
[0.480s] Invoked command in '/home/seema/ros2_ws/src/examples/rclpy/services/minimal_client' returned '0': PYTHONPATH=/home/seema/ros2_ws/build/examples_rclpy_minimal_client/prefix_override:/usr/lib/python3/dist-packages/colcon_core/task/python/colcon_distutils_commands:/home/seema/ros2_ws/install/examples_rclpy_minimal_client/lib/python3.10/site-packages:${PYTHONPATH} /usr/bin/python3 -W ignore:setup.py install is deprecated -W ignore:easy_install command is deprecated setup.py egg_info --egg-base ../../../../../build/examples_rclpy_minimal_client build --build-base /home/seema/ros2_ws/build/examples_rclpy_minimal_client/build install --record /home/seema/ros2_ws/build/examples_rclpy_minimal_client/install.log --single-version-externally-managed install_data
