[0.036s] Invoking command in '/home/seema/ros2_ws/build/examples_rclcpp_async_client': CMAKE_PREFIX_PATH=/opt/ros/humble /usr/bin/cmake /home/seema/ros2_ws/src/examples/rclcpp/services/async_client -DCMAKE_INSTALL_PREFIX=/home/seema/ros2_ws/install/examples_rclcpp_async_client
[1.614s] -- The C compiler identification is GNU 11.4.0
[1.615s] -- The CXX compiler identification is GNU 11.4.0
[1.615s] -- Detecting C compiler ABI info
[1.615s] -- Detecting C compiler ABI info - done
[1.615s] -- Check for working C compiler: /usr/bin/cc - skipped
[1.615s] -- Detecting C compile features
[1.615s] -- Detecting C compile features - done
[1.615s] -- Detecting CXX compiler ABI info
[1.615s] -- Detecting CXX compiler ABI info - done
[1.615s] -- Check for working CXX compiler: /usr/bin/c++ - skipped
[1.615s] -- Detecting CXX compile features
[1.616s] -- Detecting CXX compile features - done
[1.616s] -- Found ament_cmake: 1.3.12 (/opt/ros/humble/share/ament_cmake/cmake)
[1.616s] -- Found Python3: /usr/bin/python3 (found version "3.10.12") found components: Interpreter 
[1.616s] -- Found example_interfaces: 0.9.3 (/opt/ros/humble/share/example_interfaces/cmake)
[1.616s] -- Found rosidl_generator_c: 3.1.7 (/opt/ros/humble/share/rosidl_generator_c/cmake)
[1.616s] -- Found rosidl_adapter: 3.1.7 (/opt/ros/humble/share/rosidl_adapter/cmake)
[1.616s] -- Found rosidl_generator_cpp: 3.1.7 (/opt/ros/humble/share/rosidl_generator_cpp/cmake)
[1.616s] -- Using all available rosidl_typesupport_c: rosidl_typesupport_fastrtps_c;rosidl_typesupport_introspection_c
[1.616s] -- Using all available rosidl_typesupport_cpp: rosidl_typesupport_fastrtps_cpp;rosidl_typesupport_introspection_cpp
[1.616s] -- Found rclcpp: 16.0.14 (/opt/ros/humble/share/rclcpp/cmake)
[1.616s] -- Found rmw_implementation_cmake: 6.1.2 (/opt/ros/humble/share/rmw_implementation_cmake/cmake)
[1.616s] -- Found rmw_fastrtps_cpp: 6.2.8 (/opt/ros/humble/share/rmw_fastrtps_cpp/cmake)
[1.616s] -- Found OpenSSL: /usr/lib/x86_64-linux-gnu/libcrypto.so (found version "3.0.2")  
[1.616s] -- Found FastRTPS: /opt/ros/humble/include  
[1.617s] -- Using RMW implementation 'rmw_fastrtps_cpp' as default
[1.617s] -- Looking for pthread.h
[1.617s] -- Looking for pthread.h - found
[1.617s] -- Performing Test CMAKE_HAVE_LIBC_PTHREAD
[1.708s] -- Performing Test CMAKE_HAVE_LIBC_PTHREAD - Success
[1.708s] -- Found Threads: TRUE  
[1.790s] -- Found ament_lint_auto: 0.12.14 (/opt/ros/humble/share/ament_lint_auto/cmake)
[2.169s] -- Added test 'copyright' to check source files copyright and LICENSE
[2.170s] -- Added test 'cppcheck' to perform static code analysis on C / C++ code
[2.173s] -- Configured cppcheck include dirs: 
[2.173s] -- Configured cppcheck exclude dirs and/or files: 
[2.176s] -- Added test 'cpplint' to check C / C++ code against the Google style
[2.177s] -- Configured cpplint exclude dirs and/or files: 
[2.180s] -- Added test 'lint_cmake' to check CMake code style
[2.183s] -- Added test 'uncrustify' to check C / C++ code style
[2.184s] -- Configured uncrustify additional arguments: 
[2.185s] -- Added test 'xmllint' to check XML markup files
[2.193s] -- Configuring done
[2.215s] -- Generating done
[2.228s] -- Build files have been written to: /home/seema/ros2_ws/build/examples_rclcpp_async_client
[2.278s] Invoked command in '/home/seema/ros2_ws/build/examples_rclcpp_async_client' returned '0': CMAKE_PREFIX_PATH=/opt/ros/humble /usr/bin/cmake /home/seema/ros2_ws/src/examples/rclcpp/services/async_client -DCMAKE_INSTALL_PREFIX=/home/seema/ros2_ws/install/examples_rclcpp_async_client
[2.279s] Invoking command in '/home/seema/ros2_ws/build/examples_rclcpp_async_client': CMAKE_PREFIX_PATH=/opt/ros/humble /usr/bin/cmake --build /home/seema/ros2_ws/build/examples_rclcpp_async_client -- -j16 -l16
[2.537s] [ 50%] [32mBuilding CXX object CMakeFiles/client_main.dir/main.cpp.o[0m
