[2.569s] Invoking command in '/home/seema/ros2_ws/build/examples_rclpy_minimal_client': PYTHONPATH=/home/seema/ros2_ws/build/examples_rclpy_minimal_client/prefix_override:/usr/lib/python3/dist-packages/colcon_core/task/python/colcon_distutils_commands:/home/seema/ros2_ws/install/examples_rclpy_minimal_client/lib/python3.10/site-packages:${PYTHONPATH} /usr/bin/python3 -W ignore:setup.py install is deprecated -W ignore:easy_install command is deprecated setup.py develop --editable --build-directory /home/seema/ros2_ws/build/examples_rclpy_minimal_client/build --no-deps symlink_data --force
[2.846s] running develop
[3.224s] running egg_info
[3.224s] writing examples_rclpy_minimal_client.egg-info/PKG-INFO
[3.226s] writing dependency_links to examples_rclpy_minimal_client.egg-info/dependency_links.txt
[3.226s] writing entry points to examples_rclpy_minimal_client.egg-info/entry_points.txt
[3.226s] writing requirements to examples_rclpy_minimal_client.egg-info/requires.txt
[3.226s] writing top-level names to examples_rclpy_minimal_client.egg-info/top_level.txt
[3.226s] reading manifest file 'examples_rclpy_minimal_client.egg-info/SOURCES.txt'
[3.228s] writing manifest file 'examples_rclpy_minimal_client.egg-info/SOURCES.txt'
[3.295s] running build_ext
[3.295s] Creating /home/seema/ros2_ws/install/examples_rclpy_minimal_client/lib/python3.10/site-packages/examples-rclpy-minimal-client.egg-link (link to .)
[3.296s] Installing client script to /home/seema/ros2_ws/install/examples_rclpy_minimal_client/lib/examples_rclpy_minimal_client
[3.296s] Installing client_async script to /home/seema/ros2_ws/install/examples_rclpy_minimal_client/lib/examples_rclpy_minimal_client
[3.296s] Installing client_async_callback script to /home/seema/ros2_ws/install/examples_rclpy_minimal_client/lib/examples_rclpy_minimal_client
[3.296s] Installing client_async_member_function script to /home/seema/ros2_ws/install/examples_rclpy_minimal_client/lib/examples_rclpy_minimal_client
[3.296s] 
[3.297s] Installed /home/seema/ros2_ws/build/examples_rclpy_minimal_client
[3.297s] running symlink_data
[3.297s] symbolically linking /home/seema/ros2_ws/build/examples_rclpy_minimal_client/resource/examples_rclpy_minimal_client -> /home/seema/ros2_ws/install/examples_rclpy_minimal_client/share/ament_index/resource_index/packages
[3.297s] symbolically linking /home/seema/ros2_ws/build/examples_rclpy_minimal_client/package.xml -> /home/seema/ros2_ws/install/examples_rclpy_minimal_client/share/examples_rclpy_minimal_client
[3.359s] Invoked command in '/home/seema/ros2_ws/build/examples_rclpy_minimal_client' returned '0': PYTHONPATH=/home/seema/ros2_ws/build/examples_rclpy_minimal_client/prefix_override:/usr/lib/python3/dist-packages/colcon_core/task/python/colcon_distutils_commands:/home/seema/ros2_ws/install/examples_rclpy_minimal_client/lib/python3.10/site-packages:${PYTHONPATH} /usr/bin/python3 -W ignore:setup.py install is deprecated -W ignore:easy_install command is deprecated setup.py develop --editable --build-directory /home/seema/ros2_ws/build/examples_rclpy_minimal_client/build --no-deps symlink_data --force
