[2.635s] Invoking command in '/home/seema/ros2_ws/src/build/examples_rclpy_executors': PYTHONPATH=/home/seema/ros2_ws/src/build/examples_rclpy_executors/prefix_override:/usr/lib/python3/dist-packages/colcon_core/task/python/colcon_distutils_commands:/home/seema/ros2_ws/src/install/examples_rclpy_executors/lib/python3.10/site-packages:${PYTHONPATH} /usr/bin/python3 -W ignore:setup.py install is deprecated -W ignore:easy_install command is deprecated setup.py develop --editable --build-directory /home/seema/ros2_ws/src/build/examples_rclpy_executors/build --no-deps symlink_data
[3.648s] running develop
[4.708s] running egg_info
[4.709s] creating examples_rclpy_executors.egg-info
[4.709s] writing examples_rclpy_executors.egg-info/PKG-INFO
[4.709s] writing dependency_links to examples_rclpy_executors.egg-info/dependency_links.txt
[4.711s] writing entry points to examples_rclpy_executors.egg-info/entry_points.txt
[4.711s] writing requirements to examples_rclpy_executors.egg-info/requires.txt
[4.712s] writing top-level names to examples_rclpy_executors.egg-info/top_level.txt
[4.713s] writing manifest file 'examples_rclpy_executors.egg-info/SOURCES.txt'
[4.728s] reading manifest file 'examples_rclpy_executors.egg-info/SOURCES.txt'
[4.739s] writing manifest file 'examples_rclpy_executors.egg-info/SOURCES.txt'
[4.744s] running build_ext
[4.751s] Creating /home/seema/ros2_ws/src/install/examples_rclpy_executors/lib/python3.10/site-packages/examples-rclpy-executors.egg-link (link to .)
[4.762s] Installing callback_group script to /home/seema/ros2_ws/src/install/examples_rclpy_executors/lib/examples_rclpy_executors
[4.762s] Installing composed script to /home/seema/ros2_ws/src/install/examples_rclpy_executors/lib/examples_rclpy_executors
[4.763s] Installing custom_callback_group script to /home/seema/ros2_ws/src/install/examples_rclpy_executors/lib/examples_rclpy_executors
[4.764s] Installing custom_executor script to /home/seema/ros2_ws/src/install/examples_rclpy_executors/lib/examples_rclpy_executors
[4.772s] Installing listener script to /home/seema/ros2_ws/src/install/examples_rclpy_executors/lib/examples_rclpy_executors
[4.773s] Installing talker script to /home/seema/ros2_ws/src/install/examples_rclpy_executors/lib/examples_rclpy_executors
[4.773s] 
[4.773s] Installed /home/seema/ros2_ws/src/build/examples_rclpy_executors
[4.774s] running symlink_data
[4.780s] creating /home/seema/ros2_ws/src/install/examples_rclpy_executors/share/ament_index
[4.780s] creating /home/seema/ros2_ws/src/install/examples_rclpy_executors/share/ament_index/resource_index
[4.780s] creating /home/seema/ros2_ws/src/install/examples_rclpy_executors/share/ament_index/resource_index/packages
[4.785s] symbolically linking /home/seema/ros2_ws/src/build/examples_rclpy_executors/resource/examples_rclpy_executors -> /home/seema/ros2_ws/src/install/examples_rclpy_executors/share/ament_index/resource_index/packages
[4.785s] symbolically linking /home/seema/ros2_ws/src/build/examples_rclpy_executors/package.xml -> /home/seema/ros2_ws/src/install/examples_rclpy_executors/share/examples_rclpy_executors
[5.627s] Invoked command in '/home/seema/ros2_ws/src/build/examples_rclpy_executors' returned '0': PYTHONPATH=/home/seema/ros2_ws/src/build/examples_rclpy_executors/prefix_override:/usr/lib/python3/dist-packages/colcon_core/task/python/colcon_distutils_commands:/home/seema/ros2_ws/src/install/examples_rclpy_executors/lib/python3.10/site-packages:${PYTHONPATH} /usr/bin/python3 -W ignore:setup.py install is deprecated -W ignore:easy_install command is deprecated setup.py develop --editable --build-directory /home/seema/ros2_ws/src/build/examples_rclpy_executors/build --no-deps symlink_data
