[2.244s] Invoking command in '/home/seema/ros2_ws/build/examples_rclpy_minimal_action_server': PYTHONPATH=/home/seema/ros2_ws/build/examples_rclpy_minimal_action_server/prefix_override:/usr/lib/python3/dist-packages/colcon_core/task/python/colcon_distutils_commands:/home/seema/ros2_ws/install/examples_rclpy_minimal_action_server/lib/python3.10/site-packages:${PYTHONPATH} /usr/bin/python3 -W ignore:setup.py install is deprecated -W ignore:easy_install command is deprecated setup.py develop --editable --build-directory /home/seema/ros2_ws/build/examples_rclpy_minimal_action_server/build --no-deps symlink_data --force
[2.484s] running develop
[2.692s] running egg_info
[2.692s] writing examples_rclpy_minimal_action_server.egg-info/PKG-INFO
[2.693s] writing dependency_links to examples_rclpy_minimal_action_server.egg-info/dependency_links.txt
[2.693s] writing entry points to examples_rclpy_minimal_action_server.egg-info/entry_points.txt
[2.693s] writing requirements to examples_rclpy_minimal_action_server.egg-info/requires.txt
[2.694s] writing top-level names to examples_rclpy_minimal_action_server.egg-info/top_level.txt
[2.697s] reading manifest file 'examples_rclpy_minimal_action_server.egg-info/SOURCES.txt'
[2.699s] writing manifest file 'examples_rclpy_minimal_action_server.egg-info/SOURCES.txt'
[2.773s] running build_ext
[2.773s] Creating /home/seema/ros2_ws/install/examples_rclpy_minimal_action_server/lib/python3.10/site-packages/examples-rclpy-minimal-action-server.egg-link (link to .)
[2.773s] Installing server script to /home/seema/ros2_ws/install/examples_rclpy_minimal_action_server/lib/examples_rclpy_minimal_action_server
[2.774s] Installing server_defer script to /home/seema/ros2_ws/install/examples_rclpy_minimal_action_server/lib/examples_rclpy_minimal_action_server
[2.774s] Installing server_not_composable script to /home/seema/ros2_ws/install/examples_rclpy_minimal_action_server/lib/examples_rclpy_minimal_action_server
[2.774s] Installing server_queue_goals script to /home/seema/ros2_ws/install/examples_rclpy_minimal_action_server/lib/examples_rclpy_minimal_action_server
[2.774s] Installing server_single_goal script to /home/seema/ros2_ws/install/examples_rclpy_minimal_action_server/lib/examples_rclpy_minimal_action_server
[2.774s] 
[2.774s] Installed /home/seema/ros2_ws/build/examples_rclpy_minimal_action_server
[2.774s] running symlink_data
[2.774s] symbolically linking /home/seema/ros2_ws/build/examples_rclpy_minimal_action_server/resource/examples_rclpy_minimal_action_server -> /home/seema/ros2_ws/install/examples_rclpy_minimal_action_server/share/ament_index/resource_index/packages
[2.774s] symbolically linking /home/seema/ros2_ws/build/examples_rclpy_minimal_action_server/package.xml -> /home/seema/ros2_ws/install/examples_rclpy_minimal_action_server/share/examples_rclpy_minimal_action_server
[3.128s] Invoked command in '/home/seema/ros2_ws/build/examples_rclpy_minimal_action_server' returned '0': PYTHONPATH=/home/seema/ros2_ws/build/examples_rclpy_minimal_action_server/prefix_override:/usr/lib/python3/dist-packages/colcon_core/task/python/colcon_distutils_commands:/home/seema/ros2_ws/install/examples_rclpy_minimal_action_server/lib/python3.10/site-packages:${PYTHONPATH} /usr/bin/python3 -W ignore:setup.py install is deprecated -W ignore:easy_install command is deprecated setup.py develop --editable --build-directory /home/seema/ros2_ws/build/examples_rclpy_minimal_action_server/build --no-deps symlink_data --force
