[2.707s] Invoking command in '/home/seema/ros2_ws/build/eyantra_warehouse': CMAKE_PREFIX_PATH=/opt/ros/humble /usr/bin/cmake --build /home/seema/ros2_ws/build/eyantra_warehouse -- -j16 -l16
[4.104s] Invoked command in '/home/seema/ros2_ws/build/eyantra_warehouse' returned '0': CMAKE_PREFIX_PATH=/opt/ros/humble /usr/bin/cmake --build /home/seema/ros2_ws/build/eyantra_warehouse -- -j16 -l16
[4.104s] Invoking command in '/home/seema/ros2_ws/build/eyantra_warehouse': CMAKE_PREFIX_PATH=/opt/ros/humble /usr/bin/cmake --install /home/seema/ros2_ws/build/eyantra_warehouse
[4.118s] -- Install configuration: ""
[4.119s] -- Up-to-date: /home/seema/ros2_ws/install/eyantra_warehouse/share/eyantra_warehouse//launch
[4.121s] -- Up-to-date: /home/seema/ros2_ws/install/eyantra_warehouse/share/eyantra_warehouse//launch/task1.launch.py
[4.122s] -- Up-to-date: /home/seema/ros2_ws/install/eyantra_warehouse/share/eyantra_warehouse//launch/task1_bonus.launch.py
[4.124s] -- Up-to-date: /home/seema/ros2_ws/install/eyantra_warehouse/share/eyantra_warehouse//launch/task0.launch.py
[4.124s] -- Up-to-date: /home/seema/ros2_ws/install/eyantra_warehouse/share/eyantra_warehouse//worlds
[4.124s] -- Up-to-date: /home/seema/ros2_ws/install/eyantra_warehouse/share/eyantra_warehouse//worlds/eyantra_warehouse_task0.world
[4.125s] -- Up-to-date: /home/seema/ros2_ws/install/eyantra_warehouse/share/eyantra_warehouse//worlds/eyantra_warehouse_task1.world
[4.125s] -- Up-to-date: /home/seema/ros2_ws/install/eyantra_warehouse/share/eyantra_warehouse//worlds/eyantra_warehouse_task1_bonus.world
[4.126s] -- Up-to-date: /home/seema/ros2_ws/install/eyantra_warehouse/share/eyantra_warehouse//models
[4.126s] -- Up-to-date: /home/seema/ros2_ws/install/eyantra_warehouse/share/eyantra_warehouse//models/trough
[4.127s] -- Up-to-date: /home/seema/ros2_ws/install/eyantra_warehouse/share/eyantra_warehouse//models/trough/model.sdf
[4.128s] -- Up-to-date: /home/seema/ros2_ws/install/eyantra_warehouse/share/eyantra_warehouse//models/trough/model.config
[4.128s] -- Up-to-date: /home/seema/ros2_ws/install/eyantra_warehouse/share/eyantra_warehouse//models/trough/meshes
[4.129s] -- Up-to-date: /home/seema/ros2_ws/install/eyantra_warehouse/share/eyantra_warehouse//models/trough/meshes/soil-texture-png-3.png
[4.129s] -- Up-to-date: /home/seema/ros2_ws/install/eyantra_warehouse/share/eyantra_warehouse//models/trough/meshes/truf.mtl
[4.129s] -- Up-to-date: /home/seema/ros2_ws/install/eyantra_warehouse/share/eyantra_warehouse//models/trough/meshes/brick.obj
[4.129s] -- Up-to-date: /home/seema/ros2_ws/install/eyantra_warehouse/share/eyantra_warehouse//models/trough/meshes/truf_brick_cone.obj
[4.130s] -- Up-to-date: /home/seema/ros2_ws/install/eyantra_warehouse/share/eyantra_warehouse//models/trough/meshes/leaf.jpg
[4.130s] -- Up-to-date: /home/seema/ros2_ws/install/eyantra_warehouse/share/eyantra_warehouse//models/trough/meshes/truf_brick_cone.dae.bck
[4.130s] -- Up-to-date: /home/seema/ros2_ws/install/eyantra_warehouse/share/eyantra_warehouse//models/trough/meshes/truf_brick_cone.dae
[4.130s] -- Up-to-date: /home/seema/ros2_ws/install/eyantra_warehouse/share/eyantra_warehouse//models/trough/meshes/leaf.jpg.002.jpg.001.jpg
[4.130s] -- Up-to-date: /home/seema/ros2_ws/install/eyantra_warehouse/share/eyantra_warehouse//models/trough/meshes/truf_brick.obj
[4.130s] -- Up-to-date: /home/seema/ros2_ws/install/eyantra_warehouse/share/eyantra_warehouse//models/trough/meshes/truf.obj
[4.130s] -- Up-to-date: /home/seema/ros2_ws/install/eyantra_warehouse/share/eyantra_warehouse//models/trough/meshes/leaf.jpg.002.jpg
[4.130s] -- Up-to-date: /home/seema/ros2_ws/install/eyantra_warehouse/share/eyantra_warehouse//models/trough/meshes/leaf.jpg.004.jpg
[4.130s] -- Up-to-date: /home/seema/ros2_ws/install/eyantra_warehouse/share/eyantra_warehouse//models/trough/meshes/truf_brick_cone.mtl
[4.130s] -- Up-to-date: /home/seema/ros2_ws/install/eyantra_warehouse/share/eyantra_warehouse//models/trough/meshes/brick.mtl
[4.130s] -- Up-to-date: /home/seema/ros2_ws/install/eyantra_warehouse/share/eyantra_warehouse//models/trough/meshes/trough.dae
[4.130s] -- Up-to-date: /home/seema/ros2_ws/install/eyantra_warehouse/share/eyantra_warehouse//models/trough/meshes/truf_brick.mtl
[4.130s] -- Up-to-date: /home/seema/ros2_ws/install/eyantra_warehouse/share/eyantra_warehouse//models/fertiliser_can
[4.131s] -- Up-to-date: /home/seema/ros2_ws/install/eyantra_warehouse/share/eyantra_warehouse//models/fertiliser_can/model.sdf
[4.131s] -- Up-to-date: /home/seema/ros2_ws/install/eyantra_warehouse/share/eyantra_warehouse//models/fertiliser_can/model.config
[4.131s] -- Up-to-date: /home/seema/ros2_ws/install/eyantra_warehouse/share/eyantra_warehouse//models/fertiliser_can/meshes
[4.131s] -- Up-to-date: /home/seema/ros2_ws/install/eyantra_warehouse/share/eyantra_warehouse//models/fertiliser_can/meshes/Fertiliser.dae
[4.131s] -- Up-to-date: /home/seema/ros2_ws/install/eyantra_warehouse/share/eyantra_warehouse//models/fertiliser_can/meshes/aruco_tag.jpg
[4.131s] -- Up-to-date: /home/seema/ros2_ws/install/eyantra_warehouse/share/eyantra_warehouse//models/arm_base
[4.131s] -- Up-to-date: /home/seema/ros2_ws/install/eyantra_warehouse/share/eyantra_warehouse//models/arm_base/model.sdf
[4.131s] -- Up-to-date: /home/seema/ros2_ws/install/eyantra_warehouse/share/eyantra_warehouse//models/arm_base/model.config
[4.131s] -- Up-to-date: /home/seema/ros2_ws/install/eyantra_warehouse/share/eyantra_warehouse//models/arm_base/meshes
[4.131s] -- Up-to-date: /home/seema/ros2_ws/install/eyantra_warehouse/share/eyantra_warehouse//models/arm_base/meshes/arm_base_default.dae
[4.131s] -- Up-to-date: /home/seema/ros2_ws/install/eyantra_warehouse/share/eyantra_warehouse//models/fruit_tray
[4.132s] -- Up-to-date: /home/seema/ros2_ws/install/eyantra_warehouse/share/eyantra_warehouse//models/fruit_tray/model.sdf
[4.132s] -- Up-to-date: /home/seema/ros2_ws/install/eyantra_warehouse/share/eyantra_warehouse//models/fruit_tray/model.config
[4.132s] -- Up-to-date: /home/seema/ros2_ws/install/eyantra_warehouse/share/eyantra_warehouse//models/fruit_tray/meshes
[4.132s] -- Up-to-date: /home/seema/ros2_ws/install/eyantra_warehouse/share/eyantra_warehouse//models/fruit_tray/meshes/Fruit_Tray.dae
[4.132s] -- Up-to-date: /home/seema/ros2_ws/install/eyantra_warehouse/share/eyantra_warehouse//models/fruit_tray/meshes/greenhouse_wooden_floor.png.001.png
[4.132s] -- Up-to-date: /home/seema/ros2_ws/install/eyantra_warehouse/share/eyantra_warehouse//models/water_tank
[4.132s] -- Up-to-date: /home/seema/ros2_ws/install/eyantra_warehouse/share/eyantra_warehouse//models/water_tank/water_tank.mtl
[4.132s] -- Up-to-date: /home/seema/ros2_ws/install/eyantra_warehouse/share/eyantra_warehouse//models/water_tank/water_tank.obj
[4.132s] -- Up-to-date: /home/seema/ros2_ws/install/eyantra_warehouse/share/eyantra_warehouse//models/rack
[4.132s] -- Up-to-date: /home/seema/ros2_ws/install/eyantra_warehouse/share/eyantra_warehouse//models/rack/model.sdf
[4.132s] -- Up-to-date: /home/seema/ros2_ws/install/eyantra_warehouse/share/eyantra_warehouse//models/rack/model.config
[4.132s] -- Up-to-date: /home/seema/ros2_ws/install/eyantra_warehouse/share/eyantra_warehouse//models/rack/meshes
[4.132s] -- Up-to-date: /home/seema/ros2_ws/install/eyantra_warehouse/share/eyantra_warehouse//models/rack/meshes/brushedsteel_bg.jpg
[4.132s] -- Up-to-date: /home/seema/ros2_ws/install/eyantra_warehouse/share/eyantra_warehouse//models/rack/meshes/brushedsteel4.jpg
[4.133s] -- Up-to-date: /home/seema/ros2_ws/install/eyantra_warehouse/share/eyantra_warehouse//models/rack/meshes/rack.stl
[4.133s] -- Up-to-date: /home/seema/ros2_ws/install/eyantra_warehouse/share/eyantra_warehouse//models/rack/meshes/rack.dae
[4.133s] -- Up-to-date: /home/seema/ros2_ws/install/eyantra_warehouse/share/eyantra_warehouse//models/window
[4.133s] -- Up-to-date: /home/seema/ros2_ws/install/eyantra_warehouse/share/eyantra_warehouse//models/window/model.sdf
[4.133s] -- Up-to-date: /home/seema/ros2_ws/install/eyantra_warehouse/share/eyantra_warehouse//models/window/model.config
[4.133s] -- Up-to-date: /home/seema/ros2_ws/install/eyantra_warehouse/share/eyantra_warehouse//models/good_fruit
[4.133s] -- Up-to-date: /home/seema/ros2_ws/install/eyantra_warehouse/share/eyantra_warehouse//models/good_fruit/model.sdf
[4.133s] -- Up-to-date: /home/seema/ros2_ws/install/eyantra_warehouse/share/eyantra_warehouse//models/good_fruit/model.config
[4.133s] -- Up-to-date: /home/seema/ros2_ws/install/eyantra_warehouse/share/eyantra_warehouse//models/good_fruit/meshes
[4.133s] -- Up-to-date: /home/seema/ros2_ws/install/eyantra_warehouse/share/eyantra_warehouse//models/good_fruit/meshes/good_fruit.obj
[4.133s] -- Up-to-date: /home/seema/ros2_ws/install/eyantra_warehouse/share/eyantra_warehouse//models/good_fruit/meshes/good_fruit.mtl
[4.134s] -- Up-to-date: /home/seema/ros2_ws/install/eyantra_warehouse/share/eyantra_warehouse//models/square_shape
[4.134s] -- Up-to-date: /home/seema/ros2_ws/install/eyantra_warehouse/share/eyantra_warehouse//models/square_shape/model.sdf
[4.134s] -- Up-to-date: /home/seema/ros2_ws/install/eyantra_warehouse/share/eyantra_warehouse//models/square_shape/model.config
[4.134s] -- Up-to-date: /home/seema/ros2_ws/install/eyantra_warehouse/share/eyantra_warehouse//models/square_shape/meshes
[4.134s] -- Up-to-date: /home/seema/ros2_ws/install/eyantra_warehouse/share/eyantra_warehouse//models/square_shape/meshes/square_shape.obj
[4.134s] -- Up-to-date: /home/seema/ros2_ws/install/eyantra_warehouse/share/eyantra_warehouse//models/square_shape/meshes/square_shape.mtl
[4.134s] -- Up-to-date: /home/seema/ros2_ws/install/eyantra_warehouse/share/eyantra_warehouse//models/dock_shape
[4.134s] -- Up-to-date: /home/seema/ros2_ws/install/eyantra_warehouse/share/eyantra_warehouse//models/dock_shape/model.sdf
[4.134s] -- Up-to-date: /home/seema/ros2_ws/install/eyantra_warehouse/share/eyantra_warehouse//models/dock_shape/model.config
[4.134s] -- Up-to-date: /home/seema/ros2_ws/install/eyantra_warehouse/share/eyantra_warehouse//models/dock_shape/meshes
[4.134s] -- Up-to-date: /home/seema/ros2_ws/install/eyantra_warehouse/share/eyantra_warehouse//models/dock_shape/meshes/dock_shape.mtl
[4.134s] -- Up-to-date: /home/seema/ros2_ws/install/eyantra_warehouse/share/eyantra_warehouse//models/dock_shape/meshes/dock_shape.dae
[4.134s] -- Up-to-date: /home/seema/ros2_ws/install/eyantra_warehouse/share/eyantra_warehouse//models/dock_shape/meshes/dock_shape.obj
[4.134s] -- Up-to-date: /home/seema/ros2_ws/install/eyantra_warehouse/share/eyantra_warehouse//models/conveyor_belt
[4.134s] -- Up-to-date: /home/seema/ros2_ws/install/eyantra_warehouse/share/eyantra_warehouse//models/conveyor_belt/model.sdf
[4.134s] -- Up-to-date: /home/seema/ros2_ws/install/eyantra_warehouse/share/eyantra_warehouse//models/conveyor_belt/model.config
[4.135s] -- Up-to-date: /home/seema/ros2_ws/install/eyantra_warehouse/share/eyantra_warehouse//models/conveyor_belt/meshes
[4.135s] -- Up-to-date: /home/seema/ros2_ws/install/eyantra_warehouse/share/eyantra_warehouse//models/conveyor_belt/meshes/conveyor_belt.dae
[4.135s] -- Up-to-date: /home/seema/ros2_ws/install/eyantra_warehouse/share/eyantra_warehouse//models/conveyor_belt/meshes/conveyor_belt.stl
[4.135s] -- Up-to-date: /home/seema/ros2_ws/install/eyantra_warehouse/share/eyantra_warehouse//models/TrashBin
[4.135s] -- Up-to-date: /home/seema/ros2_ws/install/eyantra_warehouse/share/eyantra_warehouse//models/TrashBin/model.sdf
[4.135s] -- Up-to-date: /home/seema/ros2_ws/install/eyantra_warehouse/share/eyantra_warehouse//models/TrashBin/model.config
[4.135s] -- Up-to-date: /home/seema/ros2_ws/install/eyantra_warehouse/share/eyantra_warehouse//models/TrashBin/meshes
[4.136s] -- Up-to-date: /home/seema/ros2_ws/install/eyantra_warehouse/share/eyantra_warehouse//models/TrashBin/meshes/TrashBin_Diffuse.png
[4.136s] -- Up-to-date: /home/seema/ros2_ws/install/eyantra_warehouse/share/eyantra_warehouse//models/TrashBin/meshes/TrashBin.obj
[4.136s] -- Up-to-date: /home/seema/ros2_ws/install/eyantra_warehouse/share/eyantra_warehouse//models/TrashBin/meshes/TrashBin.mtl
[4.136s] -- Up-to-date: /home/seema/ros2_ws/install/eyantra_warehouse/share/eyantra_warehouse//models/TrashBin/thumbnails
[4.136s] -- Up-to-date: /home/seema/ros2_ws/install/eyantra_warehouse/share/eyantra_warehouse//models/TrashBin/thumbnails/5.png
[4.136s] -- Up-to-date: /home/seema/ros2_ws/install/eyantra_warehouse/share/eyantra_warehouse//models/TrashBin/thumbnails/3.png
[4.136s] -- Up-to-date: /home/seema/ros2_ws/install/eyantra_warehouse/share/eyantra_warehouse//models/TrashBin/thumbnails/1.png
[4.136s] -- Up-to-date: /home/seema/ros2_ws/install/eyantra_warehouse/share/eyantra_warehouse//models/TrashBin/thumbnails/4.png
[4.136s] -- Up-to-date: /home/seema/ros2_ws/install/eyantra_warehouse/share/eyantra_warehouse//models/TrashBin/thumbnails/2.png
[4.136s] -- Up-to-date: /home/seema/ros2_ws/install/eyantra_warehouse/share/eyantra_warehouse//models/ground_plane
[4.136s] -- Up-to-date: /home/seema/ros2_ws/install/eyantra_warehouse/share/eyantra_warehouse//models/ground_plane/model.sdf
[4.137s] -- Up-to-date: /home/seema/ros2_ws/install/eyantra_warehouse/share/eyantra_warehouse//models/ground_plane/model.config
[4.137s] -- Up-to-date: /home/seema/ros2_ws/install/eyantra_warehouse/share/eyantra_warehouse//models/triangle_shape
[4.138s] -- Up-to-date: /home/seema/ros2_ws/install/eyantra_warehouse/share/eyantra_warehouse//models/triangle_shape/model.sdf
[4.139s] -- Up-to-date: /home/seema/ros2_ws/install/eyantra_warehouse/share/eyantra_warehouse//models/triangle_shape/model.config
[4.139s] -- Up-to-date: /home/seema/ros2_ws/install/eyantra_warehouse/share/eyantra_warehouse//models/triangle_shape/meshes
[4.139s] -- Up-to-date: /home/seema/ros2_ws/install/eyantra_warehouse/share/eyantra_warehouse//models/triangle_shape/meshes/triangle_shape.mtl
[4.139s] -- Up-to-date: /home/seema/ros2_ws/install/eyantra_warehouse/share/eyantra_warehouse//models/triangle_shape/meshes/triangle_shape.obj
[4.139s] -- Up-to-date: /home/seema/ros2_ws/install/eyantra_warehouse/share/eyantra_warehouse//models/bad_fruit
[4.140s] -- Up-to-date: /home/seema/ros2_ws/install/eyantra_warehouse/share/eyantra_warehouse//models/bad_fruit/model.sdf
[4.140s] -- Up-to-date: /home/seema/ros2_ws/install/eyantra_warehouse/share/eyantra_warehouse//models/bad_fruit/model.config
[4.140s] -- Up-to-date: /home/seema/ros2_ws/install/eyantra_warehouse/share/eyantra_warehouse//models/bad_fruit/meshes
[4.140s] -- Up-to-date: /home/seema/ros2_ws/install/eyantra_warehouse/share/eyantra_warehouse//models/bad_fruit/meshes/bad_fruit.obj
[4.140s] -- Up-to-date: /home/seema/ros2_ws/install/eyantra_warehouse/share/eyantra_warehouse//models/bad_fruit/meshes/bad_fruit.mtl
[4.140s] -- Up-to-date: /home/seema/ros2_ws/install/eyantra_warehouse/share/eyantra_warehouse//models/warehouse_divider
[4.140s] -- Up-to-date: /home/seema/ros2_ws/install/eyantra_warehouse/share/eyantra_warehouse//models/warehouse_divider/model.sdf
[4.140s] -- Up-to-date: /home/seema/ros2_ws/install/eyantra_warehouse/share/eyantra_warehouse//models/warehouse_divider/model.config
[4.140s] -- Up-to-date: /home/seema/ros2_ws/install/eyantra_warehouse/share/eyantra_warehouse//models/warehouse_divider/meshes
[4.141s] -- Up-to-date: /home/seema/ros2_ws/install/eyantra_warehouse/share/eyantra_warehouse//models/warehouse_divider/meshes/LAWN.jpg
[4.142s] -- Up-to-date: /home/seema/ros2_ws/install/eyantra_warehouse/share/eyantra_warehouse//models/warehouse_divider/meshes/warehouse_divider.dae
[4.142s] -- Up-to-date: /home/seema/ros2_ws/install/eyantra_warehouse/share/eyantra_warehouse//models/longer_conveyor_belt
[4.142s] -- Up-to-date: /home/seema/ros2_ws/install/eyantra_warehouse/share/eyantra_warehouse//models/longer_conveyor_belt/model.sdf
[4.142s] -- Up-to-date: /home/seema/ros2_ws/install/eyantra_warehouse/share/eyantra_warehouse//models/longer_conveyor_belt/model.config
[4.143s] -- Up-to-date: /home/seema/ros2_ws/install/eyantra_warehouse/share/eyantra_warehouse//models/longer_conveyor_belt/meshes
[4.143s] -- Up-to-date: /home/seema/ros2_ws/install/eyantra_warehouse/share/eyantra_warehouse//models/longer_conveyor_belt/meshes/longer_conveyor_belt.dae
[4.143s] -- Up-to-date: /home/seema/ros2_ws/install/eyantra_warehouse/share/eyantra_warehouse//models/plant_red_yellow_bell_peppers_trough
[4.143s] -- Up-to-date: /home/seema/ros2_ws/install/eyantra_warehouse/share/eyantra_warehouse//models/plant_red_yellow_bell_peppers_trough/model.sdf
[4.143s] -- Up-to-date: /home/seema/ros2_ws/install/eyantra_warehouse/share/eyantra_warehouse//models/plant_red_yellow_bell_peppers_trough/model.config
[4.143s] -- Up-to-date: /home/seema/ros2_ws/install/eyantra_warehouse/share/eyantra_warehouse//models/plant_red_yellow_bell_peppers_trough/meshes
[4.144s] -- Up-to-date: /home/seema/ros2_ws/install/eyantra_warehouse/share/eyantra_warehouse//models/plant_red_yellow_bell_peppers_trough/meshes/soil-texture-png-3.png
[4.144s] -- Up-to-date: /home/seema/ros2_ws/install/eyantra_warehouse/share/eyantra_warehouse//models/plant_red_yellow_bell_peppers_trough/meshes/leaf.jpg
[4.144s] -- Up-to-date: /home/seema/ros2_ws/install/eyantra_warehouse/share/eyantra_warehouse//models/plant_red_yellow_bell_peppers_trough/meshes/KB_plant_red_yellow_bell_pepper.dae
[4.144s] -- Up-to-date: /home/seema/ros2_ws/install/eyantra_warehouse/share/eyantra_warehouse//models/warehouse_boundary
[4.144s] -- Up-to-date: /home/seema/ros2_ws/install/eyantra_warehouse/share/eyantra_warehouse//models/warehouse_boundary/backup
[4.144s] -- Up-to-date: /home/seema/ros2_ws/install/eyantra_warehouse/share/eyantra_warehouse//models/warehouse_boundary/backup/miha-rekar-LIel8q1XQsE-unsplash.jpg
[4.144s] -- Up-to-date: /home/seema/ros2_ws/install/eyantra_warehouse/share/eyantra_warehouse//models/warehouse_boundary/backup/SolarPanelsPolycrystallineTypeBFramedClean001_COL_3K.jpg.022.jpg
[4.145s] -- Up-to-date: /home/seema/ros2_ws/install/eyantra_warehouse/share/eyantra_warehouse//models/warehouse_boundary/backup/bernd-dittrich-mapUehHSHYU-unsplash.jpg
[4.145s] -- Up-to-date: /home/seema/ros2_ws/install/eyantra_warehouse/share/eyantra_warehouse//models/warehouse_boundary/backup/SolarPanelsPolycrystallineTypeBFramedClean001_COL_3K.jpg.021.jpg
[4.145s] -- Up-to-date: /home/seema/ros2_ws/install/eyantra_warehouse/share/eyantra_warehouse//models/warehouse_boundary/backup/SolarPanelsPolycrystallineTypeBFramedClean001_COL_3K.jpg.027.jpg
[4.145s] -- Up-to-date: /home/seema/ros2_ws/install/eyantra_warehouse/share/eyantra_warehouse//models/warehouse_boundary/backup/SolarPanelsPolycrystallineTypeBFramedClean001_COL_3K.jpg.013.jpg
[4.145s] -- Up-to-date: /home/seema/ros2_ws/install/eyantra_warehouse/share/eyantra_warehouse//models/warehouse_boundary/backup/LAWN.jpg
[4.146s] -- Up-to-date: /home/seema/ros2_ws/install/eyantra_warehouse/share/eyantra_warehouse//models/warehouse_boundary/backup/SolarPanelsPolycrystallineTypeBFramedClean001_COL_3K.jpg.012.jpg
[4.146s] -- Up-to-date: /home/seema/ros2_ws/install/eyantra_warehouse/share/eyantra_warehouse//models/warehouse_boundary/backup/SolarPanelsPolycrystallineTypeBFramedClean001_COL_3K.jpg.005.jpg
[4.146s] -- Up-to-date: /home/seema/ros2_ws/install/eyantra_warehouse/share/eyantra_warehouse//models/warehouse_boundary/backup/SolarPanelsPolycrystallineTypeBFramedClean001_COL_3K.jpg.030.jpg
[4.147s] -- Up-to-date: /home/seema/ros2_ws/install/eyantra_warehouse/share/eyantra_warehouse//models/warehouse_boundary/backup/SolarPanelsPolycrystallineTypeBFramedClean001_COL_3K.jpg.020.jpg
[4.147s] -- Up-to-date: /home/seema/ros2_ws/install/eyantra_warehouse/share/eyantra_warehouse//models/warehouse_boundary/backup/SolarPanelsPolycrystallineTypeBFramedClean001_COL_3K.jpg.001.jpg
[4.148s] -- Up-to-date: /home/seema/ros2_ws/install/eyantra_warehouse/share/eyantra_warehouse//models/warehouse_boundary/backup/SolarPanelsPolycrystallineTypeBFramedClean001_COL_3K.jpg.025.jpg
[4.148s] -- Up-to-date: /home/seema/ros2_ws/install/eyantra_warehouse/share/eyantra_warehouse//models/warehouse_boundary/backup/SolarPanelsPolycrystallineTypeBFramedClean001_COL_3K.jpg.004.jpg
[4.148s] -- Up-to-date: /home/seema/ros2_ws/install/eyantra_warehouse/share/eyantra_warehouse//models/warehouse_boundary/backup/SolarPanelsPolycrystallineTypeBFramedClean001_COL_3K.jpg.017.jpg
[4.148s] -- Up-to-date: /home/seema/ros2_ws/install/eyantra_warehouse/share/eyantra_warehouse//models/warehouse_boundary/backup/miha-rekar-LIel8q1XQsE-unsplash.jpg.001.jpg
[4.149s] -- Up-to-date: /home/seema/ros2_ws/install/eyantra_warehouse/share/eyantra_warehouse//models/warehouse_boundary/backup/SolarPanelsPolycrystallineTypeBFramedClean001_COL_3K.jpg.008.jpg
[4.149s] -- Up-to-date: /home/seema/ros2_ws/install/eyantra_warehouse/share/eyantra_warehouse//models/warehouse_boundary/backup/SolarPanelsPolycrystallineTypeBFramedClean001_COL_3K.jpg.023.jpg
[4.149s] -- Up-to-date: /home/seema/ros2_ws/install/eyantra_warehouse/share/eyantra_warehouse//models/warehouse_boundary/backup/SolarPanelsPolycrystallineTypeBFramedClean001_COL_3K.jpg.015.jpg
[4.149s] -- Up-to-date: /home/seema/ros2_ws/install/eyantra_warehouse/share/eyantra_warehouse//models/warehouse_boundary/backup/warehouse_floor.jpg
[4.149s] -- Up-to-date: /home/seema/ros2_ws/install/eyantra_warehouse/share/eyantra_warehouse//models/warehouse_boundary/backup/SolarPanelsPolycrystallineTypeBFramedClean001_COL_3K.jpg.007.jpg
[4.150s] -- Up-to-date: /home/seema/ros2_ws/install/eyantra_warehouse/share/eyantra_warehouse//models/warehouse_boundary/backup/SolarPanelsPolycrystallineTypeBFramedClean001_COL_3K.jpg.002.jpg
[4.152s] -- Up-to-date: /home/seema/ros2_ws/install/eyantra_warehouse/share/eyantra_warehouse//models/warehouse_boundary/backup/SolarPanelsPolycrystallineTypeBFramedClean001_COL_3K.jpg.018.jpg
[4.152s] -- Up-to-date: /home/seema/ros2_ws/install/eyantra_warehouse/share/eyantra_warehouse//models/warehouse_boundary/backup/SolarPanelsPolycrystallineTypeBFramedClean001_COL_3K.jpg.009.jpg
[4.153s] -- Up-to-date: /home/seema/ros2_ws/install/eyantra_warehouse/share/eyantra_warehouse//models/warehouse_boundary/backup/warningTape.png
[4.153s] -- Up-to-date: /home/seema/ros2_ws/install/eyantra_warehouse/share/eyantra_warehouse//models/warehouse_boundary/backup/warehouse_boundary_modified.dae
[4.154s] -- Up-to-date: /home/seema/ros2_ws/install/eyantra_warehouse/share/eyantra_warehouse//models/warehouse_boundary/backup/ground.jpg
[4.155s] -- Up-to-date: /home/seema/ros2_ws/install/eyantra_warehouse/share/eyantra_warehouse//models/warehouse_boundary/backup/greenhouse_wooden_floor.png
[4.155s] -- Up-to-date: /home/seema/ros2_ws/install/eyantra_warehouse/share/eyantra_warehouse//models/warehouse_boundary/backup/SolarPanelsPolycrystallineTypeBFramedClean001_COL_3K.jpg.016.jpg
[4.155s] -- Up-to-date: /home/seema/ros2_ws/install/eyantra_warehouse/share/eyantra_warehouse//models/warehouse_boundary/backup/SolarPanelsPolycrystallineTypeBFramedClean001_COL_3K.jpg.011.jpg
[4.156s] -- Up-to-date: /home/seema/ros2_ws/install/eyantra_warehouse/share/eyantra_warehouse//models/warehouse_boundary/backup/SolarPanelsPolycrystallineTypeBFramedClean001_COL_3K.jpg.004.jp.jpg
[4.157s] -- Up-to-date: /home/seema/ros2_ws/install/eyantra_warehouse/share/eyantra_warehouse//models/warehouse_boundary/backup/SolarPanelsPolycrystallineTypeBFramedClean001_COL_3K.jpg.014.jpg
[4.158s] -- Up-to-date: /home/seema/ros2_ws/install/eyantra_warehouse/share/eyantra_warehouse//models/warehouse_boundary/backup/SolarPanelsPolycrystallineTypeBFramedClean001_COL_3K.jpg.026.jpg
[4.158s] -- Up-to-date: /home/seema/ros2_ws/install/eyantra_warehouse/share/eyantra_warehouse//models/warehouse_boundary/backup/SolarPanelsPolycrystallineTypeBFramedClean001_COL_3K.jpg.003.jpg
[4.158s] -- Up-to-date: /home/seema/ros2_ws/install/eyantra_warehouse/share/eyantra_warehouse//models/warehouse_boundary/backup/warehouse_boundary_glass_cover_modified.dae
[4.158s] -- Up-to-date: /home/seema/ros2_ws/install/eyantra_warehouse/share/eyantra_warehouse//models/warehouse_boundary/backup/tilebark.jpg
[4.158s] -- Up-to-date: /home/seema/ros2_ws/install/eyantra_warehouse/share/eyantra_warehouse//models/warehouse_boundary/backup/SolarPanelsPolycrystallineTypeBFramedClean001_COL_3K.jpg.010.jpg
[4.158s] -- Up-to-date: /home/seema/ros2_ws/install/eyantra_warehouse/share/eyantra_warehouse//models/warehouse_boundary/backup/SolarPanelsPolycrystallineTypeBFramedClean001_COL_3K.jpg.006.jpg
[4.158s] -- Up-to-date: /home/seema/ros2_ws/install/eyantra_warehouse/share/eyantra_warehouse//models/warehouse_boundary/backup/SolarPanelsPolycrystallineTypeBFramedClean001_COL_3K.jpg.029.jpg
[4.158s] -- Up-to-date: /home/seema/ros2_ws/install/eyantra_warehouse/share/eyantra_warehouse//models/warehouse_boundary/backup/SolarPanelsPolycrystallineTypeBFramedClean001_COL_3K.jpg.028.jpg
[4.158s] -- Up-to-date: /home/seema/ros2_ws/install/eyantra_warehouse/share/eyantra_warehouse//models/warehouse_boundary/backup/SolarPanelsPolycrystallineTypeBFramedClean001_COL_3K.jpg.024.jpg
[4.158s] -- Up-to-date: /home/seema/ros2_ws/install/eyantra_warehouse/share/eyantra_warehouse//models/warehouse_boundary/backup/warehouse_boundary_glass_cover.dae
[4.159s] -- Up-to-date: /home/seema/ros2_ws/install/eyantra_warehouse/share/eyantra_warehouse//models/warehouse_boundary/backup/warehouse_boundary.dae
[4.159s] -- Up-to-date: /home/seema/ros2_ws/install/eyantra_warehouse/share/eyantra_warehouse//models/warehouse_boundary/backup/SolarPanelsPolycrystallineTypeBFramedClean001_COL_3K.jpg.019.jpg
[4.159s] -- Up-to-date: /home/seema/ros2_ws/install/eyantra_warehouse/share/eyantra_warehouse//models/warehouse_boundary/backup/branch-texture-png.png
[4.159s] -- Up-to-date: /home/seema/ros2_ws/install/eyantra_warehouse/share/eyantra_warehouse//models/warehouse_boundary/model.sdf
[4.159s] -- Up-to-date: /home/seema/ros2_ws/install/eyantra_warehouse/share/eyantra_warehouse//models/warehouse_boundary/model.config
[4.159s] -- Up-to-date: /home/seema/ros2_ws/install/eyantra_warehouse/share/eyantra_warehouse//models/warehouse_boundary/meshes
[4.159s] -- Up-to-date: /home/seema/ros2_ws/install/eyantra_warehouse/share/eyantra_warehouse//models/warehouse_boundary/meshes/miha-rekar-LIel8q1XQsE-unsplash.jpg
[4.159s] -- Up-to-date: /home/seema/ros2_ws/install/eyantra_warehouse/share/eyantra_warehouse//models/warehouse_boundary/meshes/bernd-dittrich-mapUehHSHYU-unsplash.jpg
[4.159s] -- Up-to-date: /home/seema/ros2_ws/install/eyantra_warehouse/share/eyantra_warehouse//models/warehouse_boundary/meshes/SolarPanelsPolycrystallineTypeBFramedClean001_COL_3K.jpg.030.j.jpg
[4.160s] -- Up-to-date: /home/seema/ros2_ws/install/eyantra_warehouse/share/eyantra_warehouse//models/warehouse_boundary/meshes/ground.jpg.001.jpg
[4.160s] -- Up-to-date: /home/seema/ros2_ws/install/eyantra_warehouse/share/eyantra_warehouse//models/warehouse_boundary/meshes/warningTape.png
[4.160s] -- Up-to-date: /home/seema/ros2_ws/install/eyantra_warehouse/share/eyantra_warehouse//models/warehouse_boundary/meshes/warehouse_boundary_modified.dae
[4.160s] -- Up-to-date: /home/seema/ros2_ws/install/eyantra_warehouse/share/eyantra_warehouse//models/warehouse_boundary/meshes/greenhouse_wooden_floor.png.001.png
[4.160s] -- Up-to-date: /home/seema/ros2_ws/install/eyantra_warehouse/share/eyantra_warehouse//models/warehouse_boundary/meshes/warehouse_boundary_glass_cover_modified.dae
[4.160s] -- Up-to-date: /home/seema/ros2_ws/install/eyantra_warehouse/share/eyantra_warehouse//models/warehouse_boundary/meshes/warehouse_boundary_glass_cover.dae
[4.160s] -- Up-to-date: /home/seema/ros2_ws/install/eyantra_warehouse/share/eyantra_warehouse//models/warehouse_boundary/meshes/warehouse_boundary.dae
[4.160s] -- Up-to-date: /home/seema/ros2_ws/install/eyantra_warehouse/share/eyantra_warehouse//config
[4.160s] -- Up-to-date: /home/seema/ros2_ws/install/eyantra_warehouse/share/eyantra_warehouse//config/SkyX_Moon.png
[4.160s] -- Up-to-date: /home/seema/ros2_ws/install/eyantra_warehouse/share/eyantra_warehouse//config/package_link.json
[4.160s] -- Up-to-date: /home/seema/ros2_ws/install/eyantra_warehouse/share/eyantra_warehouse//config/SkyX_Moon.fragment
[4.160s] -- Up-to-date: /home/seema/ros2_ws/install/eyantra_warehouse/share/eyantra_warehouse//plugins
[4.160s] -- Up-to-date: /home/seema/ros2_ws/install/eyantra_warehouse/share/eyantra_warehouse//plugins/libSampleSystem.so
[4.161s] -- Up-to-date: /home/seema/ros2_ws/install/eyantra_warehouse/share/ament_index/resource_index/package_run_dependencies/eyantra_warehouse
[4.161s] -- Up-to-date: /home/seema/ros2_ws/install/eyantra_warehouse/share/ament_index/resource_index/parent_prefix_path/eyantra_warehouse
[4.161s] -- Up-to-date: /home/seema/ros2_ws/install/eyantra_warehouse/share/eyantra_warehouse/environment/ament_prefix_path.sh
[4.161s] -- Up-to-date: /home/seema/ros2_ws/install/eyantra_warehouse/share/eyantra_warehouse/environment/ament_prefix_path.dsv
[4.161s] -- Up-to-date: /home/seema/ros2_ws/install/eyantra_warehouse/share/eyantra_warehouse/environment/path.sh
[4.161s] -- Up-to-date: /home/seema/ros2_ws/install/eyantra_warehouse/share/eyantra_warehouse/environment/path.dsv
[4.161s] -- Up-to-date: /home/seema/ros2_ws/install/eyantra_warehouse/share/eyantra_warehouse/local_setup.bash
[4.161s] -- Up-to-date: /home/seema/ros2_ws/install/eyantra_warehouse/share/eyantra_warehouse/local_setup.sh
[4.161s] -- Up-to-date: /home/seema/ros2_ws/install/eyantra_warehouse/share/eyantra_warehouse/local_setup.zsh
[4.161s] -- Up-to-date: /home/seema/ros2_ws/install/eyantra_warehouse/share/eyantra_warehouse/local_setup.dsv
[4.161s] -- Installing: /home/seema/ros2_ws/install/eyantra_warehouse/share/eyantra_warehouse/package.dsv
[4.161s] -- Up-to-date: /home/seema/ros2_ws/install/eyantra_warehouse/share/ament_index/resource_index/packages/eyantra_warehouse
[4.161s] -- Up-to-date: /home/seema/ros2_ws/install/eyantra_warehouse/share/eyantra_warehouse/cmake/eyantra_warehouseConfig.cmake
[4.161s] -- Up-to-date: /home/seema/ros2_ws/install/eyantra_warehouse/share/eyantra_warehouse/cmake/eyantra_warehouseConfig-version.cmake
[4.161s] -- Up-to-date: /home/seema/ros2_ws/install/eyantra_warehouse/share/eyantra_warehouse/package.xml
[4.248s] Invoked command in '/home/seema/ros2_ws/build/eyantra_warehouse' returned '0': CMAKE_PREFIX_PATH=/opt/ros/humble /usr/bin/cmake --install /home/seema/ros2_ws/build/eyantra_warehouse
