[0.006s] Invoking command in '/home/seema/ros2_ws/build/examples_rclcpp_wait_set': CMAKE_PREFIX_PATH=/opt/ros/humble /usr/bin/cmake /home/seema/ros2_ws/src/examples/rclcpp/wait_set -DCMAKE_INSTALL_PREFIX=/home/seema/ros2_ws/install/examples_rclcpp_wait_set
[0.016s] -- Found ament_cmake: 1.3.12 (/opt/ros/humble/share/ament_cmake/cmake)
[0.087s] -- Override CMake install command with custom implementation using symlinks instead of copying resources
[0.091s] -- Found example_interfaces: 0.9.3 (/opt/ros/humble/share/example_interfaces/cmake)
[0.105s] -- Found rosidl_generator_c: 3.1.7 (/opt/ros/humble/share/rosidl_generator_c/cmake)
[0.106s] -- Found rosidl_adapter: 3.1.7 (/opt/ros/humble/share/rosidl_adapter/cmake)
[0.109s] -- Found rosidl_generator_cpp: 3.1.7 (/opt/ros/humble/share/rosidl_generator_cpp/cmake)
[0.116s] -- Using all available rosidl_typesupport_c: rosidl_typesupport_fastrtps_c;rosidl_typesupport_introspection_c
[0.124s] -- Using all available rosidl_typesupport_cpp: rosidl_typesupport_fastrtps_cpp;rosidl_typesupport_introspection_cpp
[0.151s] -- Found rclcpp: 16.0.14 (/opt/ros/humble/share/rclcpp/cmake)
[0.166s] -- Found rmw_implementation_cmake: 6.1.2 (/opt/ros/humble/share/rmw_implementation_cmake/cmake)
[0.167s] -- Found rmw_fastrtps_cpp: 6.2.8 (/opt/ros/humble/share/rmw_fastrtps_cpp/cmake)
[0.231s] -- Using RMW implementation 'rmw_fastrtps_cpp' as default
[0.259s] -- Found rclcpp_components: 16.0.14 (/opt/ros/humble/share/rclcpp_components/cmake)
[0.279s] -- Found ament_lint_auto: 0.12.14 (/opt/ros/humble/share/ament_lint_auto/cmake)
[0.319s] -- Added test 'copyright' to check source files copyright and LICENSE
[0.320s] -- Added test 'cppcheck' to perform static code analysis on C / C++ code
[0.321s] -- Configured cppcheck include dirs: /home/seema/ros2_ws/src/examples/rclcpp/wait_set/include
[0.321s] -- Configured cppcheck exclude dirs and/or files: 
[0.321s] -- Added test 'cpplint' to check C / C++ code against the Google style
[0.321s] -- Configured cpplint exclude dirs and/or files: 
[0.321s] -- Added test 'lint_cmake' to check CMake code style
[0.322s] -- Added test 'uncrustify' to check C / C++ code style
[0.322s] -- Configured uncrustify additional arguments: 
[0.322s] -- Added test 'xmllint' to check XML markup files
[0.323s] -- Configuring done
[0.349s] -- Generating done
[0.359s] -- Build files have been written to: /home/seema/ros2_ws/build/examples_rclcpp_wait_set
[0.365s] Invoked command in '/home/seema/ros2_ws/build/examples_rclcpp_wait_set' returned '0': CMAKE_PREFIX_PATH=/opt/ros/humble /usr/bin/cmake /home/seema/ros2_ws/src/examples/rclcpp/wait_set -DCMAKE_INSTALL_PREFIX=/home/seema/ros2_ws/install/examples_rclcpp_wait_set
[0.366s] Invoking command in '/home/seema/ros2_ws/build/examples_rclcpp_wait_set': CMAKE_PREFIX_PATH=/opt/ros/humble /usr/bin/cmake --build /home/seema/ros2_ws/build/examples_rclcpp_wait_set -- -j16 -l16
[0.407s] [  4%] [32mBuilding CXX object CMakeFiles/wait_set_topics_and_timer.dir/src/wait_set_topics_and_timer.cpp.o[0m
[0.408s] [  8%] [32mBuilding CXX object CMakeFiles/wait_set.dir/src/wait_set.cpp.o[0m
[0.409s] [ 12%] [32mBuilding CXX object CMakeFiles/wait_set_listener.dir/rclcpp_components/node_main_wait_set_listener.cpp.o[0m
[0.409s] [ 16%] [32mBuilding CXX object CMakeFiles/thread_safe_wait_set.dir/src/thread_safe_wait_set.cpp.o[0m
[0.412s] [ 20%] [32mBuilding CXX object CMakeFiles/static_wait_set.dir/src/static_wait_set.cpp.o[0m
[0.412s] [ 25%] [32mBuilding CXX object CMakeFiles/listener.dir/src/listener.cpp.o[0m
[0.413s] [ 29%] [32mBuilding CXX object CMakeFiles/wait_set_talker.dir/rclcpp_components/node_main_wait_set_talker.cpp.o[0m
[0.413s] [ 33%] [32mBuilding CXX object CMakeFiles/talker.dir/src/talker.cpp.o[0m
[0.414s] [ 37%] [32mBuilding CXX object CMakeFiles/wait_set_topics_with_different_rates.dir/src/wait_set_topics_with_different_rates.cpp.o[0m
[0.416s] [ 45%] [32mBuilding CXX object CMakeFiles/wait_set_random_order.dir/src/wait_set_random_order.cpp.o[0m
[0.417s] [ 45%] [32mBuilding CXX object CMakeFiles/executor_random_order.dir/src/executor_random_order.cpp.o[0m
[3.788s] [ 50%] [32m[1mLinking CXX executable wait_set_listener[0m
[3.932s] [ 50%] Built target wait_set_listener
[5.011s] [ 54%] [32m[1mLinking CXX executable wait_set_talker[0m
[5.207s] [ 54%] Built target wait_set_talker
[7.166s] [ 58%] [32m[1mLinking CXX shared library libtalker.so[0m
[7.374s] [ 58%] Built target talker
[8.748s] [ 62%] [32m[1mLinking CXX executable static_wait_set[0m
[8.911s] [ 66%] [32m[1mLinking CXX executable wait_set_topics_and_timer[0m
[9.252s] [ 66%] Built target static_wait_set
[9.275s] [ 66%] Built target wait_set_topics_and_timer
[10.088s] [ 70%] [32m[1mLinking CXX executable wait_set_random_order[0m
[10.480s] [ 70%] Built target wait_set_random_order
[10.807s] [ 75%] [32m[1mLinking CXX executable wait_set[0m
[11.159s] [ 75%] Built target wait_set
[11.570s] [ 79%] [32m[1mLinking CXX executable executor_random_order[0m
[11.596s] [ 83%] [32m[1mLinking CXX executable wait_set_topics_with_different_rates[0m
[11.793s] [ 87%] [32m[1mLinking CXX executable thread_safe_wait_set[0m
[11.877s] [ 87%] Built target executor_random_order
[11.924s] [ 87%] Built target wait_set_topics_with_different_rates
[12.047s] [ 91%] [32m[1mLinking CXX shared library liblistener.so[0m
[12.095s] [ 91%] Built target thread_safe_wait_set
[12.299s] [ 91%] Built target listener
[12.315s] [ 95%] [32mBuilding CXX object CMakeFiles/wait_set_composed.dir/src/wait_set_composed.cpp.o[0m
[13.852s] [100%] [32m[1mLinking CXX executable wait_set_composed[0m
[13.976s] [100%] Built target wait_set_composed
[13.986s] Invoked command in '/home/seema/ros2_ws/build/examples_rclcpp_wait_set' returned '0': CMAKE_PREFIX_PATH=/opt/ros/humble /usr/bin/cmake --build /home/seema/ros2_ws/build/examples_rclcpp_wait_set -- -j16 -l16
[13.988s] Invoking command in '/home/seema/ros2_ws/build/examples_rclcpp_wait_set': CMAKE_PREFIX_PATH=/opt/ros/humble /usr/bin/cmake --install /home/seema/ros2_ws/build/examples_rclcpp_wait_set
[13.992s] -- Install configuration: ""
[13.992s] -- Execute custom install script
[13.993s] -- Symlinking: /home/seema/ros2_ws/install/examples_rclcpp_wait_set/lib/examples_rclcpp_wait_set/wait_set_talker
[14.002s] -- Symlinking: /home/seema/ros2_ws/install/examples_rclcpp_wait_set/lib/examples_rclcpp_wait_set/wait_set_listener
[14.008s] -- Symlinking: /home/seema/ros2_ws/install/examples_rclcpp_wait_set/lib/libtalker.so
[14.016s] -- Symlinking: /home/seema/ros2_ws/install/examples_rclcpp_wait_set/lib/liblistener.so
[14.021s] -- Symlinking: /home/seema/ros2_ws/install/examples_rclcpp_wait_set/lib/examples_rclcpp_wait_set/wait_set
[14.028s] -- Symlinking: /home/seema/ros2_ws/install/examples_rclcpp_wait_set/lib/examples_rclcpp_wait_set/static_wait_set
[14.034s] -- Symlinking: /home/seema/ros2_ws/install/examples_rclcpp_wait_set/lib/examples_rclcpp_wait_set/thread_safe_wait_set
[14.038s] -- Symlinking: /home/seema/ros2_ws/install/examples_rclcpp_wait_set/lib/examples_rclcpp_wait_set/wait_set_topics_and_timer
[14.043s] -- Symlinking: /home/seema/ros2_ws/install/examples_rclcpp_wait_set/lib/examples_rclcpp_wait_set/wait_set_random_order
[14.049s] -- Symlinking: /home/seema/ros2_ws/install/examples_rclcpp_wait_set/lib/examples_rclcpp_wait_set/executor_random_order
[14.054s] -- Symlinking: /home/seema/ros2_ws/install/examples_rclcpp_wait_set/lib/examples_rclcpp_wait_set/wait_set_topics_with_different_rates
[14.059s] -- Symlinking: /home/seema/ros2_ws/install/examples_rclcpp_wait_set/lib/examples_rclcpp_wait_set/wait_set_composed
[14.066s] -- Symlinking: /home/seema/ros2_ws/install/examples_rclcpp_wait_set/share/ament_index/resource_index/package_run_dependencies/examples_rclcpp_wait_set
[14.073s] -- Symlinking: /home/seema/ros2_ws/install/examples_rclcpp_wait_set/share/ament_index/resource_index/parent_prefix_path/examples_rclcpp_wait_set
[14.083s] -- Symlinking: /home/seema/ros2_ws/install/examples_rclcpp_wait_set/share/examples_rclcpp_wait_set/environment/ament_prefix_path.sh
[14.090s] -- Symlinking: /home/seema/ros2_ws/install/examples_rclcpp_wait_set/share/examples_rclcpp_wait_set/environment/ament_prefix_path.dsv
[14.098s] -- Symlinking: /home/seema/ros2_ws/install/examples_rclcpp_wait_set/share/examples_rclcpp_wait_set/environment/path.sh
[14.105s] -- Symlinking: /home/seema/ros2_ws/install/examples_rclcpp_wait_set/share/examples_rclcpp_wait_set/environment/path.dsv
[14.115s] -- Symlinking: /home/seema/ros2_ws/install/examples_rclcpp_wait_set/share/examples_rclcpp_wait_set/local_setup.bash
[14.124s] -- Symlinking: /home/seema/ros2_ws/install/examples_rclcpp_wait_set/share/examples_rclcpp_wait_set/local_setup.sh
[14.128s] -- Symlinking: /home/seema/ros2_ws/install/examples_rclcpp_wait_set/share/examples_rclcpp_wait_set/local_setup.zsh
[14.136s] -- Symlinking: /home/seema/ros2_ws/install/examples_rclcpp_wait_set/share/examples_rclcpp_wait_set/local_setup.dsv
[14.145s] -- Symlinking: /home/seema/ros2_ws/install/examples_rclcpp_wait_set/share/examples_rclcpp_wait_set/package.dsv
[14.152s] -- Symlinking: /home/seema/ros2_ws/install/examples_rclcpp_wait_set/share/ament_index/resource_index/packages/examples_rclcpp_wait_set
[14.161s] -- Symlinking: /home/seema/ros2_ws/install/examples_rclcpp_wait_set/share/ament_index/resource_index/rclcpp_components/examples_rclcpp_wait_set
[14.168s] -- Symlinking: /home/seema/ros2_ws/install/examples_rclcpp_wait_set/share/examples_rclcpp_wait_set/cmake/examples_rclcpp_wait_setConfig.cmake
[14.176s] -- Symlinking: /home/seema/ros2_ws/install/examples_rclcpp_wait_set/share/examples_rclcpp_wait_set/cmake/examples_rclcpp_wait_setConfig-version.cmake
[14.183s] -- Symlinking: /home/seema/ros2_ws/install/examples_rclcpp_wait_set/share/examples_rclcpp_wait_set/package.xml
[14.191s] Invoked command in '/home/seema/ros2_ws/build/examples_rclcpp_wait_set' returned '0': CMAKE_PREFIX_PATH=/opt/ros/humble /usr/bin/cmake --install /home/seema/ros2_ws/build/examples_rclcpp_wait_set
