[5.002s] Invoking command in '/home/seema/ros2_ws/src/my_py_pkg': PYTHONPATH=/home/seema/ros2_ws/build/my_py_pkg/prefix_override:/usr/lib/python3/dist-packages/colcon_core/task/python/colcon_distutils_commands:/home/seema/ros2_ws/install/my_py_pkg/lib/python3.10/site-packages:${PYTHONPATH} /usr/bin/python3 -W ignore:setup.py install is deprecated -W ignore:easy_install command is deprecated setup.py egg_info --egg-base ../../build/my_py_pkg build --build-base /home/seema/ros2_ws/build/my_py_pkg/build install --record /home/seema/ros2_ws/build/my_py_pkg/install.log --single-version-externally-managed install_data
[5.435s] running egg_info
[5.436s] writing ../../build/my_py_pkg/my_py_pkg.egg-info/PKG-INFO
[5.437s] writing dependency_links to ../../build/my_py_pkg/my_py_pkg.egg-info/dependency_links.txt
[5.437s] writing entry points to ../../build/my_py_pkg/my_py_pkg.egg-info/entry_points.txt
[5.438s] writing requirements to ../../build/my_py_pkg/my_py_pkg.egg-info/requires.txt
[5.439s] writing top-level names to ../../build/my_py_pkg/my_py_pkg.egg-info/top_level.txt
[5.440s] reading manifest file '../../build/my_py_pkg/my_py_pkg.egg-info/SOURCES.txt'
[5.441s] writing manifest file '../../build/my_py_pkg/my_py_pkg.egg-info/SOURCES.txt'
[5.442s] running build
[5.443s] running build_py
[5.445s] running install
[5.445s] running install_lib
[5.446s] running install_data
[5.447s] running install_egg_info
[5.448s] removing '/home/seema/ros2_ws/install/my_py_pkg/lib/python3.10/site-packages/my_py_pkg-0.0.0-py3.10.egg-info' (and everything under it)
[5.448s] Copying ../../build/my_py_pkg/my_py_pkg.egg-info to /home/seema/ros2_ws/install/my_py_pkg/lib/python3.10/site-packages/my_py_pkg-0.0.0-py3.10.egg-info
[5.448s] running install_scripts
[5.495s] Installing ebot_nav script to /home/seema/ros2_ws/install/my_py_pkg/lib/my_py_pkg
[5.499s] writing list of installed files to '/home/seema/ros2_ws/build/my_py_pkg/install.log'
[5.544s] Invoked command in '/home/seema/ros2_ws/src/my_py_pkg' returned '0': PYTHONPATH=/home/seema/ros2_ws/build/my_py_pkg/prefix_override:/usr/lib/python3/dist-packages/colcon_core/task/python/colcon_distutils_commands:/home/seema/ros2_ws/install/my_py_pkg/lib/python3.10/site-packages:${PYTHONPATH} /usr/bin/python3 -W ignore:setup.py install is deprecated -W ignore:easy_install command is deprecated setup.py egg_info --egg-base ../../build/my_py_pkg build --build-base /home/seema/ros2_ws/build/my_py_pkg/build install --record /home/seema/ros2_ws/build/my_py_pkg/install.log --single-version-externally-managed install_data
