[0.201s] Invoking command in '/home/seema/ros2_ws/build/ebot_description': CMAKE_PREFIX_PATH=${CMAKE_PREFIX_PATH}:/home/seema/ros2_ws/install/turtlesim_launch:/home/seema/ros2_ws/install/my_py_pkg:/home/seema/ros2_ws/install/launch_testing_examples:/home/seema/ros2_ws/install/examples_rclpy_pointcloud_publisher:/home/seema/ros2_ws/install/examples_rclpy_minimal_subscriber:/home/seema/ros2_ws/install/examples_rclpy_minimal_service:/home/seema/ros2_ws/install/examples_rclpy_minimal_publisher:/home/seema/ros2_ws/install/examples_rclpy_minimal_client:/home/seema/ros2_ws/install/examples_rclpy_minimal_action_server:/home/seema/ros2_ws/install/examples_rclpy_minimal_action_client:/home/seema/ros2_ws/install/examples_rclpy_guard_conditions:/home/seema/ros2_ws/install/examples_rclpy_executors:/opt/ros/humble /usr/bin/cmake --build /home/seema/ros2_ws/build/ebot_description -- -j16 -l16
[0.503s] Invoked command in '/home/seema/ros2_ws/build/ebot_description' returned '0': CMAKE_PREFIX_PATH=${CMAKE_PREFIX_PATH}:/home/seema/ros2_ws/install/turtlesim_launch:/home/seema/ros2_ws/install/my_py_pkg:/home/seema/ros2_ws/install/launch_testing_examples:/home/seema/ros2_ws/install/examples_rclpy_pointcloud_publisher:/home/seema/ros2_ws/install/examples_rclpy_minimal_subscriber:/home/seema/ros2_ws/install/examples_rclpy_minimal_service:/home/seema/ros2_ws/install/examples_rclpy_minimal_publisher:/home/seema/ros2_ws/install/examples_rclpy_minimal_client:/home/seema/ros2_ws/install/examples_rclpy_minimal_action_server:/home/seema/ros2_ws/install/examples_rclpy_minimal_action_client:/home/seema/ros2_ws/install/examples_rclpy_guard_conditions:/home/seema/ros2_ws/install/examples_rclpy_executors:/opt/ros/humble /usr/bin/cmake --build /home/seema/ros2_ws/build/ebot_description -- -j16 -l16
[0.504s] Invoking command in '/home/seema/ros2_ws/build/ebot_description': CMAKE_PREFIX_PATH=${CMAKE_PREFIX_PATH}:/home/seema/ros2_ws/install/turtlesim_launch:/home/seema/ros2_ws/install/my_py_pkg:/home/seema/ros2_ws/install/launch_testing_examples:/home/seema/ros2_ws/install/examples_rclpy_pointcloud_publisher:/home/seema/ros2_ws/install/examples_rclpy_minimal_subscriber:/home/seema/ros2_ws/install/examples_rclpy_minimal_service:/home/seema/ros2_ws/install/examples_rclpy_minimal_publisher:/home/seema/ros2_ws/install/examples_rclpy_minimal_client:/home/seema/ros2_ws/install/examples_rclpy_minimal_action_server:/home/seema/ros2_ws/install/examples_rclpy_minimal_action_client:/home/seema/ros2_ws/install/examples_rclpy_guard_conditions:/home/seema/ros2_ws/install/examples_rclpy_executors:/opt/ros/humble /usr/bin/cmake --install /home/seema/ros2_ws/build/ebot_description
[0.573s] -- Install configuration: ""
[0.573s] -- Up-to-date: /home/seema/ros2_ws/install/ebot_description/share/ebot_description//launch
[0.573s] -- Up-to-date: /home/seema/ros2_ws/install/ebot_description/share/ebot_description//launch/spawn_ebot.launch.py
[0.573s] -- Up-to-date: /home/seema/ros2_ws/install/ebot_description/share/ebot_description//worlds
[0.573s] -- Up-to-date: /home/seema/ros2_ws/install/ebot_description/share/ebot_description//worlds/empty.world
[0.573s] -- Up-to-date: /home/seema/ros2_ws/install/ebot_description/share/ebot_description//models
[0.573s] -- Up-to-date: /home/seema/ros2_ws/install/ebot_description/share/ebot_description//models/ebot
[0.573s] -- Up-to-date: /home/seema/ros2_ws/install/ebot_description/share/ebot_description//models/ebot/ebot.gazebo
[0.573s] -- Up-to-date: /home/seema/ros2_ws/install/ebot_description/share/ebot_description//models/ebot/ebot_description.xacro
[0.573s] -- Up-to-date: /home/seema/ros2_ws/install/ebot_description/share/ebot_description//meshes
[0.573s] -- Up-to-date: /home/seema/ros2_ws/install/ebot_description/share/ebot_description//meshes/chassis_modified.dae
[0.573s] -- Up-to-date: /home/seema/ros2_ws/install/ebot_description/share/ebot_description//meshes/FUS3.STL
[0.573s] -- Up-to-date: /home/seema/ros2_ws/install/ebot_description/share/ebot_description//meshes/RHUS9.STL
[0.573s] -- Up-to-date: /home/seema/ros2_ws/install/ebot_description/share/ebot_description//meshes/RWL.STL
[0.573s] -- Up-to-date: /home/seema/ros2_ws/install/ebot_description/share/ebot_description//meshes/FWL.STL
[0.573s] -- Up-to-date: /home/seema/ros2_ws/install/ebot_description/share/ebot_description//meshes/robot_base.stl
[0.573s] -- Up-to-date: /home/seema/ros2_ws/install/ebot_description/share/ebot_description//meshes/chassis.dae
[0.573s] -- Up-to-date: /home/seema/ros2_ws/install/ebot_description/share/ebot_description//meshes/LHUS10.STL
[0.573s] -- Up-to-date: /home/seema/ros2_ws/install/ebot_description/share/ebot_description//meshes/FUS2.STL
[0.573s] -- Up-to-date: /home/seema/ros2_ws/install/ebot_description/share/ebot_description//meshes/LHUS9.STL
[0.573s] -- Up-to-date: /home/seema/ros2_ws/install/ebot_description/share/ebot_description//meshes/RUS6.STL
[0.573s] -- Up-to-date: /home/seema/ros2_ws/install/ebot_description/share/ebot_description//meshes/FUS1.STL
[0.573s] -- Up-to-date: /home/seema/ros2_ws/install/ebot_description/share/ebot_description//meshes/RWR.STL
[0.573s] -- Up-to-date: /home/seema/ros2_ws/install/ebot_description/share/ebot_description//meshes/RHUS7.STL
[0.573s] -- Up-to-date: /home/seema/ros2_ws/install/ebot_description/share/ebot_description//meshes/FUS4.STL
[0.573s] -- Up-to-date: /home/seema/ros2_ws/install/ebot_description/share/ebot_description//meshes/RUS5.STL
[0.573s] -- Up-to-date: /home/seema/ros2_ws/install/ebot_description/share/ebot_description//meshes/FWR.STL
[0.573s] -- Up-to-date: /home/seema/ros2_ws/install/ebot_description/share/ebot_description//meshes/aruco_tag.jpg.001.jpg
[0.574s] -- Up-to-date: /home/seema/ros2_ws/install/ebot_description/share/ebot_description//plugins
[0.574s] -- Up-to-date: /home/seema/ros2_ws/install/ebot_description/share/ebot_description//plugins/libgazebo_collision_sensor.so
[0.574s] -- Up-to-date: /home/seema/ros2_ws/install/ebot_description/share/ebot_description//plugins/libgazebo_ros_vacuum_gripper.so
[0.574s] -- Up-to-date: /home/seema/ros2_ws/install/ebot_description/share/ebot_description//config
[0.574s] -- Up-to-date: /home/seema/ros2_ws/install/ebot_description/share/ebot_description//config/bridge.yaml
[0.574s] -- Up-to-date: /home/seema/ros2_ws/install/ebot_description/share/ebot_description//config/controller.yaml
[0.574s] -- Up-to-date: /home/seema/ros2_ws/install/ebot_description/lib/ebot_description/pyarmor_runtime_000000
[0.574s] -- Up-to-date: /home/seema/ros2_ws/install/ebot_description/lib/ebot_description/pyarmor_runtime_000000/pyarmor_runtime.so
[0.574s] -- Up-to-date: /home/seema/ros2_ws/install/ebot_description/lib/ebot_description/pyarmor_runtime_000000/__init__.py
[0.574s] -- Up-to-date: /home/seema/ros2_ws/install/ebot_description/lib/ebot_description/pyarmor_runtime_000000
[0.574s] -- Up-to-date: /home/seema/ros2_ws/install/ebot_description/lib/ebot_description/pyarmor_runtime_000000/pyarmor_runtime.so
[0.575s] -- Up-to-date: /home/seema/ros2_ws/install/ebot_description/lib/ebot_description/pyarmor_runtime_000000/__init__.py
[0.575s] -- Up-to-date: /home/seema/ros2_ws/install/ebot_description/lib/ebot_description/payload.py
[0.575s] -- Up-to-date: /home/seema/ros2_ws/install/ebot_description/lib/ebot_description/spawner.py
[0.575s] -- Up-to-date: /home/seema/ros2_ws/install/ebot_description/share/ament_index/resource_index/package_run_dependencies/ebot_description
[0.575s] -- Up-to-date: /home/seema/ros2_ws/install/ebot_description/share/ament_index/resource_index/parent_prefix_path/ebot_description
[0.575s] -- Up-to-date: /home/seema/ros2_ws/install/ebot_description/share/ebot_description/environment/ament_prefix_path.sh
[0.575s] -- Up-to-date: /home/seema/ros2_ws/install/ebot_description/share/ebot_description/environment/ament_prefix_path.dsv
[0.575s] -- Up-to-date: /home/seema/ros2_ws/install/ebot_description/share/ebot_description/environment/path.sh
[0.575s] -- Up-to-date: /home/seema/ros2_ws/install/ebot_description/share/ebot_description/environment/path.dsv
[0.575s] -- Up-to-date: /home/seema/ros2_ws/install/ebot_description/share/ebot_description/local_setup.bash
[0.575s] -- Up-to-date: /home/seema/ros2_ws/install/ebot_description/share/ebot_description/local_setup.sh
[0.575s] -- Up-to-date: /home/seema/ros2_ws/install/ebot_description/share/ebot_description/local_setup.zsh
[0.575s] -- Up-to-date: /home/seema/ros2_ws/install/ebot_description/share/ebot_description/local_setup.dsv
[0.575s] -- Installing: /home/seema/ros2_ws/install/ebot_description/share/ebot_description/package.dsv
[0.575s] -- Up-to-date: /home/seema/ros2_ws/install/ebot_description/share/ament_index/resource_index/packages/ebot_description
[0.575s] -- Up-to-date: /home/seema/ros2_ws/install/ebot_description/share/ebot_description/cmake/ebot_descriptionConfig.cmake
[0.575s] -- Up-to-date: /home/seema/ros2_ws/install/ebot_description/share/ebot_description/cmake/ebot_descriptionConfig-version.cmake
[0.575s] -- Up-to-date: /home/seema/ros2_ws/install/ebot_description/share/ebot_description/package.xml
[0.586s] Invoked command in '/home/seema/ros2_ws/build/ebot_description' returned '0': CMAKE_PREFIX_PATH=${CMAKE_PREFIX_PATH}:/home/seema/ros2_ws/install/turtlesim_launch:/home/seema/ros2_ws/install/my_py_pkg:/home/seema/ros2_ws/install/launch_testing_examples:/home/seema/ros2_ws/install/examples_rclpy_pointcloud_publisher:/home/seema/ros2_ws/install/examples_rclpy_minimal_subscriber:/home/seema/ros2_ws/install/examples_rclpy_minimal_service:/home/seema/ros2_ws/install/examples_rclpy_minimal_publisher:/home/seema/ros2_ws/install/examples_rclpy_minimal_client:/home/seema/ros2_ws/install/examples_rclpy_minimal_action_server:/home/seema/ros2_ws/install/examples_rclpy_minimal_action_client:/home/seema/ros2_ws/install/examples_rclpy_guard_conditions:/home/seema/ros2_ws/install/examples_rclpy_executors:/opt/ros/humble /usr/bin/cmake --install /home/seema/ros2_ws/build/ebot_description
